[0.018s] Invoking command in '/home/joaocastilho/dev_ws/build/polygon_base': CMAKE_PREFIX_PATH=/opt/ros/foxy /usr/bin/cmake /home/joaocastilho/dev_ws/src/polygon_base -DCMAKE_INSTALL_PREFIX=/home/joaocastilho/dev_ws/install/polygon_base
[0.032s] -- Found ament_cmake: 0.9.8 (/opt/ros/foxy/share/ament_cmake/cmake)
[0.056s] -- Using PYTHON_EXECUTABLE: /usr/bin/python3
[0.265s] -- Found pluginlib: 2.5.3 (/opt/ros/foxy/share/pluginlib/cmake)
[0.304s] -- Found ament_lint_auto: 0.9.6 (/opt/ros/foxy/share/ament_lint_auto/cmake)
[0.370s] -- Added test 'copyright' to check source files copyright and LICENSE
[0.371s] -- Added test 'cppcheck' to perform static code analysis on C / C++ code
[0.371s] -- Configured cppcheck include dirs: $<BUILD_INTERFACE:/home/joaocastilho/dev_ws/src/polygon_base/include>
[0.371s] -- Configured cppcheck exclude dirs and/or files: 
[0.372s] -- Added test 'cpplint' to check C / C++ code against the Google style
[0.372s] -- Configured cpplint exclude dirs and/or files: 
[0.373s] -- Added test 'lint_cmake' to check CMake code style
[0.374s] -- Added test 'uncrustify' to check C / C++ code style
[0.374s] -- Configured uncrustify additional arguments: 
[0.374s] -- Added test 'xmllint' to check XML markup files
[0.377s] -- Configuring done
[0.381s] -- Generating done
[0.383s] -- Build files have been written to: /home/joaocastilho/dev_ws/build/polygon_base
[0.388s] Invoked command in '/home/joaocastilho/dev_ws/build/polygon_base' returned '0': CMAKE_PREFIX_PATH=/opt/ros/foxy /usr/bin/cmake /home/joaocastilho/dev_ws/src/polygon_base -DCMAKE_INSTALL_PREFIX=/home/joaocastilho/dev_ws/install/polygon_base
[0.390s] Invoking command in '/home/joaocastilho/dev_ws/build/polygon_base': CMAKE_PREFIX_PATH=/opt/ros/foxy /usr/bin/cmake --build /home/joaocastilho/dev_ws/build/polygon_base -- -j8 -l8
[0.431s] [35m[1mScanning dependencies of target area_node[0m
[0.448s] [ 50%] [32mBuilding CXX object CMakeFiles/area_node.dir/src/area_node.cpp.o[0m
[3.643s] [100%] [32m[1mLinking CXX executable area_node[0m
[3.822s] [100%] Built target area_node
[3.834s] Invoked command in '/home/joaocastilho/dev_ws/build/polygon_base' returned '0': CMAKE_PREFIX_PATH=/opt/ros/foxy /usr/bin/cmake --build /home/joaocastilho/dev_ws/build/polygon_base -- -j8 -l8
[3.871s] Invoking command in '/home/joaocastilho/dev_ws/build/polygon_base': CMAKE_PREFIX_PATH=/opt/ros/foxy /usr/bin/cmake --install /home/joaocastilho/dev_ws/build/polygon_base
[3.880s] -- Install configuration: ""
[3.880s] -- Installing: /home/joaocastilho/dev_ws/install/polygon_base/include
[3.880s] -- Installing: /home/joaocastilho/dev_ws/install/polygon_base/include/polygon_base
[3.880s] -- Installing: /home/joaocastilho/dev_ws/install/polygon_base/include/polygon_base/regular_polygon.hpp
[3.880s] -- Installing: /home/joaocastilho/dev_ws/install/polygon_base/lib/polygon_base/area_node
[3.882s] -- Set runtime path of "/home/joaocastilho/dev_ws/install/polygon_base/lib/polygon_base/area_node" to ""
[3.882s] -- Installing: /home/joaocastilho/dev_ws/install/polygon_base/share/ament_index/resource_index/package_run_dependencies/polygon_base
[3.882s] -- Installing: /home/joaocastilho/dev_ws/install/polygon_base/share/ament_index/resource_index/parent_prefix_path/polygon_base
[3.882s] -- Installing: /home/joaocastilho/dev_ws/install/polygon_base/share/polygon_base/environment/ament_prefix_path.sh
[3.882s] -- Installing: /home/joaocastilho/dev_ws/install/polygon_base/share/polygon_base/environment/ament_prefix_path.dsv
[3.882s] -- Installing: /home/joaocastilho/dev_ws/install/polygon_base/share/polygon_base/environment/path.sh
[3.883s] -- Installing: /home/joaocastilho/dev_ws/install/polygon_base/share/polygon_base/environment/path.dsv
[3.883s] -- Installing: /home/joaocastilho/dev_ws/install/polygon_base/share/polygon_base/local_setup.bash
[3.883s] -- Installing: /home/joaocastilho/dev_ws/install/polygon_base/share/polygon_base/local_setup.sh
[3.883s] -- Installing: /home/joaocastilho/dev_ws/install/polygon_base/share/polygon_base/local_setup.zsh
[3.883s] -- Installing: /home/joaocastilho/dev_ws/install/polygon_base/share/polygon_base/local_setup.dsv
[3.883s] -- Installing: /home/joaocastilho/dev_ws/install/polygon_base/share/polygon_base/package.dsv
[3.883s] -- Installing: /home/joaocastilho/dev_ws/install/polygon_base/share/ament_index/resource_index/packages/polygon_base
[3.884s] -- Installing: /home/joaocastilho/dev_ws/install/polygon_base/share/polygon_base/cmake/ament_cmake_export_include_directories-extras.cmake
[3.884s] -- Installing: /home/joaocastilho/dev_ws/install/polygon_base/share/polygon_base/cmake/polygon_baseConfig.cmake
[3.884s] -- Installing: /home/joaocastilho/dev_ws/install/polygon_base/share/polygon_base/cmake/polygon_baseConfig-version.cmake
[3.884s] -- Installing: /home/joaocastilho/dev_ws/install/polygon_base/share/polygon_base/package.xml
[3.887s] Invoked command in '/home/joaocastilho/dev_ws/build/polygon_base' returned '0': CMAKE_PREFIX_PATH=/opt/ros/foxy /usr/bin/cmake --install /home/joaocastilho/dev_ws/build/polygon_base
