[0.323s] Invoking command in '/home/joaocastilho/dev_ws/build/turtlesim': CMAKE_PREFIX_PATH=${CMAKE_PREFIX_PATH}:/home/joaocastilho/dev_ws/install/my_package_python:/opt/ros/foxy /usr/bin/cmake --build /home/joaocastilho/dev_ws/build/turtlesim -- -j8 -l8
[0.386s] [  1%] Built target turtlesim__cpp
[0.388s] [ 11%] Built target turtlesim__rosidl_generator_c
[0.427s] [ 21%] Built target turtlesim__rosidl_typesupport_cpp
[0.434s] [ 31%] Built target turtlesim__rosidl_typesupport_introspection_cpp
[0.442s] [ 41%] Built target turtlesim__rosidl_typesupport_c
[0.443s] [ 51%] Built target turtlesim__rosidl_typesupport_introspection_c
[0.451s] [ 61%] Built target turtlesim__rosidl_typesupport_fastrtps_cpp
[0.485s] [ 71%] Built target turtlesim__rosidl_typesupport_fastrtps_c
[0.513s] [ 71%] Built target turtlesim
[0.557s] [ 72%] Built target turtlesim__py
[0.570s] [ 74%] Built target draw_square
[0.578s] [ 76%] Built target mimic
[0.593s] [ 78%] Built target turtle_teleop_key
[0.616s] [ 87%] Built target turtlesim__python
[0.622s] [ 93%] Built target turtlesim_node
[0.653s] [ 96%] Built target turtlesim__rosidl_typesupport_fastrtps_c__pyext
[0.654s] [ 97%] Built target turtlesim__rosidl_typesupport_introspection_c__pyext
[0.654s] [100%] Built target turtlesim__rosidl_typesupport_c__pyext
[0.669s] Invoked command in '/home/joaocastilho/dev_ws/build/turtlesim' returned '0': CMAKE_PREFIX_PATH=${CMAKE_PREFIX_PATH}:/home/joaocastilho/dev_ws/install/my_package_python:/opt/ros/foxy /usr/bin/cmake --build /home/joaocastilho/dev_ws/build/turtlesim -- -j8 -l8
[0.853s] Invoking command in '/home/joaocastilho/dev_ws/build/turtlesim': CMAKE_PREFIX_PATH=${CMAKE_PREFIX_PATH}:/home/joaocastilho/dev_ws/install/my_package_python:/opt/ros/foxy /usr/bin/cmake --install /home/joaocastilho/dev_ws/build/turtlesim
[0.864s] -- Install configuration: ""
[0.864s] -- Up-to-date: /home/joaocastilho/dev_ws/install/turtlesim/share/ament_index/resource_index/rosidl_interfaces/turtlesim
[0.864s] -- Up-to-date: /home/joaocastilho/dev_ws/install/turtlesim/include/turtlesim
[0.865s] -- Up-to-date: /home/joaocastilho/dev_ws/install/turtlesim/include/turtlesim/action
[0.865s] -- Up-to-date: /home/joaocastilho/dev_ws/install/turtlesim/include/turtlesim/action/rotate_absolute.h
[0.865s] -- Up-to-date: /home/joaocastilho/dev_ws/install/turtlesim/include/turtlesim/action/detail
[0.865s] -- Up-to-date: /home/joaocastilho/dev_ws/install/turtlesim/include/turtlesim/action/detail/rotate_absolute__struct.h
[0.865s] -- Up-to-date: /home/joaocastilho/dev_ws/install/turtlesim/include/turtlesim/action/detail/rotate_absolute__functions.c
[0.865s] -- Up-to-date: /home/joaocastilho/dev_ws/install/turtlesim/include/turtlesim/action/detail/rotate_absolute__functions.h
[0.866s] -- Up-to-date: /home/joaocastilho/dev_ws/install/turtlesim/include/turtlesim/action/detail/rotate_absolute__type_support.h
[0.866s] -- Up-to-date: /home/joaocastilho/dev_ws/install/turtlesim/include/turtlesim/msg
[0.866s] -- Up-to-date: /home/joaocastilho/dev_ws/install/turtlesim/include/turtlesim/msg/rosidl_generator_c__visibility_control.h
[0.866s] -- Up-to-date: /home/joaocastilho/dev_ws/install/turtlesim/include/turtlesim/msg/detail
[0.866s] -- Up-to-date: /home/joaocastilho/dev_ws/install/turtlesim/include/turtlesim/msg/detail/pose__functions.c
[0.866s] -- Up-to-date: /home/joaocastilho/dev_ws/install/turtlesim/include/turtlesim/msg/detail/color__type_support.h
[0.866s] -- Up-to-date: /home/joaocastilho/dev_ws/install/turtlesim/include/turtlesim/msg/detail/color__functions.h
[0.866s] -- Up-to-date: /home/joaocastilho/dev_ws/install/turtlesim/include/turtlesim/msg/detail/pose__struct.h
[0.867s] -- Up-to-date: /home/joaocastilho/dev_ws/install/turtlesim/include/turtlesim/msg/detail/color__struct.h
[0.867s] -- Up-to-date: /home/joaocastilho/dev_ws/install/turtlesim/include/turtlesim/msg/detail/pose__functions.h
[0.867s] -- Up-to-date: /home/joaocastilho/dev_ws/install/turtlesim/include/turtlesim/msg/detail/pose__type_support.h
[0.867s] -- Up-to-date: /home/joaocastilho/dev_ws/install/turtlesim/include/turtlesim/msg/detail/color__functions.c
[0.867s] -- Up-to-date: /home/joaocastilho/dev_ws/install/turtlesim/include/turtlesim/msg/pose.h
[0.867s] -- Up-to-date: /home/joaocastilho/dev_ws/install/turtlesim/include/turtlesim/msg/color.h
[0.868s] -- Up-to-date: /home/joaocastilho/dev_ws/install/turtlesim/include/turtlesim/srv
[0.868s] -- Up-to-date: /home/joaocastilho/dev_ws/install/turtlesim/include/turtlesim/srv/teleport_absolute.h
[0.868s] -- Up-to-date: /home/joaocastilho/dev_ws/install/turtlesim/include/turtlesim/srv/detail
[0.868s] -- Up-to-date: /home/joaocastilho/dev_ws/install/turtlesim/include/turtlesim/srv/detail/set_pen__functions.c
[0.868s] -- Up-to-date: /home/joaocastilho/dev_ws/install/turtlesim/include/turtlesim/srv/detail/set_pen__struct.h
[0.869s] -- Up-to-date: /home/joaocastilho/dev_ws/install/turtlesim/include/turtlesim/srv/detail/teleport_relative__type_support.h
[0.869s] -- Up-to-date: /home/joaocastilho/dev_ws/install/turtlesim/include/turtlesim/srv/detail/spawn__functions.h
[0.869s] -- Up-to-date: /home/joaocastilho/dev_ws/install/turtlesim/include/turtlesim/srv/detail/set_pen__type_support.h
[0.869s] -- Up-to-date: /home/joaocastilho/dev_ws/install/turtlesim/include/turtlesim/srv/detail/teleport_relative__struct.h
[0.870s] -- Up-to-date: /home/joaocastilho/dev_ws/install/turtlesim/include/turtlesim/srv/detail/teleport_relative__functions.h
[0.870s] -- Up-to-date: /home/joaocastilho/dev_ws/install/turtlesim/include/turtlesim/srv/detail/kill__type_support.h
[0.870s] -- Up-to-date: /home/joaocastilho/dev_ws/install/turtlesim/include/turtlesim/srv/detail/spawn__functions.c
[0.870s] -- Up-to-date: /home/joaocastilho/dev_ws/install/turtlesim/include/turtlesim/srv/detail/teleport_absolute__functions.h
[0.871s] -- Up-to-date: /home/joaocastilho/dev_ws/install/turtlesim/include/turtlesim/srv/detail/teleport_absolute__type_support.h
[0.871s] -- Up-to-date: /home/joaocastilho/dev_ws/install/turtlesim/include/turtlesim/srv/detail/kill__functions.h
[0.871s] -- Up-to-date: /home/joaocastilho/dev_ws/install/turtlesim/include/turtlesim/srv/detail/kill__struct.h
[0.871s] -- Up-to-date: /home/joaocastilho/dev_ws/install/turtlesim/include/turtlesim/srv/detail/teleport_relative__functions.c
[0.871s] -- Up-to-date: /home/joaocastilho/dev_ws/install/turtlesim/include/turtlesim/srv/detail/teleport_absolute__functions.c
[0.871s] -- Up-to-date: /home/joaocastilho/dev_ws/install/turtlesim/include/turtlesim/srv/detail/set_pen__functions.h
[0.871s] -- Up-to-date: /home/joaocastilho/dev_ws/install/turtlesim/include/turtlesim/srv/detail/kill__functions.c
[0.872s] -- Up-to-date: /home/joaocastilho/dev_ws/install/turtlesim/include/turtlesim/srv/detail/spawn__struct.h
[0.872s] -- Up-to-date: /home/joaocastilho/dev_ws/install/turtlesim/include/turtlesim/srv/detail/spawn__type_support.h
[0.872s] -- Up-to-date: /home/joaocastilho/dev_ws/install/turtlesim/include/turtlesim/srv/detail/teleport_absolute__struct.h
[0.872s] -- Up-to-date: /home/joaocastilho/dev_ws/install/turtlesim/include/turtlesim/srv/spawn.h
[0.872s] -- Up-to-date: /home/joaocastilho/dev_ws/install/turtlesim/include/turtlesim/srv/teleport_relative.h
[0.872s] -- Up-to-date: /home/joaocastilho/dev_ws/install/turtlesim/include/turtlesim/srv/kill.h
[0.872s] -- Up-to-date: /home/joaocastilho/dev_ws/install/turtlesim/include/turtlesim/srv/set_pen.h
[0.872s] -- Up-to-date: /home/joaocastilho/dev_ws/install/turtlesim/share/turtlesim/environment/library_path.sh
[0.872s] -- Up-to-date: /home/joaocastilho/dev_ws/install/turtlesim/share/turtlesim/environment/library_path.dsv
[0.873s] -- Up-to-date: /home/joaocastilho/dev_ws/install/turtlesim/lib/libturtlesim__rosidl_generator_c.so
[0.873s] -- Up-to-date: /home/joaocastilho/dev_ws/install/turtlesim/include/turtlesim
[0.873s] -- Up-to-date: /home/joaocastilho/dev_ws/install/turtlesim/include/turtlesim/action
[0.873s] -- Up-to-date: /home/joaocastilho/dev_ws/install/turtlesim/include/turtlesim/action/detail
[0.873s] -- Up-to-date: /home/joaocastilho/dev_ws/install/turtlesim/include/turtlesim/action/detail/rotate_absolute__rosidl_typesupport_fastrtps_c.h
[0.873s] -- Up-to-date: /home/joaocastilho/dev_ws/install/turtlesim/include/turtlesim/msg
[0.873s] -- Up-to-date: /home/joaocastilho/dev_ws/install/turtlesim/include/turtlesim/msg/detail
[0.873s] -- Up-to-date: /home/joaocastilho/dev_ws/install/turtlesim/include/turtlesim/msg/detail/pose__rosidl_typesupport_fastrtps_c.h
[0.873s] -- Up-to-date: /home/joaocastilho/dev_ws/install/turtlesim/include/turtlesim/msg/detail/color__rosidl_typesupport_fastrtps_c.h
[0.873s] -- Up-to-date: /home/joaocastilho/dev_ws/install/turtlesim/include/turtlesim/msg/rosidl_typesupport_fastrtps_c__visibility_control.h
[0.873s] -- Up-to-date: /home/joaocastilho/dev_ws/install/turtlesim/include/turtlesim/srv
[0.873s] -- Up-to-date: /home/joaocastilho/dev_ws/install/turtlesim/include/turtlesim/srv/detail
[0.873s] -- Up-to-date: /home/joaocastilho/dev_ws/install/turtlesim/include/turtlesim/srv/detail/spawn__rosidl_typesupport_fastrtps_c.h
[0.873s] -- Up-to-date: /home/joaocastilho/dev_ws/install/turtlesim/include/turtlesim/srv/detail/teleport_absolute__rosidl_typesupport_fastrtps_c.h
[0.874s] -- Up-to-date: /home/joaocastilho/dev_ws/install/turtlesim/include/turtlesim/srv/detail/teleport_relative__rosidl_typesupport_fastrtps_c.h
[0.874s] -- Up-to-date: /home/joaocastilho/dev_ws/install/turtlesim/include/turtlesim/srv/detail/kill__rosidl_typesupport_fastrtps_c.h
[0.874s] -- Up-to-date: /home/joaocastilho/dev_ws/install/turtlesim/include/turtlesim/srv/detail/set_pen__rosidl_typesupport_fastrtps_c.h
[0.874s] -- Up-to-date: /home/joaocastilho/dev_ws/install/turtlesim/lib/libturtlesim__rosidl_typesupport_fastrtps_c.so
[0.874s] -- Up-to-date: /home/joaocastilho/dev_ws/install/turtlesim/include/turtlesim
[0.874s] -- Up-to-date: /home/joaocastilho/dev_ws/install/turtlesim/include/turtlesim/action
[0.874s] -- Up-to-date: /home/joaocastilho/dev_ws/install/turtlesim/include/turtlesim/action/detail
[0.874s] -- Up-to-date: /home/joaocastilho/dev_ws/install/turtlesim/include/turtlesim/action/detail/rotate_absolute__rosidl_typesupport_fastrtps_cpp.hpp
[0.874s] -- Up-to-date: /home/joaocastilho/dev_ws/install/turtlesim/include/turtlesim/action/detail/dds_fastrtps
[0.874s] -- Up-to-date: /home/joaocastilho/dev_ws/install/turtlesim/include/turtlesim/msg
[0.874s] -- Up-to-date: /home/joaocastilho/dev_ws/install/turtlesim/include/turtlesim/msg/rosidl_typesupport_fastrtps_cpp__visibility_control.h
[0.874s] -- Up-to-date: /home/joaocastilho/dev_ws/install/turtlesim/include/turtlesim/msg/detail
[0.874s] -- Up-to-date: /home/joaocastilho/dev_ws/install/turtlesim/include/turtlesim/msg/detail/pose__rosidl_typesupport_fastrtps_cpp.hpp
[0.874s] -- Up-to-date: /home/joaocastilho/dev_ws/install/turtlesim/include/turtlesim/msg/detail/color__rosidl_typesupport_fastrtps_cpp.hpp
[0.874s] -- Up-to-date: /home/joaocastilho/dev_ws/install/turtlesim/include/turtlesim/msg/detail/dds_fastrtps
[0.875s] -- Up-to-date: /home/joaocastilho/dev_ws/install/turtlesim/include/turtlesim/srv
[0.875s] -- Up-to-date: /home/joaocastilho/dev_ws/install/turtlesim/include/turtlesim/srv/detail
[0.875s] -- Up-to-date: /home/joaocastilho/dev_ws/install/turtlesim/include/turtlesim/srv/detail/kill__rosidl_typesupport_fastrtps_cpp.hpp
[0.875s] -- Up-to-date: /home/joaocastilho/dev_ws/install/turtlesim/include/turtlesim/srv/detail/teleport_relative__rosidl_typesupport_fastrtps_cpp.hpp
[0.875s] -- Up-to-date: /home/joaocastilho/dev_ws/install/turtlesim/include/turtlesim/srv/detail/set_pen__rosidl_typesupport_fastrtps_cpp.hpp
[0.875s] -- Up-to-date: /home/joaocastilho/dev_ws/install/turtlesim/include/turtlesim/srv/detail/dds_fastrtps
[0.875s] -- Up-to-date: /home/joaocastilho/dev_ws/install/turtlesim/include/turtlesim/srv/detail/spawn__rosidl_typesupport_fastrtps_cpp.hpp
[0.875s] -- Up-to-date: /home/joaocastilho/dev_ws/install/turtlesim/include/turtlesim/srv/detail/teleport_absolute__rosidl_typesupport_fastrtps_cpp.hpp
[0.875s] -- Up-to-date: /home/joaocastilho/dev_ws/install/turtlesim/lib/libturtlesim__rosidl_typesupport_fastrtps_cpp.so
[0.875s] -- Up-to-date: /home/joaocastilho/dev_ws/install/turtlesim/include/turtlesim
[0.875s] -- Up-to-date: /home/joaocastilho/dev_ws/install/turtlesim/include/turtlesim/action
[0.875s] -- Up-to-date: /home/joaocastilho/dev_ws/install/turtlesim/include/turtlesim/action/detail
[0.876s] -- Up-to-date: /home/joaocastilho/dev_ws/install/turtlesim/include/turtlesim/action/detail/rotate_absolute__rosidl_typesupport_introspection_c.h
[0.876s] -- Up-to-date: /home/joaocastilho/dev_ws/install/turtlesim/include/turtlesim/action/detail/rotate_absolute__type_support.c
[0.876s] -- Up-to-date: /home/joaocastilho/dev_ws/install/turtlesim/include/turtlesim/msg
[0.876s] -- Up-to-date: /home/joaocastilho/dev_ws/install/turtlesim/include/turtlesim/msg/detail
[0.876s] -- Up-to-date: /home/joaocastilho/dev_ws/install/turtlesim/include/turtlesim/msg/detail/pose__rosidl_typesupport_introspection_c.h
[0.876s] -- Up-to-date: /home/joaocastilho/dev_ws/install/turtlesim/include/turtlesim/msg/detail/color__rosidl_typesupport_introspection_c.h
[0.876s] -- Up-to-date: /home/joaocastilho/dev_ws/install/turtlesim/include/turtlesim/msg/detail/pose__type_support.c
[0.876s] -- Up-to-date: /home/joaocastilho/dev_ws/install/turtlesim/include/turtlesim/msg/detail/color__type_support.c
[0.876s] -- Up-to-date: /home/joaocastilho/dev_ws/install/turtlesim/include/turtlesim/msg/rosidl_typesupport_introspection_c__visibility_control.h
[0.876s] -- Up-to-date: /home/joaocastilho/dev_ws/install/turtlesim/include/turtlesim/srv
[0.876s] -- Up-to-date: /home/joaocastilho/dev_ws/install/turtlesim/include/turtlesim/srv/detail
[0.876s] -- Up-to-date: /home/joaocastilho/dev_ws/install/turtlesim/include/turtlesim/srv/detail/spawn__type_support.c
[0.876s] -- Up-to-date: /home/joaocastilho/dev_ws/install/turtlesim/include/turtlesim/srv/detail/kill__type_support.c
[0.877s] -- Up-to-date: /home/joaocastilho/dev_ws/install/turtlesim/include/turtlesim/srv/detail/set_pen__rosidl_typesupport_introspection_c.h
[0.877s] -- Up-to-date: /home/joaocastilho/dev_ws/install/turtlesim/include/turtlesim/srv/detail/teleport_absolute__rosidl_typesupport_introspection_c.h
[0.877s] -- Up-to-date: /home/joaocastilho/dev_ws/install/turtlesim/include/turtlesim/srv/detail/set_pen__type_support.c
[0.877s] -- Up-to-date: /home/joaocastilho/dev_ws/install/turtlesim/include/turtlesim/srv/detail/teleport_relative__type_support.c
[0.877s] -- Up-to-date: /home/joaocastilho/dev_ws/install/turtlesim/include/turtlesim/srv/detail/spawn__rosidl_typesupport_introspection_c.h
[0.877s] -- Up-to-date: /home/joaocastilho/dev_ws/install/turtlesim/include/turtlesim/srv/detail/teleport_relative__rosidl_typesupport_introspection_c.h
[0.877s] -- Up-to-date: /home/joaocastilho/dev_ws/install/turtlesim/include/turtlesim/srv/detail/kill__rosidl_typesupport_introspection_c.h
[0.877s] -- Up-to-date: /home/joaocastilho/dev_ws/install/turtlesim/include/turtlesim/srv/detail/teleport_absolute__type_support.c
[0.877s] -- Up-to-date: /home/joaocastilho/dev_ws/install/turtlesim/lib/libturtlesim__rosidl_typesupport_introspection_c.so
[0.877s] -- Up-to-date: /home/joaocastilho/dev_ws/install/turtlesim/lib/libturtlesim__rosidl_typesupport_c.so
[0.877s] -- Up-to-date: /home/joaocastilho/dev_ws/install/turtlesim/include/turtlesim
[0.877s] -- Up-to-date: /home/joaocastilho/dev_ws/install/turtlesim/include/turtlesim/action
[0.877s] -- Up-to-date: /home/joaocastilho/dev_ws/install/turtlesim/include/turtlesim/action/rotate_absolute.hpp
[0.877s] -- Up-to-date: /home/joaocastilho/dev_ws/install/turtlesim/include/turtlesim/action/detail
[0.877s] -- Up-to-date: /home/joaocastilho/dev_ws/install/turtlesim/include/turtlesim/action/detail/rotate_absolute__builder.hpp
[0.878s] -- Up-to-date: /home/joaocastilho/dev_ws/install/turtlesim/include/turtlesim/action/detail/rotate_absolute__traits.hpp
[0.878s] -- Up-to-date: /home/joaocastilho/dev_ws/install/turtlesim/include/turtlesim/action/detail/rotate_absolute__struct.hpp
[0.878s] -- Up-to-date: /home/joaocastilho/dev_ws/install/turtlesim/include/turtlesim/msg
[0.878s] -- Up-to-date: /home/joaocastilho/dev_ws/install/turtlesim/include/turtlesim/msg/pose.hpp
[0.878s] -- Up-to-date: /home/joaocastilho/dev_ws/install/turtlesim/include/turtlesim/msg/detail
[0.878s] -- Up-to-date: /home/joaocastilho/dev_ws/install/turtlesim/include/turtlesim/msg/detail/pose__struct.hpp
[0.878s] -- Up-to-date: /home/joaocastilho/dev_ws/install/turtlesim/include/turtlesim/msg/detail/pose__traits.hpp
[0.878s] -- Up-to-date: /home/joaocastilho/dev_ws/install/turtlesim/include/turtlesim/msg/detail/color__builder.hpp
[0.879s] -- Up-to-date: /home/joaocastilho/dev_ws/install/turtlesim/include/turtlesim/msg/detail/color__struct.hpp
[0.879s] -- Up-to-date: /home/joaocastilho/dev_ws/install/turtlesim/include/turtlesim/msg/detail/pose__builder.hpp
[0.879s] -- Up-to-date: /home/joaocastilho/dev_ws/install/turtlesim/include/turtlesim/msg/detail/color__traits.hpp
[0.879s] -- Up-to-date: /home/joaocastilho/dev_ws/install/turtlesim/include/turtlesim/msg/color.hpp
[0.879s] -- Up-to-date: /home/joaocastilho/dev_ws/install/turtlesim/include/turtlesim/srv
[0.879s] -- Up-to-date: /home/joaocastilho/dev_ws/install/turtlesim/include/turtlesim/srv/spawn.hpp
[0.879s] -- Up-to-date: /home/joaocastilho/dev_ws/install/turtlesim/include/turtlesim/srv/teleport_absolute.hpp
[0.879s] -- Up-to-date: /home/joaocastilho/dev_ws/install/turtlesim/include/turtlesim/srv/set_pen.hpp
[0.879s] -- Up-to-date: /home/joaocastilho/dev_ws/install/turtlesim/include/turtlesim/srv/kill.hpp
[0.879s] -- Up-to-date: /home/joaocastilho/dev_ws/install/turtlesim/include/turtlesim/srv/detail
[0.879s] -- Up-to-date: /home/joaocastilho/dev_ws/install/turtlesim/include/turtlesim/srv/detail/kill__builder.hpp
[0.879s] -- Up-to-date: /home/joaocastilho/dev_ws/install/turtlesim/include/turtlesim/srv/detail/spawn__traits.hpp
[0.879s] -- Up-to-date: /home/joaocastilho/dev_ws/install/turtlesim/include/turtlesim/srv/detail/teleport_absolute__builder.hpp
[0.879s] -- Up-to-date: /home/joaocastilho/dev_ws/install/turtlesim/include/turtlesim/srv/detail/spawn__builder.hpp
[0.879s] -- Up-to-date: /home/joaocastilho/dev_ws/install/turtlesim/include/turtlesim/srv/detail/set_pen__builder.hpp
[0.880s] -- Up-to-date: /home/joaocastilho/dev_ws/install/turtlesim/include/turtlesim/srv/detail/teleport_relative__struct.hpp
[0.880s] -- Up-to-date: /home/joaocastilho/dev_ws/install/turtlesim/include/turtlesim/srv/detail/set_pen__traits.hpp
[0.880s] -- Up-to-date: /home/joaocastilho/dev_ws/install/turtlesim/include/turtlesim/srv/detail/kill__traits.hpp
[0.880s] -- Up-to-date: /home/joaocastilho/dev_ws/install/turtlesim/include/turtlesim/srv/detail/kill__struct.hpp
[0.880s] -- Up-to-date: /home/joaocastilho/dev_ws/install/turtlesim/include/turtlesim/srv/detail/teleport_absolute__struct.hpp
[0.880s] -- Up-to-date: /home/joaocastilho/dev_ws/install/turtlesim/include/turtlesim/srv/detail/teleport_relative__builder.hpp
[0.880s] -- Up-to-date: /home/joaocastilho/dev_ws/install/turtlesim/include/turtlesim/srv/detail/spawn__struct.hpp
[0.880s] -- Up-to-date: /home/joaocastilho/dev_ws/install/turtlesim/include/turtlesim/srv/detail/teleport_relative__traits.hpp
[0.880s] -- Up-to-date: /home/joaocastilho/dev_ws/install/turtlesim/include/turtlesim/srv/detail/teleport_absolute__traits.hpp
[0.880s] -- Up-to-date: /home/joaocastilho/dev_ws/install/turtlesim/include/turtlesim/srv/detail/set_pen__struct.hpp
[0.880s] -- Up-to-date: /home/joaocastilho/dev_ws/install/turtlesim/include/turtlesim/srv/teleport_relative.hpp
[0.880s] -- Up-to-date: /home/joaocastilho/dev_ws/install/turtlesim/include/turtlesim
[0.881s] -- Up-to-date: /home/joaocastilho/dev_ws/install/turtlesim/include/turtlesim/action
[0.881s] -- Up-to-date: /home/joaocastilho/dev_ws/install/turtlesim/include/turtlesim/action/detail
[0.881s] -- Up-to-date: /home/joaocastilho/dev_ws/install/turtlesim/include/turtlesim/action/detail/rotate_absolute__type_support.cpp
[0.881s] -- Up-to-date: /home/joaocastilho/dev_ws/install/turtlesim/include/turtlesim/action/detail/rotate_absolute__rosidl_typesupport_introspection_cpp.hpp
[0.881s] -- Up-to-date: /home/joaocastilho/dev_ws/install/turtlesim/include/turtlesim/msg
[0.881s] -- Up-to-date: /home/joaocastilho/dev_ws/install/turtlesim/include/turtlesim/msg/detail
[0.881s] -- Up-to-date: /home/joaocastilho/dev_ws/install/turtlesim/include/turtlesim/msg/detail/pose__rosidl_typesupport_introspection_cpp.hpp
[0.881s] -- Up-to-date: /home/joaocastilho/dev_ws/install/turtlesim/include/turtlesim/msg/detail/color__type_support.cpp
[0.881s] -- Up-to-date: /home/joaocastilho/dev_ws/install/turtlesim/include/turtlesim/msg/detail/pose__type_support.cpp
[0.881s] -- Up-to-date: /home/joaocastilho/dev_ws/install/turtlesim/include/turtlesim/msg/detail/color__rosidl_typesupport_introspection_cpp.hpp
[0.881s] -- Up-to-date: /home/joaocastilho/dev_ws/install/turtlesim/include/turtlesim/srv
[0.881s] -- Up-to-date: /home/joaocastilho/dev_ws/install/turtlesim/include/turtlesim/srv/detail
[0.881s] -- Up-to-date: /home/joaocastilho/dev_ws/install/turtlesim/include/turtlesim/srv/detail/teleport_absolute__rosidl_typesupport_introspection_cpp.hpp
[0.881s] -- Up-to-date: /home/joaocastilho/dev_ws/install/turtlesim/include/turtlesim/srv/detail/spawn__type_support.cpp
[0.881s] -- Up-to-date: /home/joaocastilho/dev_ws/install/turtlesim/include/turtlesim/srv/detail/teleport_relative__type_support.cpp
[0.882s] -- Up-to-date: /home/joaocastilho/dev_ws/install/turtlesim/include/turtlesim/srv/detail/kill__type_support.cpp
[0.882s] -- Up-to-date: /home/joaocastilho/dev_ws/install/turtlesim/include/turtlesim/srv/detail/set_pen__type_support.cpp
[0.882s] -- Up-to-date: /home/joaocastilho/dev_ws/install/turtlesim/include/turtlesim/srv/detail/teleport_relative__rosidl_typesupport_introspection_cpp.hpp
[0.882s] -- Up-to-date: /home/joaocastilho/dev_ws/install/turtlesim/include/turtlesim/srv/detail/set_pen__rosidl_typesupport_introspection_cpp.hpp
[0.882s] -- Up-to-date: /home/joaocastilho/dev_ws/install/turtlesim/include/turtlesim/srv/detail/teleport_absolute__type_support.cpp
[0.882s] -- Up-to-date: /home/joaocastilho/dev_ws/install/turtlesim/include/turtlesim/srv/detail/kill__rosidl_typesupport_introspection_cpp.hpp
[0.882s] -- Up-to-date: /home/joaocastilho/dev_ws/install/turtlesim/include/turtlesim/srv/detail/spawn__rosidl_typesupport_introspection_cpp.hpp
[0.882s] -- Up-to-date: /home/joaocastilho/dev_ws/install/turtlesim/lib/libturtlesim__rosidl_typesupport_introspection_cpp.so
[0.882s] -- Up-to-date: /home/joaocastilho/dev_ws/install/turtlesim/lib/libturtlesim__rosidl_typesupport_cpp.so
[0.882s] -- Up-to-date: /home/joaocastilho/dev_ws/install/turtlesim/share/turtlesim/environment/pythonpath.sh
[0.882s] -- Up-to-date: /home/joaocastilho/dev_ws/install/turtlesim/share/turtlesim/environment/pythonpath.dsv
[0.882s] -- Up-to-date: /home/joaocastilho/dev_ws/install/turtlesim/lib/python3.8/site-packages/turtlesim/__init__.py
[0.916s] -- Up-to-date: /home/joaocastilho/dev_ws/install/turtlesim/lib/python3.8/site-packages/turtlesim/action
[0.916s] -- Up-to-date: /home/joaocastilho/dev_ws/install/turtlesim/lib/python3.8/site-packages/turtlesim/action/_rotate_absolute_s.c
[0.916s] -- Up-to-date: /home/joaocastilho/dev_ws/install/turtlesim/lib/python3.8/site-packages/turtlesim/action/__init__.py
[0.917s] -- Up-to-date: /home/joaocastilho/dev_ws/install/turtlesim/lib/python3.8/site-packages/turtlesim/action/_rotate_absolute.py
[0.917s] -- Up-to-date: /home/joaocastilho/dev_ws/install/turtlesim/lib/python3.8/site-packages/turtlesim/msg
[0.917s] -- Up-to-date: /home/joaocastilho/dev_ws/install/turtlesim/lib/python3.8/site-packages/turtlesim/msg/_pose_s.c
[0.917s] -- Up-to-date: /home/joaocastilho/dev_ws/install/turtlesim/lib/python3.8/site-packages/turtlesim/msg/_color_s.c
[0.917s] -- Up-to-date: /home/joaocastilho/dev_ws/install/turtlesim/lib/python3.8/site-packages/turtlesim/msg/_pose.py
[0.917s] -- Up-to-date: /home/joaocastilho/dev_ws/install/turtlesim/lib/python3.8/site-packages/turtlesim/msg/__init__.py
[0.917s] -- Up-to-date: /home/joaocastilho/dev_ws/install/turtlesim/lib/python3.8/site-packages/turtlesim/msg/_color.py
[0.917s] -- Up-to-date: /home/joaocastilho/dev_ws/install/turtlesim/lib/python3.8/site-packages/turtlesim/srv
[0.918s] -- Up-to-date: /home/joaocastilho/dev_ws/install/turtlesim/lib/python3.8/site-packages/turtlesim/srv/_kill.py
[0.918s] -- Up-to-date: /home/joaocastilho/dev_ws/install/turtlesim/lib/python3.8/site-packages/turtlesim/srv/_teleport_relative.py
[0.918s] -- Up-to-date: /home/joaocastilho/dev_ws/install/turtlesim/lib/python3.8/site-packages/turtlesim/srv/_kill_s.c
[0.918s] -- Up-to-date: /home/joaocastilho/dev_ws/install/turtlesim/lib/python3.8/site-packages/turtlesim/srv/_set_pen.py
[0.918s] -- Up-to-date: /home/joaocastilho/dev_ws/install/turtlesim/lib/python3.8/site-packages/turtlesim/srv/_teleport_absolute.py
[0.918s] -- Up-to-date: /home/joaocastilho/dev_ws/install/turtlesim/lib/python3.8/site-packages/turtlesim/srv/_teleport_relative_s.c
[0.918s] -- Up-to-date: /home/joaocastilho/dev_ws/install/turtlesim/lib/python3.8/site-packages/turtlesim/srv/__init__.py
[0.918s] -- Up-to-date: /home/joaocastilho/dev_ws/install/turtlesim/lib/python3.8/site-packages/turtlesim/srv/_spawn_s.c
[0.918s] -- Up-to-date: /home/joaocastilho/dev_ws/install/turtlesim/lib/python3.8/site-packages/turtlesim/srv/_set_pen_s.c
[0.919s] -- Up-to-date: /home/joaocastilho/dev_ws/install/turtlesim/lib/python3.8/site-packages/turtlesim/srv/_spawn.py
[0.919s] -- Up-to-date: /home/joaocastilho/dev_ws/install/turtlesim/lib/python3.8/site-packages/turtlesim/srv/_teleport_absolute_s.c
[0.919s] -- Up-to-date: /home/joaocastilho/dev_ws/install/turtlesim/lib/python3.8/site-packages/turtlesim/turtlesim_s__rosidl_typesupport_fastrtps_c.cpython-38-x86_64-linux-gnu.so
[0.919s] -- Up-to-date: /home/joaocastilho/dev_ws/install/turtlesim/lib/python3.8/site-packages/turtlesim/turtlesim_s__rosidl_typesupport_introspection_c.cpython-38-x86_64-linux-gnu.so
[0.919s] -- Up-to-date: /home/joaocastilho/dev_ws/install/turtlesim/lib/python3.8/site-packages/turtlesim/turtlesim_s__rosidl_typesupport_c.cpython-38-x86_64-linux-gnu.so
[0.919s] -- Up-to-date: /home/joaocastilho/dev_ws/install/turtlesim/lib/libturtlesim__python.so
[0.920s] -- Up-to-date: /home/joaocastilho/dev_ws/install/turtlesim/share/turtlesim/action/RotateAbsolute.idl
[0.920s] -- Up-to-date: /home/joaocastilho/dev_ws/install/turtlesim/share/turtlesim/msg/Color.idl
[0.920s] -- Up-to-date: /home/joaocastilho/dev_ws/install/turtlesim/share/turtlesim/msg/Pose.idl
[0.920s] -- Up-to-date: /home/joaocastilho/dev_ws/install/turtlesim/share/turtlesim/srv/Kill.idl
[0.920s] -- Up-to-date: /home/joaocastilho/dev_ws/install/turtlesim/share/turtlesim/srv/SetPen.idl
[0.920s] -- Up-to-date: /home/joaocastilho/dev_ws/install/turtlesim/share/turtlesim/srv/Spawn.idl
[0.921s] -- Up-to-date: /home/joaocastilho/dev_ws/install/turtlesim/share/turtlesim/srv/TeleportAbsolute.idl
[0.921s] -- Up-to-date: /home/joaocastilho/dev_ws/install/turtlesim/share/turtlesim/srv/TeleportRelative.idl
[0.921s] -- Up-to-date: /home/joaocastilho/dev_ws/install/turtlesim/share/turtlesim/action/RotateAbsolute.action
[0.921s] -- Up-to-date: /home/joaocastilho/dev_ws/install/turtlesim/share/turtlesim/msg/Color.msg
[0.922s] -- Up-to-date: /home/joaocastilho/dev_ws/install/turtlesim/share/turtlesim/msg/Pose.msg
[0.922s] -- Up-to-date: /home/joaocastilho/dev_ws/install/turtlesim/share/turtlesim/srv/Kill.srv
[0.922s] -- Up-to-date: /home/joaocastilho/dev_ws/install/turtlesim/share/turtlesim/srv/Kill_Request.msg
[0.922s] -- Up-to-date: /home/joaocastilho/dev_ws/install/turtlesim/share/turtlesim/srv/Kill_Response.msg
[0.922s] -- Up-to-date: /home/joaocastilho/dev_ws/install/turtlesim/share/turtlesim/srv/SetPen.srv
[0.922s] -- Up-to-date: /home/joaocastilho/dev_ws/install/turtlesim/share/turtlesim/srv/SetPen_Request.msg
[0.922s] -- Up-to-date: /home/joaocastilho/dev_ws/install/turtlesim/share/turtlesim/srv/SetPen_Response.msg
[0.923s] -- Up-to-date: /home/joaocastilho/dev_ws/install/turtlesim/share/turtlesim/srv/Spawn.srv
[0.923s] -- Up-to-date: /home/joaocastilho/dev_ws/install/turtlesim/share/turtlesim/srv/Spawn_Request.msg
[0.923s] -- Up-to-date: /home/joaocastilho/dev_ws/install/turtlesim/share/turtlesim/srv/Spawn_Response.msg
[0.923s] -- Up-to-date: /home/joaocastilho/dev_ws/install/turtlesim/share/turtlesim/srv/TeleportAbsolute.srv
[0.923s] -- Up-to-date: /home/joaocastilho/dev_ws/install/turtlesim/share/turtlesim/srv/TeleportAbsolute_Request.msg
[0.923s] -- Up-to-date: /home/joaocastilho/dev_ws/install/turtlesim/share/turtlesim/srv/TeleportAbsolute_Response.msg
[0.923s] -- Up-to-date: /home/joaocastilho/dev_ws/install/turtlesim/share/turtlesim/srv/TeleportRelative.srv
[0.924s] -- Up-to-date: /home/joaocastilho/dev_ws/install/turtlesim/share/turtlesim/srv/TeleportRelative_Request.msg
[0.924s] -- Up-to-date: /home/joaocastilho/dev_ws/install/turtlesim/share/turtlesim/srv/TeleportRelative_Response.msg
[0.924s] -- Up-to-date: /home/joaocastilho/dev_ws/install/turtlesim/lib/turtlesim/turtlesim_node
[0.924s] -- Up-to-date: /home/joaocastilho/dev_ws/install/turtlesim/lib/turtlesim/turtle_teleop_key
[0.924s] -- Up-to-date: /home/joaocastilho/dev_ws/install/turtlesim/lib/turtlesim/draw_square
[0.924s] -- Up-to-date: /home/joaocastilho/dev_ws/install/turtlesim/lib/turtlesim/mimic
[0.925s] -- Up-to-date: /home/joaocastilho/dev_ws/install/turtlesim/share/turtlesim/images
[0.925s] -- Up-to-date: /home/joaocastilho/dev_ws/install/turtlesim/share/turtlesim/images/dashing.png
[0.925s] -- Up-to-date: /home/joaocastilho/dev_ws/install/turtlesim/share/turtlesim/images/crystal.png
[0.925s] -- Up-to-date: /home/joaocastilho/dev_ws/install/turtlesim/share/turtlesim/images/bouncy.png
[0.925s] -- Up-to-date: /home/joaocastilho/dev_ws/install/turtlesim/share/turtlesim/images/ardent.png
[0.926s] -- Up-to-date: /home/joaocastilho/dev_ws/install/turtlesim/share/turtlesim/images/eloquent.png
[0.926s] -- Up-to-date: /home/joaocastilho/dev_ws/install/turtlesim/share/turtlesim/images/foxy.png
[0.926s] -- Up-to-date: /home/joaocastilho/dev_ws/install/turtlesim/share/turtlesim/launch
[0.926s] -- Up-to-date: /home/joaocastilho/dev_ws/install/turtlesim/share/turtlesim/launch/multisim.launch.py
[0.926s] -- Up-to-date: /home/joaocastilho/dev_ws/install/turtlesim/share/ament_index/resource_index/package_run_dependencies/turtlesim
[0.926s] -- Up-to-date: /home/joaocastilho/dev_ws/install/turtlesim/share/ament_index/resource_index/parent_prefix_path/turtlesim
[0.927s] -- Up-to-date: /home/joaocastilho/dev_ws/install/turtlesim/share/turtlesim/environment/ament_prefix_path.sh
[0.927s] -- Up-to-date: /home/joaocastilho/dev_ws/install/turtlesim/share/turtlesim/environment/ament_prefix_path.dsv
[0.927s] -- Up-to-date: /home/joaocastilho/dev_ws/install/turtlesim/share/turtlesim/environment/path.sh
[0.927s] -- Up-to-date: /home/joaocastilho/dev_ws/install/turtlesim/share/turtlesim/environment/path.dsv
[0.927s] -- Up-to-date: /home/joaocastilho/dev_ws/install/turtlesim/share/turtlesim/local_setup.bash
[0.927s] -- Up-to-date: /home/joaocastilho/dev_ws/install/turtlesim/share/turtlesim/local_setup.sh
[0.928s] -- Up-to-date: /home/joaocastilho/dev_ws/install/turtlesim/share/turtlesim/local_setup.zsh
[0.928s] -- Up-to-date: /home/joaocastilho/dev_ws/install/turtlesim/share/turtlesim/local_setup.dsv
[0.928s] -- Installing: /home/joaocastilho/dev_ws/install/turtlesim/share/turtlesim/package.dsv
[0.928s] -- Up-to-date: /home/joaocastilho/dev_ws/install/turtlesim/share/ament_index/resource_index/packages/turtlesim
[0.928s] -- Up-to-date: /home/joaocastilho/dev_ws/install/turtlesim/share/turtlesim/cmake/turtlesim__rosidl_generator_cExport.cmake
[0.928s] -- Up-to-date: /home/joaocastilho/dev_ws/install/turtlesim/share/turtlesim/cmake/turtlesim__rosidl_generator_cExport-noconfig.cmake
[0.929s] -- Up-to-date: /home/joaocastilho/dev_ws/install/turtlesim/share/turtlesim/cmake/turtlesim__rosidl_typesupport_introspection_cExport.cmake
[0.929s] -- Up-to-date: /home/joaocastilho/dev_ws/install/turtlesim/share/turtlesim/cmake/turtlesim__rosidl_typesupport_introspection_cExport-noconfig.cmake
[0.929s] -- Up-to-date: /home/joaocastilho/dev_ws/install/turtlesim/share/turtlesim/cmake/turtlesim__rosidl_typesupport_cExport.cmake
[0.929s] -- Up-to-date: /home/joaocastilho/dev_ws/install/turtlesim/share/turtlesim/cmake/turtlesim__rosidl_typesupport_cExport-noconfig.cmake
[0.929s] -- Up-to-date: /home/joaocastilho/dev_ws/install/turtlesim/share/turtlesim/cmake/turtlesim__rosidl_generator_cppExport.cmake
[0.929s] -- Up-to-date: /home/joaocastilho/dev_ws/install/turtlesim/share/turtlesim/cmake/turtlesim__rosidl_typesupport_introspection_cppExport.cmake
[0.929s] -- Up-to-date: /home/joaocastilho/dev_ws/install/turtlesim/share/turtlesim/cmake/turtlesim__rosidl_typesupport_introspection_cppExport-noconfig.cmake
[0.929s] -- Up-to-date: /home/joaocastilho/dev_ws/install/turtlesim/share/turtlesim/cmake/turtlesim__rosidl_typesupport_cppExport.cmake
[0.929s] -- Up-to-date: /home/joaocastilho/dev_ws/install/turtlesim/share/turtlesim/cmake/turtlesim__rosidl_typesupport_cppExport-noconfig.cmake
[0.930s] -- Up-to-date: /home/joaocastilho/dev_ws/install/turtlesim/share/turtlesim/cmake/rosidl_cmake-extras.cmake
[0.930s] -- Up-to-date: /home/joaocastilho/dev_ws/install/turtlesim/share/turtlesim/cmake/ament_cmake_export_dependencies-extras.cmake
[0.930s] -- Up-to-date: /home/joaocastilho/dev_ws/install/turtlesim/share/turtlesim/cmake/ament_cmake_export_libraries-extras.cmake
[0.930s] -- Up-to-date: /home/joaocastilho/dev_ws/install/turtlesim/share/turtlesim/cmake/ament_cmake_export_targets-extras.cmake
[0.930s] -- Up-to-date: /home/joaocastilho/dev_ws/install/turtlesim/share/turtlesim/cmake/ament_cmake_export_include_directories-extras.cmake
[0.930s] -- Up-to-date: /home/joaocastilho/dev_ws/install/turtlesim/share/turtlesim/cmake/rosidl_cmake_export_typesupport_libraries-extras.cmake
[0.930s] -- Up-to-date: /home/joaocastilho/dev_ws/install/turtlesim/share/turtlesim/cmake/rosidl_cmake_export_typesupport_targets-extras.cmake
[0.931s] -- Up-to-date: /home/joaocastilho/dev_ws/install/turtlesim/share/turtlesim/cmake/turtlesimConfig.cmake
[0.933s] -- Up-to-date: /home/joaocastilho/dev_ws/install/turtlesim/share/turtlesim/cmake/turtlesimConfig-version.cmake
[0.933s] -- Up-to-date: /home/joaocastilho/dev_ws/install/turtlesim/share/turtlesim/package.xml
[0.933s] Invoked command in '/home/joaocastilho/dev_ws/build/turtlesim' returned '0': CMAKE_PREFIX_PATH=${CMAKE_PREFIX_PATH}:/home/joaocastilho/dev_ws/install/my_package_python:/opt/ros/foxy /usr/bin/cmake --install /home/joaocastilho/dev_ws/build/turtlesim
