[0.704s] Invoking command in '/home/joaocastilho/dev_ws/build/tutorial_interfaces': /usr/bin/cmake --build /home/joaocastilho/dev_ws/build/tutorial_interfaces -- -j8 -l8
[0.767s] -- Found ament_cmake: 0.9.8 (/opt/ros/foxy/share/ament_cmake/cmake)
[0.818s] -- Found PythonInterp: /usr/bin/python3 (found suitable version "3.8.10", minimum required is "3") 
[0.818s] -- Using PYTHON_EXECUTABLE: /usr/bin/python3
[1.228s] -- Found rclcpp: 2.3.1 (/opt/ros/foxy/share/rclcpp/cmake)
[1.301s] -- Using all available rosidl_typesupport_c: rosidl_typesupport_fastrtps_c;rosidl_typesupport_introspection_c
[1.308s] -- Found rosidl_adapter: 1.2.1 (/opt/ros/foxy/share/rosidl_adapter/cmake)
[1.516s] -- Using all available rosidl_typesupport_cpp: rosidl_typesupport_fastrtps_cpp;rosidl_typesupport_introspection_cpp
[1.608s] -- Found rmw_implementation_cmake: 1.0.3 (/opt/ros/foxy/share/rmw_implementation_cmake/cmake)
[1.611s] -- Using RMW implementation 'rmw_fastrtps_cpp' as default
[1.613s] -- Looking for pthread.h
[1.690s] -- Looking for pthread.h - found
[1.690s] -- Performing Test CMAKE_HAVE_LIBC_PTHREAD
[1.780s] -- Performing Test CMAKE_HAVE_LIBC_PTHREAD - Failed
[1.781s] -- Looking for pthread_create in pthreads
[1.846s] -- Looking for pthread_create in pthreads - not found
[1.846s] -- Looking for pthread_create in pthread
[1.925s] -- Looking for pthread_create in pthread - found
[1.926s] -- Found Threads: TRUE  
[2.131s] -- Found tutorial_interfaces: 0.0.0 (/home/joaocastilho/dev_ws/install/tutorial_interfaces/share/tutorial_interfaces/cmake)
[2.143s] -- Found ament_lint_auto: 0.9.6 (/opt/ros/foxy/share/ament_lint_auto/cmake)
[2.208s] Error parsing '/home/joaocastilho/dev_ws/src/tutorial_interfaces/package.xml':
[2.346s] Traceback (most recent call last):
[2.347s]   File "/opt/ros/foxy/share/ament_cmake_core/cmake/core/package_xml_2_cmake.py", line 143, in <module>
[2.347s]     main()
[2.347s]   File "/opt/ros/foxy/share/ament_cmake_core/cmake/core/package_xml_2_cmake.py", line 52, in main
[2.348s]     raise e
[2.348s]   File "/opt/ros/foxy/share/ament_cmake_core/cmake/core/package_xml_2_cmake.py", line 48, in main
[2.348s]     package = parse_package_string(
[2.348s]   File "/usr/lib/python3/dist-packages/catkin_pkg/package.py", line 773, in parse_package_string
[2.349s]     pkg.validate(warnings=warnings)
[2.349s]   File "/usr/lib/python3/dist-packages/catkin_pkg/package.py", line 316, in validate
[2.349s]     raise InvalidPackage('\n'.join(errors), self.filename)
[2.349s] catkin_pkg.package.InvalidPackage: Error(s) in package '/home/joaocastilho/dev_ws/src/tutorial_interfaces/package.xml':
[2.349s] The package "tutorial_interfaces" must not "build_depend" on a package with the same name as this package
[2.350s] The package "tutorial_interfaces" must not "build_export_depend" on a package with the same name as this package
[2.350s] The package "tutorial_interfaces" must not "exec_depend" on a package with the same name as this package
[2.379s] CMake Error at /opt/ros/foxy/share/ament_cmake_core/cmake/core/ament_package_xml.cmake:94 (message):
[2.379s]   execute_process(/usr/bin/python3
[2.379s]   /opt/ros/foxy/share/ament_cmake_core/cmake/core/package_xml_2_cmake.py
[2.379s]   /home/joaocastilho/dev_ws/src/tutorial_interfaces/package.xml
[2.379s]   /home/joaocastilho/dev_ws/build/tutorial_interfaces/ament_cmake_core/package.cmake)
[2.379s]   returned error code 1
[2.379s] Call Stack (most recent call first):
[2.379s]   /opt/ros/foxy/share/ament_cmake_core/cmake/core/ament_package_xml.cmake:49 (_ament_package_xml)
[2.379s]   /opt/ros/foxy/share/ament_lint_auto/cmake/ament_lint_auto_find_test_dependencies.cmake:31 (ament_package_xml)
[2.379s]   CMakeLists.txt:39 (ament_lint_auto_find_test_dependencies)
[2.380s] 
[2.380s] 
[2.381s] -- Configuring incomplete, errors occurred!
[2.381s] See also "/home/joaocastilho/dev_ws/build/tutorial_interfaces/CMakeFiles/CMakeOutput.log".
[2.381s] See also "/home/joaocastilho/dev_ws/build/tutorial_interfaces/CMakeFiles/CMakeError.log".
[2.391s] make: *** [Makefile:988: cmake_check_build_system] Error 1
[2.393s] Invoked command in '/home/joaocastilho/dev_ws/build/tutorial_interfaces' returned '2': /usr/bin/cmake --build /home/joaocastilho/dev_ws/build/tutorial_interfaces -- -j8 -l8
