[0.077s] Invoking command in '/home/joaocastilho/dev_ws/build/my_package': CMAKE_PREFIX_PATH=${CMAKE_PREFIX_PATH}:/home/joaocastilho/dev_ws/install/py_pubsub:/home/joaocastilho/dev_ws/install/my_package_python:/opt/ros/foxy /usr/bin/cmake --build /home/joaocastilho/dev_ws/build/my_package -- -j8 -l8
[0.881s] [100%] Built target my_node
[0.902s] Invoked command in '/home/joaocastilho/dev_ws/build/my_package' returned '0': CMAKE_PREFIX_PATH=${CMAKE_PREFIX_PATH}:/home/joaocastilho/dev_ws/install/py_pubsub:/home/joaocastilho/dev_ws/install/my_package_python:/opt/ros/foxy /usr/bin/cmake --build /home/joaocastilho/dev_ws/build/my_package -- -j8 -l8
[1.115s] Invoking command in '/home/joaocastilho/dev_ws/build/my_package': CMAKE_PREFIX_PATH=${CMAKE_PREFIX_PATH}:/home/joaocastilho/dev_ws/install/py_pubsub:/home/joaocastilho/dev_ws/install/my_package_python:/opt/ros/foxy /usr/bin/cmake --install /home/joaocastilho/dev_ws/build/my_package
[1.144s] -- Install configuration: ""
[1.145s] -- Up-to-date: /home/joaocastilho/dev_ws/install/my_package/lib/my_package/my_node
[1.145s] -- Up-to-date: /home/joaocastilho/dev_ws/install/my_package/share/ament_index/resource_index/package_run_dependencies/my_package
[1.145s] -- Up-to-date: /home/joaocastilho/dev_ws/install/my_package/share/ament_index/resource_index/parent_prefix_path/my_package
[1.145s] -- Up-to-date: /home/joaocastilho/dev_ws/install/my_package/share/my_package/environment/ament_prefix_path.sh
[1.145s] -- Up-to-date: /home/joaocastilho/dev_ws/install/my_package/share/my_package/environment/ament_prefix_path.dsv
[1.145s] -- Up-to-date: /home/joaocastilho/dev_ws/install/my_package/share/my_package/environment/path.sh
[1.146s] -- Up-to-date: /home/joaocastilho/dev_ws/install/my_package/share/my_package/environment/path.dsv
[1.146s] -- Up-to-date: /home/joaocastilho/dev_ws/install/my_package/share/my_package/local_setup.bash
[1.146s] -- Up-to-date: /home/joaocastilho/dev_ws/install/my_package/share/my_package/local_setup.sh
[1.146s] -- Up-to-date: /home/joaocastilho/dev_ws/install/my_package/share/my_package/local_setup.zsh
[1.146s] -- Up-to-date: /home/joaocastilho/dev_ws/install/my_package/share/my_package/local_setup.dsv
[1.146s] -- Installing: /home/joaocastilho/dev_ws/install/my_package/share/my_package/package.dsv
[1.147s] -- Up-to-date: /home/joaocastilho/dev_ws/install/my_package/share/ament_index/resource_index/packages/my_package
[1.148s] -- Up-to-date: /home/joaocastilho/dev_ws/install/my_package/share/my_package/cmake/my_packageConfig.cmake
[1.148s] -- Up-to-date: /home/joaocastilho/dev_ws/install/my_package/share/my_package/cmake/my_packageConfig-version.cmake
[1.148s] -- Up-to-date: /home/joaocastilho/dev_ws/install/my_package/share/my_package/package.xml
[1.152s] Invoked command in '/home/joaocastilho/dev_ws/build/my_package' returned '0': CMAKE_PREFIX_PATH=${CMAKE_PREFIX_PATH}:/home/joaocastilho/dev_ws/install/py_pubsub:/home/joaocastilho/dev_ws/install/my_package_python:/opt/ros/foxy /usr/bin/cmake --install /home/joaocastilho/dev_ws/build/my_package
