[0.398s] DEBUG:colcon:Command line arguments: ['/usr/bin/colcon', 'build', '--base-paths', '/home/joaocastilho/dev_ws']
[0.398s] DEBUG:colcon:Parsed command line arguments: Namespace(ament_cmake_args=None, base_paths=['/home/joaocastilho/dev_ws'], build_base='build', catkin_cmake_args=None, catkin_skip_building_tests=False, cmake_args=None, cmake_clean_cache=False, cmake_clean_first=False, cmake_force_configure=False, cmake_target=None, cmake_target_skip_unavailable=False, continue_on_error=False, event_handlers=None, executor='parallel', ignore_user_meta=False, install_base='install', log_base=None, log_level=None, main=<bound method BuildVerb.main of <colcon_core.verb.build.BuildVerb object at 0x7fb3e0e4c7c0>>, merge_install=False, metas=['./colcon.meta'], packages_above=None, packages_above_and_dependencies=None, packages_above_depth=None, packages_end=None, packages_ignore=None, packages_ignore_regex=None, packages_select=None, packages_select_build_failed=False, packages_select_by_dep=None, packages_select_regex=None, packages_select_test_failures=False, packages_skip=None, packages_skip_build_finished=False, packages_skip_by_dep=None, packages_skip_regex=None, packages_skip_test_passed=False, packages_skip_up_to=None, packages_start=None, packages_up_to=None, packages_up_to_regex=None, parallel_workers=8, paths=None, symlink_install=False, test_result_base=None, verb_extension=<colcon_core.verb.build.BuildVerb object at 0x7fb3e0e4c7c0>, verb_name='build', verb_parser=<colcon_defaults.argument_parser.defaults.DefaultArgumentsDecorator object at 0x7fb3e0e4cd30>)
[0.406s] Level 1:colcon.colcon_core.package_discovery:discover_packages(colcon_meta) check parameters
[0.406s] Level 1:colcon.colcon_core.package_discovery:discover_packages(recursive) check parameters
[0.406s] Level 1:colcon.colcon_core.package_discovery:discover_packages(ignore) check parameters
[0.406s] Level 1:colcon.colcon_core.package_discovery:discover_packages(path) check parameters
[0.406s] Level 1:colcon.colcon_core.package_discovery:discover_packages(recursive) discover
[0.406s] INFO:colcon.colcon_core.package_discovery:Crawling recursively for packages in '/home/joaocastilho/dev_ws'
[0.407s] Level 1:colcon.colcon_core.package_identification:_identify(/home/joaocastilho/dev_ws) by extensions ['ignore', 'ignore_ament_install']
[0.407s] Level 1:colcon.colcon_core.package_identification:_identify(/home/joaocastilho/dev_ws) by extension 'ignore'
[0.407s] Level 1:colcon.colcon_core.package_identification:_identify(/home/joaocastilho/dev_ws) by extension 'ignore_ament_install'
[0.407s] Level 1:colcon.colcon_core.package_identification:_identify(/home/joaocastilho/dev_ws) by extensions ['colcon_pkg']
[0.407s] Level 1:colcon.colcon_core.package_identification:_identify(/home/joaocastilho/dev_ws) by extension 'colcon_pkg'
[0.407s] Level 1:colcon.colcon_core.package_identification:_identify(/home/joaocastilho/dev_ws) by extensions ['colcon_meta']
[0.407s] Level 1:colcon.colcon_core.package_identification:_identify(/home/joaocastilho/dev_ws) by extension 'colcon_meta'
[0.407s] Level 1:colcon.colcon_core.package_identification:_identify(/home/joaocastilho/dev_ws) by extensions ['ros']
[0.407s] Level 1:colcon.colcon_core.package_identification:_identify(/home/joaocastilho/dev_ws) by extension 'ros'
[0.420s] Level 1:colcon.colcon_core.package_identification:_identify(/home/joaocastilho/dev_ws) by extensions ['cmake', 'python']
[0.420s] Level 1:colcon.colcon_core.package_identification:_identify(/home/joaocastilho/dev_ws) by extension 'cmake'
[0.420s] Level 1:colcon.colcon_core.package_identification:_identify(/home/joaocastilho/dev_ws) by extension 'python'
[0.420s] Level 1:colcon.colcon_core.package_identification:_identify(/home/joaocastilho/dev_ws) by extensions ['python_setup_py']
[0.420s] Level 1:colcon.colcon_core.package_identification:_identify(/home/joaocastilho/dev_ws) by extension 'python_setup_py'
[0.421s] Level 1:colcon.colcon_core.package_identification:_identify(/home/joaocastilho/dev_ws/build) by extensions ['ignore', 'ignore_ament_install']
[0.421s] Level 1:colcon.colcon_core.package_identification:_identify(/home/joaocastilho/dev_ws/build) by extension 'ignore'
[0.421s] Level 1:colcon.colcon_core.package_identification:_identify(/home/joaocastilho/dev_ws/build) ignored
[0.421s] Level 1:colcon.colcon_core.package_identification:_identify(/home/joaocastilho/dev_ws/install) by extensions ['ignore', 'ignore_ament_install']
[0.421s] Level 1:colcon.colcon_core.package_identification:_identify(/home/joaocastilho/dev_ws/install) by extension 'ignore'
[0.421s] Level 1:colcon.colcon_core.package_identification:_identify(/home/joaocastilho/dev_ws/install) ignored
[0.421s] Level 1:colcon.colcon_core.package_identification:_identify(/home/joaocastilho/dev_ws/log) by extensions ['ignore', 'ignore_ament_install']
[0.422s] Level 1:colcon.colcon_core.package_identification:_identify(/home/joaocastilho/dev_ws/log) by extension 'ignore'
[0.422s] Level 1:colcon.colcon_core.package_identification:_identify(/home/joaocastilho/dev_ws/log) ignored
[0.422s] Level 1:colcon.colcon_core.package_identification:_identify(/home/joaocastilho/dev_ws/src) by extensions ['ignore', 'ignore_ament_install']
[0.422s] Level 1:colcon.colcon_core.package_identification:_identify(/home/joaocastilho/dev_ws/src) by extension 'ignore'
[0.422s] Level 1:colcon.colcon_core.package_identification:_identify(/home/joaocastilho/dev_ws/src) by extension 'ignore_ament_install'
[0.422s] Level 1:colcon.colcon_core.package_identification:_identify(/home/joaocastilho/dev_ws/src) by extensions ['colcon_pkg']
[0.422s] Level 1:colcon.colcon_core.package_identification:_identify(/home/joaocastilho/dev_ws/src) by extension 'colcon_pkg'
[0.422s] Level 1:colcon.colcon_core.package_identification:_identify(/home/joaocastilho/dev_ws/src) by extensions ['colcon_meta']
[0.422s] Level 1:colcon.colcon_core.package_identification:_identify(/home/joaocastilho/dev_ws/src) by extension 'colcon_meta'
[0.422s] Level 1:colcon.colcon_core.package_identification:_identify(/home/joaocastilho/dev_ws/src) by extensions ['ros']
[0.423s] Level 1:colcon.colcon_core.package_identification:_identify(/home/joaocastilho/dev_ws/src) by extension 'ros'
[0.423s] Level 1:colcon.colcon_core.package_identification:_identify(/home/joaocastilho/dev_ws/src) by extensions ['cmake', 'python']
[0.423s] Level 1:colcon.colcon_core.package_identification:_identify(/home/joaocastilho/dev_ws/src) by extension 'cmake'
[0.423s] Level 1:colcon.colcon_core.package_identification:_identify(/home/joaocastilho/dev_ws/src) by extension 'python'
[0.423s] Level 1:colcon.colcon_core.package_identification:_identify(/home/joaocastilho/dev_ws/src) by extensions ['python_setup_py']
[0.423s] Level 1:colcon.colcon_core.package_identification:_identify(/home/joaocastilho/dev_ws/src) by extension 'python_setup_py'
[0.423s] Level 1:colcon.colcon_core.package_identification:_identify(/home/joaocastilho/dev_ws/src/cpp_pubsub) by extensions ['ignore', 'ignore_ament_install']
[0.423s] Level 1:colcon.colcon_core.package_identification:_identify(/home/joaocastilho/dev_ws/src/cpp_pubsub) by extension 'ignore'
[0.423s] Level 1:colcon.colcon_core.package_identification:_identify(/home/joaocastilho/dev_ws/src/cpp_pubsub) by extension 'ignore_ament_install'
[0.424s] Level 1:colcon.colcon_core.package_identification:_identify(/home/joaocastilho/dev_ws/src/cpp_pubsub) by extensions ['colcon_pkg']
[0.424s] Level 1:colcon.colcon_core.package_identification:_identify(/home/joaocastilho/dev_ws/src/cpp_pubsub) by extension 'colcon_pkg'
[0.424s] Level 1:colcon.colcon_core.package_identification:_identify(/home/joaocastilho/dev_ws/src/cpp_pubsub) by extensions ['colcon_meta']
[0.424s] Level 1:colcon.colcon_core.package_identification:_identify(/home/joaocastilho/dev_ws/src/cpp_pubsub) by extension 'colcon_meta'
[0.424s] Level 1:colcon.colcon_core.package_identification:_identify(/home/joaocastilho/dev_ws/src/cpp_pubsub) by extensions ['ros']
[0.424s] Level 1:colcon.colcon_core.package_identification:_identify(/home/joaocastilho/dev_ws/src/cpp_pubsub) by extension 'ros'
[0.426s] DEBUG:colcon.colcon_core.package_identification:Package '/home/joaocastilho/dev_ws/src/cpp_pubsub' with type 'ros.ament_cmake' and name 'cpp_pubsub'
[0.427s] Level 1:colcon.colcon_core.package_identification:_identify(/home/joaocastilho/dev_ws/src/cpp_srvcli) by extensions ['ignore', 'ignore_ament_install']
[0.427s] Level 1:colcon.colcon_core.package_identification:_identify(/home/joaocastilho/dev_ws/src/cpp_srvcli) by extension 'ignore'
[0.427s] Level 1:colcon.colcon_core.package_identification:_identify(/home/joaocastilho/dev_ws/src/cpp_srvcli) by extension 'ignore_ament_install'
[0.427s] Level 1:colcon.colcon_core.package_identification:_identify(/home/joaocastilho/dev_ws/src/cpp_srvcli) by extensions ['colcon_pkg']
[0.427s] Level 1:colcon.colcon_core.package_identification:_identify(/home/joaocastilho/dev_ws/src/cpp_srvcli) by extension 'colcon_pkg'
[0.427s] Level 1:colcon.colcon_core.package_identification:_identify(/home/joaocastilho/dev_ws/src/cpp_srvcli) by extensions ['colcon_meta']
[0.427s] Level 1:colcon.colcon_core.package_identification:_identify(/home/joaocastilho/dev_ws/src/cpp_srvcli) by extension 'colcon_meta'
[0.427s] Level 1:colcon.colcon_core.package_identification:_identify(/home/joaocastilho/dev_ws/src/cpp_srvcli) by extensions ['ros']
[0.427s] Level 1:colcon.colcon_core.package_identification:_identify(/home/joaocastilho/dev_ws/src/cpp_srvcli) by extension 'ros'
[0.428s] DEBUG:colcon.colcon_core.package_identification:Package '/home/joaocastilho/dev_ws/src/cpp_srvcli' with type 'ros.ament_cmake' and name 'cpp_srvcli'
[0.429s] Level 1:colcon.colcon_core.package_identification:_identify(/home/joaocastilho/dev_ws/src/my_package) by extensions ['ignore', 'ignore_ament_install']
[0.429s] Level 1:colcon.colcon_core.package_identification:_identify(/home/joaocastilho/dev_ws/src/my_package) by extension 'ignore'
[0.429s] Level 1:colcon.colcon_core.package_identification:_identify(/home/joaocastilho/dev_ws/src/my_package) by extension 'ignore_ament_install'
[0.429s] Level 1:colcon.colcon_core.package_identification:_identify(/home/joaocastilho/dev_ws/src/my_package) by extensions ['colcon_pkg']
[0.429s] Level 1:colcon.colcon_core.package_identification:_identify(/home/joaocastilho/dev_ws/src/my_package) by extension 'colcon_pkg'
[0.430s] Level 1:colcon.colcon_core.package_identification:_identify(/home/joaocastilho/dev_ws/src/my_package) by extensions ['colcon_meta']
[0.430s] Level 1:colcon.colcon_core.package_identification:_identify(/home/joaocastilho/dev_ws/src/my_package) by extension 'colcon_meta'
[0.430s] Level 1:colcon.colcon_core.package_identification:_identify(/home/joaocastilho/dev_ws/src/my_package) by extensions ['ros']
[0.430s] Level 1:colcon.colcon_core.package_identification:_identify(/home/joaocastilho/dev_ws/src/my_package) by extension 'ros'
[0.430s] DEBUG:colcon.colcon_core.package_identification:Package '/home/joaocastilho/dev_ws/src/my_package' with type 'ros.ament_cmake' and name 'my_package'
[0.431s] Level 1:colcon.colcon_core.package_identification:_identify(/home/joaocastilho/dev_ws/src/my_package_python) by extensions ['ignore', 'ignore_ament_install']
[0.431s] Level 1:colcon.colcon_core.package_identification:_identify(/home/joaocastilho/dev_ws/src/my_package_python) by extension 'ignore'
[0.431s] Level 1:colcon.colcon_core.package_identification:_identify(/home/joaocastilho/dev_ws/src/my_package_python) by extension 'ignore_ament_install'
[0.431s] Level 1:colcon.colcon_core.package_identification:_identify(/home/joaocastilho/dev_ws/src/my_package_python) by extensions ['colcon_pkg']
[0.431s] Level 1:colcon.colcon_core.package_identification:_identify(/home/joaocastilho/dev_ws/src/my_package_python) by extension 'colcon_pkg'
[0.431s] Level 1:colcon.colcon_core.package_identification:_identify(/home/joaocastilho/dev_ws/src/my_package_python) by extensions ['colcon_meta']
[0.431s] Level 1:colcon.colcon_core.package_identification:_identify(/home/joaocastilho/dev_ws/src/my_package_python) by extension 'colcon_meta'
[0.431s] Level 1:colcon.colcon_core.package_identification:_identify(/home/joaocastilho/dev_ws/src/my_package_python) by extensions ['ros']
[0.431s] Level 1:colcon.colcon_core.package_identification:_identify(/home/joaocastilho/dev_ws/src/my_package_python) by extension 'ros'
[0.432s] DEBUG:colcon.colcon_core.package_identification:Package '/home/joaocastilho/dev_ws/src/my_package_python' with type 'ros.ament_python' and name 'my_package_python'
[0.432s] Level 1:colcon.colcon_core.package_identification:_identify(/home/joaocastilho/dev_ws/src/py_pubsub) by extensions ['ignore', 'ignore_ament_install']
[0.432s] Level 1:colcon.colcon_core.package_identification:_identify(/home/joaocastilho/dev_ws/src/py_pubsub) by extension 'ignore'
[0.432s] Level 1:colcon.colcon_core.package_identification:_identify(/home/joaocastilho/dev_ws/src/py_pubsub) by extension 'ignore_ament_install'
[0.432s] Level 1:colcon.colcon_core.package_identification:_identify(/home/joaocastilho/dev_ws/src/py_pubsub) by extensions ['colcon_pkg']
[0.432s] Level 1:colcon.colcon_core.package_identification:_identify(/home/joaocastilho/dev_ws/src/py_pubsub) by extension 'colcon_pkg'
[0.432s] Level 1:colcon.colcon_core.package_identification:_identify(/home/joaocastilho/dev_ws/src/py_pubsub) by extensions ['colcon_meta']
[0.432s] Level 1:colcon.colcon_core.package_identification:_identify(/home/joaocastilho/dev_ws/src/py_pubsub) by extension 'colcon_meta'
[0.433s] Level 1:colcon.colcon_core.package_identification:_identify(/home/joaocastilho/dev_ws/src/py_pubsub) by extensions ['ros']
[0.433s] Level 1:colcon.colcon_core.package_identification:_identify(/home/joaocastilho/dev_ws/src/py_pubsub) by extension 'ros'
[0.433s] DEBUG:colcon.colcon_core.package_identification:Package '/home/joaocastilho/dev_ws/src/py_pubsub' with type 'ros.ament_python' and name 'py_pubsub'
[0.433s] Level 1:colcon.colcon_core.package_identification:_identify(/home/joaocastilho/dev_ws/src/ros_tutorials) by extensions ['ignore', 'ignore_ament_install']
[0.433s] Level 1:colcon.colcon_core.package_identification:_identify(/home/joaocastilho/dev_ws/src/ros_tutorials) by extension 'ignore'
[0.433s] Level 1:colcon.colcon_core.package_identification:_identify(/home/joaocastilho/dev_ws/src/ros_tutorials) by extension 'ignore_ament_install'
[0.434s] Level 1:colcon.colcon_core.package_identification:_identify(/home/joaocastilho/dev_ws/src/ros_tutorials) by extensions ['colcon_pkg']
[0.434s] Level 1:colcon.colcon_core.package_identification:_identify(/home/joaocastilho/dev_ws/src/ros_tutorials) by extension 'colcon_pkg'
[0.434s] Level 1:colcon.colcon_core.package_identification:_identify(/home/joaocastilho/dev_ws/src/ros_tutorials) by extensions ['colcon_meta']
[0.434s] Level 1:colcon.colcon_core.package_identification:_identify(/home/joaocastilho/dev_ws/src/ros_tutorials) by extension 'colcon_meta'
[0.434s] Level 1:colcon.colcon_core.package_identification:_identify(/home/joaocastilho/dev_ws/src/ros_tutorials) by extensions ['ros']
[0.434s] Level 1:colcon.colcon_core.package_identification:_identify(/home/joaocastilho/dev_ws/src/ros_tutorials) by extension 'ros'
[0.434s] Level 1:colcon.colcon_core.package_identification:_identify(/home/joaocastilho/dev_ws/src/ros_tutorials) by extensions ['cmake', 'python']
[0.434s] Level 1:colcon.colcon_core.package_identification:_identify(/home/joaocastilho/dev_ws/src/ros_tutorials) by extension 'cmake'
[0.434s] Level 1:colcon.colcon_core.package_identification:_identify(/home/joaocastilho/dev_ws/src/ros_tutorials) by extension 'python'
[0.434s] Level 1:colcon.colcon_core.package_identification:_identify(/home/joaocastilho/dev_ws/src/ros_tutorials) by extensions ['python_setup_py']
[0.434s] Level 1:colcon.colcon_core.package_identification:_identify(/home/joaocastilho/dev_ws/src/ros_tutorials) by extension 'python_setup_py'
[0.434s] Level 1:colcon.colcon_core.package_identification:_identify(/home/joaocastilho/dev_ws/src/ros_tutorials/ros_tutorials) by extensions ['ignore', 'ignore_ament_install']
[0.434s] Level 1:colcon.colcon_core.package_identification:_identify(/home/joaocastilho/dev_ws/src/ros_tutorials/ros_tutorials) by extension 'ignore'
[0.434s] Level 1:colcon.colcon_core.package_identification:_identify(/home/joaocastilho/dev_ws/src/ros_tutorials/ros_tutorials) ignored
[0.435s] Level 1:colcon.colcon_core.package_identification:_identify(/home/joaocastilho/dev_ws/src/ros_tutorials/roscpp_tutorials) by extensions ['ignore', 'ignore_ament_install']
[0.435s] Level 1:colcon.colcon_core.package_identification:_identify(/home/joaocastilho/dev_ws/src/ros_tutorials/roscpp_tutorials) by extension 'ignore'
[0.435s] Level 1:colcon.colcon_core.package_identification:_identify(/home/joaocastilho/dev_ws/src/ros_tutorials/roscpp_tutorials) ignored
[0.435s] Level 1:colcon.colcon_core.package_identification:_identify(/home/joaocastilho/dev_ws/src/ros_tutorials/rospy_tutorials) by extensions ['ignore', 'ignore_ament_install']
[0.435s] Level 1:colcon.colcon_core.package_identification:_identify(/home/joaocastilho/dev_ws/src/ros_tutorials/rospy_tutorials) by extension 'ignore'
[0.435s] Level 1:colcon.colcon_core.package_identification:_identify(/home/joaocastilho/dev_ws/src/ros_tutorials/rospy_tutorials) ignored
[0.435s] Level 1:colcon.colcon_core.package_identification:_identify(/home/joaocastilho/dev_ws/src/ros_tutorials/turtlesim) by extensions ['ignore', 'ignore_ament_install']
[0.435s] Level 1:colcon.colcon_core.package_identification:_identify(/home/joaocastilho/dev_ws/src/ros_tutorials/turtlesim) by extension 'ignore'
[0.435s] Level 1:colcon.colcon_core.package_identification:_identify(/home/joaocastilho/dev_ws/src/ros_tutorials/turtlesim) by extension 'ignore_ament_install'
[0.435s] Level 1:colcon.colcon_core.package_identification:_identify(/home/joaocastilho/dev_ws/src/ros_tutorials/turtlesim) by extensions ['colcon_pkg']
[0.435s] Level 1:colcon.colcon_core.package_identification:_identify(/home/joaocastilho/dev_ws/src/ros_tutorials/turtlesim) by extension 'colcon_pkg'
[0.435s] Level 1:colcon.colcon_core.package_identification:_identify(/home/joaocastilho/dev_ws/src/ros_tutorials/turtlesim) by extensions ['colcon_meta']
[0.435s] Level 1:colcon.colcon_core.package_identification:_identify(/home/joaocastilho/dev_ws/src/ros_tutorials/turtlesim) by extension 'colcon_meta'
[0.435s] Level 1:colcon.colcon_core.package_identification:_identify(/home/joaocastilho/dev_ws/src/ros_tutorials/turtlesim) by extensions ['ros']
[0.436s] Level 1:colcon.colcon_core.package_identification:_identify(/home/joaocastilho/dev_ws/src/ros_tutorials/turtlesim) by extension 'ros'
[0.437s] DEBUG:colcon.colcon_core.package_identification:Package '/home/joaocastilho/dev_ws/src/ros_tutorials/turtlesim' with type 'ros.ament_cmake' and name 'turtlesim'
[0.437s] Level 1:colcon.colcon_core.package_identification:_identify(/home/joaocastilho/dev_ws/src/tutorial_interfaces) by extensions ['ignore', 'ignore_ament_install']
[0.437s] Level 1:colcon.colcon_core.package_identification:_identify(/home/joaocastilho/dev_ws/src/tutorial_interfaces) by extension 'ignore'
[0.437s] Level 1:colcon.colcon_core.package_identification:_identify(/home/joaocastilho/dev_ws/src/tutorial_interfaces) by extension 'ignore_ament_install'
[0.437s] Level 1:colcon.colcon_core.package_identification:_identify(/home/joaocastilho/dev_ws/src/tutorial_interfaces) by extensions ['colcon_pkg']
[0.437s] Level 1:colcon.colcon_core.package_identification:_identify(/home/joaocastilho/dev_ws/src/tutorial_interfaces) by extension 'colcon_pkg'
[0.437s] Level 1:colcon.colcon_core.package_identification:_identify(/home/joaocastilho/dev_ws/src/tutorial_interfaces) by extensions ['colcon_meta']
[0.437s] Level 1:colcon.colcon_core.package_identification:_identify(/home/joaocastilho/dev_ws/src/tutorial_interfaces) by extension 'colcon_meta'
[0.437s] Level 1:colcon.colcon_core.package_identification:_identify(/home/joaocastilho/dev_ws/src/tutorial_interfaces) by extensions ['ros']
[0.438s] Level 1:colcon.colcon_core.package_identification:_identify(/home/joaocastilho/dev_ws/src/tutorial_interfaces) by extension 'ros'
[0.438s] DEBUG:colcon.colcon_core.package_identification:Package '/home/joaocastilho/dev_ws/src/tutorial_interfaces' with type 'ros.ament_cmake' and name 'tutorial_interfaces'
[0.438s] Level 1:colcon.colcon_core.package_discovery:discover_packages(recursive) using defaults
[0.464s] Level 5:colcon.colcon_core.verb:set package 'cpp_srvcli' build argument 'cmake_args' from command line to 'None'
[0.465s] Level 5:colcon.colcon_core.verb:set package 'cpp_srvcli' build argument 'cmake_target' from command line to 'None'
[0.465s] Level 5:colcon.colcon_core.verb:set package 'cpp_srvcli' build argument 'cmake_target_skip_unavailable' from command line to 'False'
[0.465s] Level 5:colcon.colcon_core.verb:set package 'cpp_srvcli' build argument 'cmake_clean_cache' from command line to 'False'
[0.465s] Level 5:colcon.colcon_core.verb:set package 'cpp_srvcli' build argument 'cmake_clean_first' from command line to 'False'
[0.465s] Level 5:colcon.colcon_core.verb:set package 'cpp_srvcli' build argument 'cmake_force_configure' from command line to 'False'
[0.465s] Level 5:colcon.colcon_core.verb:set package 'cpp_srvcli' build argument 'ament_cmake_args' from command line to 'None'
[0.465s] Level 5:colcon.colcon_core.verb:set package 'cpp_srvcli' build argument 'catkin_cmake_args' from command line to 'None'
[0.465s] Level 5:colcon.colcon_core.verb:set package 'cpp_srvcli' build argument 'catkin_skip_building_tests' from command line to 'False'
[0.465s] DEBUG:colcon.colcon_core.verb:Building package 'cpp_srvcli' with the following arguments: {'ament_cmake_args': None, 'build_base': '/home/joaocastilho/dev_ws/build/cpp_srvcli', 'catkin_cmake_args': None, 'catkin_skip_building_tests': False, 'cmake_args': None, 'cmake_clean_cache': False, 'cmake_clean_first': False, 'cmake_force_configure': False, 'cmake_target': None, 'cmake_target_skip_unavailable': False, 'install_base': '/home/joaocastilho/dev_ws/install/cpp_srvcli', 'merge_install': False, 'path': '/home/joaocastilho/dev_ws/src/cpp_srvcli', 'symlink_install': False, 'test_result_base': None}
[0.468s] Level 5:colcon.colcon_core.verb:set package 'my_package' build argument 'cmake_args' from command line to 'None'
[0.468s] Level 5:colcon.colcon_core.verb:set package 'my_package' build argument 'cmake_target' from command line to 'None'
[0.468s] Level 5:colcon.colcon_core.verb:set package 'my_package' build argument 'cmake_target_skip_unavailable' from command line to 'False'
[0.468s] Level 5:colcon.colcon_core.verb:set package 'my_package' build argument 'cmake_clean_cache' from command line to 'False'
[0.468s] Level 5:colcon.colcon_core.verb:set package 'my_package' build argument 'cmake_clean_first' from command line to 'False'
[0.468s] Level 5:colcon.colcon_core.verb:set package 'my_package' build argument 'cmake_force_configure' from command line to 'False'
[0.468s] Level 5:colcon.colcon_core.verb:set package 'my_package' build argument 'ament_cmake_args' from command line to 'None'
[0.469s] Level 5:colcon.colcon_core.verb:set package 'my_package' build argument 'catkin_cmake_args' from command line to 'None'
[0.469s] Level 5:colcon.colcon_core.verb:set package 'my_package' build argument 'catkin_skip_building_tests' from command line to 'False'
[0.469s] DEBUG:colcon.colcon_core.verb:Building package 'my_package' with the following arguments: {'ament_cmake_args': None, 'build_base': '/home/joaocastilho/dev_ws/build/my_package', 'catkin_cmake_args': None, 'catkin_skip_building_tests': False, 'cmake_args': None, 'cmake_clean_cache': False, 'cmake_clean_first': False, 'cmake_force_configure': False, 'cmake_target': None, 'cmake_target_skip_unavailable': False, 'install_base': '/home/joaocastilho/dev_ws/install/my_package', 'merge_install': False, 'path': '/home/joaocastilho/dev_ws/src/my_package', 'symlink_install': False, 'test_result_base': None}
[0.472s] Level 5:colcon.colcon_core.verb:set package 'my_package_python' build argument 'cmake_args' from command line to 'None'
[0.472s] Level 5:colcon.colcon_core.verb:set package 'my_package_python' build argument 'cmake_target' from command line to 'None'
[0.472s] Level 5:colcon.colcon_core.verb:set package 'my_package_python' build argument 'cmake_target_skip_unavailable' from command line to 'False'
[0.472s] Level 5:colcon.colcon_core.verb:set package 'my_package_python' build argument 'cmake_clean_cache' from command line to 'False'
[0.472s] Level 5:colcon.colcon_core.verb:set package 'my_package_python' build argument 'cmake_clean_first' from command line to 'False'
[0.472s] Level 5:colcon.colcon_core.verb:set package 'my_package_python' build argument 'cmake_force_configure' from command line to 'False'
[0.472s] Level 5:colcon.colcon_core.verb:set package 'my_package_python' build argument 'ament_cmake_args' from command line to 'None'
[0.472s] Level 5:colcon.colcon_core.verb:set package 'my_package_python' build argument 'catkin_cmake_args' from command line to 'None'
[0.472s] Level 5:colcon.colcon_core.verb:set package 'my_package_python' build argument 'catkin_skip_building_tests' from command line to 'False'
[0.472s] DEBUG:colcon.colcon_core.verb:Building package 'my_package_python' with the following arguments: {'ament_cmake_args': None, 'build_base': '/home/joaocastilho/dev_ws/build/my_package_python', 'catkin_cmake_args': None, 'catkin_skip_building_tests': False, 'cmake_args': None, 'cmake_clean_cache': False, 'cmake_clean_first': False, 'cmake_force_configure': False, 'cmake_target': None, 'cmake_target_skip_unavailable': False, 'install_base': '/home/joaocastilho/dev_ws/install/my_package_python', 'merge_install': False, 'path': '/home/joaocastilho/dev_ws/src/my_package_python', 'symlink_install': False, 'test_result_base': None}
[0.475s] Level 5:colcon.colcon_core.verb:set package 'py_pubsub' build argument 'cmake_args' from command line to 'None'
[0.475s] Level 5:colcon.colcon_core.verb:set package 'py_pubsub' build argument 'cmake_target' from command line to 'None'
[0.475s] Level 5:colcon.colcon_core.verb:set package 'py_pubsub' build argument 'cmake_target_skip_unavailable' from command line to 'False'
[0.475s] Level 5:colcon.colcon_core.verb:set package 'py_pubsub' build argument 'cmake_clean_cache' from command line to 'False'
[0.475s] Level 5:colcon.colcon_core.verb:set package 'py_pubsub' build argument 'cmake_clean_first' from command line to 'False'
[0.475s] Level 5:colcon.colcon_core.verb:set package 'py_pubsub' build argument 'cmake_force_configure' from command line to 'False'
[0.475s] Level 5:colcon.colcon_core.verb:set package 'py_pubsub' build argument 'ament_cmake_args' from command line to 'None'
[0.475s] Level 5:colcon.colcon_core.verb:set package 'py_pubsub' build argument 'catkin_cmake_args' from command line to 'None'
[0.475s] Level 5:colcon.colcon_core.verb:set package 'py_pubsub' build argument 'catkin_skip_building_tests' from command line to 'False'
[0.475s] DEBUG:colcon.colcon_core.verb:Building package 'py_pubsub' with the following arguments: {'ament_cmake_args': None, 'build_base': '/home/joaocastilho/dev_ws/build/py_pubsub', 'catkin_cmake_args': None, 'catkin_skip_building_tests': False, 'cmake_args': None, 'cmake_clean_cache': False, 'cmake_clean_first': False, 'cmake_force_configure': False, 'cmake_target': None, 'cmake_target_skip_unavailable': False, 'install_base': '/home/joaocastilho/dev_ws/install/py_pubsub', 'merge_install': False, 'path': '/home/joaocastilho/dev_ws/src/py_pubsub', 'symlink_install': False, 'test_result_base': None}
[0.478s] Level 5:colcon.colcon_core.verb:set package 'turtlesim' build argument 'cmake_args' from command line to 'None'
[0.478s] Level 5:colcon.colcon_core.verb:set package 'turtlesim' build argument 'cmake_target' from command line to 'None'
[0.478s] Level 5:colcon.colcon_core.verb:set package 'turtlesim' build argument 'cmake_target_skip_unavailable' from command line to 'False'
[0.479s] Level 5:colcon.colcon_core.verb:set package 'turtlesim' build argument 'cmake_clean_cache' from command line to 'False'
[0.479s] Level 5:colcon.colcon_core.verb:set package 'turtlesim' build argument 'cmake_clean_first' from command line to 'False'
[0.479s] Level 5:colcon.colcon_core.verb:set package 'turtlesim' build argument 'cmake_force_configure' from command line to 'False'
[0.479s] Level 5:colcon.colcon_core.verb:set package 'turtlesim' build argument 'ament_cmake_args' from command line to 'None'
[0.479s] Level 5:colcon.colcon_core.verb:set package 'turtlesim' build argument 'catkin_cmake_args' from command line to 'None'
[0.479s] Level 5:colcon.colcon_core.verb:set package 'turtlesim' build argument 'catkin_skip_building_tests' from command line to 'False'
[0.479s] DEBUG:colcon.colcon_core.verb:Building package 'turtlesim' with the following arguments: {'ament_cmake_args': None, 'build_base': '/home/joaocastilho/dev_ws/build/turtlesim', 'catkin_cmake_args': None, 'catkin_skip_building_tests': False, 'cmake_args': None, 'cmake_clean_cache': False, 'cmake_clean_first': False, 'cmake_force_configure': False, 'cmake_target': None, 'cmake_target_skip_unavailable': False, 'install_base': '/home/joaocastilho/dev_ws/install/turtlesim', 'merge_install': False, 'path': '/home/joaocastilho/dev_ws/src/ros_tutorials/turtlesim', 'symlink_install': False, 'test_result_base': None}
[0.483s] Level 5:colcon.colcon_core.verb:set package 'tutorial_interfaces' build argument 'cmake_args' from command line to 'None'
[0.483s] Level 5:colcon.colcon_core.verb:set package 'tutorial_interfaces' build argument 'cmake_target' from command line to 'None'
[0.483s] Level 5:colcon.colcon_core.verb:set package 'tutorial_interfaces' build argument 'cmake_target_skip_unavailable' from command line to 'False'
[0.483s] Level 5:colcon.colcon_core.verb:set package 'tutorial_interfaces' build argument 'cmake_clean_cache' from command line to 'False'
[0.483s] Level 5:colcon.colcon_core.verb:set package 'tutorial_interfaces' build argument 'cmake_clean_first' from command line to 'False'
[0.483s] Level 5:colcon.colcon_core.verb:set package 'tutorial_interfaces' build argument 'cmake_force_configure' from command line to 'False'
[0.483s] Level 5:colcon.colcon_core.verb:set package 'tutorial_interfaces' build argument 'ament_cmake_args' from command line to 'None'
[0.483s] Level 5:colcon.colcon_core.verb:set package 'tutorial_interfaces' build argument 'catkin_cmake_args' from command line to 'None'
[0.484s] Level 5:colcon.colcon_core.verb:set package 'tutorial_interfaces' build argument 'catkin_skip_building_tests' from command line to 'False'
[0.484s] DEBUG:colcon.colcon_core.verb:Building package 'tutorial_interfaces' with the following arguments: {'ament_cmake_args': None, 'build_base': '/home/joaocastilho/dev_ws/build/tutorial_interfaces', 'catkin_cmake_args': None, 'catkin_skip_building_tests': False, 'cmake_args': None, 'cmake_clean_cache': False, 'cmake_clean_first': False, 'cmake_force_configure': False, 'cmake_target': None, 'cmake_target_skip_unavailable': False, 'install_base': '/home/joaocastilho/dev_ws/install/tutorial_interfaces', 'merge_install': False, 'path': '/home/joaocastilho/dev_ws/src/tutorial_interfaces', 'symlink_install': False, 'test_result_base': None}
[0.487s] Level 5:colcon.colcon_core.verb:set package 'cpp_pubsub' build argument 'cmake_args' from command line to 'None'
[0.487s] Level 5:colcon.colcon_core.verb:set package 'cpp_pubsub' build argument 'cmake_target' from command line to 'None'
[0.487s] Level 5:colcon.colcon_core.verb:set package 'cpp_pubsub' build argument 'cmake_target_skip_unavailable' from command line to 'False'
[0.487s] Level 5:colcon.colcon_core.verb:set package 'cpp_pubsub' build argument 'cmake_clean_cache' from command line to 'False'
[0.487s] Level 5:colcon.colcon_core.verb:set package 'cpp_pubsub' build argument 'cmake_clean_first' from command line to 'False'
[0.487s] Level 5:colcon.colcon_core.verb:set package 'cpp_pubsub' build argument 'cmake_force_configure' from command line to 'False'
[0.487s] Level 5:colcon.colcon_core.verb:set package 'cpp_pubsub' build argument 'ament_cmake_args' from command line to 'None'
[0.487s] Level 5:colcon.colcon_core.verb:set package 'cpp_pubsub' build argument 'catkin_cmake_args' from command line to 'None'
[0.487s] Level 5:colcon.colcon_core.verb:set package 'cpp_pubsub' build argument 'catkin_skip_building_tests' from command line to 'False'
[0.487s] DEBUG:colcon.colcon_core.verb:Building package 'cpp_pubsub' with the following arguments: {'ament_cmake_args': None, 'build_base': '/home/joaocastilho/dev_ws/build/cpp_pubsub', 'catkin_cmake_args': None, 'catkin_skip_building_tests': False, 'cmake_args': None, 'cmake_clean_cache': False, 'cmake_clean_first': False, 'cmake_force_configure': False, 'cmake_target': None, 'cmake_target_skip_unavailable': False, 'install_base': '/home/joaocastilho/dev_ws/install/cpp_pubsub', 'merge_install': False, 'path': '/home/joaocastilho/dev_ws/src/cpp_pubsub', 'symlink_install': False, 'test_result_base': None}
[0.488s] INFO:colcon.colcon_core.executor:Executing jobs using 'parallel' executor
[0.490s] DEBUG:colcon.colcon_parallel_executor.executor.parallel:run_until_complete
[0.491s] INFO:colcon.colcon_ros.task.ament_cmake.build:Building ROS package in '/home/joaocastilho/dev_ws/src/tutorial_interfaces' with build type 'ament_cmake'
[0.491s] INFO:colcon.colcon_cmake.task.cmake.build:Building CMake package in '/home/joaocastilho/dev_ws/src/tutorial_interfaces'
[0.497s] INFO:colcon.colcon_core.plugin_system:Skipping extension 'colcon_core.shell.bat': Not used on non-Windows systems
[0.498s] INFO:colcon.colcon_core.shell:Skip shell extension 'powershell' for command environment: Not usable outside of PowerShell
[0.498s] DEBUG:colcon.colcon_core.shell:Skip shell extension 'dsv' for command environment
[0.501s] DEBUG:colcon.colcon_core.shell:Ignoring prefix path '/opt/ros/foxy'
[0.505s] INFO:colcon.colcon_ros.task.ament_cmake.build:Building ROS package in '/home/joaocastilho/dev_ws/src/cpp_srvcli' with build type 'ament_cmake'
[0.505s] INFO:colcon.colcon_cmake.task.cmake.build:Building CMake package in '/home/joaocastilho/dev_ws/src/cpp_srvcli'
[0.506s] INFO:colcon.colcon_core.shell:Skip shell extension 'powershell' for command environment: Not usable outside of PowerShell
[0.507s] DEBUG:colcon.colcon_core.shell:Skip shell extension 'dsv' for command environment
[0.509s] DEBUG:colcon.colcon_core.shell:Ignoring prefix path '/opt/ros/foxy'
[0.513s] INFO:colcon.colcon_ros.task.ament_cmake.build:Building ROS package in '/home/joaocastilho/dev_ws/src/my_package' with build type 'ament_cmake'
[0.513s] INFO:colcon.colcon_cmake.task.cmake.build:Building CMake package in '/home/joaocastilho/dev_ws/src/my_package'
[0.515s] INFO:colcon.colcon_core.shell:Skip shell extension 'powershell' for command environment: Not usable outside of PowerShell
[0.515s] DEBUG:colcon.colcon_core.shell:Skip shell extension 'dsv' for command environment
[0.518s] DEBUG:colcon.colcon_core.shell:Ignoring prefix path '/opt/ros/foxy'
[0.521s] INFO:colcon.colcon_ros.task.ament_python.build:Building ROS package in '/home/joaocastilho/dev_ws/src/my_package_python' with build type 'ament_python'
[0.522s] Level 1:colcon.colcon_core.shell:create_environment_hook('my_package_python', 'ament_prefix_path')
[0.523s] INFO:colcon.colcon_core.shell:Creating environment hook '/home/joaocastilho/dev_ws/install/my_package_python/share/my_package_python/hook/ament_prefix_path.ps1'
[0.525s] INFO:colcon.colcon_core.shell:Creating environment descriptor '/home/joaocastilho/dev_ws/install/my_package_python/share/my_package_python/hook/ament_prefix_path.dsv'
[0.525s] INFO:colcon.colcon_core.shell:Creating environment hook '/home/joaocastilho/dev_ws/install/my_package_python/share/my_package_python/hook/ament_prefix_path.sh'
[0.527s] INFO:colcon.colcon_core.shell:Skip shell extension 'powershell' for command environment: Not usable outside of PowerShell
[0.527s] DEBUG:colcon.colcon_core.shell:Skip shell extension 'dsv' for command environment
[0.530s] DEBUG:colcon.colcon_core.shell:Ignoring prefix path '/opt/ros/foxy'
[0.534s] INFO:colcon.colcon_ros.task.ament_python.build:Building ROS package in '/home/joaocastilho/dev_ws/src/py_pubsub' with build type 'ament_python'
[0.534s] Level 1:colcon.colcon_core.shell:create_environment_hook('py_pubsub', 'ament_prefix_path')
[0.536s] INFO:colcon.colcon_core.shell:Creating environment hook '/home/joaocastilho/dev_ws/install/py_pubsub/share/py_pubsub/hook/ament_prefix_path.ps1'
[0.537s] INFO:colcon.colcon_core.shell:Creating environment descriptor '/home/joaocastilho/dev_ws/install/py_pubsub/share/py_pubsub/hook/ament_prefix_path.dsv'
[0.538s] INFO:colcon.colcon_core.shell:Creating environment hook '/home/joaocastilho/dev_ws/install/py_pubsub/share/py_pubsub/hook/ament_prefix_path.sh'
[0.540s] INFO:colcon.colcon_core.shell:Skip shell extension 'powershell' for command environment: Not usable outside of PowerShell
[0.540s] DEBUG:colcon.colcon_core.shell:Skip shell extension 'dsv' for command environment
[0.542s] DEBUG:colcon.colcon_core.shell:Ignoring prefix path '/opt/ros/foxy'
[0.545s] INFO:colcon.colcon_ros.task.ament_cmake.build:Building ROS package in '/home/joaocastilho/dev_ws/src/ros_tutorials/turtlesim' with build type 'ament_cmake'
[0.546s] INFO:colcon.colcon_cmake.task.cmake.build:Building CMake package in '/home/joaocastilho/dev_ws/src/ros_tutorials/turtlesim'
[0.548s] INFO:colcon.colcon_core.shell:Skip shell extension 'powershell' for command environment: Not usable outside of PowerShell
[0.548s] DEBUG:colcon.colcon_core.shell:Skip shell extension 'dsv' for command environment
[0.550s] DEBUG:colcon.colcon_core.shell:Ignoring prefix path '/opt/ros/foxy'
[0.560s] DEBUG:colcon.colcon_core.event_handler.log_command:Invoking command in '/home/joaocastilho/dev_ws/build/tutorial_interfaces': CMAKE_PREFIX_PATH=${CMAKE_PREFIX_PATH}:/home/joaocastilho/dev_ws/install/py_pubsub:/home/joaocastilho/dev_ws/install/my_package_python:/opt/ros/foxy /usr/bin/cmake --build /home/joaocastilho/dev_ws/build/tutorial_interfaces -- -j8 -l8
[0.574s] DEBUG:colcon.colcon_core.event_handler.log_command:Invoking command in '/home/joaocastilho/dev_ws/build/cpp_srvcli': CMAKE_PREFIX_PATH=${CMAKE_PREFIX_PATH}:/home/joaocastilho/dev_ws/install/py_pubsub:/home/joaocastilho/dev_ws/install/my_package_python:/opt/ros/foxy /usr/bin/cmake --build /home/joaocastilho/dev_ws/build/cpp_srvcli -- -j8 -l8
[0.578s] DEBUG:colcon.colcon_core.event_handler.log_command:Invoking command in '/home/joaocastilho/dev_ws/build/my_package': CMAKE_PREFIX_PATH=${CMAKE_PREFIX_PATH}:/home/joaocastilho/dev_ws/install/py_pubsub:/home/joaocastilho/dev_ws/install/my_package_python:/opt/ros/foxy /usr/bin/cmake --build /home/joaocastilho/dev_ws/build/my_package -- -j8 -l8
[0.923s] INFO:colcon.colcon_core.task.python.build:Building Python package in '/home/joaocastilho/dev_ws/src/my_package_python'
[0.924s] INFO:colcon.colcon_core.shell:Skip shell extension 'powershell' for command environment: Not usable outside of PowerShell
[0.924s] DEBUG:colcon.colcon_core.shell:Skip shell extension 'dsv' for command environment
[0.926s] DEBUG:colcon.colcon_core.shell:Ignoring prefix path '/opt/ros/foxy'
[1.211s] INFO:colcon.colcon_core.task.python.build:Building Python package in '/home/joaocastilho/dev_ws/src/py_pubsub'
[1.212s] INFO:colcon.colcon_core.shell:Skip shell extension 'powershell' for command environment: Not usable outside of PowerShell
[1.212s] DEBUG:colcon.colcon_core.shell:Skip shell extension 'dsv' for command environment
[1.215s] DEBUG:colcon.colcon_core.shell:Ignoring prefix path '/opt/ros/foxy'
[1.224s] DEBUG:colcon.colcon_core.event_handler.log_command:Invoking command in '/home/joaocastilho/dev_ws/build/turtlesim': CMAKE_PREFIX_PATH=${CMAKE_PREFIX_PATH}:/home/joaocastilho/dev_ws/install/py_pubsub:/home/joaocastilho/dev_ws/install/my_package_python:/opt/ros/foxy /usr/bin/cmake --build /home/joaocastilho/dev_ws/build/turtlesim -- -j8 -l8
[1.235s] DEBUG:colcon.colcon_core.event_handler.log_command:Invoked command in '/home/joaocastilho/dev_ws/build/tutorial_interfaces' returned '0': CMAKE_PREFIX_PATH=${CMAKE_PREFIX_PATH}:/home/joaocastilho/dev_ws/install/py_pubsub:/home/joaocastilho/dev_ws/install/my_package_python:/opt/ros/foxy /usr/bin/cmake --build /home/joaocastilho/dev_ws/build/tutorial_interfaces -- -j8 -l8
[1.236s] DEBUG:colcon.colcon_core.event_handler.log_command:Invoked command in '/home/joaocastilho/dev_ws/build/cpp_srvcli' returned '0': CMAKE_PREFIX_PATH=${CMAKE_PREFIX_PATH}:/home/joaocastilho/dev_ws/install/py_pubsub:/home/joaocastilho/dev_ws/install/my_package_python:/opt/ros/foxy /usr/bin/cmake --build /home/joaocastilho/dev_ws/build/cpp_srvcli -- -j8 -l8
[1.241s] DEBUG:colcon.colcon_core.event_handler.log_command:Invoked command in '/home/joaocastilho/dev_ws/build/my_package' returned '0': CMAKE_PREFIX_PATH=${CMAKE_PREFIX_PATH}:/home/joaocastilho/dev_ws/install/py_pubsub:/home/joaocastilho/dev_ws/install/my_package_python:/opt/ros/foxy /usr/bin/cmake --build /home/joaocastilho/dev_ws/build/my_package -- -j8 -l8
[1.254s] DEBUG:colcon.colcon_core.event_handler.log_command:Invoking command in '/home/joaocastilho/dev_ws/src/my_package_python': PYTHONPATH=/home/joaocastilho/dev_ws/install/my_package_python/lib/python3.8/site-packages:${PYTHONPATH} /usr/bin/python3 setup.py egg_info --egg-base ../../build/my_package_python build --build-base /home/joaocastilho/dev_ws/build/my_package_python/build install --prefix /home/joaocastilho/dev_ws/install/my_package_python --record /home/joaocastilho/dev_ws/build/my_package_python/install.log --single-version-externally-managed
[1.255s] DEBUG:colcon.colcon_core.event_handler.log_command:Invoking command in '/home/joaocastilho/dev_ws/src/py_pubsub': PYTHONPATH=/home/joaocastilho/dev_ws/install/py_pubsub/lib/python3.8/site-packages:${PYTHONPATH} /usr/bin/python3 setup.py egg_info --egg-base ../../build/py_pubsub build --build-base /home/joaocastilho/dev_ws/build/py_pubsub/build install --prefix /home/joaocastilho/dev_ws/install/py_pubsub --record /home/joaocastilho/dev_ws/build/py_pubsub/install.log --single-version-externally-managed
[1.297s] DEBUG:colcon.colcon_core.event_handler.log_command:Invoking command in '/home/joaocastilho/dev_ws/build/my_package': CMAKE_PREFIX_PATH=${CMAKE_PREFIX_PATH}:/home/joaocastilho/dev_ws/install/py_pubsub:/home/joaocastilho/dev_ws/install/my_package_python:/opt/ros/foxy /usr/bin/cmake --install /home/joaocastilho/dev_ws/build/my_package
[1.303s] DEBUG:colcon.colcon_core.event_handler.log_command:Invoking command in '/home/joaocastilho/dev_ws/build/cpp_srvcli': CMAKE_PREFIX_PATH=${CMAKE_PREFIX_PATH}:/home/joaocastilho/dev_ws/install/py_pubsub:/home/joaocastilho/dev_ws/install/my_package_python:/opt/ros/foxy /usr/bin/cmake --install /home/joaocastilho/dev_ws/build/cpp_srvcli
[1.318s] Level 1:colcon.colcon_core.environment:create_environment_scripts_only(my_package)
[1.324s] DEBUG:colcon.colcon_core.event_handler.log_command:Invoked command in '/home/joaocastilho/dev_ws/build/my_package' returned '0': CMAKE_PREFIX_PATH=${CMAKE_PREFIX_PATH}:/home/joaocastilho/dev_ws/install/py_pubsub:/home/joaocastilho/dev_ws/install/my_package_python:/opt/ros/foxy /usr/bin/cmake --install /home/joaocastilho/dev_ws/build/my_package
[1.327s] Level 1:colcon.colcon_core.environment:checking '/home/joaocastilho/dev_ws/install/my_package' for CMake module files
[1.327s] Level 1:colcon.colcon_core.environment:checking '/home/joaocastilho/dev_ws/install/my_package' for CMake config files
[1.328s] Level 1:colcon.colcon_core.shell:create_environment_hook('my_package', 'cmake_prefix_path')
[1.329s] INFO:colcon.colcon_core.shell:Creating environment hook '/home/joaocastilho/dev_ws/install/my_package/share/my_package/hook/cmake_prefix_path.ps1'
[1.335s] INFO:colcon.colcon_core.shell:Creating environment descriptor '/home/joaocastilho/dev_ws/install/my_package/share/my_package/hook/cmake_prefix_path.dsv'
[1.337s] INFO:colcon.colcon_core.shell:Creating environment hook '/home/joaocastilho/dev_ws/install/my_package/share/my_package/hook/cmake_prefix_path.sh'
[1.338s] Level 1:colcon.colcon_core.environment:checking '/home/joaocastilho/dev_ws/install/my_package/lib'
[1.339s] Level 1:colcon.colcon_core.environment:checking '/home/joaocastilho/dev_ws/install/my_package/bin'
[1.339s] Level 1:colcon.colcon_core.environment:checking '/home/joaocastilho/dev_ws/install/my_package/lib/pkgconfig/my_package.pc'
[1.339s] Level 1:colcon.colcon_core.environment:checking '/home/joaocastilho/dev_ws/install/my_package/lib/python3.8/site-packages'
[1.342s] INFO:colcon.colcon_core.shell:Creating package script '/home/joaocastilho/dev_ws/install/my_package/share/my_package/package.ps1'
[1.343s] INFO:colcon.colcon_core.shell:Creating package descriptor '/home/joaocastilho/dev_ws/install/my_package/share/my_package/package.dsv'
[1.343s] INFO:colcon.colcon_core.shell:Creating package script '/home/joaocastilho/dev_ws/install/my_package/share/my_package/package.sh'
[1.345s] INFO:colcon.colcon_core.shell:Creating package script '/home/joaocastilho/dev_ws/install/my_package/share/my_package/package.bash'
[1.346s] INFO:colcon.colcon_core.shell:Creating package script '/home/joaocastilho/dev_ws/install/my_package/share/my_package/package.zsh'
[1.347s] Level 1:colcon.colcon_core.environment:create_file_with_runtime_dependencies(/home/joaocastilho/dev_ws/install/my_package/share/colcon-core/packages/my_package)
[1.358s] Level 1:colcon.colcon_core.environment:create_environment_scripts_only(cpp_srvcli)
[1.360s] Level 1:colcon.colcon_core.environment:checking '/home/joaocastilho/dev_ws/install/cpp_srvcli' for CMake module files
[1.362s] DEBUG:colcon.colcon_core.event_handler.log_command:Invoked command in '/home/joaocastilho/dev_ws/build/cpp_srvcli' returned '0': CMAKE_PREFIX_PATH=${CMAKE_PREFIX_PATH}:/home/joaocastilho/dev_ws/install/py_pubsub:/home/joaocastilho/dev_ws/install/my_package_python:/opt/ros/foxy /usr/bin/cmake --install /home/joaocastilho/dev_ws/build/cpp_srvcli
[1.362s] Level 1:colcon.colcon_core.environment:checking '/home/joaocastilho/dev_ws/install/cpp_srvcli' for CMake config files
[1.363s] Level 1:colcon.colcon_core.shell:create_environment_hook('cpp_srvcli', 'cmake_prefix_path')
[1.364s] INFO:colcon.colcon_core.shell:Creating environment hook '/home/joaocastilho/dev_ws/install/cpp_srvcli/share/cpp_srvcli/hook/cmake_prefix_path.ps1'
[1.365s] INFO:colcon.colcon_core.shell:Creating environment descriptor '/home/joaocastilho/dev_ws/install/cpp_srvcli/share/cpp_srvcli/hook/cmake_prefix_path.dsv'
[1.365s] INFO:colcon.colcon_core.shell:Creating environment hook '/home/joaocastilho/dev_ws/install/cpp_srvcli/share/cpp_srvcli/hook/cmake_prefix_path.sh'
[1.366s] Level 1:colcon.colcon_core.environment:checking '/home/joaocastilho/dev_ws/install/cpp_srvcli/lib'
[1.367s] Level 1:colcon.colcon_core.environment:checking '/home/joaocastilho/dev_ws/install/cpp_srvcli/bin'
[1.367s] Level 1:colcon.colcon_core.environment:checking '/home/joaocastilho/dev_ws/install/cpp_srvcli/lib/pkgconfig/cpp_srvcli.pc'
[1.367s] Level 1:colcon.colcon_core.environment:checking '/home/joaocastilho/dev_ws/install/cpp_srvcli/lib/python3.8/site-packages'
[1.368s] INFO:colcon.colcon_core.shell:Creating package script '/home/joaocastilho/dev_ws/install/cpp_srvcli/share/cpp_srvcli/package.ps1'
[1.369s] INFO:colcon.colcon_core.shell:Creating package descriptor '/home/joaocastilho/dev_ws/install/cpp_srvcli/share/cpp_srvcli/package.dsv'
[1.370s] INFO:colcon.colcon_core.shell:Creating package script '/home/joaocastilho/dev_ws/install/cpp_srvcli/share/cpp_srvcli/package.sh'
[1.371s] INFO:colcon.colcon_core.shell:Creating package script '/home/joaocastilho/dev_ws/install/cpp_srvcli/share/cpp_srvcli/package.bash'
[1.371s] INFO:colcon.colcon_core.shell:Creating package script '/home/joaocastilho/dev_ws/install/cpp_srvcli/share/cpp_srvcli/package.zsh'
[1.372s] Level 1:colcon.colcon_core.environment:create_file_with_runtime_dependencies(/home/joaocastilho/dev_ws/install/cpp_srvcli/share/colcon-core/packages/cpp_srvcli)
[1.405s] Level 1:colcon.colcon_core.environment:create_environment_scripts_only(my_package)
[1.406s] Level 1:colcon.colcon_core.environment:checking '/home/joaocastilho/dev_ws/install/my_package' for CMake module files
[1.407s] Level 1:colcon.colcon_core.environment:checking '/home/joaocastilho/dev_ws/install/my_package' for CMake config files
[1.407s] Level 1:colcon.colcon_core.shell:create_environment_hook('my_package', 'cmake_prefix_path')
[1.408s] INFO:colcon.colcon_core.shell:Creating environment hook '/home/joaocastilho/dev_ws/install/my_package/share/my_package/hook/cmake_prefix_path.ps1'
[1.409s] INFO:colcon.colcon_core.shell:Creating environment descriptor '/home/joaocastilho/dev_ws/install/my_package/share/my_package/hook/cmake_prefix_path.dsv'
[1.409s] INFO:colcon.colcon_core.shell:Creating environment hook '/home/joaocastilho/dev_ws/install/my_package/share/my_package/hook/cmake_prefix_path.sh'
[1.410s] Level 1:colcon.colcon_core.environment:checking '/home/joaocastilho/dev_ws/install/my_package/lib'
[1.410s] Level 1:colcon.colcon_core.environment:checking '/home/joaocastilho/dev_ws/install/my_package/bin'
[1.410s] Level 1:colcon.colcon_core.environment:checking '/home/joaocastilho/dev_ws/install/my_package/lib/pkgconfig/my_package.pc'
[1.410s] Level 1:colcon.colcon_core.environment:checking '/home/joaocastilho/dev_ws/install/my_package/lib/python3.8/site-packages'
[1.411s] INFO:colcon.colcon_core.shell:Creating package script '/home/joaocastilho/dev_ws/install/my_package/share/my_package/package.ps1'
[1.412s] INFO:colcon.colcon_core.shell:Creating package descriptor '/home/joaocastilho/dev_ws/install/my_package/share/my_package/package.dsv'
[1.413s] INFO:colcon.colcon_core.shell:Creating package script '/home/joaocastilho/dev_ws/install/my_package/share/my_package/package.sh'
[1.425s] INFO:colcon.colcon_core.shell:Creating package script '/home/joaocastilho/dev_ws/install/my_package/share/my_package/package.bash'
[1.425s] INFO:colcon.colcon_core.shell:Creating package script '/home/joaocastilho/dev_ws/install/my_package/share/my_package/package.zsh'
[1.426s] Level 1:colcon.colcon_core.environment:create_file_with_runtime_dependencies(/home/joaocastilho/dev_ws/install/my_package/share/colcon-core/packages/my_package)
[1.433s] DEBUG:colcon.colcon_core.event_handler.log_command:Invoking command in '/home/joaocastilho/dev_ws/build/tutorial_interfaces': CMAKE_PREFIX_PATH=${CMAKE_PREFIX_PATH}:/home/joaocastilho/dev_ws/install/py_pubsub:/home/joaocastilho/dev_ws/install/my_package_python:/opt/ros/foxy /usr/bin/cmake --install /home/joaocastilho/dev_ws/build/tutorial_interfaces
[1.435s] Level 1:colcon.colcon_core.environment:create_environment_scripts_only(cpp_srvcli)
[1.437s] Level 1:colcon.colcon_core.environment:checking '/home/joaocastilho/dev_ws/install/cpp_srvcli' for CMake module files
[1.438s] Level 1:colcon.colcon_core.environment:checking '/home/joaocastilho/dev_ws/install/cpp_srvcli' for CMake config files
[1.439s] Level 1:colcon.colcon_core.shell:create_environment_hook('cpp_srvcli', 'cmake_prefix_path')
[1.440s] INFO:colcon.colcon_core.shell:Creating environment hook '/home/joaocastilho/dev_ws/install/cpp_srvcli/share/cpp_srvcli/hook/cmake_prefix_path.ps1'
[1.441s] INFO:colcon.colcon_core.shell:Creating environment descriptor '/home/joaocastilho/dev_ws/install/cpp_srvcli/share/cpp_srvcli/hook/cmake_prefix_path.dsv'
[1.441s] INFO:colcon.colcon_core.shell:Creating environment hook '/home/joaocastilho/dev_ws/install/cpp_srvcli/share/cpp_srvcli/hook/cmake_prefix_path.sh'
[1.442s] Level 1:colcon.colcon_core.environment:checking '/home/joaocastilho/dev_ws/install/cpp_srvcli/lib'
[1.442s] Level 1:colcon.colcon_core.environment:checking '/home/joaocastilho/dev_ws/install/cpp_srvcli/bin'
[1.443s] Level 1:colcon.colcon_core.environment:checking '/home/joaocastilho/dev_ws/install/cpp_srvcli/lib/pkgconfig/cpp_srvcli.pc'
[1.443s] Level 1:colcon.colcon_core.environment:checking '/home/joaocastilho/dev_ws/install/cpp_srvcli/lib/python3.8/site-packages'
[1.444s] INFO:colcon.colcon_core.shell:Creating package script '/home/joaocastilho/dev_ws/install/cpp_srvcli/share/cpp_srvcli/package.ps1'
[1.454s] INFO:colcon.colcon_core.shell:Creating package descriptor '/home/joaocastilho/dev_ws/install/cpp_srvcli/share/cpp_srvcli/package.dsv'
[1.463s] INFO:colcon.colcon_core.shell:Creating package script '/home/joaocastilho/dev_ws/install/cpp_srvcli/share/cpp_srvcli/package.sh'
[1.463s] INFO:colcon.colcon_core.shell:Creating package script '/home/joaocastilho/dev_ws/install/cpp_srvcli/share/cpp_srvcli/package.bash'
[1.464s] INFO:colcon.colcon_core.shell:Creating package script '/home/joaocastilho/dev_ws/install/cpp_srvcli/share/cpp_srvcli/package.zsh'
[1.465s] Level 1:colcon.colcon_core.environment:create_file_with_runtime_dependencies(/home/joaocastilho/dev_ws/install/cpp_srvcli/share/colcon-core/packages/cpp_srvcli)
[1.533s] Level 1:colcon.colcon_core.environment:create_environment_scripts_only(tutorial_interfaces)
[1.535s] Level 1:colcon.colcon_core.environment:checking '/home/joaocastilho/dev_ws/install/tutorial_interfaces' for CMake module files
[1.536s] Level 1:colcon.colcon_core.environment:checking '/home/joaocastilho/dev_ws/install/tutorial_interfaces' for CMake config files
[1.537s] Level 1:colcon.colcon_core.shell:create_environment_hook('tutorial_interfaces', 'cmake_prefix_path')
[1.538s] INFO:colcon.colcon_core.shell:Creating environment hook '/home/joaocastilho/dev_ws/install/tutorial_interfaces/share/tutorial_interfaces/hook/cmake_prefix_path.ps1'
[1.539s] INFO:colcon.colcon_core.shell:Creating environment descriptor '/home/joaocastilho/dev_ws/install/tutorial_interfaces/share/tutorial_interfaces/hook/cmake_prefix_path.dsv'
[1.539s] INFO:colcon.colcon_core.shell:Creating environment hook '/home/joaocastilho/dev_ws/install/tutorial_interfaces/share/tutorial_interfaces/hook/cmake_prefix_path.sh'
[1.540s] Level 1:colcon.colcon_core.environment:checking '/home/joaocastilho/dev_ws/install/tutorial_interfaces/lib'
[1.540s] Level 1:colcon.colcon_core.shell:create_environment_hook('tutorial_interfaces', 'ld_library_path_lib')
[1.541s] INFO:colcon.colcon_core.shell:Creating environment hook '/home/joaocastilho/dev_ws/install/tutorial_interfaces/share/tutorial_interfaces/hook/ld_library_path_lib.ps1'
[1.542s] INFO:colcon.colcon_core.shell:Creating environment descriptor '/home/joaocastilho/dev_ws/install/tutorial_interfaces/share/tutorial_interfaces/hook/ld_library_path_lib.dsv'
[1.542s] INFO:colcon.colcon_core.shell:Creating environment hook '/home/joaocastilho/dev_ws/install/tutorial_interfaces/share/tutorial_interfaces/hook/ld_library_path_lib.sh'
[1.543s] Level 1:colcon.colcon_core.environment:checking '/home/joaocastilho/dev_ws/install/tutorial_interfaces/bin'
[1.543s] Level 1:colcon.colcon_core.environment:checking '/home/joaocastilho/dev_ws/install/tutorial_interfaces/lib/pkgconfig/tutorial_interfaces.pc'
[1.543s] Level 1:colcon.colcon_core.environment:checking '/home/joaocastilho/dev_ws/install/tutorial_interfaces/lib/python3.8/site-packages'
[1.543s] Level 1:colcon.colcon_core.shell:create_environment_hook('tutorial_interfaces', 'pythonpath')
[1.544s] INFO:colcon.colcon_core.shell:Creating environment hook '/home/joaocastilho/dev_ws/install/tutorial_interfaces/share/tutorial_interfaces/hook/pythonpath.ps1'
[1.545s] INFO:colcon.colcon_core.shell:Creating environment descriptor '/home/joaocastilho/dev_ws/install/tutorial_interfaces/share/tutorial_interfaces/hook/pythonpath.dsv'
[1.546s] INFO:colcon.colcon_core.shell:Creating environment hook '/home/joaocastilho/dev_ws/install/tutorial_interfaces/share/tutorial_interfaces/hook/pythonpath.sh'
[1.547s] INFO:colcon.colcon_core.shell:Creating package script '/home/joaocastilho/dev_ws/install/tutorial_interfaces/share/tutorial_interfaces/package.ps1'
[1.548s] INFO:colcon.colcon_core.shell:Creating package descriptor '/home/joaocastilho/dev_ws/install/tutorial_interfaces/share/tutorial_interfaces/package.dsv'
[1.549s] DEBUG:colcon.colcon_core.event_handler.log_command:Invoked command in '/home/joaocastilho/dev_ws/build/tutorial_interfaces' returned '0': CMAKE_PREFIX_PATH=${CMAKE_PREFIX_PATH}:/home/joaocastilho/dev_ws/install/py_pubsub:/home/joaocastilho/dev_ws/install/my_package_python:/opt/ros/foxy /usr/bin/cmake --install /home/joaocastilho/dev_ws/build/tutorial_interfaces
[1.550s] INFO:colcon.colcon_core.shell:Creating package script '/home/joaocastilho/dev_ws/install/tutorial_interfaces/share/tutorial_interfaces/package.sh'
[1.551s] INFO:colcon.colcon_core.shell:Creating package script '/home/joaocastilho/dev_ws/install/tutorial_interfaces/share/tutorial_interfaces/package.bash'
[1.551s] INFO:colcon.colcon_core.shell:Creating package script '/home/joaocastilho/dev_ws/install/tutorial_interfaces/share/tutorial_interfaces/package.zsh'
[1.552s] Level 1:colcon.colcon_core.environment:create_file_with_runtime_dependencies(/home/joaocastilho/dev_ws/install/tutorial_interfaces/share/colcon-core/packages/tutorial_interfaces)
[1.668s] Level 1:colcon.colcon_core.environment:create_environment_scripts_only(tutorial_interfaces)
[1.670s] Level 1:colcon.colcon_core.environment:checking '/home/joaocastilho/dev_ws/install/tutorial_interfaces' for CMake module files
[1.671s] Level 1:colcon.colcon_core.environment:checking '/home/joaocastilho/dev_ws/install/tutorial_interfaces' for CMake config files
[1.672s] Level 1:colcon.colcon_core.shell:create_environment_hook('tutorial_interfaces', 'cmake_prefix_path')
[1.673s] INFO:colcon.colcon_core.shell:Creating environment hook '/home/joaocastilho/dev_ws/install/tutorial_interfaces/share/tutorial_interfaces/hook/cmake_prefix_path.ps1'
[1.674s] INFO:colcon.colcon_core.shell:Creating environment descriptor '/home/joaocastilho/dev_ws/install/tutorial_interfaces/share/tutorial_interfaces/hook/cmake_prefix_path.dsv'
[1.674s] INFO:colcon.colcon_core.shell:Creating environment hook '/home/joaocastilho/dev_ws/install/tutorial_interfaces/share/tutorial_interfaces/hook/cmake_prefix_path.sh'
[1.675s] Level 1:colcon.colcon_core.environment:checking '/home/joaocastilho/dev_ws/install/tutorial_interfaces/lib'
[1.675s] Level 1:colcon.colcon_core.shell:create_environment_hook('tutorial_interfaces', 'ld_library_path_lib')
[1.676s] INFO:colcon.colcon_core.shell:Creating environment hook '/home/joaocastilho/dev_ws/install/tutorial_interfaces/share/tutorial_interfaces/hook/ld_library_path_lib.ps1'
[1.678s] INFO:colcon.colcon_core.shell:Creating environment descriptor '/home/joaocastilho/dev_ws/install/tutorial_interfaces/share/tutorial_interfaces/hook/ld_library_path_lib.dsv'
[1.679s] INFO:colcon.colcon_core.shell:Creating environment hook '/home/joaocastilho/dev_ws/install/tutorial_interfaces/share/tutorial_interfaces/hook/ld_library_path_lib.sh'
[1.679s] Level 1:colcon.colcon_core.environment:checking '/home/joaocastilho/dev_ws/install/tutorial_interfaces/bin'
[1.680s] Level 1:colcon.colcon_core.environment:checking '/home/joaocastilho/dev_ws/install/tutorial_interfaces/lib/pkgconfig/tutorial_interfaces.pc'
[1.680s] Level 1:colcon.colcon_core.environment:checking '/home/joaocastilho/dev_ws/install/tutorial_interfaces/lib/python3.8/site-packages'
[1.680s] Level 1:colcon.colcon_core.shell:create_environment_hook('tutorial_interfaces', 'pythonpath')
[1.681s] INFO:colcon.colcon_core.shell:Creating environment hook '/home/joaocastilho/dev_ws/install/tutorial_interfaces/share/tutorial_interfaces/hook/pythonpath.ps1'
[1.682s] INFO:colcon.colcon_core.shell:Creating environment descriptor '/home/joaocastilho/dev_ws/install/tutorial_interfaces/share/tutorial_interfaces/hook/pythonpath.dsv'
[1.683s] INFO:colcon.colcon_core.shell:Creating environment hook '/home/joaocastilho/dev_ws/install/tutorial_interfaces/share/tutorial_interfaces/hook/pythonpath.sh'
[1.685s] INFO:colcon.colcon_core.shell:Creating package script '/home/joaocastilho/dev_ws/install/tutorial_interfaces/share/tutorial_interfaces/package.ps1'
[1.686s] INFO:colcon.colcon_core.shell:Creating package descriptor '/home/joaocastilho/dev_ws/install/tutorial_interfaces/share/tutorial_interfaces/package.dsv'
[1.688s] INFO:colcon.colcon_core.shell:Creating package script '/home/joaocastilho/dev_ws/install/tutorial_interfaces/share/tutorial_interfaces/package.sh'
[1.689s] INFO:colcon.colcon_core.shell:Creating package script '/home/joaocastilho/dev_ws/install/tutorial_interfaces/share/tutorial_interfaces/package.bash'
[1.690s] INFO:colcon.colcon_core.shell:Creating package script '/home/joaocastilho/dev_ws/install/tutorial_interfaces/share/tutorial_interfaces/package.zsh'
[1.691s] Level 1:colcon.colcon_core.environment:create_file_with_runtime_dependencies(/home/joaocastilho/dev_ws/install/tutorial_interfaces/share/colcon-core/packages/tutorial_interfaces)
[1.691s] INFO:colcon.colcon_ros.task.ament_cmake.build:Building ROS package in '/home/joaocastilho/dev_ws/src/cpp_pubsub' with build type 'ament_cmake'
[1.692s] INFO:colcon.colcon_cmake.task.cmake.build:Building CMake package in '/home/joaocastilho/dev_ws/src/cpp_pubsub'
[1.693s] INFO:colcon.colcon_core.shell:Skip shell extension 'powershell' for command environment: Not usable outside of PowerShell
[1.693s] DEBUG:colcon.colcon_core.shell:Skip shell extension 'dsv' for command environment
[1.697s] DEBUG:colcon.colcon_core.shell:Ignoring prefix path '/opt/ros/foxy'
[1.705s] DEBUG:colcon.colcon_core.event_handler.log_command:Invoked command in '/home/joaocastilho/dev_ws/build/turtlesim' returned '0': CMAKE_PREFIX_PATH=${CMAKE_PREFIX_PATH}:/home/joaocastilho/dev_ws/install/py_pubsub:/home/joaocastilho/dev_ws/install/my_package_python:/opt/ros/foxy /usr/bin/cmake --build /home/joaocastilho/dev_ws/build/turtlesim -- -j8 -l8
[1.713s] DEBUG:colcon.colcon_core.event_handler.log_command:Invoking command in '/home/joaocastilho/dev_ws/build/cpp_pubsub': AMENT_PREFIX_PATH=/home/joaocastilho/dev_ws/install/tutorial_interfaces:${AMENT_PREFIX_PATH} CMAKE_PREFIX_PATH=/home/joaocastilho/dev_ws/install/tutorial_interfaces:/home/joaocastilho/dev_ws/install/turtlesim:/home/joaocastilho/dev_ws/install/my_package:/home/joaocastilho/dev_ws/install/cpp_srvcli:/home/joaocastilho/dev_ws/install/cpp_pubsub:/home/joaocastilho/dev_ws/install/py_pubsub:/home/joaocastilho/dev_ws/install/my_package_python:/opt/ros/foxy LD_LIBRARY_PATH=/home/joaocastilho/dev_ws/install/tutorial_interfaces/lib:${LD_LIBRARY_PATH} PYTHONPATH=/home/joaocastilho/dev_ws/install/tutorial_interfaces/lib/python3.8/site-packages:${PYTHONPATH} /usr/bin/cmake --build /home/joaocastilho/dev_ws/build/cpp_pubsub -- -j8 -l8
[1.804s] Level 1:colcon.colcon_core.environment:checking '/home/joaocastilho/dev_ws/install/my_package_python' for CMake module files
[1.806s] DEBUG:colcon.colcon_core.event_handler.log_command:Invoked command in '/home/joaocastilho/dev_ws/src/my_package_python' returned '0': PYTHONPATH=/home/joaocastilho/dev_ws/install/my_package_python/lib/python3.8/site-packages:${PYTHONPATH} /usr/bin/python3 setup.py egg_info --egg-base ../../build/my_package_python build --build-base /home/joaocastilho/dev_ws/build/my_package_python/build install --prefix /home/joaocastilho/dev_ws/install/my_package_python --record /home/joaocastilho/dev_ws/build/my_package_python/install.log --single-version-externally-managed
[1.806s] Level 1:colcon.colcon_core.environment:checking '/home/joaocastilho/dev_ws/install/my_package_python' for CMake config files
[1.807s] Level 1:colcon.colcon_core.environment:checking '/home/joaocastilho/dev_ws/install/my_package_python/lib'
[1.807s] Level 1:colcon.colcon_core.environment:checking '/home/joaocastilho/dev_ws/install/my_package_python/bin'
[1.807s] Level 1:colcon.colcon_core.environment:checking '/home/joaocastilho/dev_ws/install/my_package_python/lib/pkgconfig/my_package_python.pc'
[1.807s] Level 1:colcon.colcon_core.environment:checking '/home/joaocastilho/dev_ws/install/my_package_python/lib/python3.8/site-packages'
[1.808s] Level 1:colcon.colcon_core.shell:create_environment_hook('my_package_python', 'pythonpath')
[1.809s] INFO:colcon.colcon_core.shell:Creating environment hook '/home/joaocastilho/dev_ws/install/my_package_python/share/my_package_python/hook/pythonpath.ps1'
[1.809s] INFO:colcon.colcon_core.shell:Creating environment descriptor '/home/joaocastilho/dev_ws/install/my_package_python/share/my_package_python/hook/pythonpath.dsv'
[1.810s] INFO:colcon.colcon_core.shell:Creating environment hook '/home/joaocastilho/dev_ws/install/my_package_python/share/my_package_python/hook/pythonpath.sh'
[1.811s] Level 1:colcon.colcon_core.environment:create_environment_scripts_only(my_package_python)
[1.812s] INFO:colcon.colcon_core.shell:Creating package script '/home/joaocastilho/dev_ws/install/my_package_python/share/my_package_python/package.ps1'
[1.813s] INFO:colcon.colcon_core.shell:Creating package descriptor '/home/joaocastilho/dev_ws/install/my_package_python/share/my_package_python/package.dsv'
[1.814s] INFO:colcon.colcon_core.shell:Creating package script '/home/joaocastilho/dev_ws/install/my_package_python/share/my_package_python/package.sh'
[1.815s] INFO:colcon.colcon_core.shell:Creating package script '/home/joaocastilho/dev_ws/install/my_package_python/share/my_package_python/package.bash'
[1.815s] INFO:colcon.colcon_core.shell:Creating package script '/home/joaocastilho/dev_ws/install/my_package_python/share/my_package_python/package.zsh'
[1.816s] Level 1:colcon.colcon_core.environment:create_file_with_runtime_dependencies(/home/joaocastilho/dev_ws/install/my_package_python/share/colcon-core/packages/my_package_python)
[1.819s] Level 1:colcon.colcon_core.environment:checking '/home/joaocastilho/dev_ws/install/py_pubsub' for CMake module files
[1.820s] DEBUG:colcon.colcon_core.event_handler.log_command:Invoked command in '/home/joaocastilho/dev_ws/src/py_pubsub' returned '0': PYTHONPATH=/home/joaocastilho/dev_ws/install/py_pubsub/lib/python3.8/site-packages:${PYTHONPATH} /usr/bin/python3 setup.py egg_info --egg-base ../../build/py_pubsub build --build-base /home/joaocastilho/dev_ws/build/py_pubsub/build install --prefix /home/joaocastilho/dev_ws/install/py_pubsub --record /home/joaocastilho/dev_ws/build/py_pubsub/install.log --single-version-externally-managed
[1.820s] Level 1:colcon.colcon_core.environment:checking '/home/joaocastilho/dev_ws/install/py_pubsub' for CMake config files
[1.821s] Level 1:colcon.colcon_core.environment:checking '/home/joaocastilho/dev_ws/install/py_pubsub/lib'
[1.821s] Level 1:colcon.colcon_core.environment:checking '/home/joaocastilho/dev_ws/install/py_pubsub/bin'
[1.821s] Level 1:colcon.colcon_core.environment:checking '/home/joaocastilho/dev_ws/install/py_pubsub/lib/pkgconfig/py_pubsub.pc'
[1.821s] Level 1:colcon.colcon_core.environment:checking '/home/joaocastilho/dev_ws/install/py_pubsub/lib/python3.8/site-packages'
[1.821s] Level 1:colcon.colcon_core.shell:create_environment_hook('py_pubsub', 'pythonpath')
[1.822s] INFO:colcon.colcon_core.shell:Creating environment hook '/home/joaocastilho/dev_ws/install/py_pubsub/share/py_pubsub/hook/pythonpath.ps1'
[1.822s] INFO:colcon.colcon_core.shell:Creating environment descriptor '/home/joaocastilho/dev_ws/install/py_pubsub/share/py_pubsub/hook/pythonpath.dsv'
[1.823s] INFO:colcon.colcon_core.shell:Creating environment hook '/home/joaocastilho/dev_ws/install/py_pubsub/share/py_pubsub/hook/pythonpath.sh'
[1.823s] Level 1:colcon.colcon_core.environment:create_environment_scripts_only(py_pubsub)
[1.824s] INFO:colcon.colcon_core.shell:Creating package script '/home/joaocastilho/dev_ws/install/py_pubsub/share/py_pubsub/package.ps1'
[1.825s] INFO:colcon.colcon_core.shell:Creating package descriptor '/home/joaocastilho/dev_ws/install/py_pubsub/share/py_pubsub/package.dsv'
[1.825s] INFO:colcon.colcon_core.shell:Creating package script '/home/joaocastilho/dev_ws/install/py_pubsub/share/py_pubsub/package.sh'
[1.826s] INFO:colcon.colcon_core.shell:Creating package script '/home/joaocastilho/dev_ws/install/py_pubsub/share/py_pubsub/package.bash'
[1.826s] INFO:colcon.colcon_core.shell:Creating package script '/home/joaocastilho/dev_ws/install/py_pubsub/share/py_pubsub/package.zsh'
[1.826s] Level 1:colcon.colcon_core.environment:create_file_with_runtime_dependencies(/home/joaocastilho/dev_ws/install/py_pubsub/share/colcon-core/packages/py_pubsub)
[1.918s] DEBUG:colcon.colcon_core.event_handler.log_command:Invoking command in '/home/joaocastilho/dev_ws/build/turtlesim': CMAKE_PREFIX_PATH=${CMAKE_PREFIX_PATH}:/home/joaocastilho/dev_ws/install/py_pubsub:/home/joaocastilho/dev_ws/install/my_package_python:/opt/ros/foxy /usr/bin/cmake --install /home/joaocastilho/dev_ws/build/turtlesim
[1.985s] Level 1:colcon.colcon_core.environment:create_environment_scripts_only(turtlesim)
[1.987s] Level 1:colcon.colcon_core.environment:checking '/home/joaocastilho/dev_ws/install/turtlesim' for CMake module files
[1.987s] Level 1:colcon.colcon_core.environment:checking '/home/joaocastilho/dev_ws/install/turtlesim' for CMake config files
[1.992s] DEBUG:colcon.colcon_core.event_handler.log_command:Invoked command in '/home/joaocastilho/dev_ws/build/turtlesim' returned '0': CMAKE_PREFIX_PATH=${CMAKE_PREFIX_PATH}:/home/joaocastilho/dev_ws/install/py_pubsub:/home/joaocastilho/dev_ws/install/my_package_python:/opt/ros/foxy /usr/bin/cmake --install /home/joaocastilho/dev_ws/build/turtlesim
[1.993s] Level 1:colcon.colcon_core.shell:create_environment_hook('turtlesim', 'cmake_prefix_path')
[1.994s] INFO:colcon.colcon_core.shell:Creating environment hook '/home/joaocastilho/dev_ws/install/turtlesim/share/turtlesim/hook/cmake_prefix_path.ps1'
[1.994s] INFO:colcon.colcon_core.shell:Creating environment descriptor '/home/joaocastilho/dev_ws/install/turtlesim/share/turtlesim/hook/cmake_prefix_path.dsv'
[1.995s] INFO:colcon.colcon_core.shell:Creating environment hook '/home/joaocastilho/dev_ws/install/turtlesim/share/turtlesim/hook/cmake_prefix_path.sh'
[1.996s] Level 1:colcon.colcon_core.environment:checking '/home/joaocastilho/dev_ws/install/turtlesim/lib'
[1.996s] Level 1:colcon.colcon_core.shell:create_environment_hook('turtlesim', 'ld_library_path_lib')
[1.997s] INFO:colcon.colcon_core.shell:Creating environment hook '/home/joaocastilho/dev_ws/install/turtlesim/share/turtlesim/hook/ld_library_path_lib.ps1'
[1.998s] INFO:colcon.colcon_core.shell:Creating environment descriptor '/home/joaocastilho/dev_ws/install/turtlesim/share/turtlesim/hook/ld_library_path_lib.dsv'
[1.998s] INFO:colcon.colcon_core.shell:Creating environment hook '/home/joaocastilho/dev_ws/install/turtlesim/share/turtlesim/hook/ld_library_path_lib.sh'
[1.998s] Level 1:colcon.colcon_core.environment:checking '/home/joaocastilho/dev_ws/install/turtlesim/bin'
[1.999s] Level 1:colcon.colcon_core.environment:checking '/home/joaocastilho/dev_ws/install/turtlesim/lib/pkgconfig/turtlesim.pc'
[1.999s] Level 1:colcon.colcon_core.environment:checking '/home/joaocastilho/dev_ws/install/turtlesim/lib/python3.8/site-packages'
[1.999s] Level 1:colcon.colcon_core.shell:create_environment_hook('turtlesim', 'pythonpath')
[2.000s] INFO:colcon.colcon_core.shell:Creating environment hook '/home/joaocastilho/dev_ws/install/turtlesim/share/turtlesim/hook/pythonpath.ps1'
[2.001s] INFO:colcon.colcon_core.shell:Creating environment descriptor '/home/joaocastilho/dev_ws/install/turtlesim/share/turtlesim/hook/pythonpath.dsv'
[2.002s] INFO:colcon.colcon_core.shell:Creating environment hook '/home/joaocastilho/dev_ws/install/turtlesim/share/turtlesim/hook/pythonpath.sh'
[2.003s] INFO:colcon.colcon_core.shell:Creating package script '/home/joaocastilho/dev_ws/install/turtlesim/share/turtlesim/package.ps1'
[2.004s] INFO:colcon.colcon_core.shell:Creating package descriptor '/home/joaocastilho/dev_ws/install/turtlesim/share/turtlesim/package.dsv'
[2.005s] INFO:colcon.colcon_core.shell:Creating package script '/home/joaocastilho/dev_ws/install/turtlesim/share/turtlesim/package.sh'
[2.006s] INFO:colcon.colcon_core.shell:Creating package script '/home/joaocastilho/dev_ws/install/turtlesim/share/turtlesim/package.bash'
[2.006s] INFO:colcon.colcon_core.shell:Creating package script '/home/joaocastilho/dev_ws/install/turtlesim/share/turtlesim/package.zsh'
[2.007s] Level 1:colcon.colcon_core.environment:create_file_with_runtime_dependencies(/home/joaocastilho/dev_ws/install/turtlesim/share/colcon-core/packages/turtlesim)
[2.169s] Level 1:colcon.colcon_core.environment:create_environment_scripts_only(turtlesim)
[2.170s] Level 1:colcon.colcon_core.environment:checking '/home/joaocastilho/dev_ws/install/turtlesim' for CMake module files
[2.171s] Level 1:colcon.colcon_core.environment:checking '/home/joaocastilho/dev_ws/install/turtlesim' for CMake config files
[2.171s] Level 1:colcon.colcon_core.shell:create_environment_hook('turtlesim', 'cmake_prefix_path')
[2.172s] INFO:colcon.colcon_core.shell:Creating environment hook '/home/joaocastilho/dev_ws/install/turtlesim/share/turtlesim/hook/cmake_prefix_path.ps1'
[2.173s] INFO:colcon.colcon_core.shell:Creating environment descriptor '/home/joaocastilho/dev_ws/install/turtlesim/share/turtlesim/hook/cmake_prefix_path.dsv'
[2.173s] INFO:colcon.colcon_core.shell:Creating environment hook '/home/joaocastilho/dev_ws/install/turtlesim/share/turtlesim/hook/cmake_prefix_path.sh'
[2.174s] Level 1:colcon.colcon_core.environment:checking '/home/joaocastilho/dev_ws/install/turtlesim/lib'
[2.174s] Level 1:colcon.colcon_core.shell:create_environment_hook('turtlesim', 'ld_library_path_lib')
[2.174s] INFO:colcon.colcon_core.shell:Creating environment hook '/home/joaocastilho/dev_ws/install/turtlesim/share/turtlesim/hook/ld_library_path_lib.ps1'
[2.175s] INFO:colcon.colcon_core.shell:Creating environment descriptor '/home/joaocastilho/dev_ws/install/turtlesim/share/turtlesim/hook/ld_library_path_lib.dsv'
[2.175s] INFO:colcon.colcon_core.shell:Creating environment hook '/home/joaocastilho/dev_ws/install/turtlesim/share/turtlesim/hook/ld_library_path_lib.sh'
[2.176s] Level 1:colcon.colcon_core.environment:checking '/home/joaocastilho/dev_ws/install/turtlesim/bin'
[2.176s] Level 1:colcon.colcon_core.environment:checking '/home/joaocastilho/dev_ws/install/turtlesim/lib/pkgconfig/turtlesim.pc'
[2.176s] Level 1:colcon.colcon_core.environment:checking '/home/joaocastilho/dev_ws/install/turtlesim/lib/python3.8/site-packages'
[2.176s] Level 1:colcon.colcon_core.shell:create_environment_hook('turtlesim', 'pythonpath')
[2.176s] INFO:colcon.colcon_core.shell:Creating environment hook '/home/joaocastilho/dev_ws/install/turtlesim/share/turtlesim/hook/pythonpath.ps1'
[2.177s] INFO:colcon.colcon_core.shell:Creating environment descriptor '/home/joaocastilho/dev_ws/install/turtlesim/share/turtlesim/hook/pythonpath.dsv'
[2.177s] INFO:colcon.colcon_core.shell:Creating environment hook '/home/joaocastilho/dev_ws/install/turtlesim/share/turtlesim/hook/pythonpath.sh'
[2.181s] INFO:colcon.colcon_core.shell:Creating package script '/home/joaocastilho/dev_ws/install/turtlesim/share/turtlesim/package.ps1'
[2.182s] INFO:colcon.colcon_core.shell:Creating package descriptor '/home/joaocastilho/dev_ws/install/turtlesim/share/turtlesim/package.dsv'
[2.182s] INFO:colcon.colcon_core.shell:Creating package script '/home/joaocastilho/dev_ws/install/turtlesim/share/turtlesim/package.sh'
[2.183s] INFO:colcon.colcon_core.shell:Creating package script '/home/joaocastilho/dev_ws/install/turtlesim/share/turtlesim/package.bash'
[2.183s] INFO:colcon.colcon_core.shell:Creating package script '/home/joaocastilho/dev_ws/install/turtlesim/share/turtlesim/package.zsh'
[2.184s] Level 1:colcon.colcon_core.environment:create_file_with_runtime_dependencies(/home/joaocastilho/dev_ws/install/turtlesim/share/colcon-core/packages/turtlesim)
[8.190s] DEBUG:colcon.colcon_core.event_handler.log_command:Invoked command in '/home/joaocastilho/dev_ws/build/cpp_pubsub' returned '0': AMENT_PREFIX_PATH=/home/joaocastilho/dev_ws/install/tutorial_interfaces:${AMENT_PREFIX_PATH} CMAKE_PREFIX_PATH=/home/joaocastilho/dev_ws/install/tutorial_interfaces:/home/joaocastilho/dev_ws/install/turtlesim:/home/joaocastilho/dev_ws/install/my_package:/home/joaocastilho/dev_ws/install/cpp_srvcli:/home/joaocastilho/dev_ws/install/cpp_pubsub:/home/joaocastilho/dev_ws/install/py_pubsub:/home/joaocastilho/dev_ws/install/my_package_python:/opt/ros/foxy LD_LIBRARY_PATH=/home/joaocastilho/dev_ws/install/tutorial_interfaces/lib:${LD_LIBRARY_PATH} PYTHONPATH=/home/joaocastilho/dev_ws/install/tutorial_interfaces/lib/python3.8/site-packages:${PYTHONPATH} /usr/bin/cmake --build /home/joaocastilho/dev_ws/build/cpp_pubsub -- -j8 -l8
[8.226s] DEBUG:colcon.colcon_core.event_handler.log_command:Invoking command in '/home/joaocastilho/dev_ws/build/cpp_pubsub': AMENT_PREFIX_PATH=/home/joaocastilho/dev_ws/install/tutorial_interfaces:${AMENT_PREFIX_PATH} CMAKE_PREFIX_PATH=/home/joaocastilho/dev_ws/install/tutorial_interfaces:/home/joaocastilho/dev_ws/install/turtlesim:/home/joaocastilho/dev_ws/install/my_package:/home/joaocastilho/dev_ws/install/cpp_srvcli:/home/joaocastilho/dev_ws/install/cpp_pubsub:/home/joaocastilho/dev_ws/install/py_pubsub:/home/joaocastilho/dev_ws/install/my_package_python:/opt/ros/foxy LD_LIBRARY_PATH=/home/joaocastilho/dev_ws/install/tutorial_interfaces/lib:${LD_LIBRARY_PATH} PYTHONPATH=/home/joaocastilho/dev_ws/install/tutorial_interfaces/lib/python3.8/site-packages:${PYTHONPATH} /usr/bin/cmake --install /home/joaocastilho/dev_ws/build/cpp_pubsub
[8.242s] Level 1:colcon.colcon_core.environment:create_environment_scripts_only(cpp_pubsub)
[8.244s] Level 1:colcon.colcon_core.environment:checking '/home/joaocastilho/dev_ws/install/cpp_pubsub' for CMake module files
[8.245s] DEBUG:colcon.colcon_core.event_handler.log_command:Invoked command in '/home/joaocastilho/dev_ws/build/cpp_pubsub' returned '0': AMENT_PREFIX_PATH=/home/joaocastilho/dev_ws/install/tutorial_interfaces:${AMENT_PREFIX_PATH} CMAKE_PREFIX_PATH=/home/joaocastilho/dev_ws/install/tutorial_interfaces:/home/joaocastilho/dev_ws/install/turtlesim:/home/joaocastilho/dev_ws/install/my_package:/home/joaocastilho/dev_ws/install/cpp_srvcli:/home/joaocastilho/dev_ws/install/cpp_pubsub:/home/joaocastilho/dev_ws/install/py_pubsub:/home/joaocastilho/dev_ws/install/my_package_python:/opt/ros/foxy LD_LIBRARY_PATH=/home/joaocastilho/dev_ws/install/tutorial_interfaces/lib:${LD_LIBRARY_PATH} PYTHONPATH=/home/joaocastilho/dev_ws/install/tutorial_interfaces/lib/python3.8/site-packages:${PYTHONPATH} /usr/bin/cmake --install /home/joaocastilho/dev_ws/build/cpp_pubsub
[8.245s] Level 1:colcon.colcon_core.environment:checking '/home/joaocastilho/dev_ws/install/cpp_pubsub' for CMake config files
[8.246s] Level 1:colcon.colcon_core.shell:create_environment_hook('cpp_pubsub', 'cmake_prefix_path')
[8.247s] INFO:colcon.colcon_core.shell:Creating environment hook '/home/joaocastilho/dev_ws/install/cpp_pubsub/share/cpp_pubsub/hook/cmake_prefix_path.ps1'
[8.248s] INFO:colcon.colcon_core.shell:Creating environment descriptor '/home/joaocastilho/dev_ws/install/cpp_pubsub/share/cpp_pubsub/hook/cmake_prefix_path.dsv'
[8.249s] INFO:colcon.colcon_core.shell:Creating environment hook '/home/joaocastilho/dev_ws/install/cpp_pubsub/share/cpp_pubsub/hook/cmake_prefix_path.sh'
[8.249s] Level 1:colcon.colcon_core.environment:checking '/home/joaocastilho/dev_ws/install/cpp_pubsub/lib'
[8.249s] Level 1:colcon.colcon_core.environment:checking '/home/joaocastilho/dev_ws/install/cpp_pubsub/bin'
[8.249s] Level 1:colcon.colcon_core.environment:checking '/home/joaocastilho/dev_ws/install/cpp_pubsub/lib/pkgconfig/cpp_pubsub.pc'
[8.249s] Level 1:colcon.colcon_core.environment:checking '/home/joaocastilho/dev_ws/install/cpp_pubsub/lib/python3.8/site-packages'
[8.250s] INFO:colcon.colcon_core.shell:Creating package script '/home/joaocastilho/dev_ws/install/cpp_pubsub/share/cpp_pubsub/package.ps1'
[8.251s] INFO:colcon.colcon_core.shell:Creating package descriptor '/home/joaocastilho/dev_ws/install/cpp_pubsub/share/cpp_pubsub/package.dsv'
[8.251s] INFO:colcon.colcon_core.shell:Creating package script '/home/joaocastilho/dev_ws/install/cpp_pubsub/share/cpp_pubsub/package.sh'
[8.251s] INFO:colcon.colcon_core.shell:Creating package script '/home/joaocastilho/dev_ws/install/cpp_pubsub/share/cpp_pubsub/package.bash'
[8.252s] INFO:colcon.colcon_core.shell:Creating package script '/home/joaocastilho/dev_ws/install/cpp_pubsub/share/cpp_pubsub/package.zsh'
[8.252s] Level 1:colcon.colcon_core.environment:create_file_with_runtime_dependencies(/home/joaocastilho/dev_ws/install/cpp_pubsub/share/colcon-core/packages/cpp_pubsub)
[8.286s] Level 1:colcon.colcon_core.environment:create_environment_scripts_only(cpp_pubsub)
[8.287s] Level 1:colcon.colcon_core.environment:checking '/home/joaocastilho/dev_ws/install/cpp_pubsub' for CMake module files
[8.287s] Level 1:colcon.colcon_core.environment:checking '/home/joaocastilho/dev_ws/install/cpp_pubsub' for CMake config files
[8.287s] Level 1:colcon.colcon_core.shell:create_environment_hook('cpp_pubsub', 'cmake_prefix_path')
[8.288s] INFO:colcon.colcon_core.shell:Creating environment hook '/home/joaocastilho/dev_ws/install/cpp_pubsub/share/cpp_pubsub/hook/cmake_prefix_path.ps1'
[8.289s] INFO:colcon.colcon_core.shell:Creating environment descriptor '/home/joaocastilho/dev_ws/install/cpp_pubsub/share/cpp_pubsub/hook/cmake_prefix_path.dsv'
[8.289s] INFO:colcon.colcon_core.shell:Creating environment hook '/home/joaocastilho/dev_ws/install/cpp_pubsub/share/cpp_pubsub/hook/cmake_prefix_path.sh'
[8.290s] Level 1:colcon.colcon_core.environment:checking '/home/joaocastilho/dev_ws/install/cpp_pubsub/lib'
[8.290s] Level 1:colcon.colcon_core.environment:checking '/home/joaocastilho/dev_ws/install/cpp_pubsub/bin'
[8.290s] Level 1:colcon.colcon_core.environment:checking '/home/joaocastilho/dev_ws/install/cpp_pubsub/lib/pkgconfig/cpp_pubsub.pc'
[8.290s] Level 1:colcon.colcon_core.environment:checking '/home/joaocastilho/dev_ws/install/cpp_pubsub/lib/python3.8/site-packages'
[8.291s] INFO:colcon.colcon_core.shell:Creating package script '/home/joaocastilho/dev_ws/install/cpp_pubsub/share/cpp_pubsub/package.ps1'
[8.291s] INFO:colcon.colcon_core.shell:Creating package descriptor '/home/joaocastilho/dev_ws/install/cpp_pubsub/share/cpp_pubsub/package.dsv'
[8.291s] INFO:colcon.colcon_core.shell:Creating package script '/home/joaocastilho/dev_ws/install/cpp_pubsub/share/cpp_pubsub/package.sh'
[8.292s] INFO:colcon.colcon_core.shell:Creating package script '/home/joaocastilho/dev_ws/install/cpp_pubsub/share/cpp_pubsub/package.bash'
[8.292s] INFO:colcon.colcon_core.shell:Creating package script '/home/joaocastilho/dev_ws/install/cpp_pubsub/share/cpp_pubsub/package.zsh'
[8.293s] Level 1:colcon.colcon_core.environment:create_file_with_runtime_dependencies(/home/joaocastilho/dev_ws/install/cpp_pubsub/share/colcon-core/packages/cpp_pubsub)
[8.293s] DEBUG:colcon.colcon_parallel_executor.executor.parallel:closing loop
[8.294s] DEBUG:colcon.colcon_parallel_executor.executor.parallel:loop closed
[8.294s] DEBUG:colcon.colcon_parallel_executor.executor.parallel:run_until_complete finished with '0'
[8.294s] DEBUG:colcon.colcon_core.event_reactor:joining thread
[8.301s] INFO:colcon.colcon_core.plugin_system:Skipping extension 'colcon_notification.desktop_notification.notify_send': Could not find 'notify-send'
[8.301s] INFO:colcon.colcon_core.plugin_system:Skipping extension 'colcon_notification.desktop_notification.terminal_notifier': Not used on non-Darwin systems
[8.301s] INFO:colcon.colcon_core.plugin_system:Skipping extension 'colcon_notification.desktop_notification.win32': Not used on non-Windows systems
[8.301s] INFO:colcon.colcon_notification.desktop_notification:Sending desktop notification using 'notify2'
[8.316s] DEBUG:colcon.colcon_core.event_reactor:joined thread
[8.317s] INFO:colcon.colcon_core.shell:Creating prefix script '/home/joaocastilho/dev_ws/install/local_setup.ps1'
[8.318s] INFO:colcon.colcon_core.shell:Creating prefix util module '/home/joaocastilho/dev_ws/install/_local_setup_util_ps1.py'
[8.320s] INFO:colcon.colcon_core.shell:Creating prefix chain script '/home/joaocastilho/dev_ws/install/setup.ps1'
[8.323s] INFO:colcon.colcon_core.shell:Creating prefix script '/home/joaocastilho/dev_ws/install/local_setup.sh'
[8.324s] INFO:colcon.colcon_core.shell:Creating prefix util module '/home/joaocastilho/dev_ws/install/_local_setup_util_sh.py'
[8.324s] INFO:colcon.colcon_core.shell:Creating prefix chain script '/home/joaocastilho/dev_ws/install/setup.sh'
[8.327s] INFO:colcon.colcon_core.shell:Creating prefix script '/home/joaocastilho/dev_ws/install/local_setup.bash'
[8.327s] INFO:colcon.colcon_core.shell:Creating prefix chain script '/home/joaocastilho/dev_ws/install/setup.bash'
[8.331s] INFO:colcon.colcon_core.shell:Creating prefix script '/home/joaocastilho/dev_ws/install/local_setup.zsh'
[8.332s] INFO:colcon.colcon_core.shell:Creating prefix chain script '/home/joaocastilho/dev_ws/install/setup.zsh'
