[0.676s] Invoking command in '/home/joaocastilho/dev_ws/src/py_pubsub': PYTHONPATH=/home/joaocastilho/dev_ws/install/py_pubsub/lib/python3.8/site-packages:${PYTHONPATH} /usr/bin/python3 setup.py egg_info --egg-base ../../build/py_pubsub build --build-base /home/joaocastilho/dev_ws/build/py_pubsub/build install --prefix /home/joaocastilho/dev_ws/install/py_pubsub --record /home/joaocastilho/dev_ws/build/py_pubsub/install.log --single-version-externally-managed
[1.077s] running egg_info
[1.078s] writing ../../build/py_pubsub/py_pubsub.egg-info/PKG-INFO
[1.079s] writing dependency_links to ../../build/py_pubsub/py_pubsub.egg-info/dependency_links.txt
[1.079s] writing entry points to ../../build/py_pubsub/py_pubsub.egg-info/entry_points.txt
[1.079s] writing requirements to ../../build/py_pubsub/py_pubsub.egg-info/requires.txt
[1.079s] writing top-level names to ../../build/py_pubsub/py_pubsub.egg-info/top_level.txt
[1.125s] reading manifest file '../../build/py_pubsub/py_pubsub.egg-info/SOURCES.txt'
[1.126s] writing manifest file '../../build/py_pubsub/py_pubsub.egg-info/SOURCES.txt'
[1.126s] running build
[1.126s] running build_py
[1.128s] running install
[1.128s] running install_lib
[1.130s] running install_data
[1.131s] running install_egg_info
[1.133s] removing '/home/joaocastilho/dev_ws/install/py_pubsub/lib/python3.8/site-packages/py_pubsub-0.0.0-py3.8.egg-info' (and everything under it)
[1.133s] Copying ../../build/py_pubsub/py_pubsub.egg-info to /home/joaocastilho/dev_ws/install/py_pubsub/lib/python3.8/site-packages/py_pubsub-0.0.0-py3.8.egg-info
[1.135s] running install_scripts
[1.157s] Installing listener script to /home/joaocastilho/dev_ws/install/py_pubsub/lib/py_pubsub
[1.157s] Installing talker script to /home/joaocastilho/dev_ws/install/py_pubsub/lib/py_pubsub
[1.158s] writing list of installed files to '/home/joaocastilho/dev_ws/build/py_pubsub/install.log'
[1.204s] Invoked command in '/home/joaocastilho/dev_ws/src/py_pubsub' returned '0': PYTHONPATH=/home/joaocastilho/dev_ws/install/py_pubsub/lib/python3.8/site-packages:${PYTHONPATH} /usr/bin/python3 setup.py egg_info --egg-base ../../build/py_pubsub build --build-base /home/joaocastilho/dev_ws/build/py_pubsub/build install --prefix /home/joaocastilho/dev_ws/install/py_pubsub --record /home/joaocastilho/dev_ws/build/py_pubsub/install.log --single-version-externally-managed
