[0.737s] Invoking command in '/home/joaocastilho/dev_ws/src/py_pubsub': PYTHONPATH=/home/joaocastilho/dev_ws/install/py_pubsub/lib/python3.8/site-packages:${PYTHONPATH} /usr/bin/python3 setup.py egg_info --egg-base ../../build/py_pubsub build --build-base /home/joaocastilho/dev_ws/build/py_pubsub/build install --prefix /home/joaocastilho/dev_ws/install/py_pubsub --record /home/joaocastilho/dev_ws/build/py_pubsub/install.log --single-version-externally-managed
[1.198s] running egg_info
[1.199s] writing ../../build/py_pubsub/py_pubsub.egg-info/PKG-INFO
[1.199s] writing dependency_links to ../../build/py_pubsub/py_pubsub.egg-info/dependency_links.txt
[1.200s] writing entry points to ../../build/py_pubsub/py_pubsub.egg-info/entry_points.txt
[1.200s] writing requirements to ../../build/py_pubsub/py_pubsub.egg-info/requires.txt
[1.200s] writing top-level names to ../../build/py_pubsub/py_pubsub.egg-info/top_level.txt
[1.240s] reading manifest file '../../build/py_pubsub/py_pubsub.egg-info/SOURCES.txt'
[1.241s] writing manifest file '../../build/py_pubsub/py_pubsub.egg-info/SOURCES.txt'
[1.241s] running build
[1.242s] running build_py
[1.242s] running install
[1.243s] running install_lib
[1.245s] running install_data
[1.247s] running install_egg_info
[1.250s] removing '/home/joaocastilho/dev_ws/install/py_pubsub/lib/python3.8/site-packages/py_pubsub-0.0.0-py3.8.egg-info' (and everything under it)
[1.250s] Copying ../../build/py_pubsub/py_pubsub.egg-info to /home/joaocastilho/dev_ws/install/py_pubsub/lib/python3.8/site-packages/py_pubsub-0.0.0-py3.8.egg-info
[1.251s] running install_scripts
[1.275s] Installing listener script to /home/joaocastilho/dev_ws/install/py_pubsub/lib/py_pubsub
[1.275s] Installing talker script to /home/joaocastilho/dev_ws/install/py_pubsub/lib/py_pubsub
[1.276s] writing list of installed files to '/home/joaocastilho/dev_ws/build/py_pubsub/install.log'
[1.314s] Invoked command in '/home/joaocastilho/dev_ws/src/py_pubsub' returned '0': PYTHONPATH=/home/joaocastilho/dev_ws/install/py_pubsub/lib/python3.8/site-packages:${PYTHONPATH} /usr/bin/python3 setup.py egg_info --egg-base ../../build/py_pubsub build --build-base /home/joaocastilho/dev_ws/build/py_pubsub/build install --prefix /home/joaocastilho/dev_ws/install/py_pubsub --record /home/joaocastilho/dev_ws/build/py_pubsub/install.log --single-version-externally-managed
