-- Found ament_cmake: 0.9.8 (/opt/ros/foxy/share/ament_cmake/cmake)
-- Found PythonInterp: /usr/bin/python3 (found suitable version "3.8.10", minimum required is "3") 
-- Using PYTHON_EXECUTABLE: /usr/bin/python3
-- Found rosidl_default_generators: 1.0.1 (/opt/ros/foxy/share/rosidl_default_generators/cmake)
-- Using all available rosidl_typesupport_c: rosidl_typesupport_fastrtps_c;rosidl_typesupport_introspection_c
-- Found rosidl_adapter: 1.2.1 (/opt/ros/foxy/share/rosidl_adapter/cmake)
-- Using all available rosidl_typesupport_cpp: rosidl_typesupport_fastrtps_cpp;rosidl_typesupport_introspection_cpp
-- Found rclcpp: 2.3.1 (/opt/ros/foxy/share/rclcpp/cmake)
-- Found rmw_implementation_cmake: 1.0.3 (/opt/ros/foxy/share/rmw_implementation_cmake/cmake)
-- Using RMW implementation 'rmw_fastrtps_cpp' as default
-- Found PythonInterp: /usr/bin/python3 (found version "3.8.10") 
-- Found ament_cmake_ros: 0.9.2 (/opt/ros/foxy/share/ament_cmake_ros/cmake)
-- Using all available rosidl_typesupport_c: rosidl_typesupport_fastrtps_c;rosidl_typesupport_introspection_c
-- Using all available rosidl_typesupport_cpp: rosidl_typesupport_fastrtps_cpp;rosidl_typesupport_introspection_cpp
-- Found PythonInterp: /usr/bin/python3 (found suitable version "3.8.10", minimum required is "3.5") 
-- Found python_cmake_module: 0.8.1 (/opt/ros/foxy/share/python_cmake_module/cmake)
-- Using PYTHON_EXECUTABLE: /usr/bin/python3
-- Using PYTHON_INCLUDE_DIRS: /usr/include/python3.8
-- Using PYTHON_LIBRARIES: /usr/lib/x86_64-linux-gnu/libpython3.8.so
-- Found ament_lint_auto: 0.9.6 (/opt/ros/foxy/share/ament_lint_auto/cmake)
-- Added test 'copyright' to check source files copyright and LICENSE
-- Added test 'cppcheck' to perform static code analysis on C / C++ code
-- Configured cppcheck include dirs: 
-- Configured cppcheck exclude dirs and/or files: 
-- Added test 'cpplint' to check C / C++ code against the Google style
-- Configured cpplint exclude dirs and/or files: 
-- Added test 'lint_cmake' to check CMake code style
-- Added test 'uncrustify' to check C / C++ code style
-- Configured uncrustify additional arguments: 
-- Added test 'xmllint' to check XML markup files
-- Configuring done
-- Generating done
-- Build files have been written to: /home/joaocastilho/dev_ws/build/more_interfaces
[35m[1mScanning dependencies of target subscribe_address_book[0m
[  8%] Built target more_interfaces__rosidl_generator_c
[ 11%] Built target more_interfaces__cpp
[ 20%] Built target more_interfaces__rosidl_typesupport_c
[ 28%] Built target more_interfaces__rosidl_typesupport_cpp
[ 37%] Built target more_interfaces__rosidl_typesupport_introspection_cpp
[ 40%] [32mBuilding CXX object CMakeFiles/subscribe_address_book.dir/src/subscribe_address_book.cpp.o[0m
[ 48%] Built target more_interfaces__rosidl_typesupport_introspection_c
[ 57%] Built target more_interfaces__rosidl_typesupport_fastrtps_cpp
[ 65%] Built target more_interfaces__rosidl_typesupport_fastrtps_c
[ 65%] Built target more_interfaces
[ 68%] Built target more_interfaces__py
[ 74%] Built target publish_address_book
[ 80%] Built target more_interfaces__python
[01m[K/home/joaocastilho/dev_ws/src/more_interfaces/src/subscribe_address_book.cpp:4:10:[m[K [01;31m[Kfatal error: [m[Kmore_interfaces/msg/address_book.hpp: No such file or directory
    4 | #include [01;31m[K"more_interfaces/msg/address_book.hpp"[m[K
      |          [01;31m[K^~~~~~~~~~~~~~~~~~~~~~~~~~~~~~~~~~~~~~[m[K
compilation terminated.
make[2]: *** [CMakeFiles/subscribe_address_book.dir/build.make:63: CMakeFiles/subscribe_address_book.dir/src/subscribe_address_book.cpp.o] Error 1
make[1]: *** [CMakeFiles/Makefile2:332: CMakeFiles/subscribe_address_book.dir/all] Error 2
make[1]: *** Waiting for unfinished jobs....
[ 85%] Built target more_interfaces__rosidl_typesupport_fastrtps_c__pyext
[ 91%] Built target more_interfaces__rosidl_typesupport_introspection_c__pyext
[ 97%] Built target more_interfaces__rosidl_typesupport_c__pyext
make: *** [Makefile:141: all] Error 2
