[0.708s] Invoking command in '/home/joaocastilho/dev_ws/src/py_pubsub': PYTHONPATH=/home/joaocastilho/dev_ws/install/py_pubsub/lib/python3.8/site-packages:${PYTHONPATH} /usr/bin/python3 setup.py egg_info --egg-base ../../build/py_pubsub build --build-base /home/joaocastilho/dev_ws/build/py_pubsub/build install --prefix /home/joaocastilho/dev_ws/install/py_pubsub --record /home/joaocastilho/dev_ws/build/py_pubsub/install.log --single-version-externally-managed
[1.163s] running egg_info
[1.170s] writing ../../build/py_pubsub/py_pubsub.egg-info/PKG-INFO
[1.170s] writing dependency_links to ../../build/py_pubsub/py_pubsub.egg-info/dependency_links.txt
[1.170s] writing entry points to ../../build/py_pubsub/py_pubsub.egg-info/entry_points.txt
[1.171s] writing requirements to ../../build/py_pubsub/py_pubsub.egg-info/requires.txt
[1.171s] writing top-level names to ../../build/py_pubsub/py_pubsub.egg-info/top_level.txt
[1.218s] reading manifest file '../../build/py_pubsub/py_pubsub.egg-info/SOURCES.txt'
[1.219s] writing manifest file '../../build/py_pubsub/py_pubsub.egg-info/SOURCES.txt'
[1.219s] running build
[1.219s] running build_py
[1.220s] running install
[1.221s] running install_lib
[1.223s] running install_data
[1.224s] running install_egg_info
[1.226s] removing '/home/joaocastilho/dev_ws/install/py_pubsub/lib/python3.8/site-packages/py_pubsub-0.0.0-py3.8.egg-info' (and everything under it)
[1.227s] Copying ../../build/py_pubsub/py_pubsub.egg-info to /home/joaocastilho/dev_ws/install/py_pubsub/lib/python3.8/site-packages/py_pubsub-0.0.0-py3.8.egg-info
[1.228s] running install_scripts
[1.255s] Installing listener script to /home/joaocastilho/dev_ws/install/py_pubsub/lib/py_pubsub
[1.255s] Installing talker script to /home/joaocastilho/dev_ws/install/py_pubsub/lib/py_pubsub
[1.256s] writing list of installed files to '/home/joaocastilho/dev_ws/build/py_pubsub/install.log'
[1.314s] Invoked command in '/home/joaocastilho/dev_ws/src/py_pubsub' returned '0': PYTHONPATH=/home/joaocastilho/dev_ws/install/py_pubsub/lib/python3.8/site-packages:${PYTHONPATH} /usr/bin/python3 setup.py egg_info --egg-base ../../build/py_pubsub build --build-base /home/joaocastilho/dev_ws/build/py_pubsub/build install --prefix /home/joaocastilho/dev_ws/install/py_pubsub --record /home/joaocastilho/dev_ws/build/py_pubsub/install.log --single-version-externally-managed
