[0.010s] Invoking command in '/home/joaocastilho/dev_ws/build/polygon_plugins': AMENT_PREFIX_PATH=/home/joaocastilho/dev_ws/install/polygon_base:${AMENT_PREFIX_PATH} CMAKE_PREFIX_PATH=/home/joaocastilho/dev_ws/install/polygon_base:/opt/ros/foxy /usr/bin/cmake /home/joaocastilho/dev_ws/src/polygon_plugins -DCMAKE_INSTALL_PREFIX=/home/joaocastilho/dev_ws/install/polygon_plugins
[0.078s] -- The C compiler identification is GNU 9.3.0
[0.135s] -- The CXX compiler identification is GNU 9.3.0
[0.140s] -- Check for working C compiler: /usr/bin/cc
[0.211s] -- Check for working C compiler: /usr/bin/cc -- works
[0.212s] -- Detecting C compiler ABI info
[0.282s] -- Detecting C compiler ABI info - done
[0.295s] -- Detecting C compile features
[0.295s] -- Detecting C compile features - done
[0.298s] -- Check for working CXX compiler: /usr/bin/c++
[0.375s] -- Check for working CXX compiler: /usr/bin/c++ -- works
[0.376s] -- Detecting CXX compiler ABI info
[0.453s] -- Detecting CXX compiler ABI info - done
[0.465s] -- Detecting CXX compile features
[0.466s] -- Detecting CXX compile features - done
[0.468s] -- Found ament_cmake: 0.9.8 (/opt/ros/foxy/share/ament_cmake/cmake)
[0.491s] -- Found PythonInterp: /usr/bin/python3 (found suitable version "3.8.10", minimum required is "3") 
[0.492s] -- Using PYTHON_EXECUTABLE: /usr/bin/python3
[0.729s] -- Found ament_cmake_ros: 0.9.2 (/opt/ros/foxy/share/ament_cmake_ros/cmake)
[0.740s] -- Found polygon_base: 0.0.0 (/home/joaocastilho/dev_ws/install/polygon_base/share/polygon_base/cmake)
[0.742s] -- Found pluginlib: 2.5.3 (/opt/ros/foxy/share/pluginlib/cmake)
[0.791s] -- Found ament_lint_auto: 0.9.6 (/opt/ros/foxy/share/ament_lint_auto/cmake)
[0.869s] -- Added test 'copyright' to check source files copyright and LICENSE
[0.870s] -- Added test 'cppcheck' to perform static code analysis on C / C++ code
[0.870s] -- Configured cppcheck include dirs: /home/joaocastilho/dev_ws/src/polygon_plugins/<BUILD_INTERFACE:/home/joaocastilho/dev_ws/src/polygon_plugins/include>;/home/joaocastilho/dev_ws/src/polygon_plugins/<INSTALL_INTERFACE:include>
[0.871s] -- Configured cppcheck exclude dirs and/or files: 
[0.871s] -- Added test 'cpplint' to check C / C++ code against the Google style
[0.871s] -- Configured cpplint exclude dirs and/or files: 
[0.872s] -- Added test 'lint_cmake' to check CMake code style
[0.873s] -- Added test 'uncrustify' to check C / C++ code style
[0.873s] -- Configured uncrustify additional arguments: 
[0.874s] -- Added test 'xmllint' to check XML markup files
[0.879s] -- Configuring done
[0.883s] CMake Error in CMakeLists.txt:
[0.883s]   Target "polygon_plugins" INTERFACE_INCLUDE_DIRECTORIES property contains
[0.883s]   path:
[0.883s] 
[0.883s]     "/home/joaocastilho/dev_ws/src/polygon_plugins/<BUILD_INTERFACE:/home/joaocastilho/dev_ws/src/polygon_plugins/include>"
[0.884s] 
[0.884s]   which is prefixed in the source directory.
[0.884s] 
[0.884s] 
[0.884s] CMake Error in CMakeLists.txt:
[0.884s]   Target "polygon_plugins" INTERFACE_INCLUDE_DIRECTORIES property contains
[0.884s]   path:
[0.884s] 
[0.884s]     "/home/joaocastilho/dev_ws/src/polygon_plugins/<INSTALL_INTERFACE:include>"
[0.884s] 
[0.884s]   which is prefixed in the source directory.
[0.884s] 
[0.885s] 
[0.885s] -- Generating done
[0.885s] CMake Generate step failed.  Build files cannot be regenerated correctly.
[0.890s] Invoked command in '/home/joaocastilho/dev_ws/build/polygon_plugins' returned '1': AMENT_PREFIX_PATH=/home/joaocastilho/dev_ws/install/polygon_base:${AMENT_PREFIX_PATH} CMAKE_PREFIX_PATH=/home/joaocastilho/dev_ws/install/polygon_base:/opt/ros/foxy /usr/bin/cmake /home/joaocastilho/dev_ws/src/polygon_plugins -DCMAKE_INSTALL_PREFIX=/home/joaocastilho/dev_ws/install/polygon_plugins
