[0.012s] Invoking command in '/home/joaocastilho/dev_ws/build/polygon_plugins': AMENT_PREFIX_PATH=/home/joaocastilho/dev_ws/install/polygon_base:${AMENT_PREFIX_PATH} CMAKE_PREFIX_PATH=/home/joaocastilho/dev_ws/install/polygon_base:/opt/ros/foxy /usr/bin/cmake /home/joaocastilho/dev_ws/src/polygon_plugins -DCMAKE_INSTALL_PREFIX=/home/joaocastilho/dev_ws/install/polygon_plugins
[0.029s] -- Found ament_cmake: 0.9.8 (/opt/ros/foxy/share/ament_cmake/cmake)
[0.055s] -- Using PYTHON_EXECUTABLE: /usr/bin/python3
[0.289s] -- Found ament_cmake_ros: 0.9.2 (/opt/ros/foxy/share/ament_cmake_ros/cmake)
[0.294s] -- Found polygon_base: 0.0.0 (/home/joaocastilho/dev_ws/install/polygon_base/share/polygon_base/cmake)
[0.296s] -- Found pluginlib: 2.5.3 (/opt/ros/foxy/share/pluginlib/cmake)
[0.349s] CMake Error at CMakeLists.txt:44 (add_library):
[0.349s]   add_library cannot create target "polygon_plugins" because another target
[0.349s]   with the same name already exists.  The existing target is a shared library
[0.350s]   created in source directory
[0.350s]   "/home/joaocastilho/dev_ws/src/polygon_plugins".  See documentation for
[0.350s]   policy CMP0002 for more details.
[0.350s] 
[0.350s] 
[0.351s] -- Found ament_lint_auto: 0.9.6 (/opt/ros/foxy/share/ament_lint_auto/cmake)
[0.426s] -- Added test 'copyright' to check source files copyright and LICENSE
[0.427s] -- Added test 'cppcheck' to perform static code analysis on C / C++ code
[0.428s] -- Configured cppcheck include dirs: /home/joaocastilho/dev_ws/src/polygon_plugins/<BUILD_INTERFACE:/home/joaocastilho/dev_ws/src/polygon_plugins/include>;/home/joaocastilho/dev_ws/src/polygon_plugins/<INSTALL_INTERFACE:include>
[0.428s] -- Configured cppcheck exclude dirs and/or files: 
[0.429s] -- Added test 'cpplint' to check C / C++ code against the Google style
[0.429s] -- Configured cpplint exclude dirs and/or files: 
[0.430s] -- Added test 'lint_cmake' to check CMake code style
[0.431s] -- Added test 'uncrustify' to check C / C++ code style
[0.431s] -- Configured uncrustify additional arguments: 
[0.431s] -- Added test 'xmllint' to check XML markup files
[0.434s] -- Configuring incomplete, errors occurred!
[0.434s] See also "/home/joaocastilho/dev_ws/build/polygon_plugins/CMakeFiles/CMakeOutput.log".
[0.440s] Invoked command in '/home/joaocastilho/dev_ws/build/polygon_plugins' returned '1': AMENT_PREFIX_PATH=/home/joaocastilho/dev_ws/install/polygon_base:${AMENT_PREFIX_PATH} CMAKE_PREFIX_PATH=/home/joaocastilho/dev_ws/install/polygon_base:/opt/ros/foxy /usr/bin/cmake /home/joaocastilho/dev_ws/src/polygon_plugins -DCMAKE_INSTALL_PREFIX=/home/joaocastilho/dev_ws/install/polygon_plugins
