[0.034s] Invoking command in '/home/joaocastilho/dev_ws/build/cpp_srvcli': AMENT_PREFIX_PATH=/home/joaocastilho/dev_ws/install/tutorial_interfaces:${AMENT_PREFIX_PATH} CMAKE_PREFIX_PATH=/home/joaocastilho/dev_ws/install/tutorial_interfaces:/home/joaocastilho/dev_ws/install/turtlesim:/home/joaocastilho/dev_ws/install/my_package:/home/joaocastilho/dev_ws/install/cpp_srvcli:/home/joaocastilho/dev_ws/install/cpp_pubsub:/home/joaocastilho/dev_ws/install/py_pubsub:/home/joaocastilho/dev_ws/install/my_package_python:/opt/ros/foxy LD_LIBRARY_PATH=/home/joaocastilho/dev_ws/install/tutorial_interfaces/lib:${LD_LIBRARY_PATH} PYTHONPATH=/home/joaocastilho/dev_ws/install/tutorial_interfaces/lib/python3.8/site-packages:${PYTHONPATH} /usr/bin/cmake --build /home/joaocastilho/dev_ws/build/cpp_srvcli -- -j8 -l8
[0.125s] [35m[1mScanning dependencies of target server_three[0m
[0.154s] [ 25%] Built target client
[0.164s] [ 50%] Built target client_three
[0.164s] [ 75%] Built target server
[0.189s] [ 87%] [32mBuilding CXX object CMakeFiles/server_three.dir/src/add_three_ints_server.cpp.o[0m
[2.374s] [100%] [32m[1mLinking CXX executable server_three[0m
[2.510s] [100%] Built target server_three
[2.522s] Invoked command in '/home/joaocastilho/dev_ws/build/cpp_srvcli' returned '0': AMENT_PREFIX_PATH=/home/joaocastilho/dev_ws/install/tutorial_interfaces:${AMENT_PREFIX_PATH} CMAKE_PREFIX_PATH=/home/joaocastilho/dev_ws/install/tutorial_interfaces:/home/joaocastilho/dev_ws/install/turtlesim:/home/joaocastilho/dev_ws/install/my_package:/home/joaocastilho/dev_ws/install/cpp_srvcli:/home/joaocastilho/dev_ws/install/cpp_pubsub:/home/joaocastilho/dev_ws/install/py_pubsub:/home/joaocastilho/dev_ws/install/my_package_python:/opt/ros/foxy LD_LIBRARY_PATH=/home/joaocastilho/dev_ws/install/tutorial_interfaces/lib:${LD_LIBRARY_PATH} PYTHONPATH=/home/joaocastilho/dev_ws/install/tutorial_interfaces/lib/python3.8/site-packages:${PYTHONPATH} /usr/bin/cmake --build /home/joaocastilho/dev_ws/build/cpp_srvcli -- -j8 -l8
[2.551s] Invoking command in '/home/joaocastilho/dev_ws/build/cpp_srvcli': AMENT_PREFIX_PATH=/home/joaocastilho/dev_ws/install/tutorial_interfaces:${AMENT_PREFIX_PATH} CMAKE_PREFIX_PATH=/home/joaocastilho/dev_ws/install/tutorial_interfaces:/home/joaocastilho/dev_ws/install/turtlesim:/home/joaocastilho/dev_ws/install/my_package:/home/joaocastilho/dev_ws/install/cpp_srvcli:/home/joaocastilho/dev_ws/install/cpp_pubsub:/home/joaocastilho/dev_ws/install/py_pubsub:/home/joaocastilho/dev_ws/install/my_package_python:/opt/ros/foxy LD_LIBRARY_PATH=/home/joaocastilho/dev_ws/install/tutorial_interfaces/lib:${LD_LIBRARY_PATH} PYTHONPATH=/home/joaocastilho/dev_ws/install/tutorial_interfaces/lib/python3.8/site-packages:${PYTHONPATH} /usr/bin/cmake --install /home/joaocastilho/dev_ws/build/cpp_srvcli
[2.561s] -- Install configuration: ""
[2.562s] -- Up-to-date: /home/joaocastilho/dev_ws/install/cpp_srvcli/lib/cpp_srvcli/server
[2.562s] -- Up-to-date: /home/joaocastilho/dev_ws/install/cpp_srvcli/lib/cpp_srvcli/client
[2.562s] -- Installing: /home/joaocastilho/dev_ws/install/cpp_srvcli/lib/cpp_srvcli/server_three
[2.563s] -- Set runtime path of "/home/joaocastilho/dev_ws/install/cpp_srvcli/lib/cpp_srvcli/server_three" to ""
[2.563s] -- Up-to-date: /home/joaocastilho/dev_ws/install/cpp_srvcli/lib/cpp_srvcli/client_three
[2.563s] -- Up-to-date: /home/joaocastilho/dev_ws/install/cpp_srvcli/share/ament_index/resource_index/package_run_dependencies/cpp_srvcli
[2.563s] -- Up-to-date: /home/joaocastilho/dev_ws/install/cpp_srvcli/share/ament_index/resource_index/parent_prefix_path/cpp_srvcli
[2.564s] -- Up-to-date: /home/joaocastilho/dev_ws/install/cpp_srvcli/share/cpp_srvcli/environment/ament_prefix_path.sh
[2.564s] -- Up-to-date: /home/joaocastilho/dev_ws/install/cpp_srvcli/share/cpp_srvcli/environment/ament_prefix_path.dsv
[2.564s] -- Up-to-date: /home/joaocastilho/dev_ws/install/cpp_srvcli/share/cpp_srvcli/environment/path.sh
[2.564s] -- Up-to-date: /home/joaocastilho/dev_ws/install/cpp_srvcli/share/cpp_srvcli/environment/path.dsv
[2.564s] -- Up-to-date: /home/joaocastilho/dev_ws/install/cpp_srvcli/share/cpp_srvcli/local_setup.bash
[2.564s] -- Up-to-date: /home/joaocastilho/dev_ws/install/cpp_srvcli/share/cpp_srvcli/local_setup.sh
[2.564s] -- Up-to-date: /home/joaocastilho/dev_ws/install/cpp_srvcli/share/cpp_srvcli/local_setup.zsh
[2.564s] -- Up-to-date: /home/joaocastilho/dev_ws/install/cpp_srvcli/share/cpp_srvcli/local_setup.dsv
[2.564s] -- Installing: /home/joaocastilho/dev_ws/install/cpp_srvcli/share/cpp_srvcli/package.dsv
[2.565s] -- Up-to-date: /home/joaocastilho/dev_ws/install/cpp_srvcli/share/ament_index/resource_index/packages/cpp_srvcli
[2.565s] -- Up-to-date: /home/joaocastilho/dev_ws/install/cpp_srvcli/share/cpp_srvcli/cmake/cpp_srvcliConfig.cmake
[2.565s] -- Up-to-date: /home/joaocastilho/dev_ws/install/cpp_srvcli/share/cpp_srvcli/cmake/cpp_srvcliConfig-version.cmake
[2.565s] -- Up-to-date: /home/joaocastilho/dev_ws/install/cpp_srvcli/share/cpp_srvcli/package.xml
[2.567s] Invoked command in '/home/joaocastilho/dev_ws/build/cpp_srvcli' returned '0': AMENT_PREFIX_PATH=/home/joaocastilho/dev_ws/install/tutorial_interfaces:${AMENT_PREFIX_PATH} CMAKE_PREFIX_PATH=/home/joaocastilho/dev_ws/install/tutorial_interfaces:/home/joaocastilho/dev_ws/install/turtlesim:/home/joaocastilho/dev_ws/install/my_package:/home/joaocastilho/dev_ws/install/cpp_srvcli:/home/joaocastilho/dev_ws/install/cpp_pubsub:/home/joaocastilho/dev_ws/install/py_pubsub:/home/joaocastilho/dev_ws/install/my_package_python:/opt/ros/foxy LD_LIBRARY_PATH=/home/joaocastilho/dev_ws/install/tutorial_interfaces/lib:${LD_LIBRARY_PATH} PYTHONPATH=/home/joaocastilho/dev_ws/install/tutorial_interfaces/lib/python3.8/site-packages:${PYTHONPATH} /usr/bin/cmake --install /home/joaocastilho/dev_ws/build/cpp_srvcli
