[0.072s] Invoking command in '/home/joaocastilho/dev_ws/build/my_package': CMAKE_PREFIX_PATH=${CMAKE_PREFIX_PATH}:/home/joaocastilho/dev_ws/install/py_pubsub:/home/joaocastilho/dev_ws/install/my_package_python:/opt/ros/foxy /usr/bin/cmake --build /home/joaocastilho/dev_ws/build/my_package -- -j8 -l8
[0.717s] [100%] Built target my_node
[0.725s] Invoked command in '/home/joaocastilho/dev_ws/build/my_package' returned '0': CMAKE_PREFIX_PATH=${CMAKE_PREFIX_PATH}:/home/joaocastilho/dev_ws/install/py_pubsub:/home/joaocastilho/dev_ws/install/my_package_python:/opt/ros/foxy /usr/bin/cmake --build /home/joaocastilho/dev_ws/build/my_package -- -j8 -l8
[0.812s] Invoking command in '/home/joaocastilho/dev_ws/build/my_package': CMAKE_PREFIX_PATH=${CMAKE_PREFIX_PATH}:/home/joaocastilho/dev_ws/install/py_pubsub:/home/joaocastilho/dev_ws/install/my_package_python:/opt/ros/foxy /usr/bin/cmake --install /home/joaocastilho/dev_ws/build/my_package
[0.830s] -- Install configuration: ""
[0.840s] -- Up-to-date: /home/joaocastilho/dev_ws/install/my_package/lib/my_package/my_node
[0.840s] -- Up-to-date: /home/joaocastilho/dev_ws/install/my_package/share/ament_index/resource_index/package_run_dependencies/my_package
[0.840s] -- Up-to-date: /home/joaocastilho/dev_ws/install/my_package/share/ament_index/resource_index/parent_prefix_path/my_package
[0.841s] -- Up-to-date: /home/joaocastilho/dev_ws/install/my_package/share/my_package/environment/ament_prefix_path.sh
[0.841s] -- Up-to-date: /home/joaocastilho/dev_ws/install/my_package/share/my_package/environment/ament_prefix_path.dsv
[0.841s] -- Up-to-date: /home/joaocastilho/dev_ws/install/my_package/share/my_package/environment/path.sh
[0.842s] -- Up-to-date: /home/joaocastilho/dev_ws/install/my_package/share/my_package/environment/path.dsv
[0.842s] -- Up-to-date: /home/joaocastilho/dev_ws/install/my_package/share/my_package/local_setup.bash
[0.842s] -- Up-to-date: /home/joaocastilho/dev_ws/install/my_package/share/my_package/local_setup.sh
[0.842s] -- Up-to-date: /home/joaocastilho/dev_ws/install/my_package/share/my_package/local_setup.zsh
[0.842s] -- Up-to-date: /home/joaocastilho/dev_ws/install/my_package/share/my_package/local_setup.dsv
[0.842s] -- Installing: /home/joaocastilho/dev_ws/install/my_package/share/my_package/package.dsv
[0.842s] -- Up-to-date: /home/joaocastilho/dev_ws/install/my_package/share/ament_index/resource_index/packages/my_package
[0.843s] -- Up-to-date: /home/joaocastilho/dev_ws/install/my_package/share/my_package/cmake/my_packageConfig.cmake
[0.843s] -- Up-to-date: /home/joaocastilho/dev_ws/install/my_package/share/my_package/cmake/my_packageConfig-version.cmake
[0.843s] -- Up-to-date: /home/joaocastilho/dev_ws/install/my_package/share/my_package/package.xml
[0.918s] Invoked command in '/home/joaocastilho/dev_ws/build/my_package' returned '0': CMAKE_PREFIX_PATH=${CMAKE_PREFIX_PATH}:/home/joaocastilho/dev_ws/install/py_pubsub:/home/joaocastilho/dev_ws/install/my_package_python:/opt/ros/foxy /usr/bin/cmake --install /home/joaocastilho/dev_ws/build/my_package
