[0.818s] Invoking command in '/home/joaocastilho/dev_ws/build/turtlesim': CMAKE_PREFIX_PATH=${CMAKE_PREFIX_PATH}:/home/joaocastilho/dev_ws/install/py_pubsub:/home/joaocastilho/dev_ws/install/my_package_python:/opt/ros/foxy /usr/bin/cmake /home/joaocastilho/dev_ws/src/ros_tutorials/turtlesim -DCMAKE_BUILD_TYPE=RelWithDebInfo -DAMENT_CMAKE_SYMLINK_INSTALL=1 -DCMAKE_INSTALL_PREFIX=/home/joaocastilho/dev_ws/install/turtlesim
[0.837s] -- Found ament_cmake: 0.9.8 (/opt/ros/foxy/share/ament_cmake/cmake)
[0.881s] -- Found PythonInterp: /usr/bin/python3 (found suitable version "3.8.10", minimum required is "3") 
[0.882s] -- Using PYTHON_EXECUTABLE: /usr/bin/python3
[1.232s] -- Override CMake install command with custom implementation using symlinks instead of copying resources
[1.250s] -- Found ament_index_cpp: 1.1.0 (/opt/ros/foxy/share/ament_index_cpp/cmake)
[1.257s] -- Found geometry_msgs: 2.0.4 (/opt/ros/foxy/share/geometry_msgs/cmake)
[1.300s] -- Using all available rosidl_typesupport_c: rosidl_typesupport_fastrtps_c;rosidl_typesupport_introspection_c
[1.309s] -- Found rosidl_adapter: 1.2.1 (/opt/ros/foxy/share/rosidl_adapter/cmake)
[1.523s] -- Using all available rosidl_typesupport_cpp: rosidl_typesupport_fastrtps_cpp;rosidl_typesupport_introspection_cpp
[1.709s] -- Found rclcpp: 2.3.1 (/opt/ros/foxy/share/rclcpp/cmake)
[1.773s] -- Found rmw_implementation_cmake: 1.0.3 (/opt/ros/foxy/share/rmw_implementation_cmake/cmake)
[1.776s] -- Using RMW implementation 'rmw_fastrtps_cpp' as default
[2.044s] -- Found rclcpp_action: 2.3.1 (/opt/ros/foxy/share/rclcpp_action/cmake)
[2.388s] -- Found rosidl_default_generators: 1.0.1 (/opt/ros/foxy/share/rosidl_default_generators/cmake)
[2.440s] -- Found std_srvs: 2.0.4 (/opt/ros/foxy/share/std_srvs/cmake)
[2.695s] -- Found PythonInterp: /usr/bin/python3 (found version "3.8.10") 
[3.504s] -- Found ament_cmake_ros: 0.9.2 (/opt/ros/foxy/share/ament_cmake_ros/cmake)
[3.871s] -- Using all available rosidl_typesupport_c: rosidl_typesupport_fastrtps_c;rosidl_typesupport_introspection_c
[3.930s] -- Using all available rosidl_typesupport_cpp: rosidl_typesupport_fastrtps_cpp;rosidl_typesupport_introspection_cpp
[3.980s] -- Found PythonInterp: /usr/bin/python3 (found suitable version "3.8.10", minimum required is "3.5") 
[3.983s] -- Found python_cmake_module: 0.8.1 (/opt/ros/foxy/share/python_cmake_module/cmake)
[4.025s] -- Using PYTHON_EXECUTABLE: /usr/bin/python3
[4.026s] -- Using PYTHON_INCLUDE_DIRS: /usr/include/python3.8
[4.026s] -- Using PYTHON_LIBRARIES: /usr/lib/x86_64-linux-gnu/libpython3.8.so
[4.172s] -- Configuring done
[4.390s] -- Generating done
[4.395s] -- Build files have been written to: /home/joaocastilho/dev_ws/build/turtlesim
[4.418s] Invoked command in '/home/joaocastilho/dev_ws/build/turtlesim' returned '0': CMAKE_PREFIX_PATH=${CMAKE_PREFIX_PATH}:/home/joaocastilho/dev_ws/install/py_pubsub:/home/joaocastilho/dev_ws/install/my_package_python:/opt/ros/foxy /usr/bin/cmake /home/joaocastilho/dev_ws/src/ros_tutorials/turtlesim -DCMAKE_BUILD_TYPE=RelWithDebInfo -DAMENT_CMAKE_SYMLINK_INSTALL=1 -DCMAKE_INSTALL_PREFIX=/home/joaocastilho/dev_ws/install/turtlesim
[4.419s] Invoking command in '/home/joaocastilho/dev_ws/build/turtlesim': CMAKE_PREFIX_PATH=${CMAKE_PREFIX_PATH}:/home/joaocastilho/dev_ws/install/py_pubsub:/home/joaocastilho/dev_ws/install/my_package_python:/opt/ros/foxy /usr/bin/cmake --build /home/joaocastilho/dev_ws/build/turtlesim -- -j8 -l8
[4.543s] [  1%] Built target turtlesim__cpp
[4.570s] [  2%] [32mBuilding C object CMakeFiles/turtlesim__rosidl_generator_c.dir/rosidl_generator_c/turtlesim/msg/detail/color__functions.c.o[0m
[4.582s] [  3%] [32mBuilding C object CMakeFiles/turtlesim__rosidl_generator_c.dir/rosidl_generator_c/turtlesim/action/detail/rotate_absolute__functions.c.o[0m
[4.597s] [  4%] [32mBuilding C object CMakeFiles/turtlesim__rosidl_generator_c.dir/rosidl_generator_c/turtlesim/msg/detail/pose__functions.c.o[0m
[4.614s] [  5%] [32mBuilding CXX object CMakeFiles/turtlesim__rosidl_typesupport_cpp.dir/rosidl_typesupport_cpp/turtlesim/action/rotate_absolute__type_support.cpp.o[0m
[4.631s] [  6%] [32mBuilding CXX object CMakeFiles/turtlesim__rosidl_typesupport_introspection_cpp.dir/rosidl_typesupport_introspection_cpp/turtlesim/action/detail/rotate_absolute__type_support.cpp.o[0m
[4.634s] [  7%] [32mBuilding CXX object CMakeFiles/turtlesim__rosidl_typesupport_cpp.dir/rosidl_typesupport_cpp/turtlesim/msg/color__type_support.cpp.o[0m
[4.649s] [  8%] [32mBuilding C object CMakeFiles/turtlesim__rosidl_generator_c.dir/rosidl_generator_c/turtlesim/srv/detail/kill__functions.c.o[0m
[4.703s] [  9%] [32mBuilding CXX object CMakeFiles/turtlesim__rosidl_typesupport_fastrtps_cpp.dir/rosidl_typesupport_fastrtps_cpp/turtlesim/action/detail/dds_fastrtps/rotate_absolute__type_support.cpp.o[0m
[4.871s] [ 10%] [32mBuilding CXX object CMakeFiles/turtlesim__rosidl_typesupport_cpp.dir/rosidl_typesupport_cpp/turtlesim/msg/pose__type_support.cpp.o[0m
[4.895s] [ 11%] [32mBuilding C object CMakeFiles/turtlesim__rosidl_generator_c.dir/rosidl_generator_c/turtlesim/srv/detail/set_pen__functions.c.o[0m
[4.946s] [ 12%] [32mBuilding C object CMakeFiles/turtlesim__rosidl_generator_c.dir/rosidl_generator_c/turtlesim/srv/detail/spawn__functions.c.o[0m
[5.196s] [ 13%] [32mBuilding C object CMakeFiles/turtlesim__rosidl_generator_c.dir/rosidl_generator_c/turtlesim/srv/detail/teleport_absolute__functions.c.o[0m
[5.220s] [ 14%] [32mBuilding C object CMakeFiles/turtlesim__rosidl_generator_c.dir/rosidl_generator_c/turtlesim/srv/detail/teleport_relative__functions.c.o[0m
[5.273s] [ 15%] [32mBuilding CXX object CMakeFiles/turtlesim__rosidl_typesupport_cpp.dir/rosidl_typesupport_cpp/turtlesim/srv/kill__type_support.cpp.o[0m
[5.504s] [ 16%] [32mBuilding CXX object CMakeFiles/turtlesim__rosidl_typesupport_cpp.dir/rosidl_typesupport_cpp/turtlesim/srv/set_pen__type_support.cpp.o[0m
[5.543s] [ 17%] [32m[1mLinking C shared library libturtlesim__rosidl_generator_c.so[0m
[5.622s] [ 18%] [32mBuilding CXX object CMakeFiles/turtlesim__rosidl_typesupport_introspection_cpp.dir/rosidl_typesupport_introspection_cpp/turtlesim/msg/detail/color__type_support.cpp.o[0m
[5.762s] [ 19%] Built target turtlesim__rosidl_generator_c
[5.834s] [ 20%] [32mBuilding CXX object CMakeFiles/turtlesim__rosidl_typesupport_cpp.dir/rosidl_typesupport_cpp/turtlesim/srv/spawn__type_support.cpp.o[0m
[5.904s] [ 21%] [32mBuilding CXX object CMakeFiles/turtlesim__rosidl_typesupport_c.dir/rosidl_typesupport_c/turtlesim/action/rotate_absolute__type_support.cpp.o[0m
[5.964s] [ 22%] [32mBuilding CXX object CMakeFiles/turtlesim__rosidl_typesupport_cpp.dir/rosidl_typesupport_cpp/turtlesim/srv/teleport_absolute__type_support.cpp.o[0m
[6.341s] [ 23%] [32mBuilding CXX object CMakeFiles/turtlesim__rosidl_typesupport_c.dir/rosidl_typesupport_c/turtlesim/msg/color__type_support.cpp.o[0m
[6.455s] [ 24%] [32mBuilding CXX object CMakeFiles/turtlesim__rosidl_typesupport_c.dir/rosidl_typesupport_c/turtlesim/msg/pose__type_support.cpp.o[0m
[6.501s] [ 25%] [32mBuilding CXX object CMakeFiles/turtlesim__rosidl_typesupport_fastrtps_cpp.dir/rosidl_typesupport_fastrtps_cpp/turtlesim/msg/detail/dds_fastrtps/color__type_support.cpp.o[0m
[6.556s] [ 26%] [32mBuilding C object CMakeFiles/turtlesim__rosidl_typesupport_introspection_c.dir/rosidl_typesupport_introspection_c/turtlesim/action/detail/rotate_absolute__type_support.c.o[0m
[6.590s] [ 27%] [32mBuilding C object CMakeFiles/turtlesim__rosidl_typesupport_introspection_c.dir/rosidl_typesupport_introspection_c/turtlesim/msg/detail/color__type_support.c.o[0m
[6.616s] [ 28%] [32mBuilding CXX object CMakeFiles/turtlesim__rosidl_typesupport_c.dir/rosidl_typesupport_c/turtlesim/srv/kill__type_support.cpp.o[0m
[6.712s] [ 29%] [32mBuilding CXX object CMakeFiles/turtlesim__rosidl_typesupport_introspection_cpp.dir/rosidl_typesupport_introspection_cpp/turtlesim/msg/detail/pose__type_support.cpp.o[0m
[6.737s] [ 30%] [32mBuilding C object CMakeFiles/turtlesim__rosidl_typesupport_introspection_c.dir/rosidl_typesupport_introspection_c/turtlesim/msg/detail/pose__type_support.c.o[0m
[6.753s] [ 31%] [32mBuilding CXX object CMakeFiles/turtlesim__rosidl_typesupport_c.dir/rosidl_typesupport_c/turtlesim/srv/set_pen__type_support.cpp.o[0m
[6.754s] [ 32%] [32mBuilding CXX object CMakeFiles/turtlesim__rosidl_typesupport_cpp.dir/rosidl_typesupport_cpp/turtlesim/srv/teleport_relative__type_support.cpp.o[0m
[6.794s] [ 33%] [32mBuilding CXX object CMakeFiles/turtlesim__rosidl_typesupport_fastrtps_cpp.dir/rosidl_typesupport_fastrtps_cpp/turtlesim/msg/detail/dds_fastrtps/pose__type_support.cpp.o[0m
[6.806s] [ 34%] [32mBuilding C object CMakeFiles/turtlesim__rosidl_typesupport_introspection_c.dir/rosidl_typesupport_introspection_c/turtlesim/srv/detail/kill__type_support.c.o[0m
[6.862s] [ 35%] [32mBuilding CXX object CMakeFiles/turtlesim__rosidl_typesupport_c.dir/rosidl_typesupport_c/turtlesim/srv/spawn__type_support.cpp.o[0m
[6.896s] [ 36%] [32mBuilding C object CMakeFiles/turtlesim__rosidl_typesupport_introspection_c.dir/rosidl_typesupport_introspection_c/turtlesim/srv/detail/set_pen__type_support.c.o[0m
[7.008s] [ 37%] [32mBuilding C object CMakeFiles/turtlesim__rosidl_typesupport_introspection_c.dir/rosidl_typesupport_introspection_c/turtlesim/srv/detail/spawn__type_support.c.o[0m
[7.116s] [ 38%] [32mBuilding C object CMakeFiles/turtlesim__rosidl_typesupport_introspection_c.dir/rosidl_typesupport_introspection_c/turtlesim/srv/detail/teleport_absolute__type_support.c.o[0m
[7.133s] [ 39%] [32mBuilding CXX object CMakeFiles/turtlesim__rosidl_typesupport_c.dir/rosidl_typesupport_c/turtlesim/srv/teleport_absolute__type_support.cpp.o[0m
[7.161s] [ 40%] [32mBuilding C object CMakeFiles/turtlesim__rosidl_typesupport_introspection_c.dir/rosidl_typesupport_introspection_c/turtlesim/srv/detail/teleport_relative__type_support.c.o[0m
[7.245s] [ 41%] [32mBuilding CXX object CMakeFiles/turtlesim__rosidl_typesupport_fastrtps_cpp.dir/rosidl_typesupport_fastrtps_cpp/turtlesim/srv/detail/dds_fastrtps/kill__type_support.cpp.o[0m
[7.339s] [ 42%] [32mBuilding CXX object CMakeFiles/turtlesim__rosidl_typesupport_c.dir/rosidl_typesupport_c/turtlesim/srv/teleport_relative__type_support.cpp.o[0m
[7.430s] [ 43%] [32m[1mLinking C shared library libturtlesim__rosidl_typesupport_introspection_c.so[0m
[7.608s] [ 44%] [32m[1mLinking CXX shared library libturtlesim__rosidl_typesupport_c.so[0m
[7.697s] [ 45%] Built target turtlesim__rosidl_typesupport_introspection_c
[7.791s] [ 46%] [32mBuilding CXX object CMakeFiles/turtlesim__rosidl_typesupport_introspection_cpp.dir/rosidl_typesupport_introspection_cpp/turtlesim/srv/detail/kill__type_support.cpp.o[0m
[7.858s] [ 47%] [32mBuilding CXX object CMakeFiles/turtlesim__rosidl_typesupport_introspection_cpp.dir/rosidl_typesupport_introspection_cpp/turtlesim/srv/detail/set_pen__type_support.cpp.o[0m
[7.882s] [ 48%] [32mBuilding CXX object CMakeFiles/turtlesim__rosidl_typesupport_fastrtps_cpp.dir/rosidl_typesupport_fastrtps_cpp/turtlesim/srv/detail/dds_fastrtps/spawn__type_support.cpp.o[0m
[7.884s] [ 49%] [32mBuilding CXX object CMakeFiles/turtlesim__rosidl_typesupport_fastrtps_cpp.dir/rosidl_typesupport_fastrtps_cpp/turtlesim/srv/detail/dds_fastrtps/set_pen__type_support.cpp.o[0m
[7.900s] [ 50%] Built target turtlesim__rosidl_typesupport_c
[7.953s] [ 51%] [32mBuilding CXX object CMakeFiles/turtlesim__rosidl_typesupport_introspection_cpp.dir/rosidl_typesupport_introspection_cpp/turtlesim/srv/detail/spawn__type_support.cpp.o[0m
[8.156s] [ 52%] [32m[1mLinking CXX shared library libturtlesim__rosidl_typesupport_cpp.so[0m
[8.419s] [ 53%] Built target turtlesim__rosidl_typesupport_cpp
[8.457s] [ 54%] [32mBuilding CXX object CMakeFiles/turtlesim__rosidl_typesupport_fastrtps_cpp.dir/rosidl_typesupport_fastrtps_cpp/turtlesim/srv/detail/dds_fastrtps/teleport_absolute__type_support.cpp.o[0m
[8.654s] [ 55%] [32mBuilding CXX object CMakeFiles/turtlesim__rosidl_typesupport_fastrtps_cpp.dir/rosidl_typesupport_fastrtps_cpp/turtlesim/srv/detail/dds_fastrtps/teleport_relative__type_support.cpp.o[0m
[8.862s] [ 56%] [32mBuilding CXX object CMakeFiles/turtlesim__rosidl_typesupport_introspection_cpp.dir/rosidl_typesupport_introspection_cpp/turtlesim/srv/detail/teleport_absolute__type_support.cpp.o[0m
[8.986s] [ 57%] [32mBuilding CXX object CMakeFiles/turtlesim__rosidl_typesupport_introspection_cpp.dir/rosidl_typesupport_introspection_cpp/turtlesim/srv/detail/teleport_relative__type_support.cpp.o[0m
[9.959s] [ 58%] [32m[1mLinking CXX shared library libturtlesim__rosidl_typesupport_introspection_cpp.so[0m
[10.167s] [ 59%] Built target turtlesim__rosidl_typesupport_introspection_cpp
[10.257s] [ 60%] [32m[1mLinking CXX shared library libturtlesim__rosidl_typesupport_fastrtps_cpp.so[0m
[10.464s] [ 61%] Built target turtlesim__rosidl_typesupport_fastrtps_cpp
[10.520s] [ 62%] [32mBuilding CXX object CMakeFiles/turtlesim__rosidl_typesupport_fastrtps_c.dir/rosidl_typesupport_fastrtps_c/turtlesim/srv/detail/teleport_relative__type_support_c.cpp.o[0m
[10.528s] [ 63%] [32mBuilding CXX object CMakeFiles/turtlesim__rosidl_typesupport_fastrtps_c.dir/rosidl_typesupport_fastrtps_c/turtlesim/srv/detail/kill__type_support_c.cpp.o[0m
[10.536s] [ 64%] [32mBuilding CXX object CMakeFiles/turtlesim__rosidl_typesupport_fastrtps_c.dir/rosidl_typesupport_fastrtps_c/turtlesim/msg/detail/color__type_support_c.cpp.o[0m
[10.538s] [ 65%] [32mBuilding CXX object CMakeFiles/turtlesim__rosidl_typesupport_fastrtps_c.dir/rosidl_typesupport_fastrtps_c/turtlesim/action/detail/rotate_absolute__type_support_c.cpp.o[0m
[10.540s] [ 66%] [32mBuilding CXX object CMakeFiles/turtlesim__rosidl_typesupport_fastrtps_c.dir/rosidl_typesupport_fastrtps_c/turtlesim/srv/detail/spawn__type_support_c.cpp.o[0m
[10.548s] [ 67%] [32mBuilding CXX object CMakeFiles/turtlesim__rosidl_typesupport_fastrtps_c.dir/rosidl_typesupport_fastrtps_c/turtlesim/srv/detail/teleport_absolute__type_support_c.cpp.o[0m
[10.550s] [ 68%] [32mBuilding CXX object CMakeFiles/turtlesim__rosidl_typesupport_fastrtps_c.dir/rosidl_typesupport_fastrtps_c/turtlesim/msg/detail/pose__type_support_c.cpp.o[0m
[10.563s] [ 69%] [32mBuilding CXX object CMakeFiles/turtlesim__rosidl_typesupport_fastrtps_c.dir/rosidl_typesupport_fastrtps_c/turtlesim/srv/detail/set_pen__type_support_c.cpp.o[0m
[12.388s] [ 70%] [32m[1mLinking CXX shared library libturtlesim__rosidl_typesupport_fastrtps_c.so[0m
[12.538s] [ 71%] Built target turtlesim__rosidl_typesupport_fastrtps_c
[12.575s] [ 71%] Built target turtlesim
[12.634s] [ 72%] Built target turtlesim__py
[12.664s] [ 73%] [32mBuilding CXX object CMakeFiles/draw_square.dir/tutorials/draw_square.cpp.o[0m
[12.669s] [ 74%] [32mBuilding CXX object CMakeFiles/mimic.dir/tutorials/mimic.cpp.o[0m
[12.681s] [ 75%] [32mBuilding CXX object CMakeFiles/turtle_teleop_key.dir/tutorials/teleop_turtle_key.cpp.o[0m
[12.698s] [ 76%] [32mBuilding CXX object CMakeFiles/turtlesim_node.dir/src/turtlesim.cpp.o[0m
[12.749s] [ 77%] [32mBuilding CXX object CMakeFiles/turtlesim_node.dir/src/turtle.cpp.o[0m
[12.757s] [ 78%] [32mBuilding CXX object CMakeFiles/turtlesim_node.dir/src/turtle_frame.cpp.o[0m
[12.779s] [ 79%] [32mBuilding CXX object CMakeFiles/turtlesim_node.dir/include/turtlesim/moc_turtle_frame.cpp.o[0m
[12.806s] [ 80%] [32mBuilding C object CMakeFiles/turtlesim__python.dir/rosidl_generator_py/turtlesim/action/_rotate_absolute_s.c.o[0m
[13.787s] [ 81%] [32mBuilding C object CMakeFiles/turtlesim__python.dir/rosidl_generator_py/turtlesim/msg/_color_s.c.o[0m
[14.092s] [ 82%] [32mBuilding C object CMakeFiles/turtlesim__python.dir/rosidl_generator_py/turtlesim/msg/_pose_s.c.o[0m
[14.566s] [ 83%] [32mBuilding C object CMakeFiles/turtlesim__python.dir/rosidl_generator_py/turtlesim/srv/_kill_s.c.o[0m
[15.101s] [ 84%] [32mBuilding C object CMakeFiles/turtlesim__python.dir/rosidl_generator_py/turtlesim/srv/_set_pen_s.c.o[0m
[16.657s] [ 85%] [32mBuilding C object CMakeFiles/turtlesim__python.dir/rosidl_generator_py/turtlesim/srv/_spawn_s.c.o[0m
[17.214s] [ 86%] [32mBuilding C object CMakeFiles/turtlesim__python.dir/rosidl_generator_py/turtlesim/srv/_teleport_absolute_s.c.o[0m
[17.818s] [ 87%] [32mBuilding C object CMakeFiles/turtlesim__python.dir/rosidl_generator_py/turtlesim/srv/_teleport_relative_s.c.o[0m
[18.279s] [ 88%] [32m[1mLinking C shared library rosidl_generator_py/turtlesim/libturtlesim__python.so[0m
[18.563s] [ 88%] Built target turtlesim__python
[18.728s] [ 89%] [32mBuilding C object CMakeFiles/turtlesim__rosidl_typesupport_introspection_c__pyext.dir/rosidl_generator_py/turtlesim/_turtlesim_s.ep.rosidl_typesupport_introspection_c.c.o[0m
[19.897s] [ 90%] [32m[1mLinking C shared library rosidl_generator_py/turtlesim/turtlesim_s__rosidl_typesupport_introspection_c.cpython-38-x86_64-linux-gnu.so[0m
[20.122s] [ 90%] Built target turtlesim__rosidl_typesupport_introspection_c__pyext
[20.293s] [ 91%] [32mBuilding C object CMakeFiles/turtlesim__rosidl_typesupport_fastrtps_c__pyext.dir/rosidl_generator_py/turtlesim/_turtlesim_s.ep.rosidl_typesupport_fastrtps_c.c.o[0m
[21.945s] [ 92%] [32mBuilding C object CMakeFiles/turtlesim__rosidl_typesupport_c__pyext.dir/rosidl_generator_py/turtlesim/_turtlesim_s.ep.rosidl_typesupport_c.c.o[0m
[22.022s] [ 93%] [32m[1mLinking CXX shared library rosidl_generator_py/turtlesim/turtlesim_s__rosidl_typesupport_fastrtps_c.cpython-38-x86_64-linux-gnu.so[0m
[22.396s] [ 93%] Built target turtlesim__rosidl_typesupport_fastrtps_c__pyext
[23.287s] [ 94%] [32m[1mLinking C shared library rosidl_generator_py/turtlesim/turtlesim_s__rosidl_typesupport_c.cpython-38-x86_64-linux-gnu.so[0m
[23.418s] [ 94%] Built target turtlesim__rosidl_typesupport_c__pyext
[32.224s] [ 95%] [32m[1mLinking CXX executable turtle_teleop_key[0m
[33.170s] [ 95%] Built target turtle_teleop_key
[41.085s] [ 96%] [32m[1mLinking CXX executable mimic[0m
[41.792s] [ 96%] Built target mimic
[44.322s] [ 97%] [32m[1mLinking CXX executable draw_square[0m
[44.976s] [ 97%] Built target draw_square
[52.641s] [ 98%] [32m[1mLinking CXX executable turtlesim_node[0m
[54.169s] [100%] Built target turtlesim_node
[54.184s] Invoked command in '/home/joaocastilho/dev_ws/build/turtlesim' returned '0': CMAKE_PREFIX_PATH=${CMAKE_PREFIX_PATH}:/home/joaocastilho/dev_ws/install/py_pubsub:/home/joaocastilho/dev_ws/install/my_package_python:/opt/ros/foxy /usr/bin/cmake --build /home/joaocastilho/dev_ws/build/turtlesim -- -j8 -l8
[54.350s] Invoking command in '/home/joaocastilho/dev_ws/build/turtlesim': CMAKE_PREFIX_PATH=${CMAKE_PREFIX_PATH}:/home/joaocastilho/dev_ws/install/py_pubsub:/home/joaocastilho/dev_ws/install/my_package_python:/opt/ros/foxy /usr/bin/cmake --install /home/joaocastilho/dev_ws/build/turtlesim
[54.362s] -- Install configuration: "RelWithDebInfo"
[54.363s] -- Execute custom install script
[54.364s] -- Symlinking: /home/joaocastilho/dev_ws/install/turtlesim/share/ament_index/resource_index/rosidl_interfaces/turtlesim
[54.376s] -- Symlinking: /home/joaocastilho/dev_ws/install/turtlesim/include/turtlesim/action/detail/rotate_absolute__functions.h
[54.385s] -- Symlinking: /home/joaocastilho/dev_ws/install/turtlesim/include/turtlesim/action/detail/rotate_absolute__struct.h
[54.395s] -- Symlinking: /home/joaocastilho/dev_ws/install/turtlesim/include/turtlesim/action/detail/rotate_absolute__type_support.h
[54.405s] -- Symlinking: /home/joaocastilho/dev_ws/install/turtlesim/include/turtlesim/action/rotate_absolute.h
[54.417s] -- Symlinking: /home/joaocastilho/dev_ws/install/turtlesim/include/turtlesim/msg/color.h
[54.426s] -- Symlinking: /home/joaocastilho/dev_ws/install/turtlesim/include/turtlesim/msg/detail/color__functions.h
[54.435s] -- Symlinking: /home/joaocastilho/dev_ws/install/turtlesim/include/turtlesim/msg/detail/color__struct.h
[54.445s] -- Symlinking: /home/joaocastilho/dev_ws/install/turtlesim/include/turtlesim/msg/detail/color__type_support.h
[54.454s] -- Symlinking: /home/joaocastilho/dev_ws/install/turtlesim/include/turtlesim/msg/detail/pose__functions.h
[54.464s] -- Symlinking: /home/joaocastilho/dev_ws/install/turtlesim/include/turtlesim/msg/detail/pose__struct.h
[54.475s] -- Symlinking: /home/joaocastilho/dev_ws/install/turtlesim/include/turtlesim/msg/detail/pose__type_support.h
[54.485s] -- Symlinking: /home/joaocastilho/dev_ws/install/turtlesim/include/turtlesim/msg/pose.h
[54.495s] -- Symlinking: /home/joaocastilho/dev_ws/install/turtlesim/include/turtlesim/msg/rosidl_generator_c__visibility_control.h
[54.505s] -- Symlinking: /home/joaocastilho/dev_ws/install/turtlesim/include/turtlesim/srv/detail/kill__functions.h
[54.516s] -- Symlinking: /home/joaocastilho/dev_ws/install/turtlesim/include/turtlesim/srv/detail/kill__struct.h
[54.526s] -- Symlinking: /home/joaocastilho/dev_ws/install/turtlesim/include/turtlesim/srv/detail/kill__type_support.h
[54.536s] -- Symlinking: /home/joaocastilho/dev_ws/install/turtlesim/include/turtlesim/srv/detail/set_pen__functions.h
[54.546s] -- Symlinking: /home/joaocastilho/dev_ws/install/turtlesim/include/turtlesim/srv/detail/set_pen__struct.h
[54.558s] -- Symlinking: /home/joaocastilho/dev_ws/install/turtlesim/include/turtlesim/srv/detail/set_pen__type_support.h
[54.570s] -- Symlinking: /home/joaocastilho/dev_ws/install/turtlesim/include/turtlesim/srv/detail/spawn__functions.h
[54.581s] -- Symlinking: /home/joaocastilho/dev_ws/install/turtlesim/include/turtlesim/srv/detail/spawn__struct.h
[54.593s] -- Symlinking: /home/joaocastilho/dev_ws/install/turtlesim/include/turtlesim/srv/detail/spawn__type_support.h
[54.604s] -- Symlinking: /home/joaocastilho/dev_ws/install/turtlesim/include/turtlesim/srv/detail/teleport_absolute__functions.h
[54.614s] -- Symlinking: /home/joaocastilho/dev_ws/install/turtlesim/include/turtlesim/srv/detail/teleport_absolute__struct.h
[54.625s] -- Symlinking: /home/joaocastilho/dev_ws/install/turtlesim/include/turtlesim/srv/detail/teleport_absolute__type_support.h
[54.640s] -- Symlinking: /home/joaocastilho/dev_ws/install/turtlesim/include/turtlesim/srv/detail/teleport_relative__functions.h
[54.652s] -- Symlinking: /home/joaocastilho/dev_ws/install/turtlesim/include/turtlesim/srv/detail/teleport_relative__struct.h
[54.664s] -- Symlinking: /home/joaocastilho/dev_ws/install/turtlesim/include/turtlesim/srv/detail/teleport_relative__type_support.h
[54.674s] -- Symlinking: /home/joaocastilho/dev_ws/install/turtlesim/include/turtlesim/srv/kill.h
[54.684s] -- Symlinking: /home/joaocastilho/dev_ws/install/turtlesim/include/turtlesim/srv/set_pen.h
[54.694s] -- Symlinking: /home/joaocastilho/dev_ws/install/turtlesim/include/turtlesim/srv/spawn.h
[54.705s] -- Symlinking: /home/joaocastilho/dev_ws/install/turtlesim/include/turtlesim/srv/teleport_absolute.h
[54.715s] -- Symlinking: /home/joaocastilho/dev_ws/install/turtlesim/include/turtlesim/srv/teleport_relative.h
[54.725s] -- Symlinking: /home/joaocastilho/dev_ws/install/turtlesim/share/turtlesim/environment/library_path.sh
[54.735s] -- Symlinking: /home/joaocastilho/dev_ws/install/turtlesim/share/turtlesim/environment/library_path.dsv
[54.746s] -- Symlinking: /home/joaocastilho/dev_ws/install/turtlesim/include/turtlesim/action/detail/rotate_absolute__rosidl_typesupport_fastrtps_c.h
[54.756s] -- Symlinking: /home/joaocastilho/dev_ws/install/turtlesim/include/turtlesim/msg/detail/color__rosidl_typesupport_fastrtps_c.h
[54.766s] -- Symlinking: /home/joaocastilho/dev_ws/install/turtlesim/include/turtlesim/msg/detail/pose__rosidl_typesupport_fastrtps_c.h
[54.777s] -- Symlinking: /home/joaocastilho/dev_ws/install/turtlesim/include/turtlesim/msg/rosidl_typesupport_fastrtps_c__visibility_control.h
[54.787s] -- Symlinking: /home/joaocastilho/dev_ws/install/turtlesim/include/turtlesim/srv/detail/kill__rosidl_typesupport_fastrtps_c.h
[54.797s] -- Symlinking: /home/joaocastilho/dev_ws/install/turtlesim/include/turtlesim/srv/detail/set_pen__rosidl_typesupport_fastrtps_c.h
[54.806s] -- Symlinking: /home/joaocastilho/dev_ws/install/turtlesim/include/turtlesim/srv/detail/spawn__rosidl_typesupport_fastrtps_c.h
[54.816s] -- Symlinking: /home/joaocastilho/dev_ws/install/turtlesim/include/turtlesim/srv/detail/teleport_absolute__rosidl_typesupport_fastrtps_c.h
[54.826s] -- Symlinking: /home/joaocastilho/dev_ws/install/turtlesim/include/turtlesim/srv/detail/teleport_relative__rosidl_typesupport_fastrtps_c.h
[54.837s] -- Symlinking: /home/joaocastilho/dev_ws/install/turtlesim/lib/libturtlesim__rosidl_typesupport_fastrtps_c.so
[54.848s] -- Symlinking: /home/joaocastilho/dev_ws/install/turtlesim/include/turtlesim/action/detail/rotate_absolute__rosidl_typesupport_fastrtps_cpp.hpp
[54.859s] -- Symlinking: /home/joaocastilho/dev_ws/install/turtlesim/include/turtlesim/msg/detail/color__rosidl_typesupport_fastrtps_cpp.hpp
[54.869s] -- Symlinking: /home/joaocastilho/dev_ws/install/turtlesim/include/turtlesim/msg/detail/pose__rosidl_typesupport_fastrtps_cpp.hpp
[54.879s] -- Symlinking: /home/joaocastilho/dev_ws/install/turtlesim/include/turtlesim/msg/rosidl_typesupport_fastrtps_cpp__visibility_control.h
[54.890s] -- Symlinking: /home/joaocastilho/dev_ws/install/turtlesim/include/turtlesim/srv/detail/kill__rosidl_typesupport_fastrtps_cpp.hpp
[54.901s] -- Symlinking: /home/joaocastilho/dev_ws/install/turtlesim/include/turtlesim/srv/detail/set_pen__rosidl_typesupport_fastrtps_cpp.hpp
[54.912s] -- Symlinking: /home/joaocastilho/dev_ws/install/turtlesim/include/turtlesim/srv/detail/spawn__rosidl_typesupport_fastrtps_cpp.hpp
[54.922s] -- Symlinking: /home/joaocastilho/dev_ws/install/turtlesim/include/turtlesim/srv/detail/teleport_absolute__rosidl_typesupport_fastrtps_cpp.hpp
[54.933s] -- Symlinking: /home/joaocastilho/dev_ws/install/turtlesim/include/turtlesim/srv/detail/teleport_relative__rosidl_typesupport_fastrtps_cpp.hpp
[54.943s] -- Symlinking: /home/joaocastilho/dev_ws/install/turtlesim/lib/libturtlesim__rosidl_typesupport_fastrtps_cpp.so
[54.954s] -- Symlinking: /home/joaocastilho/dev_ws/install/turtlesim/include/turtlesim/action/detail/rotate_absolute__rosidl_typesupport_introspection_c.h
[54.967s] -- Symlinking: /home/joaocastilho/dev_ws/install/turtlesim/include/turtlesim/msg/detail/color__rosidl_typesupport_introspection_c.h
[54.978s] -- Symlinking: /home/joaocastilho/dev_ws/install/turtlesim/include/turtlesim/msg/detail/pose__rosidl_typesupport_introspection_c.h
[54.988s] -- Symlinking: /home/joaocastilho/dev_ws/install/turtlesim/include/turtlesim/msg/rosidl_typesupport_introspection_c__visibility_control.h
[54.997s] -- Symlinking: /home/joaocastilho/dev_ws/install/turtlesim/include/turtlesim/srv/detail/kill__rosidl_typesupport_introspection_c.h
[55.007s] -- Symlinking: /home/joaocastilho/dev_ws/install/turtlesim/include/turtlesim/srv/detail/set_pen__rosidl_typesupport_introspection_c.h
[55.017s] -- Symlinking: /home/joaocastilho/dev_ws/install/turtlesim/include/turtlesim/srv/detail/spawn__rosidl_typesupport_introspection_c.h
[55.027s] -- Symlinking: /home/joaocastilho/dev_ws/install/turtlesim/include/turtlesim/srv/detail/teleport_absolute__rosidl_typesupport_introspection_c.h
[55.037s] -- Symlinking: /home/joaocastilho/dev_ws/install/turtlesim/include/turtlesim/srv/detail/teleport_relative__rosidl_typesupport_introspection_c.h
[55.048s] -- Symlinking: /home/joaocastilho/dev_ws/install/turtlesim/include/turtlesim/action/detail/rotate_absolute__builder.hpp
[55.058s] -- Symlinking: /home/joaocastilho/dev_ws/install/turtlesim/include/turtlesim/action/detail/rotate_absolute__struct.hpp
[55.068s] -- Symlinking: /home/joaocastilho/dev_ws/install/turtlesim/include/turtlesim/action/detail/rotate_absolute__traits.hpp
[55.078s] -- Symlinking: /home/joaocastilho/dev_ws/install/turtlesim/include/turtlesim/action/rotate_absolute.hpp
[55.088s] -- Symlinking: /home/joaocastilho/dev_ws/install/turtlesim/include/turtlesim/msg/color.hpp
[55.098s] -- Symlinking: /home/joaocastilho/dev_ws/install/turtlesim/include/turtlesim/msg/detail/color__builder.hpp
[55.109s] -- Symlinking: /home/joaocastilho/dev_ws/install/turtlesim/include/turtlesim/msg/detail/color__struct.hpp
[55.120s] -- Symlinking: /home/joaocastilho/dev_ws/install/turtlesim/include/turtlesim/msg/detail/color__traits.hpp
[55.130s] -- Symlinking: /home/joaocastilho/dev_ws/install/turtlesim/include/turtlesim/msg/detail/pose__builder.hpp
[55.140s] -- Symlinking: /home/joaocastilho/dev_ws/install/turtlesim/include/turtlesim/msg/detail/pose__struct.hpp
[55.151s] -- Symlinking: /home/joaocastilho/dev_ws/install/turtlesim/include/turtlesim/msg/detail/pose__traits.hpp
[55.161s] -- Symlinking: /home/joaocastilho/dev_ws/install/turtlesim/include/turtlesim/msg/pose.hpp
[55.170s] -- Symlinking: /home/joaocastilho/dev_ws/install/turtlesim/include/turtlesim/srv/detail/kill__builder.hpp
[55.180s] -- Symlinking: /home/joaocastilho/dev_ws/install/turtlesim/include/turtlesim/srv/detail/kill__struct.hpp
[55.189s] -- Symlinking: /home/joaocastilho/dev_ws/install/turtlesim/include/turtlesim/srv/detail/kill__traits.hpp
[55.199s] -- Symlinking: /home/joaocastilho/dev_ws/install/turtlesim/include/turtlesim/srv/detail/set_pen__builder.hpp
[55.209s] -- Symlinking: /home/joaocastilho/dev_ws/install/turtlesim/include/turtlesim/srv/detail/set_pen__struct.hpp
[55.219s] -- Symlinking: /home/joaocastilho/dev_ws/install/turtlesim/include/turtlesim/srv/detail/set_pen__traits.hpp
[55.229s] -- Symlinking: /home/joaocastilho/dev_ws/install/turtlesim/include/turtlesim/srv/detail/spawn__builder.hpp
[55.239s] -- Symlinking: /home/joaocastilho/dev_ws/install/turtlesim/include/turtlesim/srv/detail/spawn__struct.hpp
[55.249s] -- Symlinking: /home/joaocastilho/dev_ws/install/turtlesim/include/turtlesim/srv/detail/spawn__traits.hpp
[55.260s] -- Symlinking: /home/joaocastilho/dev_ws/install/turtlesim/include/turtlesim/srv/detail/teleport_absolute__builder.hpp
[55.270s] -- Symlinking: /home/joaocastilho/dev_ws/install/turtlesim/include/turtlesim/srv/detail/teleport_absolute__struct.hpp
[55.280s] -- Symlinking: /home/joaocastilho/dev_ws/install/turtlesim/include/turtlesim/srv/detail/teleport_absolute__traits.hpp
[55.289s] -- Symlinking: /home/joaocastilho/dev_ws/install/turtlesim/include/turtlesim/srv/detail/teleport_relative__builder.hpp
[55.299s] -- Symlinking: /home/joaocastilho/dev_ws/install/turtlesim/include/turtlesim/srv/detail/teleport_relative__struct.hpp
[55.310s] -- Symlinking: /home/joaocastilho/dev_ws/install/turtlesim/include/turtlesim/srv/detail/teleport_relative__traits.hpp
[55.320s] -- Symlinking: /home/joaocastilho/dev_ws/install/turtlesim/include/turtlesim/srv/kill.hpp
[55.330s] -- Symlinking: /home/joaocastilho/dev_ws/install/turtlesim/include/turtlesim/srv/set_pen.hpp
[55.341s] -- Symlinking: /home/joaocastilho/dev_ws/install/turtlesim/include/turtlesim/srv/spawn.hpp
[55.352s] -- Symlinking: /home/joaocastilho/dev_ws/install/turtlesim/include/turtlesim/srv/teleport_absolute.hpp
[55.362s] -- Symlinking: /home/joaocastilho/dev_ws/install/turtlesim/include/turtlesim/srv/teleport_relative.hpp
[55.375s] -- Symlinking: /home/joaocastilho/dev_ws/install/turtlesim/include/turtlesim/action/detail/rotate_absolute__rosidl_typesupport_introspection_cpp.hpp
[55.386s] -- Symlinking: /home/joaocastilho/dev_ws/install/turtlesim/include/turtlesim/msg/detail/color__rosidl_typesupport_introspection_cpp.hpp
[55.397s] -- Symlinking: /home/joaocastilho/dev_ws/install/turtlesim/include/turtlesim/msg/detail/pose__rosidl_typesupport_introspection_cpp.hpp
[55.409s] -- Symlinking: /home/joaocastilho/dev_ws/install/turtlesim/include/turtlesim/srv/detail/kill__rosidl_typesupport_introspection_cpp.hpp
[55.418s] -- Symlinking: /home/joaocastilho/dev_ws/install/turtlesim/include/turtlesim/srv/detail/set_pen__rosidl_typesupport_introspection_cpp.hpp
[55.428s] -- Symlinking: /home/joaocastilho/dev_ws/install/turtlesim/include/turtlesim/srv/detail/spawn__rosidl_typesupport_introspection_cpp.hpp
[55.439s] -- Symlinking: /home/joaocastilho/dev_ws/install/turtlesim/include/turtlesim/srv/detail/teleport_absolute__rosidl_typesupport_introspection_cpp.hpp
[55.449s] -- Symlinking: /home/joaocastilho/dev_ws/install/turtlesim/include/turtlesim/srv/detail/teleport_relative__rosidl_typesupport_introspection_cpp.hpp
[55.462s] -- Symlinking: /home/joaocastilho/dev_ws/install/turtlesim/share/turtlesim/environment/pythonpath.sh
[55.473s] -- Symlinking: /home/joaocastilho/dev_ws/install/turtlesim/share/turtlesim/environment/pythonpath.dsv
[55.485s] -- Symlinking: /home/joaocastilho/dev_ws/install/turtlesim/lib/python3.8/site-packages/turtlesim/__init__.py
[55.500s] -- Symlinking: /home/joaocastilho/dev_ws/install/turtlesim/lib/python3.8/site-packages/turtlesim/action/__init__.py
[55.512s] -- Symlinking: /home/joaocastilho/dev_ws/install/turtlesim/lib/python3.8/site-packages/turtlesim/action/_rotate_absolute.py
[55.525s] -- Symlinking: /home/joaocastilho/dev_ws/install/turtlesim/lib/python3.8/site-packages/turtlesim/msg/__init__.py
[55.539s] -- Symlinking: /home/joaocastilho/dev_ws/install/turtlesim/lib/python3.8/site-packages/turtlesim/msg/_color.py
[55.553s] -- Symlinking: /home/joaocastilho/dev_ws/install/turtlesim/lib/python3.8/site-packages/turtlesim/msg/_pose.py
[55.568s] -- Symlinking: /home/joaocastilho/dev_ws/install/turtlesim/lib/python3.8/site-packages/turtlesim/srv/__init__.py
[55.581s] -- Symlinking: /home/joaocastilho/dev_ws/install/turtlesim/lib/python3.8/site-packages/turtlesim/srv/_kill.py
[55.595s] -- Symlinking: /home/joaocastilho/dev_ws/install/turtlesim/lib/python3.8/site-packages/turtlesim/srv/_set_pen.py
[55.607s] -- Symlinking: /home/joaocastilho/dev_ws/install/turtlesim/lib/python3.8/site-packages/turtlesim/srv/_spawn.py
[55.618s] -- Symlinking: /home/joaocastilho/dev_ws/install/turtlesim/lib/python3.8/site-packages/turtlesim/srv/_teleport_absolute.py
[55.632s] -- Symlinking: /home/joaocastilho/dev_ws/install/turtlesim/lib/python3.8/site-packages/turtlesim/srv/_teleport_relative.py
[55.645s] -- Symlinking: /home/joaocastilho/dev_ws/install/turtlesim/lib/python3.8/site-packages/turtlesim/turtlesim_s__rosidl_typesupport_fastrtps_c.cpython-38-x86_64-linux-gnu.so
[55.659s] -- Symlinking: /home/joaocastilho/dev_ws/install/turtlesim/lib/python3.8/site-packages/turtlesim/turtlesim_s__rosidl_typesupport_introspection_c.cpython-38-x86_64-linux-gnu.so
[55.670s] -- Symlinking: /home/joaocastilho/dev_ws/install/turtlesim/lib/python3.8/site-packages/turtlesim/turtlesim_s__rosidl_typesupport_c.cpython-38-x86_64-linux-gnu.so
[55.683s] -- Symlinking: /home/joaocastilho/dev_ws/install/turtlesim/lib/libturtlesim__python.so
[55.695s] -- Symlinking: /home/joaocastilho/dev_ws/install/turtlesim/share/turtlesim/action/RotateAbsolute.idl
[55.707s] -- Symlinking: /home/joaocastilho/dev_ws/install/turtlesim/share/turtlesim/msg/Color.idl
[55.718s] -- Symlinking: /home/joaocastilho/dev_ws/install/turtlesim/share/turtlesim/msg/Pose.idl
[55.730s] -- Symlinking: /home/joaocastilho/dev_ws/install/turtlesim/share/turtlesim/srv/Kill.idl
[55.740s] -- Symlinking: /home/joaocastilho/dev_ws/install/turtlesim/share/turtlesim/srv/SetPen.idl
[55.753s] -- Symlinking: /home/joaocastilho/dev_ws/install/turtlesim/share/turtlesim/srv/Spawn.idl
[55.764s] -- Symlinking: /home/joaocastilho/dev_ws/install/turtlesim/share/turtlesim/srv/TeleportAbsolute.idl
[55.774s] -- Symlinking: /home/joaocastilho/dev_ws/install/turtlesim/share/turtlesim/srv/TeleportRelative.idl
[55.785s] -- Symlinking: /home/joaocastilho/dev_ws/install/turtlesim/share/turtlesim/action/RotateAbsolute.action
[55.796s] -- Symlinking: /home/joaocastilho/dev_ws/install/turtlesim/share/turtlesim/msg/Color.msg
[55.806s] -- Symlinking: /home/joaocastilho/dev_ws/install/turtlesim/share/turtlesim/msg/Pose.msg
[55.816s] -- Symlinking: /home/joaocastilho/dev_ws/install/turtlesim/share/turtlesim/srv/Kill.srv
[55.828s] -- Symlinking: /home/joaocastilho/dev_ws/install/turtlesim/share/turtlesim/srv/Kill_Request.msg
[55.838s] -- Symlinking: /home/joaocastilho/dev_ws/install/turtlesim/share/turtlesim/srv/Kill_Response.msg
[55.850s] -- Symlinking: /home/joaocastilho/dev_ws/install/turtlesim/share/turtlesim/srv/SetPen.srv
[55.862s] -- Symlinking: /home/joaocastilho/dev_ws/install/turtlesim/share/turtlesim/srv/SetPen_Request.msg
[55.872s] -- Symlinking: /home/joaocastilho/dev_ws/install/turtlesim/share/turtlesim/srv/SetPen_Response.msg
[55.885s] -- Symlinking: /home/joaocastilho/dev_ws/install/turtlesim/share/turtlesim/srv/Spawn.srv
[55.897s] -- Symlinking: /home/joaocastilho/dev_ws/install/turtlesim/share/turtlesim/srv/Spawn_Request.msg
[55.907s] -- Symlinking: /home/joaocastilho/dev_ws/install/turtlesim/share/turtlesim/srv/Spawn_Response.msg
[55.917s] -- Symlinking: /home/joaocastilho/dev_ws/install/turtlesim/share/turtlesim/srv/TeleportAbsolute.srv
[55.928s] -- Symlinking: /home/joaocastilho/dev_ws/install/turtlesim/share/turtlesim/srv/TeleportAbsolute_Request.msg
[55.938s] -- Symlinking: /home/joaocastilho/dev_ws/install/turtlesim/share/turtlesim/srv/TeleportAbsolute_Response.msg
[55.950s] -- Symlinking: /home/joaocastilho/dev_ws/install/turtlesim/share/turtlesim/srv/TeleportRelative.srv
[55.962s] -- Symlinking: /home/joaocastilho/dev_ws/install/turtlesim/share/turtlesim/srv/TeleportRelative_Request.msg
[55.973s] -- Symlinking: /home/joaocastilho/dev_ws/install/turtlesim/share/turtlesim/srv/TeleportRelative_Response.msg
[55.984s] -- Symlinking: /home/joaocastilho/dev_ws/install/turtlesim/lib/turtlesim/turtlesim_node
[55.996s] -- Symlinking: /home/joaocastilho/dev_ws/install/turtlesim/lib/turtlesim/turtle_teleop_key
[56.005s] -- Symlinking: /home/joaocastilho/dev_ws/install/turtlesim/lib/turtlesim/draw_square
[56.017s] -- Symlinking: /home/joaocastilho/dev_ws/install/turtlesim/lib/turtlesim/mimic
[56.029s] -- Symlinking: /home/joaocastilho/dev_ws/install/turtlesim/share/turtlesim/launch/multisim.launch.py
[56.038s] -- Symlinking: /home/joaocastilho/dev_ws/install/turtlesim/share/ament_index/resource_index/package_run_dependencies/turtlesim
[56.050s] -- Symlinking: /home/joaocastilho/dev_ws/install/turtlesim/share/ament_index/resource_index/parent_prefix_path/turtlesim
[56.062s] -- Symlinking: /home/joaocastilho/dev_ws/install/turtlesim/share/turtlesim/environment/ament_prefix_path.sh
[56.072s] -- Symlinking: /home/joaocastilho/dev_ws/install/turtlesim/share/turtlesim/environment/ament_prefix_path.dsv
[56.083s] -- Symlinking: /home/joaocastilho/dev_ws/install/turtlesim/share/turtlesim/environment/path.sh
[56.093s] -- Symlinking: /home/joaocastilho/dev_ws/install/turtlesim/share/turtlesim/environment/path.dsv
[56.104s] -- Symlinking: /home/joaocastilho/dev_ws/install/turtlesim/share/turtlesim/local_setup.bash
[56.114s] -- Symlinking: /home/joaocastilho/dev_ws/install/turtlesim/share/turtlesim/local_setup.sh
[56.125s] -- Symlinking: /home/joaocastilho/dev_ws/install/turtlesim/share/turtlesim/local_setup.zsh
[56.135s] -- Symlinking: /home/joaocastilho/dev_ws/install/turtlesim/share/turtlesim/local_setup.dsv
[56.146s] -- Symlinking: /home/joaocastilho/dev_ws/install/turtlesim/share/turtlesim/package.dsv
[56.157s] -- Symlinking: /home/joaocastilho/dev_ws/install/turtlesim/share/ament_index/resource_index/packages/turtlesim
[56.167s] -- Symlinking: /home/joaocastilho/dev_ws/install/turtlesim/share/turtlesim/cmake/rosidl_cmake-extras.cmake
[56.178s] -- Symlinking: /home/joaocastilho/dev_ws/install/turtlesim/share/turtlesim/cmake/ament_cmake_export_dependencies-extras.cmake
[56.188s] -- Symlinking: /home/joaocastilho/dev_ws/install/turtlesim/share/turtlesim/cmake/ament_cmake_export_libraries-extras.cmake
[56.200s] -- Symlinking: /home/joaocastilho/dev_ws/install/turtlesim/share/turtlesim/cmake/ament_cmake_export_targets-extras.cmake
[56.211s] -- Symlinking: /home/joaocastilho/dev_ws/install/turtlesim/share/turtlesim/cmake/ament_cmake_export_include_directories-extras.cmake
[56.221s] -- Symlinking: /home/joaocastilho/dev_ws/install/turtlesim/share/turtlesim/cmake/rosidl_cmake_export_typesupport_libraries-extras.cmake
[56.232s] -- Symlinking: /home/joaocastilho/dev_ws/install/turtlesim/share/turtlesim/cmake/rosidl_cmake_export_typesupport_targets-extras.cmake
[56.244s] -- Symlinking: /home/joaocastilho/dev_ws/install/turtlesim/share/turtlesim/cmake/turtlesimConfig.cmake
[56.255s] -- Symlinking: /home/joaocastilho/dev_ws/install/turtlesim/share/turtlesim/cmake/turtlesimConfig-version.cmake
[56.266s] -- Symlinking: /home/joaocastilho/dev_ws/install/turtlesim/share/turtlesim/package.xml
[56.281s] -- Installing: /home/joaocastilho/dev_ws/install/turtlesim/lib/libturtlesim__rosidl_generator_c.so
[56.282s] -- Set runtime path of "/home/joaocastilho/dev_ws/install/turtlesim/lib/libturtlesim__rosidl_generator_c.so" to ""
[56.283s] -- Installing: /home/joaocastilho/dev_ws/install/turtlesim/lib/libturtlesim__rosidl_typesupport_introspection_c.so
[56.284s] -- Set runtime path of "/home/joaocastilho/dev_ws/install/turtlesim/lib/libturtlesim__rosidl_typesupport_introspection_c.so" to ""
[56.285s] -- Installing: /home/joaocastilho/dev_ws/install/turtlesim/lib/libturtlesim__rosidl_typesupport_c.so
[56.285s] -- Set runtime path of "/home/joaocastilho/dev_ws/install/turtlesim/lib/libturtlesim__rosidl_typesupport_c.so" to ""
[56.286s] -- Installing: /home/joaocastilho/dev_ws/install/turtlesim/lib/libturtlesim__rosidl_typesupport_introspection_cpp.so
[56.287s] -- Set runtime path of "/home/joaocastilho/dev_ws/install/turtlesim/lib/libturtlesim__rosidl_typesupport_introspection_cpp.so" to ""
[56.288s] -- Installing: /home/joaocastilho/dev_ws/install/turtlesim/lib/libturtlesim__rosidl_typesupport_cpp.so
[56.289s] -- Set runtime path of "/home/joaocastilho/dev_ws/install/turtlesim/lib/libturtlesim__rosidl_typesupport_cpp.so" to ""
[56.324s] Compiling '/home/joaocastilho/dev_ws/install/turtlesim/lib/python3.8/site-packages/turtlesim/__init__.py'...
[56.330s] -- Up-to-date: /home/joaocastilho/dev_ws/install/turtlesim/share/turtlesim/images
[56.330s] -- Up-to-date: /home/joaocastilho/dev_ws/install/turtlesim/share/turtlesim/images/dashing.png
[56.330s] -- Up-to-date: /home/joaocastilho/dev_ws/install/turtlesim/share/turtlesim/images/crystal.png
[56.330s] -- Up-to-date: /home/joaocastilho/dev_ws/install/turtlesim/share/turtlesim/images/bouncy.png
[56.330s] -- Up-to-date: /home/joaocastilho/dev_ws/install/turtlesim/share/turtlesim/images/ardent.png
[56.330s] -- Up-to-date: /home/joaocastilho/dev_ws/install/turtlesim/share/turtlesim/images/eloquent.png
[56.330s] -- Up-to-date: /home/joaocastilho/dev_ws/install/turtlesim/share/turtlesim/images/foxy.png
[56.330s] -- Up-to-date: /home/joaocastilho/dev_ws/install/turtlesim/share/turtlesim/cmake/turtlesim__rosidl_generator_cExport.cmake
[56.330s] -- Installing: /home/joaocastilho/dev_ws/install/turtlesim/share/turtlesim/cmake/turtlesim__rosidl_generator_cExport-relwithdebinfo.cmake
[56.331s] -- Up-to-date: /home/joaocastilho/dev_ws/install/turtlesim/share/turtlesim/cmake/turtlesim__rosidl_typesupport_introspection_cExport.cmake
[56.331s] -- Installing: /home/joaocastilho/dev_ws/install/turtlesim/share/turtlesim/cmake/turtlesim__rosidl_typesupport_introspection_cExport-relwithdebinfo.cmake
[56.331s] -- Up-to-date: /home/joaocastilho/dev_ws/install/turtlesim/share/turtlesim/cmake/turtlesim__rosidl_typesupport_cExport.cmake
[56.332s] -- Installing: /home/joaocastilho/dev_ws/install/turtlesim/share/turtlesim/cmake/turtlesim__rosidl_typesupport_cExport-relwithdebinfo.cmake
[56.332s] -- Up-to-date: /home/joaocastilho/dev_ws/install/turtlesim/share/turtlesim/cmake/turtlesim__rosidl_generator_cppExport.cmake
[56.333s] -- Up-to-date: /home/joaocastilho/dev_ws/install/turtlesim/share/turtlesim/cmake/turtlesim__rosidl_typesupport_introspection_cppExport.cmake
[56.333s] -- Installing: /home/joaocastilho/dev_ws/install/turtlesim/share/turtlesim/cmake/turtlesim__rosidl_typesupport_introspection_cppExport-relwithdebinfo.cmake
[56.333s] -- Up-to-date: /home/joaocastilho/dev_ws/install/turtlesim/share/turtlesim/cmake/turtlesim__rosidl_typesupport_cppExport.cmake
[56.333s] -- Installing: /home/joaocastilho/dev_ws/install/turtlesim/share/turtlesim/cmake/turtlesim__rosidl_typesupport_cppExport-relwithdebinfo.cmake
[56.337s] Invoked command in '/home/joaocastilho/dev_ws/build/turtlesim' returned '0': CMAKE_PREFIX_PATH=${CMAKE_PREFIX_PATH}:/home/joaocastilho/dev_ws/install/py_pubsub:/home/joaocastilho/dev_ws/install/my_package_python:/opt/ros/foxy /usr/bin/cmake --install /home/joaocastilho/dev_ws/build/turtlesim
