[0.062s] Invoking command in '/home/joaocastilho/dev_ws/build/more_interfaces': CMAKE_PREFIX_PATH=${CMAKE_PREFIX_PATH}:/home/joaocastilho/dev_ws/install/py_pubsub:/home/joaocastilho/dev_ws/install/my_package_python:/opt/ros/foxy /usr/bin/cmake /home/joaocastilho/dev_ws/src/more_interfaces -DCMAKE_INSTALL_PREFIX=/home/joaocastilho/dev_ws/install/more_interfaces
[0.771s] -- The C compiler identification is GNU 9.3.0
[0.771s] -- The CXX compiler identification is GNU 9.3.0
[0.771s] -- Check for working C compiler: /usr/bin/cc
[0.772s] -- Check for working C compiler: /usr/bin/cc -- works
[0.772s] -- Detecting C compiler ABI info
[0.772s] -- Detecting C compiler ABI info - done
[0.772s] -- Detecting C compile features
[0.772s] -- Detecting C compile features - done
[0.772s] -- Check for working CXX compiler: /usr/bin/c++
[0.772s] -- Check for working CXX compiler: /usr/bin/c++ -- works
[0.772s] -- Detecting CXX compiler ABI info
[0.868s] -- Detecting CXX compiler ABI info - done
[0.892s] -- Detecting CXX compile features
[0.893s] -- Detecting CXX compile features - done
[0.897s] -- Found ament_cmake: 0.9.8 (/opt/ros/foxy/share/ament_cmake/cmake)
[0.938s] -- Found PythonInterp: /usr/bin/python3 (found suitable version "3.8.10", minimum required is "3") 
[0.939s] -- Using PYTHON_EXECUTABLE: /usr/bin/python3
[1.367s] -- Found rosidl_default_generators: 1.0.1 (/opt/ros/foxy/share/rosidl_default_generators/cmake)
[1.376s] -- Using all available rosidl_typesupport_c: rosidl_typesupport_fastrtps_c;rosidl_typesupport_introspection_c
[1.399s] -- Found rosidl_adapter: 1.2.1 (/opt/ros/foxy/share/rosidl_adapter/cmake)
[1.579s] -- Found OpenSSL: /usr/lib/x86_64-linux-gnu/libcrypto.so (found version "1.1.1f")  
[1.624s] -- Found FastRTPS: /opt/ros/foxy/include  
[1.735s] -- Using all available rosidl_typesupport_cpp: rosidl_typesupport_fastrtps_cpp;rosidl_typesupport_introspection_cpp
[1.800s] -- Found PythonInterp: /usr/bin/python3 (found version "3.8.10") 
[1.965s] -- Found ament_cmake_ros: 0.9.2 (/opt/ros/foxy/share/ament_cmake_ros/cmake)
[2.081s] -- Using all available rosidl_typesupport_c: rosidl_typesupport_fastrtps_c;rosidl_typesupport_introspection_c
[2.092s] -- Using all available rosidl_typesupport_cpp: rosidl_typesupport_fastrtps_cpp;rosidl_typesupport_introspection_cpp
[2.119s] -- Found PythonInterp: /usr/bin/python3 (found suitable version "3.8.10", minimum required is "3.5") 
[2.122s] -- Found python_cmake_module: 0.8.1 (/opt/ros/foxy/share/python_cmake_module/cmake)
[2.155s] -- Found PythonLibs: /usr/lib/x86_64-linux-gnu/libpython3.8.so (found suitable version "3.8.10", minimum required is "3.5") 
[2.155s] -- Using PYTHON_EXECUTABLE: /usr/bin/python3
[2.155s] -- Using PYTHON_INCLUDE_DIRS: /usr/include/python3.8
[2.155s] -- Using PYTHON_LIBRARIES: /usr/lib/x86_64-linux-gnu/libpython3.8.so
[2.177s] -- Found PythonExtra: .so  
[2.225s] -- Found ament_lint_auto: 0.9.6 (/opt/ros/foxy/share/ament_lint_auto/cmake)
[2.259s] -- Added test 'copyright' to check source files copyright and LICENSE
[2.262s] -- Added test 'lint_cmake' to check CMake code style
[2.264s] -- Added test 'xmllint' to check XML markup files
[2.270s] -- Configuring done
[2.309s] -- Generating done
[2.312s] -- Build files have been written to: /home/joaocastilho/dev_ws/build/more_interfaces
[2.319s] Invoked command in '/home/joaocastilho/dev_ws/build/more_interfaces' returned '0': CMAKE_PREFIX_PATH=${CMAKE_PREFIX_PATH}:/home/joaocastilho/dev_ws/install/py_pubsub:/home/joaocastilho/dev_ws/install/my_package_python:/opt/ros/foxy /usr/bin/cmake /home/joaocastilho/dev_ws/src/more_interfaces -DCMAKE_INSTALL_PREFIX=/home/joaocastilho/dev_ws/install/more_interfaces
[2.321s] Invoking command in '/home/joaocastilho/dev_ws/build/more_interfaces': CMAKE_PREFIX_PATH=${CMAKE_PREFIX_PATH}:/home/joaocastilho/dev_ws/install/py_pubsub:/home/joaocastilho/dev_ws/install/my_package_python:/opt/ros/foxy /usr/bin/cmake --build /home/joaocastilho/dev_ws/build/more_interfaces -- -j8 -l8
[2.366s] [  3%] [34m[1mGenerating C code for ROS interfaces[0m
[2.366s] [35m[1mScanning dependencies of target more_interfaces__cpp[0m
[2.380s] [  6%] [34m[1mGenerating C++ code for ROS interfaces[0m
[2.663s] [35m[1mScanning dependencies of target more_interfaces__rosidl_generator_c[0m
[2.664s] [  6%] Built target more_interfaces__cpp
[2.676s] [  9%] [34m[1mGenerating C++ type support for eProsima Fast-RTPS[0m
[2.676s] [ 12%] [32mBuilding C object CMakeFiles/more_interfaces__rosidl_generator_c.dir/rosidl_generator_c/more_interfaces/msg/detail/address_book__functions.c.o[0m
[2.679s] [ 19%] [34m[1mGenerating C++ type support dispatch for ROS interfaces[0m
[2.679s] [ 19%] [34m[1mGenerating C++ introspection for ROS interfaces[0m
[2.729s] [ 22%] [32m[1mLinking C shared library libmore_interfaces__rosidl_generator_c.so[0m
[2.764s] [ 22%] Built target more_interfaces__rosidl_generator_c
[2.776s] [ 25%] [34m[1mGenerating C type support dispatch for ROS interfaces[0m
[2.779s] [ 29%] [34m[1mGenerating C introspection for ROS interfaces[0m
[2.974s] [35m[1mScanning dependencies of target more_interfaces__rosidl_typesupport_introspection_cpp[0m
[2.990s] [35m[1mScanning dependencies of target more_interfaces__rosidl_typesupport_cpp[0m
[3.009s] [ 32%] [32mBuilding CXX object CMakeFiles/more_interfaces__rosidl_typesupport_introspection_cpp.dir/rosidl_typesupport_introspection_cpp/more_interfaces/msg/detail/address_book__type_support.cpp.o[0m
[3.013s] [ 35%] [32mBuilding CXX object CMakeFiles/more_interfaces__rosidl_typesupport_cpp.dir/rosidl_typesupport_cpp/more_interfaces/msg/address_book__type_support.cpp.o[0m
[3.041s] [35m[1mScanning dependencies of target more_interfaces__rosidl_typesupport_fastrtps_cpp[0m
[3.074s] [ 38%] [32mBuilding CXX object CMakeFiles/more_interfaces__rosidl_typesupport_fastrtps_cpp.dir/rosidl_typesupport_fastrtps_cpp/more_interfaces/msg/detail/dds_fastrtps/address_book__type_support.cpp.o[0m
[3.127s] [35m[1mScanning dependencies of target more_interfaces__rosidl_typesupport_c[0m
[3.163s] [ 41%] [32mBuilding CXX object CMakeFiles/more_interfaces__rosidl_typesupport_c.dir/rosidl_typesupport_c/more_interfaces/msg/address_book__type_support.cpp.o[0m
[3.191s] [35m[1mScanning dependencies of target more_interfaces__rosidl_typesupport_introspection_c[0m
[3.211s] [ 45%] [32m[1mLinking CXX shared library libmore_interfaces__rosidl_typesupport_c.so[0m
[3.220s] [ 48%] [32mBuilding C object CMakeFiles/more_interfaces__rosidl_typesupport_introspection_c.dir/rosidl_typesupport_introspection_c/more_interfaces/msg/detail/address_book__type_support.c.o[0m
[3.294s] [ 51%] [32m[1mLinking C shared library libmore_interfaces__rosidl_typesupport_introspection_c.so[0m
[3.297s] [ 51%] Built target more_interfaces__rosidl_typesupport_c
[3.344s] [ 51%] Built target more_interfaces__rosidl_typesupport_introspection_c
[3.417s] [ 54%] [32m[1mLinking CXX shared library libmore_interfaces__rosidl_typesupport_cpp.so[0m
[3.468s] [ 54%] Built target more_interfaces__rosidl_typesupport_cpp
[3.509s] [ 58%] [32m[1mLinking CXX shared library libmore_interfaces__rosidl_typesupport_introspection_cpp.so[0m
[3.586s] [ 58%] Built target more_interfaces__rosidl_typesupport_introspection_cpp
[3.626s] [ 61%] [32m[1mLinking CXX shared library libmore_interfaces__rosidl_typesupport_fastrtps_cpp.so[0m
[3.742s] [ 61%] Built target more_interfaces__rosidl_typesupport_fastrtps_cpp
[3.756s] [ 64%] [34m[1mGenerating C type support for eProsima Fast-RTPS[0m
[4.020s] [35m[1mScanning dependencies of target more_interfaces__rosidl_typesupport_fastrtps_c[0m
[4.038s] [ 67%] [32mBuilding CXX object CMakeFiles/more_interfaces__rosidl_typesupport_fastrtps_c.dir/rosidl_typesupport_fastrtps_c/more_interfaces/msg/detail/address_book__type_support_c.cpp.o[0m
[4.419s] [ 70%] [32m[1mLinking CXX shared library libmore_interfaces__rosidl_typesupport_fastrtps_c.so[0m
[4.521s] [ 70%] Built target more_interfaces__rosidl_typesupport_fastrtps_c
[4.532s] [35m[1mScanning dependencies of target more_interfaces[0m
[4.544s] [ 70%] Built target more_interfaces
[4.556s] [35m[1mScanning dependencies of target more_interfaces__py[0m
[4.567s] [ 74%] [34m[1mGenerating Python code for ROS interfaces[0m
[5.129s] [ 74%] Built target more_interfaces__py
[5.139s] [35m[1mScanning dependencies of target more_interfaces__python[0m
[5.179s] [ 77%] [32mBuilding C object CMakeFiles/more_interfaces__python.dir/rosidl_generator_py/more_interfaces/msg/_address_book_s.c.o[0m
[5.291s] [ 80%] [32m[1mLinking C shared library rosidl_generator_py/more_interfaces/libmore_interfaces__python.so[0m
[5.337s] [ 80%] Built target more_interfaces__python
[5.347s] [35m[1mScanning dependencies of target more_interfaces__rosidl_typesupport_c__pyext[0m
[5.348s] [35m[1mScanning dependencies of target more_interfaces__rosidl_typesupport_introspection_c__pyext[0m
[5.348s] [35m[1mScanning dependencies of target more_interfaces__rosidl_typesupport_fastrtps_c__pyext[0m
[5.371s] [ 83%] [32mBuilding C object CMakeFiles/more_interfaces__rosidl_typesupport_c__pyext.dir/rosidl_generator_py/more_interfaces/_more_interfaces_s.ep.rosidl_typesupport_c.c.o[0m
[5.378s] [ 87%] [32mBuilding C object CMakeFiles/more_interfaces__rosidl_typesupport_fastrtps_c__pyext.dir/rosidl_generator_py/more_interfaces/_more_interfaces_s.ep.rosidl_typesupport_fastrtps_c.c.o[0m
[5.381s] [ 90%] [32mBuilding C object CMakeFiles/more_interfaces__rosidl_typesupport_introspection_c__pyext.dir/rosidl_generator_py/more_interfaces/_more_interfaces_s.ep.rosidl_typesupport_introspection_c.c.o[0m
[5.471s] [ 93%] [32m[1mLinking CXX shared library rosidl_generator_py/more_interfaces/more_interfaces_s__rosidl_typesupport_fastrtps_c.cpython-38-x86_64-linux-gnu.so[0m
[5.479s] [ 96%] [32m[1mLinking C shared library rosidl_generator_py/more_interfaces/more_interfaces_s__rosidl_typesupport_c.cpython-38-x86_64-linux-gnu.so[0m
[5.493s] [100%] [32m[1mLinking C shared library rosidl_generator_py/more_interfaces/more_interfaces_s__rosidl_typesupport_introspection_c.cpython-38-x86_64-linux-gnu.so[0m
[5.520s] [100%] Built target more_interfaces__rosidl_typesupport_c__pyext
[5.531s] [100%] Built target more_interfaces__rosidl_typesupport_introspection_c__pyext
[5.545s] [100%] Built target more_interfaces__rosidl_typesupport_fastrtps_c__pyext
[5.557s] Invoked command in '/home/joaocastilho/dev_ws/build/more_interfaces' returned '0': CMAKE_PREFIX_PATH=${CMAKE_PREFIX_PATH}:/home/joaocastilho/dev_ws/install/py_pubsub:/home/joaocastilho/dev_ws/install/my_package_python:/opt/ros/foxy /usr/bin/cmake --build /home/joaocastilho/dev_ws/build/more_interfaces -- -j8 -l8
[5.613s] Invoking command in '/home/joaocastilho/dev_ws/build/more_interfaces': CMAKE_PREFIX_PATH=${CMAKE_PREFIX_PATH}:/home/joaocastilho/dev_ws/install/py_pubsub:/home/joaocastilho/dev_ws/install/my_package_python:/opt/ros/foxy /usr/bin/cmake --install /home/joaocastilho/dev_ws/build/more_interfaces
[5.623s] -- Install configuration: ""
[5.623s] -- Installing: /home/joaocastilho/dev_ws/install/more_interfaces/share/ament_index/resource_index/rosidl_interfaces/more_interfaces
[5.623s] -- Installing: /home/joaocastilho/dev_ws/install/more_interfaces/include/more_interfaces
[5.624s] -- Installing: /home/joaocastilho/dev_ws/install/more_interfaces/include/more_interfaces/msg
[5.624s] -- Installing: /home/joaocastilho/dev_ws/install/more_interfaces/include/more_interfaces/msg/address_book.h
[5.624s] -- Installing: /home/joaocastilho/dev_ws/install/more_interfaces/include/more_interfaces/msg/rosidl_generator_c__visibility_control.h
[5.624s] -- Installing: /home/joaocastilho/dev_ws/install/more_interfaces/include/more_interfaces/msg/detail
[5.624s] -- Installing: /home/joaocastilho/dev_ws/install/more_interfaces/include/more_interfaces/msg/detail/address_book__struct.h
[5.624s] -- Installing: /home/joaocastilho/dev_ws/install/more_interfaces/include/more_interfaces/msg/detail/address_book__functions.c
[5.624s] -- Installing: /home/joaocastilho/dev_ws/install/more_interfaces/include/more_interfaces/msg/detail/address_book__type_support.h
[5.625s] -- Installing: /home/joaocastilho/dev_ws/install/more_interfaces/include/more_interfaces/msg/detail/address_book__functions.h
[5.625s] -- Installing: /home/joaocastilho/dev_ws/install/more_interfaces/share/more_interfaces/environment/library_path.sh
[5.626s] -- Installing: /home/joaocastilho/dev_ws/install/more_interfaces/share/more_interfaces/environment/library_path.dsv
[5.626s] -- Installing: /home/joaocastilho/dev_ws/install/more_interfaces/lib/libmore_interfaces__rosidl_generator_c.so
[5.626s] -- Set runtime path of "/home/joaocastilho/dev_ws/install/more_interfaces/lib/libmore_interfaces__rosidl_generator_c.so" to ""
[5.626s] -- Up-to-date: /home/joaocastilho/dev_ws/install/more_interfaces/include/more_interfaces
[5.626s] -- Up-to-date: /home/joaocastilho/dev_ws/install/more_interfaces/include/more_interfaces/msg
[5.626s] -- Up-to-date: /home/joaocastilho/dev_ws/install/more_interfaces/include/more_interfaces/msg/detail
[5.627s] -- Installing: /home/joaocastilho/dev_ws/install/more_interfaces/include/more_interfaces/msg/detail/address_book__rosidl_typesupport_fastrtps_c.h
[5.627s] -- Installing: /home/joaocastilho/dev_ws/install/more_interfaces/include/more_interfaces/msg/rosidl_typesupport_fastrtps_c__visibility_control.h
[5.627s] -- Installing: /home/joaocastilho/dev_ws/install/more_interfaces/lib/libmore_interfaces__rosidl_typesupport_fastrtps_c.so
[5.627s] -- Set runtime path of "/home/joaocastilho/dev_ws/install/more_interfaces/lib/libmore_interfaces__rosidl_typesupport_fastrtps_c.so" to ""
[5.627s] -- Up-to-date: /home/joaocastilho/dev_ws/install/more_interfaces/include/more_interfaces
[5.627s] -- Up-to-date: /home/joaocastilho/dev_ws/install/more_interfaces/include/more_interfaces/msg
[5.627s] -- Installing: /home/joaocastilho/dev_ws/install/more_interfaces/include/more_interfaces/msg/rosidl_typesupport_fastrtps_cpp__visibility_control.h
[5.628s] -- Up-to-date: /home/joaocastilho/dev_ws/install/more_interfaces/include/more_interfaces/msg/detail
[5.628s] -- Installing: /home/joaocastilho/dev_ws/install/more_interfaces/include/more_interfaces/msg/detail/dds_fastrtps
[5.628s] -- Installing: /home/joaocastilho/dev_ws/install/more_interfaces/include/more_interfaces/msg/detail/address_book__rosidl_typesupport_fastrtps_cpp.hpp
[5.628s] -- Installing: /home/joaocastilho/dev_ws/install/more_interfaces/lib/libmore_interfaces__rosidl_typesupport_fastrtps_cpp.so
[5.628s] -- Set runtime path of "/home/joaocastilho/dev_ws/install/more_interfaces/lib/libmore_interfaces__rosidl_typesupport_fastrtps_cpp.so" to ""
[5.628s] -- Up-to-date: /home/joaocastilho/dev_ws/install/more_interfaces/include/more_interfaces
[5.629s] -- Up-to-date: /home/joaocastilho/dev_ws/install/more_interfaces/include/more_interfaces/msg
[5.629s] -- Up-to-date: /home/joaocastilho/dev_ws/install/more_interfaces/include/more_interfaces/msg/detail
[5.629s] -- Installing: /home/joaocastilho/dev_ws/install/more_interfaces/include/more_interfaces/msg/detail/address_book__type_support.c
[5.629s] -- Installing: /home/joaocastilho/dev_ws/install/more_interfaces/include/more_interfaces/msg/detail/address_book__rosidl_typesupport_introspection_c.h
[5.629s] -- Installing: /home/joaocastilho/dev_ws/install/more_interfaces/include/more_interfaces/msg/rosidl_typesupport_introspection_c__visibility_control.h
[5.629s] -- Installing: /home/joaocastilho/dev_ws/install/more_interfaces/lib/libmore_interfaces__rosidl_typesupport_introspection_c.so
[5.629s] -- Set runtime path of "/home/joaocastilho/dev_ws/install/more_interfaces/lib/libmore_interfaces__rosidl_typesupport_introspection_c.so" to ""
[5.630s] -- Installing: /home/joaocastilho/dev_ws/install/more_interfaces/lib/libmore_interfaces__rosidl_typesupport_c.so
[5.630s] -- Set runtime path of "/home/joaocastilho/dev_ws/install/more_interfaces/lib/libmore_interfaces__rosidl_typesupport_c.so" to ""
[5.630s] -- Up-to-date: /home/joaocastilho/dev_ws/install/more_interfaces/include/more_interfaces
[5.630s] -- Up-to-date: /home/joaocastilho/dev_ws/install/more_interfaces/include/more_interfaces/msg
[5.630s] -- Installing: /home/joaocastilho/dev_ws/install/more_interfaces/include/more_interfaces/msg/address_book.hpp
[5.631s] -- Up-to-date: /home/joaocastilho/dev_ws/install/more_interfaces/include/more_interfaces/msg/detail
[5.631s] -- Installing: /home/joaocastilho/dev_ws/install/more_interfaces/include/more_interfaces/msg/detail/address_book__traits.hpp
[5.631s] -- Installing: /home/joaocastilho/dev_ws/install/more_interfaces/include/more_interfaces/msg/detail/address_book__builder.hpp
[5.631s] -- Installing: /home/joaocastilho/dev_ws/install/more_interfaces/include/more_interfaces/msg/detail/address_book__struct.hpp
[5.631s] -- Up-to-date: /home/joaocastilho/dev_ws/install/more_interfaces/include/more_interfaces
[5.631s] -- Up-to-date: /home/joaocastilho/dev_ws/install/more_interfaces/include/more_interfaces/msg
[5.632s] -- Up-to-date: /home/joaocastilho/dev_ws/install/more_interfaces/include/more_interfaces/msg/detail
[5.632s] -- Installing: /home/joaocastilho/dev_ws/install/more_interfaces/include/more_interfaces/msg/detail/address_book__type_support.cpp
[5.632s] -- Installing: /home/joaocastilho/dev_ws/install/more_interfaces/include/more_interfaces/msg/detail/address_book__rosidl_typesupport_introspection_cpp.hpp
[5.632s] -- Installing: /home/joaocastilho/dev_ws/install/more_interfaces/lib/libmore_interfaces__rosidl_typesupport_introspection_cpp.so
[5.632s] -- Set runtime path of "/home/joaocastilho/dev_ws/install/more_interfaces/lib/libmore_interfaces__rosidl_typesupport_introspection_cpp.so" to ""
[5.632s] -- Installing: /home/joaocastilho/dev_ws/install/more_interfaces/lib/libmore_interfaces__rosidl_typesupport_cpp.so
[5.632s] -- Set runtime path of "/home/joaocastilho/dev_ws/install/more_interfaces/lib/libmore_interfaces__rosidl_typesupport_cpp.so" to ""
[5.633s] -- Installing: /home/joaocastilho/dev_ws/install/more_interfaces/share/more_interfaces/environment/pythonpath.sh
[5.633s] -- Installing: /home/joaocastilho/dev_ws/install/more_interfaces/share/more_interfaces/environment/pythonpath.dsv
[5.633s] -- Installing: /home/joaocastilho/dev_ws/install/more_interfaces/lib/python3.8/site-packages/more_interfaces/__init__.py
[5.666s] Compiling '/home/joaocastilho/dev_ws/install/more_interfaces/lib/python3.8/site-packages/more_interfaces/__init__.py'...
[5.672s] -- Installing: /home/joaocastilho/dev_ws/install/more_interfaces/lib/python3.8/site-packages/more_interfaces/msg
[5.672s] -- Installing: /home/joaocastilho/dev_ws/install/more_interfaces/lib/python3.8/site-packages/more_interfaces/msg/_address_book.py
[5.672s] -- Installing: /home/joaocastilho/dev_ws/install/more_interfaces/lib/python3.8/site-packages/more_interfaces/msg/_address_book_s.c
[5.672s] -- Installing: /home/joaocastilho/dev_ws/install/more_interfaces/lib/python3.8/site-packages/more_interfaces/msg/__init__.py
[5.672s] -- Installing: /home/joaocastilho/dev_ws/install/more_interfaces/lib/python3.8/site-packages/more_interfaces/more_interfaces_s__rosidl_typesupport_fastrtps_c.cpython-38-x86_64-linux-gnu.so
[5.673s] -- Set runtime path of "/home/joaocastilho/dev_ws/install/more_interfaces/lib/python3.8/site-packages/more_interfaces/more_interfaces_s__rosidl_typesupport_fastrtps_c.cpython-38-x86_64-linux-gnu.so" to ""
[5.673s] -- Installing: /home/joaocastilho/dev_ws/install/more_interfaces/lib/python3.8/site-packages/more_interfaces/more_interfaces_s__rosidl_typesupport_introspection_c.cpython-38-x86_64-linux-gnu.so
[5.674s] -- Set runtime path of "/home/joaocastilho/dev_ws/install/more_interfaces/lib/python3.8/site-packages/more_interfaces/more_interfaces_s__rosidl_typesupport_introspection_c.cpython-38-x86_64-linux-gnu.so" to ""
[5.674s] -- Installing: /home/joaocastilho/dev_ws/install/more_interfaces/lib/python3.8/site-packages/more_interfaces/more_interfaces_s__rosidl_typesupport_c.cpython-38-x86_64-linux-gnu.so
[5.674s] -- Set runtime path of "/home/joaocastilho/dev_ws/install/more_interfaces/lib/python3.8/site-packages/more_interfaces/more_interfaces_s__rosidl_typesupport_c.cpython-38-x86_64-linux-gnu.so" to ""
[5.674s] -- Installing: /home/joaocastilho/dev_ws/install/more_interfaces/lib/libmore_interfaces__python.so
[5.675s] -- Set runtime path of "/home/joaocastilho/dev_ws/install/more_interfaces/lib/libmore_interfaces__python.so" to ""
[5.675s] -- Installing: /home/joaocastilho/dev_ws/install/more_interfaces/share/more_interfaces/msg/AddressBook.idl
[5.675s] -- Installing: /home/joaocastilho/dev_ws/install/more_interfaces/share/more_interfaces/msg/AddressBook.msg
[5.676s] -- Installing: /home/joaocastilho/dev_ws/install/more_interfaces/share/ament_index/resource_index/package_run_dependencies/more_interfaces
[5.676s] -- Installing: /home/joaocastilho/dev_ws/install/more_interfaces/share/ament_index/resource_index/parent_prefix_path/more_interfaces
[5.676s] -- Installing: /home/joaocastilho/dev_ws/install/more_interfaces/share/more_interfaces/environment/ament_prefix_path.sh
[5.676s] -- Installing: /home/joaocastilho/dev_ws/install/more_interfaces/share/more_interfaces/environment/ament_prefix_path.dsv
[5.676s] -- Installing: /home/joaocastilho/dev_ws/install/more_interfaces/share/more_interfaces/environment/path.sh
[5.676s] -- Installing: /home/joaocastilho/dev_ws/install/more_interfaces/share/more_interfaces/environment/path.dsv
[5.676s] -- Installing: /home/joaocastilho/dev_ws/install/more_interfaces/share/more_interfaces/local_setup.bash
[5.676s] -- Installing: /home/joaocastilho/dev_ws/install/more_interfaces/share/more_interfaces/local_setup.sh
[5.677s] -- Installing: /home/joaocastilho/dev_ws/install/more_interfaces/share/more_interfaces/local_setup.zsh
[5.677s] -- Installing: /home/joaocastilho/dev_ws/install/more_interfaces/share/more_interfaces/local_setup.dsv
[5.677s] -- Installing: /home/joaocastilho/dev_ws/install/more_interfaces/share/more_interfaces/package.dsv
[5.677s] -- Installing: /home/joaocastilho/dev_ws/install/more_interfaces/share/ament_index/resource_index/packages/more_interfaces
[5.677s] -- Installing: /home/joaocastilho/dev_ws/install/more_interfaces/share/more_interfaces/cmake/more_interfaces__rosidl_generator_cExport.cmake
[5.677s] -- Installing: /home/joaocastilho/dev_ws/install/more_interfaces/share/more_interfaces/cmake/more_interfaces__rosidl_generator_cExport-noconfig.cmake
[5.677s] -- Installing: /home/joaocastilho/dev_ws/install/more_interfaces/share/more_interfaces/cmake/more_interfaces__rosidl_typesupport_introspection_cExport.cmake
[5.678s] -- Installing: /home/joaocastilho/dev_ws/install/more_interfaces/share/more_interfaces/cmake/more_interfaces__rosidl_typesupport_introspection_cExport-noconfig.cmake
[5.678s] -- Installing: /home/joaocastilho/dev_ws/install/more_interfaces/share/more_interfaces/cmake/more_interfaces__rosidl_typesupport_cExport.cmake
[5.678s] -- Installing: /home/joaocastilho/dev_ws/install/more_interfaces/share/more_interfaces/cmake/more_interfaces__rosidl_typesupport_cExport-noconfig.cmake
[5.678s] -- Installing: /home/joaocastilho/dev_ws/install/more_interfaces/share/more_interfaces/cmake/more_interfaces__rosidl_generator_cppExport.cmake
[5.678s] -- Installing: /home/joaocastilho/dev_ws/install/more_interfaces/share/more_interfaces/cmake/more_interfaces__rosidl_typesupport_introspection_cppExport.cmake
[5.678s] -- Installing: /home/joaocastilho/dev_ws/install/more_interfaces/share/more_interfaces/cmake/more_interfaces__rosidl_typesupport_introspection_cppExport-noconfig.cmake
[5.678s] -- Installing: /home/joaocastilho/dev_ws/install/more_interfaces/share/more_interfaces/cmake/more_interfaces__rosidl_typesupport_cppExport.cmake
[5.679s] -- Installing: /home/joaocastilho/dev_ws/install/more_interfaces/share/more_interfaces/cmake/more_interfaces__rosidl_typesupport_cppExport-noconfig.cmake
[5.680s] -- Installing: /home/joaocastilho/dev_ws/install/more_interfaces/share/more_interfaces/cmake/rosidl_cmake-extras.cmake
[5.680s] -- Installing: /home/joaocastilho/dev_ws/install/more_interfaces/share/more_interfaces/cmake/ament_cmake_export_dependencies-extras.cmake
[5.680s] -- Installing: /home/joaocastilho/dev_ws/install/more_interfaces/share/more_interfaces/cmake/ament_cmake_export_libraries-extras.cmake
[5.680s] -- Installing: /home/joaocastilho/dev_ws/install/more_interfaces/share/more_interfaces/cmake/ament_cmake_export_targets-extras.cmake
[5.680s] -- Installing: /home/joaocastilho/dev_ws/install/more_interfaces/share/more_interfaces/cmake/ament_cmake_export_include_directories-extras.cmake
[5.680s] -- Installing: /home/joaocastilho/dev_ws/install/more_interfaces/share/more_interfaces/cmake/rosidl_cmake_export_typesupport_libraries-extras.cmake
[5.680s] -- Installing: /home/joaocastilho/dev_ws/install/more_interfaces/share/more_interfaces/cmake/rosidl_cmake_export_typesupport_targets-extras.cmake
[5.680s] -- Installing: /home/joaocastilho/dev_ws/install/more_interfaces/share/more_interfaces/cmake/more_interfacesConfig.cmake
[5.681s] -- Installing: /home/joaocastilho/dev_ws/install/more_interfaces/share/more_interfaces/cmake/more_interfacesConfig-version.cmake
[5.681s] -- Installing: /home/joaocastilho/dev_ws/install/more_interfaces/share/more_interfaces/package.xml
[5.689s] Invoked command in '/home/joaocastilho/dev_ws/build/more_interfaces' returned '0': CMAKE_PREFIX_PATH=${CMAKE_PREFIX_PATH}:/home/joaocastilho/dev_ws/install/py_pubsub:/home/joaocastilho/dev_ws/install/my_package_python:/opt/ros/foxy /usr/bin/cmake --install /home/joaocastilho/dev_ws/build/more_interfaces
