[0.698s] Invoking command in '/home/joaocastilho/dev_ws/build/turtlesim': CMAKE_PREFIX_PATH=${CMAKE_PREFIX_PATH}:/home/joaocastilho/dev_ws/install/my_package_python:/opt/ros/foxy /usr/bin/cmake --build /home/joaocastilho/dev_ws/build/turtlesim -- -j8 -l8
[0.773s] [  1%] Built target turtlesim__cpp
[0.778s] [ 11%] Built target turtlesim__rosidl_generator_c
[0.814s] [ 21%] Built target turtlesim__rosidl_typesupport_introspection_cpp
[0.820s] [ 31%] Built target turtlesim__rosidl_typesupport_cpp
[0.826s] [ 41%] Built target turtlesim__rosidl_typesupport_introspection_c
[0.838s] [ 51%] Built target turtlesim__rosidl_typesupport_c
[0.854s] [ 61%] Built target turtlesim__rosidl_typesupport_fastrtps_cpp
[0.904s] [ 71%] Built target turtlesim__rosidl_typesupport_fastrtps_c
[0.934s] [ 71%] Built target turtlesim
[0.980s] [ 72%] Built target turtlesim__py
[0.985s] [ 74%] Built target turtle_teleop_key
[0.998s] [ 76%] Built target draw_square
[1.020s] [ 78%] Built target mimic
[1.049s] [ 92%] Built target turtlesim_node
[1.049s] [ 93%] Built target turtlesim__python
[1.092s] [ 95%] Built target turtlesim__rosidl_typesupport_fastrtps_c__pyext
[1.093s] [ 97%] Built target turtlesim__rosidl_typesupport_introspection_c__pyext
[1.094s] [100%] Built target turtlesim__rosidl_typesupport_c__pyext
[1.113s] Invoked command in '/home/joaocastilho/dev_ws/build/turtlesim' returned '0': CMAKE_PREFIX_PATH=${CMAKE_PREFIX_PATH}:/home/joaocastilho/dev_ws/install/my_package_python:/opt/ros/foxy /usr/bin/cmake --build /home/joaocastilho/dev_ws/build/turtlesim -- -j8 -l8
[1.321s] Invoking command in '/home/joaocastilho/dev_ws/build/turtlesim': CMAKE_PREFIX_PATH=${CMAKE_PREFIX_PATH}:/home/joaocastilho/dev_ws/install/my_package_python:/opt/ros/foxy /usr/bin/cmake --install /home/joaocastilho/dev_ws/build/turtlesim
[1.331s] -- Install configuration: ""
[1.331s] -- Up-to-date: /home/joaocastilho/dev_ws/install/turtlesim/share/ament_index/resource_index/rosidl_interfaces/turtlesim
[1.331s] -- Up-to-date: /home/joaocastilho/dev_ws/install/turtlesim/include/turtlesim
[1.332s] -- Up-to-date: /home/joaocastilho/dev_ws/install/turtlesim/include/turtlesim/action
[1.332s] -- Up-to-date: /home/joaocastilho/dev_ws/install/turtlesim/include/turtlesim/action/rotate_absolute.h
[1.332s] -- Up-to-date: /home/joaocastilho/dev_ws/install/turtlesim/include/turtlesim/action/detail
[1.332s] -- Up-to-date: /home/joaocastilho/dev_ws/install/turtlesim/include/turtlesim/action/detail/rotate_absolute__struct.h
[1.332s] -- Up-to-date: /home/joaocastilho/dev_ws/install/turtlesim/include/turtlesim/action/detail/rotate_absolute__functions.c
[1.332s] -- Up-to-date: /home/joaocastilho/dev_ws/install/turtlesim/include/turtlesim/action/detail/rotate_absolute__functions.h
[1.332s] -- Up-to-date: /home/joaocastilho/dev_ws/install/turtlesim/include/turtlesim/action/detail/rotate_absolute__type_support.h
[1.332s] -- Up-to-date: /home/joaocastilho/dev_ws/install/turtlesim/include/turtlesim/msg
[1.333s] -- Up-to-date: /home/joaocastilho/dev_ws/install/turtlesim/include/turtlesim/msg/rosidl_generator_c__visibility_control.h
[1.333s] -- Up-to-date: /home/joaocastilho/dev_ws/install/turtlesim/include/turtlesim/msg/detail
[1.333s] -- Up-to-date: /home/joaocastilho/dev_ws/install/turtlesim/include/turtlesim/msg/detail/pose__functions.c
[1.333s] -- Up-to-date: /home/joaocastilho/dev_ws/install/turtlesim/include/turtlesim/msg/detail/color__type_support.h
[1.333s] -- Up-to-date: /home/joaocastilho/dev_ws/install/turtlesim/include/turtlesim/msg/detail/color__functions.h
[1.333s] -- Up-to-date: /home/joaocastilho/dev_ws/install/turtlesim/include/turtlesim/msg/detail/pose__struct.h
[1.333s] -- Up-to-date: /home/joaocastilho/dev_ws/install/turtlesim/include/turtlesim/msg/detail/color__struct.h
[1.333s] -- Up-to-date: /home/joaocastilho/dev_ws/install/turtlesim/include/turtlesim/msg/detail/pose__functions.h
[1.333s] -- Up-to-date: /home/joaocastilho/dev_ws/install/turtlesim/include/turtlesim/msg/detail/pose__type_support.h
[1.334s] -- Up-to-date: /home/joaocastilho/dev_ws/install/turtlesim/include/turtlesim/msg/detail/color__functions.c
[1.334s] -- Up-to-date: /home/joaocastilho/dev_ws/install/turtlesim/include/turtlesim/msg/pose.h
[1.334s] -- Up-to-date: /home/joaocastilho/dev_ws/install/turtlesim/include/turtlesim/msg/color.h
[1.334s] -- Up-to-date: /home/joaocastilho/dev_ws/install/turtlesim/include/turtlesim/srv
[1.334s] -- Up-to-date: /home/joaocastilho/dev_ws/install/turtlesim/include/turtlesim/srv/teleport_absolute.h
[1.334s] -- Up-to-date: /home/joaocastilho/dev_ws/install/turtlesim/include/turtlesim/srv/detail
[1.334s] -- Up-to-date: /home/joaocastilho/dev_ws/install/turtlesim/include/turtlesim/srv/detail/set_pen__functions.c
[1.335s] -- Up-to-date: /home/joaocastilho/dev_ws/install/turtlesim/include/turtlesim/srv/detail/set_pen__struct.h
[1.335s] -- Up-to-date: /home/joaocastilho/dev_ws/install/turtlesim/include/turtlesim/srv/detail/teleport_relative__type_support.h
[1.335s] -- Up-to-date: /home/joaocastilho/dev_ws/install/turtlesim/include/turtlesim/srv/detail/spawn__functions.h
[1.335s] -- Up-to-date: /home/joaocastilho/dev_ws/install/turtlesim/include/turtlesim/srv/detail/set_pen__type_support.h
[1.335s] -- Up-to-date: /home/joaocastilho/dev_ws/install/turtlesim/include/turtlesim/srv/detail/teleport_relative__struct.h
[1.335s] -- Up-to-date: /home/joaocastilho/dev_ws/install/turtlesim/include/turtlesim/srv/detail/teleport_relative__functions.h
[1.335s] -- Up-to-date: /home/joaocastilho/dev_ws/install/turtlesim/include/turtlesim/srv/detail/kill__type_support.h
[1.336s] -- Up-to-date: /home/joaocastilho/dev_ws/install/turtlesim/include/turtlesim/srv/detail/spawn__functions.c
[1.336s] -- Up-to-date: /home/joaocastilho/dev_ws/install/turtlesim/include/turtlesim/srv/detail/teleport_absolute__functions.h
[1.336s] -- Up-to-date: /home/joaocastilho/dev_ws/install/turtlesim/include/turtlesim/srv/detail/teleport_absolute__type_support.h
[1.336s] -- Up-to-date: /home/joaocastilho/dev_ws/install/turtlesim/include/turtlesim/srv/detail/kill__functions.h
[1.336s] -- Up-to-date: /home/joaocastilho/dev_ws/install/turtlesim/include/turtlesim/srv/detail/kill__struct.h
[1.337s] -- Up-to-date: /home/joaocastilho/dev_ws/install/turtlesim/include/turtlesim/srv/detail/teleport_relative__functions.c
[1.337s] -- Up-to-date: /home/joaocastilho/dev_ws/install/turtlesim/include/turtlesim/srv/detail/teleport_absolute__functions.c
[1.337s] -- Up-to-date: /home/joaocastilho/dev_ws/install/turtlesim/include/turtlesim/srv/detail/set_pen__functions.h
[1.337s] -- Up-to-date: /home/joaocastilho/dev_ws/install/turtlesim/include/turtlesim/srv/detail/kill__functions.c
[1.337s] -- Up-to-date: /home/joaocastilho/dev_ws/install/turtlesim/include/turtlesim/srv/detail/spawn__struct.h
[1.337s] -- Up-to-date: /home/joaocastilho/dev_ws/install/turtlesim/include/turtlesim/srv/detail/spawn__type_support.h
[1.337s] -- Up-to-date: /home/joaocastilho/dev_ws/install/turtlesim/include/turtlesim/srv/detail/teleport_absolute__struct.h
[1.338s] -- Up-to-date: /home/joaocastilho/dev_ws/install/turtlesim/include/turtlesim/srv/spawn.h
[1.339s] -- Up-to-date: /home/joaocastilho/dev_ws/install/turtlesim/include/turtlesim/srv/teleport_relative.h
[1.339s] -- Up-to-date: /home/joaocastilho/dev_ws/install/turtlesim/include/turtlesim/srv/kill.h
[1.339s] -- Up-to-date: /home/joaocastilho/dev_ws/install/turtlesim/include/turtlesim/srv/set_pen.h
[1.340s] -- Up-to-date: /home/joaocastilho/dev_ws/install/turtlesim/share/turtlesim/environment/library_path.sh
[1.340s] -- Up-to-date: /home/joaocastilho/dev_ws/install/turtlesim/share/turtlesim/environment/library_path.dsv
[1.340s] -- Up-to-date: /home/joaocastilho/dev_ws/install/turtlesim/lib/libturtlesim__rosidl_generator_c.so
[1.340s] -- Up-to-date: /home/joaocastilho/dev_ws/install/turtlesim/include/turtlesim
[1.340s] -- Up-to-date: /home/joaocastilho/dev_ws/install/turtlesim/include/turtlesim/action
[1.340s] -- Up-to-date: /home/joaocastilho/dev_ws/install/turtlesim/include/turtlesim/action/detail
[1.340s] -- Up-to-date: /home/joaocastilho/dev_ws/install/turtlesim/include/turtlesim/action/detail/rotate_absolute__rosidl_typesupport_fastrtps_c.h
[1.340s] -- Up-to-date: /home/joaocastilho/dev_ws/install/turtlesim/include/turtlesim/msg
[1.340s] -- Up-to-date: /home/joaocastilho/dev_ws/install/turtlesim/include/turtlesim/msg/detail
[1.340s] -- Up-to-date: /home/joaocastilho/dev_ws/install/turtlesim/include/turtlesim/msg/detail/pose__rosidl_typesupport_fastrtps_c.h
[1.340s] -- Up-to-date: /home/joaocastilho/dev_ws/install/turtlesim/include/turtlesim/msg/detail/color__rosidl_typesupport_fastrtps_c.h
[1.340s] -- Up-to-date: /home/joaocastilho/dev_ws/install/turtlesim/include/turtlesim/msg/rosidl_typesupport_fastrtps_c__visibility_control.h
[1.341s] -- Up-to-date: /home/joaocastilho/dev_ws/install/turtlesim/include/turtlesim/srv
[1.341s] -- Up-to-date: /home/joaocastilho/dev_ws/install/turtlesim/include/turtlesim/srv/detail
[1.341s] -- Up-to-date: /home/joaocastilho/dev_ws/install/turtlesim/include/turtlesim/srv/detail/spawn__rosidl_typesupport_fastrtps_c.h
[1.341s] -- Up-to-date: /home/joaocastilho/dev_ws/install/turtlesim/include/turtlesim/srv/detail/teleport_absolute__rosidl_typesupport_fastrtps_c.h
[1.341s] -- Up-to-date: /home/joaocastilho/dev_ws/install/turtlesim/include/turtlesim/srv/detail/teleport_relative__rosidl_typesupport_fastrtps_c.h
[1.341s] -- Up-to-date: /home/joaocastilho/dev_ws/install/turtlesim/include/turtlesim/srv/detail/kill__rosidl_typesupport_fastrtps_c.h
[1.341s] -- Up-to-date: /home/joaocastilho/dev_ws/install/turtlesim/include/turtlesim/srv/detail/set_pen__rosidl_typesupport_fastrtps_c.h
[1.341s] -- Up-to-date: /home/joaocastilho/dev_ws/install/turtlesim/lib/libturtlesim__rosidl_typesupport_fastrtps_c.so
[1.341s] -- Up-to-date: /home/joaocastilho/dev_ws/install/turtlesim/include/turtlesim
[1.341s] -- Up-to-date: /home/joaocastilho/dev_ws/install/turtlesim/include/turtlesim/action
[1.342s] -- Up-to-date: /home/joaocastilho/dev_ws/install/turtlesim/include/turtlesim/action/detail
[1.342s] -- Up-to-date: /home/joaocastilho/dev_ws/install/turtlesim/include/turtlesim/action/detail/rotate_absolute__rosidl_typesupport_fastrtps_cpp.hpp
[1.342s] -- Up-to-date: /home/joaocastilho/dev_ws/install/turtlesim/include/turtlesim/action/detail/dds_fastrtps
[1.342s] -- Up-to-date: /home/joaocastilho/dev_ws/install/turtlesim/include/turtlesim/msg
[1.342s] -- Up-to-date: /home/joaocastilho/dev_ws/install/turtlesim/include/turtlesim/msg/rosidl_typesupport_fastrtps_cpp__visibility_control.h
[1.342s] -- Up-to-date: /home/joaocastilho/dev_ws/install/turtlesim/include/turtlesim/msg/detail
[1.342s] -- Up-to-date: /home/joaocastilho/dev_ws/install/turtlesim/include/turtlesim/msg/detail/pose__rosidl_typesupport_fastrtps_cpp.hpp
[1.342s] -- Up-to-date: /home/joaocastilho/dev_ws/install/turtlesim/include/turtlesim/msg/detail/color__rosidl_typesupport_fastrtps_cpp.hpp
[1.342s] -- Up-to-date: /home/joaocastilho/dev_ws/install/turtlesim/include/turtlesim/msg/detail/dds_fastrtps
[1.343s] -- Up-to-date: /home/joaocastilho/dev_ws/install/turtlesim/include/turtlesim/srv
[1.343s] -- Up-to-date: /home/joaocastilho/dev_ws/install/turtlesim/include/turtlesim/srv/detail
[1.343s] -- Up-to-date: /home/joaocastilho/dev_ws/install/turtlesim/include/turtlesim/srv/detail/kill__rosidl_typesupport_fastrtps_cpp.hpp
[1.343s] -- Up-to-date: /home/joaocastilho/dev_ws/install/turtlesim/include/turtlesim/srv/detail/teleport_relative__rosidl_typesupport_fastrtps_cpp.hpp
[1.343s] -- Up-to-date: /home/joaocastilho/dev_ws/install/turtlesim/include/turtlesim/srv/detail/set_pen__rosidl_typesupport_fastrtps_cpp.hpp
[1.343s] -- Up-to-date: /home/joaocastilho/dev_ws/install/turtlesim/include/turtlesim/srv/detail/dds_fastrtps
[1.343s] -- Up-to-date: /home/joaocastilho/dev_ws/install/turtlesim/include/turtlesim/srv/detail/spawn__rosidl_typesupport_fastrtps_cpp.hpp
[1.343s] -- Up-to-date: /home/joaocastilho/dev_ws/install/turtlesim/include/turtlesim/srv/detail/teleport_absolute__rosidl_typesupport_fastrtps_cpp.hpp
[1.344s] -- Up-to-date: /home/joaocastilho/dev_ws/install/turtlesim/lib/libturtlesim__rosidl_typesupport_fastrtps_cpp.so
[1.344s] -- Up-to-date: /home/joaocastilho/dev_ws/install/turtlesim/include/turtlesim
[1.344s] -- Up-to-date: /home/joaocastilho/dev_ws/install/turtlesim/include/turtlesim/action
[1.344s] -- Up-to-date: /home/joaocastilho/dev_ws/install/turtlesim/include/turtlesim/action/detail
[1.344s] -- Up-to-date: /home/joaocastilho/dev_ws/install/turtlesim/include/turtlesim/action/detail/rotate_absolute__rosidl_typesupport_introspection_c.h
[1.344s] -- Up-to-date: /home/joaocastilho/dev_ws/install/turtlesim/include/turtlesim/action/detail/rotate_absolute__type_support.c
[1.344s] -- Up-to-date: /home/joaocastilho/dev_ws/install/turtlesim/include/turtlesim/msg
[1.344s] -- Up-to-date: /home/joaocastilho/dev_ws/install/turtlesim/include/turtlesim/msg/detail
[1.345s] -- Up-to-date: /home/joaocastilho/dev_ws/install/turtlesim/include/turtlesim/msg/detail/pose__rosidl_typesupport_introspection_c.h
[1.345s] -- Up-to-date: /home/joaocastilho/dev_ws/install/turtlesim/include/turtlesim/msg/detail/color__rosidl_typesupport_introspection_c.h
[1.345s] -- Up-to-date: /home/joaocastilho/dev_ws/install/turtlesim/include/turtlesim/msg/detail/pose__type_support.c
[1.345s] -- Up-to-date: /home/joaocastilho/dev_ws/install/turtlesim/include/turtlesim/msg/detail/color__type_support.c
[1.345s] -- Up-to-date: /home/joaocastilho/dev_ws/install/turtlesim/include/turtlesim/msg/rosidl_typesupport_introspection_c__visibility_control.h
[1.345s] -- Up-to-date: /home/joaocastilho/dev_ws/install/turtlesim/include/turtlesim/srv
[1.345s] -- Up-to-date: /home/joaocastilho/dev_ws/install/turtlesim/include/turtlesim/srv/detail
[1.345s] -- Up-to-date: /home/joaocastilho/dev_ws/install/turtlesim/include/turtlesim/srv/detail/spawn__type_support.c
[1.346s] -- Up-to-date: /home/joaocastilho/dev_ws/install/turtlesim/include/turtlesim/srv/detail/kill__type_support.c
[1.346s] -- Up-to-date: /home/joaocastilho/dev_ws/install/turtlesim/include/turtlesim/srv/detail/set_pen__rosidl_typesupport_introspection_c.h
[1.346s] -- Up-to-date: /home/joaocastilho/dev_ws/install/turtlesim/include/turtlesim/srv/detail/teleport_absolute__rosidl_typesupport_introspection_c.h
[1.346s] -- Up-to-date: /home/joaocastilho/dev_ws/install/turtlesim/include/turtlesim/srv/detail/set_pen__type_support.c
[1.346s] -- Up-to-date: /home/joaocastilho/dev_ws/install/turtlesim/include/turtlesim/srv/detail/teleport_relative__type_support.c
[1.346s] -- Up-to-date: /home/joaocastilho/dev_ws/install/turtlesim/include/turtlesim/srv/detail/spawn__rosidl_typesupport_introspection_c.h
[1.346s] -- Up-to-date: /home/joaocastilho/dev_ws/install/turtlesim/include/turtlesim/srv/detail/teleport_relative__rosidl_typesupport_introspection_c.h
[1.346s] -- Up-to-date: /home/joaocastilho/dev_ws/install/turtlesim/include/turtlesim/srv/detail/kill__rosidl_typesupport_introspection_c.h
[1.347s] -- Up-to-date: /home/joaocastilho/dev_ws/install/turtlesim/include/turtlesim/srv/detail/teleport_absolute__type_support.c
[1.347s] -- Up-to-date: /home/joaocastilho/dev_ws/install/turtlesim/lib/libturtlesim__rosidl_typesupport_introspection_c.so
[1.347s] -- Up-to-date: /home/joaocastilho/dev_ws/install/turtlesim/lib/libturtlesim__rosidl_typesupport_c.so
[1.347s] -- Up-to-date: /home/joaocastilho/dev_ws/install/turtlesim/include/turtlesim
[1.347s] -- Up-to-date: /home/joaocastilho/dev_ws/install/turtlesim/include/turtlesim/action
[1.347s] -- Up-to-date: /home/joaocastilho/dev_ws/install/turtlesim/include/turtlesim/action/rotate_absolute.hpp
[1.347s] -- Up-to-date: /home/joaocastilho/dev_ws/install/turtlesim/include/turtlesim/action/detail
[1.347s] -- Up-to-date: /home/joaocastilho/dev_ws/install/turtlesim/include/turtlesim/action/detail/rotate_absolute__builder.hpp
[1.348s] -- Up-to-date: /home/joaocastilho/dev_ws/install/turtlesim/include/turtlesim/action/detail/rotate_absolute__traits.hpp
[1.348s] -- Up-to-date: /home/joaocastilho/dev_ws/install/turtlesim/include/turtlesim/action/detail/rotate_absolute__struct.hpp
[1.348s] -- Up-to-date: /home/joaocastilho/dev_ws/install/turtlesim/include/turtlesim/msg
[1.348s] -- Up-to-date: /home/joaocastilho/dev_ws/install/turtlesim/include/turtlesim/msg/pose.hpp
[1.348s] -- Up-to-date: /home/joaocastilho/dev_ws/install/turtlesim/include/turtlesim/msg/detail
[1.348s] -- Up-to-date: /home/joaocastilho/dev_ws/install/turtlesim/include/turtlesim/msg/detail/pose__struct.hpp
[1.348s] -- Up-to-date: /home/joaocastilho/dev_ws/install/turtlesim/include/turtlesim/msg/detail/pose__traits.hpp
[1.348s] -- Up-to-date: /home/joaocastilho/dev_ws/install/turtlesim/include/turtlesim/msg/detail/color__builder.hpp
[1.349s] -- Up-to-date: /home/joaocastilho/dev_ws/install/turtlesim/include/turtlesim/msg/detail/color__struct.hpp
[1.349s] -- Up-to-date: /home/joaocastilho/dev_ws/install/turtlesim/include/turtlesim/msg/detail/pose__builder.hpp
[1.349s] -- Up-to-date: /home/joaocastilho/dev_ws/install/turtlesim/include/turtlesim/msg/detail/color__traits.hpp
[1.349s] -- Up-to-date: /home/joaocastilho/dev_ws/install/turtlesim/include/turtlesim/msg/color.hpp
[1.349s] -- Up-to-date: /home/joaocastilho/dev_ws/install/turtlesim/include/turtlesim/srv
[1.349s] -- Up-to-date: /home/joaocastilho/dev_ws/install/turtlesim/include/turtlesim/srv/spawn.hpp
[1.349s] -- Up-to-date: /home/joaocastilho/dev_ws/install/turtlesim/include/turtlesim/srv/teleport_absolute.hpp
[1.349s] -- Up-to-date: /home/joaocastilho/dev_ws/install/turtlesim/include/turtlesim/srv/set_pen.hpp
[1.349s] -- Up-to-date: /home/joaocastilho/dev_ws/install/turtlesim/include/turtlesim/srv/kill.hpp
[1.350s] -- Up-to-date: /home/joaocastilho/dev_ws/install/turtlesim/include/turtlesim/srv/detail
[1.350s] -- Up-to-date: /home/joaocastilho/dev_ws/install/turtlesim/include/turtlesim/srv/detail/kill__builder.hpp
[1.350s] -- Up-to-date: /home/joaocastilho/dev_ws/install/turtlesim/include/turtlesim/srv/detail/spawn__traits.hpp
[1.350s] -- Up-to-date: /home/joaocastilho/dev_ws/install/turtlesim/include/turtlesim/srv/detail/teleport_absolute__builder.hpp
[1.350s] -- Up-to-date: /home/joaocastilho/dev_ws/install/turtlesim/include/turtlesim/srv/detail/spawn__builder.hpp
[1.350s] -- Up-to-date: /home/joaocastilho/dev_ws/install/turtlesim/include/turtlesim/srv/detail/set_pen__builder.hpp
[1.350s] -- Up-to-date: /home/joaocastilho/dev_ws/install/turtlesim/include/turtlesim/srv/detail/teleport_relative__struct.hpp
[1.351s] -- Up-to-date: /home/joaocastilho/dev_ws/install/turtlesim/include/turtlesim/srv/detail/set_pen__traits.hpp
[1.351s] -- Up-to-date: /home/joaocastilho/dev_ws/install/turtlesim/include/turtlesim/srv/detail/kill__traits.hpp
[1.351s] -- Up-to-date: /home/joaocastilho/dev_ws/install/turtlesim/include/turtlesim/srv/detail/kill__struct.hpp
[1.351s] -- Up-to-date: /home/joaocastilho/dev_ws/install/turtlesim/include/turtlesim/srv/detail/teleport_absolute__struct.hpp
[1.351s] -- Up-to-date: /home/joaocastilho/dev_ws/install/turtlesim/include/turtlesim/srv/detail/teleport_relative__builder.hpp
[1.351s] -- Up-to-date: /home/joaocastilho/dev_ws/install/turtlesim/include/turtlesim/srv/detail/spawn__struct.hpp
[1.351s] -- Up-to-date: /home/joaocastilho/dev_ws/install/turtlesim/include/turtlesim/srv/detail/teleport_relative__traits.hpp
[1.351s] -- Up-to-date: /home/joaocastilho/dev_ws/install/turtlesim/include/turtlesim/srv/detail/teleport_absolute__traits.hpp
[1.352s] -- Up-to-date: /home/joaocastilho/dev_ws/install/turtlesim/include/turtlesim/srv/detail/set_pen__struct.hpp
[1.352s] -- Up-to-date: /home/joaocastilho/dev_ws/install/turtlesim/include/turtlesim/srv/teleport_relative.hpp
[1.352s] -- Up-to-date: /home/joaocastilho/dev_ws/install/turtlesim/include/turtlesim
[1.352s] -- Up-to-date: /home/joaocastilho/dev_ws/install/turtlesim/include/turtlesim/action
[1.352s] -- Up-to-date: /home/joaocastilho/dev_ws/install/turtlesim/include/turtlesim/action/detail
[1.352s] -- Up-to-date: /home/joaocastilho/dev_ws/install/turtlesim/include/turtlesim/action/detail/rotate_absolute__type_support.cpp
[1.352s] -- Up-to-date: /home/joaocastilho/dev_ws/install/turtlesim/include/turtlesim/action/detail/rotate_absolute__rosidl_typesupport_introspection_cpp.hpp
[1.352s] -- Up-to-date: /home/joaocastilho/dev_ws/install/turtlesim/include/turtlesim/msg
[1.353s] -- Up-to-date: /home/joaocastilho/dev_ws/install/turtlesim/include/turtlesim/msg/detail
[1.353s] -- Up-to-date: /home/joaocastilho/dev_ws/install/turtlesim/include/turtlesim/msg/detail/pose__rosidl_typesupport_introspection_cpp.hpp
[1.353s] -- Up-to-date: /home/joaocastilho/dev_ws/install/turtlesim/include/turtlesim/msg/detail/color__type_support.cpp
[1.353s] -- Up-to-date: /home/joaocastilho/dev_ws/install/turtlesim/include/turtlesim/msg/detail/pose__type_support.cpp
[1.353s] -- Up-to-date: /home/joaocastilho/dev_ws/install/turtlesim/include/turtlesim/msg/detail/color__rosidl_typesupport_introspection_cpp.hpp
[1.353s] -- Up-to-date: /home/joaocastilho/dev_ws/install/turtlesim/include/turtlesim/srv
[1.353s] -- Up-to-date: /home/joaocastilho/dev_ws/install/turtlesim/include/turtlesim/srv/detail
[1.354s] -- Up-to-date: /home/joaocastilho/dev_ws/install/turtlesim/include/turtlesim/srv/detail/teleport_absolute__rosidl_typesupport_introspection_cpp.hpp
[1.354s] -- Up-to-date: /home/joaocastilho/dev_ws/install/turtlesim/include/turtlesim/srv/detail/spawn__type_support.cpp
[1.354s] -- Up-to-date: /home/joaocastilho/dev_ws/install/turtlesim/include/turtlesim/srv/detail/teleport_relative__type_support.cpp
[1.354s] -- Up-to-date: /home/joaocastilho/dev_ws/install/turtlesim/include/turtlesim/srv/detail/kill__type_support.cpp
[1.354s] -- Up-to-date: /home/joaocastilho/dev_ws/install/turtlesim/include/turtlesim/srv/detail/set_pen__type_support.cpp
[1.354s] -- Up-to-date: /home/joaocastilho/dev_ws/install/turtlesim/include/turtlesim/srv/detail/teleport_relative__rosidl_typesupport_introspection_cpp.hpp
[1.354s] -- Up-to-date: /home/joaocastilho/dev_ws/install/turtlesim/include/turtlesim/srv/detail/set_pen__rosidl_typesupport_introspection_cpp.hpp
[1.354s] -- Up-to-date: /home/joaocastilho/dev_ws/install/turtlesim/include/turtlesim/srv/detail/teleport_absolute__type_support.cpp
[1.355s] -- Up-to-date: /home/joaocastilho/dev_ws/install/turtlesim/include/turtlesim/srv/detail/kill__rosidl_typesupport_introspection_cpp.hpp
[1.355s] -- Up-to-date: /home/joaocastilho/dev_ws/install/turtlesim/include/turtlesim/srv/detail/spawn__rosidl_typesupport_introspection_cpp.hpp
[1.355s] -- Up-to-date: /home/joaocastilho/dev_ws/install/turtlesim/lib/libturtlesim__rosidl_typesupport_introspection_cpp.so
[1.355s] -- Up-to-date: /home/joaocastilho/dev_ws/install/turtlesim/lib/libturtlesim__rosidl_typesupport_cpp.so
[1.355s] -- Up-to-date: /home/joaocastilho/dev_ws/install/turtlesim/share/turtlesim/environment/pythonpath.sh
[1.355s] -- Up-to-date: /home/joaocastilho/dev_ws/install/turtlesim/share/turtlesim/environment/pythonpath.dsv
[1.355s] -- Up-to-date: /home/joaocastilho/dev_ws/install/turtlesim/lib/python3.8/site-packages/turtlesim/__init__.py
[1.384s] -- Up-to-date: /home/joaocastilho/dev_ws/install/turtlesim/lib/python3.8/site-packages/turtlesim/action
[1.384s] -- Up-to-date: /home/joaocastilho/dev_ws/install/turtlesim/lib/python3.8/site-packages/turtlesim/action/_rotate_absolute_s.c
[1.384s] -- Up-to-date: /home/joaocastilho/dev_ws/install/turtlesim/lib/python3.8/site-packages/turtlesim/action/__init__.py
[1.384s] -- Up-to-date: /home/joaocastilho/dev_ws/install/turtlesim/lib/python3.8/site-packages/turtlesim/action/_rotate_absolute.py
[1.384s] -- Up-to-date: /home/joaocastilho/dev_ws/install/turtlesim/lib/python3.8/site-packages/turtlesim/msg
[1.385s] -- Up-to-date: /home/joaocastilho/dev_ws/install/turtlesim/lib/python3.8/site-packages/turtlesim/msg/_pose_s.c
[1.385s] -- Up-to-date: /home/joaocastilho/dev_ws/install/turtlesim/lib/python3.8/site-packages/turtlesim/msg/_color_s.c
[1.385s] -- Up-to-date: /home/joaocastilho/dev_ws/install/turtlesim/lib/python3.8/site-packages/turtlesim/msg/_pose.py
[1.385s] -- Up-to-date: /home/joaocastilho/dev_ws/install/turtlesim/lib/python3.8/site-packages/turtlesim/msg/__init__.py
[1.385s] -- Up-to-date: /home/joaocastilho/dev_ws/install/turtlesim/lib/python3.8/site-packages/turtlesim/msg/_color.py
[1.385s] -- Up-to-date: /home/joaocastilho/dev_ws/install/turtlesim/lib/python3.8/site-packages/turtlesim/srv
[1.385s] -- Up-to-date: /home/joaocastilho/dev_ws/install/turtlesim/lib/python3.8/site-packages/turtlesim/srv/_kill.py
[1.386s] -- Up-to-date: /home/joaocastilho/dev_ws/install/turtlesim/lib/python3.8/site-packages/turtlesim/srv/_teleport_relative.py
[1.386s] -- Up-to-date: /home/joaocastilho/dev_ws/install/turtlesim/lib/python3.8/site-packages/turtlesim/srv/_kill_s.c
[1.386s] -- Up-to-date: /home/joaocastilho/dev_ws/install/turtlesim/lib/python3.8/site-packages/turtlesim/srv/_set_pen.py
[1.386s] -- Up-to-date: /home/joaocastilho/dev_ws/install/turtlesim/lib/python3.8/site-packages/turtlesim/srv/_teleport_absolute.py
[1.386s] -- Up-to-date: /home/joaocastilho/dev_ws/install/turtlesim/lib/python3.8/site-packages/turtlesim/srv/_teleport_relative_s.c
[1.386s] -- Up-to-date: /home/joaocastilho/dev_ws/install/turtlesim/lib/python3.8/site-packages/turtlesim/srv/__init__.py
[1.386s] -- Up-to-date: /home/joaocastilho/dev_ws/install/turtlesim/lib/python3.8/site-packages/turtlesim/srv/_spawn_s.c
[1.386s] -- Up-to-date: /home/joaocastilho/dev_ws/install/turtlesim/lib/python3.8/site-packages/turtlesim/srv/_set_pen_s.c
[1.387s] -- Up-to-date: /home/joaocastilho/dev_ws/install/turtlesim/lib/python3.8/site-packages/turtlesim/srv/_spawn.py
[1.387s] -- Up-to-date: /home/joaocastilho/dev_ws/install/turtlesim/lib/python3.8/site-packages/turtlesim/srv/_teleport_absolute_s.c
[1.387s] -- Up-to-date: /home/joaocastilho/dev_ws/install/turtlesim/lib/python3.8/site-packages/turtlesim/turtlesim_s__rosidl_typesupport_fastrtps_c.cpython-38-x86_64-linux-gnu.so
[1.387s] -- Up-to-date: /home/joaocastilho/dev_ws/install/turtlesim/lib/python3.8/site-packages/turtlesim/turtlesim_s__rosidl_typesupport_introspection_c.cpython-38-x86_64-linux-gnu.so
[1.387s] -- Up-to-date: /home/joaocastilho/dev_ws/install/turtlesim/lib/python3.8/site-packages/turtlesim/turtlesim_s__rosidl_typesupport_c.cpython-38-x86_64-linux-gnu.so
[1.387s] -- Up-to-date: /home/joaocastilho/dev_ws/install/turtlesim/lib/libturtlesim__python.so
[1.388s] -- Up-to-date: /home/joaocastilho/dev_ws/install/turtlesim/share/turtlesim/action/RotateAbsolute.idl
[1.388s] -- Up-to-date: /home/joaocastilho/dev_ws/install/turtlesim/share/turtlesim/msg/Color.idl
[1.388s] -- Up-to-date: /home/joaocastilho/dev_ws/install/turtlesim/share/turtlesim/msg/Pose.idl
[1.388s] -- Up-to-date: /home/joaocastilho/dev_ws/install/turtlesim/share/turtlesim/srv/Kill.idl
[1.389s] -- Up-to-date: /home/joaocastilho/dev_ws/install/turtlesim/share/turtlesim/srv/SetPen.idl
[1.389s] -- Up-to-date: /home/joaocastilho/dev_ws/install/turtlesim/share/turtlesim/srv/Spawn.idl
[1.389s] -- Up-to-date: /home/joaocastilho/dev_ws/install/turtlesim/share/turtlesim/srv/TeleportAbsolute.idl
[1.389s] -- Up-to-date: /home/joaocastilho/dev_ws/install/turtlesim/share/turtlesim/srv/TeleportRelative.idl
[1.389s] -- Up-to-date: /home/joaocastilho/dev_ws/install/turtlesim/share/turtlesim/action/RotateAbsolute.action
[1.390s] -- Up-to-date: /home/joaocastilho/dev_ws/install/turtlesim/share/turtlesim/msg/Color.msg
[1.390s] -- Up-to-date: /home/joaocastilho/dev_ws/install/turtlesim/share/turtlesim/msg/Pose.msg
[1.390s] -- Up-to-date: /home/joaocastilho/dev_ws/install/turtlesim/share/turtlesim/srv/Kill.srv
[1.390s] -- Up-to-date: /home/joaocastilho/dev_ws/install/turtlesim/share/turtlesim/srv/Kill_Request.msg
[1.390s] -- Up-to-date: /home/joaocastilho/dev_ws/install/turtlesim/share/turtlesim/srv/Kill_Response.msg
[1.391s] -- Up-to-date: /home/joaocastilho/dev_ws/install/turtlesim/share/turtlesim/srv/SetPen.srv
[1.391s] -- Up-to-date: /home/joaocastilho/dev_ws/install/turtlesim/share/turtlesim/srv/SetPen_Request.msg
[1.391s] -- Up-to-date: /home/joaocastilho/dev_ws/install/turtlesim/share/turtlesim/srv/SetPen_Response.msg
[1.391s] -- Up-to-date: /home/joaocastilho/dev_ws/install/turtlesim/share/turtlesim/srv/Spawn.srv
[1.391s] -- Up-to-date: /home/joaocastilho/dev_ws/install/turtlesim/share/turtlesim/srv/Spawn_Request.msg
[1.391s] -- Up-to-date: /home/joaocastilho/dev_ws/install/turtlesim/share/turtlesim/srv/Spawn_Response.msg
[1.391s] -- Up-to-date: /home/joaocastilho/dev_ws/install/turtlesim/share/turtlesim/srv/TeleportAbsolute.srv
[1.391s] -- Up-to-date: /home/joaocastilho/dev_ws/install/turtlesim/share/turtlesim/srv/TeleportAbsolute_Request.msg
[1.391s] -- Up-to-date: /home/joaocastilho/dev_ws/install/turtlesim/share/turtlesim/srv/TeleportAbsolute_Response.msg
[1.391s] -- Up-to-date: /home/joaocastilho/dev_ws/install/turtlesim/share/turtlesim/srv/TeleportRelative.srv
[1.391s] -- Up-to-date: /home/joaocastilho/dev_ws/install/turtlesim/share/turtlesim/srv/TeleportRelative_Request.msg
[1.391s] -- Up-to-date: /home/joaocastilho/dev_ws/install/turtlesim/share/turtlesim/srv/TeleportRelative_Response.msg
[1.392s] -- Up-to-date: /home/joaocastilho/dev_ws/install/turtlesim/lib/turtlesim/turtlesim_node
[1.392s] -- Up-to-date: /home/joaocastilho/dev_ws/install/turtlesim/lib/turtlesim/turtle_teleop_key
[1.392s] -- Up-to-date: /home/joaocastilho/dev_ws/install/turtlesim/lib/turtlesim/draw_square
[1.392s] -- Up-to-date: /home/joaocastilho/dev_ws/install/turtlesim/lib/turtlesim/mimic
[1.392s] -- Up-to-date: /home/joaocastilho/dev_ws/install/turtlesim/share/turtlesim/images
[1.392s] -- Up-to-date: /home/joaocastilho/dev_ws/install/turtlesim/share/turtlesim/images/dashing.png
[1.392s] -- Up-to-date: /home/joaocastilho/dev_ws/install/turtlesim/share/turtlesim/images/crystal.png
[1.393s] -- Up-to-date: /home/joaocastilho/dev_ws/install/turtlesim/share/turtlesim/images/bouncy.png
[1.393s] -- Up-to-date: /home/joaocastilho/dev_ws/install/turtlesim/share/turtlesim/images/ardent.png
[1.393s] -- Up-to-date: /home/joaocastilho/dev_ws/install/turtlesim/share/turtlesim/images/eloquent.png
[1.393s] -- Up-to-date: /home/joaocastilho/dev_ws/install/turtlesim/share/turtlesim/images/foxy.png
[1.393s] -- Up-to-date: /home/joaocastilho/dev_ws/install/turtlesim/share/turtlesim/launch
[1.393s] -- Up-to-date: /home/joaocastilho/dev_ws/install/turtlesim/share/turtlesim/launch/multisim.launch.py
[1.393s] -- Up-to-date: /home/joaocastilho/dev_ws/install/turtlesim/share/ament_index/resource_index/package_run_dependencies/turtlesim
[1.393s] -- Up-to-date: /home/joaocastilho/dev_ws/install/turtlesim/share/ament_index/resource_index/parent_prefix_path/turtlesim
[1.393s] -- Up-to-date: /home/joaocastilho/dev_ws/install/turtlesim/share/turtlesim/environment/ament_prefix_path.sh
[1.394s] -- Up-to-date: /home/joaocastilho/dev_ws/install/turtlesim/share/turtlesim/environment/ament_prefix_path.dsv
[1.394s] -- Up-to-date: /home/joaocastilho/dev_ws/install/turtlesim/share/turtlesim/environment/path.sh
[1.394s] -- Up-to-date: /home/joaocastilho/dev_ws/install/turtlesim/share/turtlesim/environment/path.dsv
[1.394s] -- Up-to-date: /home/joaocastilho/dev_ws/install/turtlesim/share/turtlesim/local_setup.bash
[1.394s] -- Up-to-date: /home/joaocastilho/dev_ws/install/turtlesim/share/turtlesim/local_setup.sh
[1.394s] -- Up-to-date: /home/joaocastilho/dev_ws/install/turtlesim/share/turtlesim/local_setup.zsh
[1.394s] -- Up-to-date: /home/joaocastilho/dev_ws/install/turtlesim/share/turtlesim/local_setup.dsv
[1.394s] -- Installing: /home/joaocastilho/dev_ws/install/turtlesim/share/turtlesim/package.dsv
[1.394s] -- Up-to-date: /home/joaocastilho/dev_ws/install/turtlesim/share/ament_index/resource_index/packages/turtlesim
[1.395s] -- Up-to-date: /home/joaocastilho/dev_ws/install/turtlesim/share/turtlesim/cmake/turtlesim__rosidl_generator_cExport.cmake
[1.395s] -- Up-to-date: /home/joaocastilho/dev_ws/install/turtlesim/share/turtlesim/cmake/turtlesim__rosidl_generator_cExport-noconfig.cmake
[1.395s] -- Up-to-date: /home/joaocastilho/dev_ws/install/turtlesim/share/turtlesim/cmake/turtlesim__rosidl_typesupport_introspection_cExport.cmake
[1.395s] -- Up-to-date: /home/joaocastilho/dev_ws/install/turtlesim/share/turtlesim/cmake/turtlesim__rosidl_typesupport_introspection_cExport-noconfig.cmake
[1.395s] -- Up-to-date: /home/joaocastilho/dev_ws/install/turtlesim/share/turtlesim/cmake/turtlesim__rosidl_typesupport_cExport.cmake
[1.395s] -- Up-to-date: /home/joaocastilho/dev_ws/install/turtlesim/share/turtlesim/cmake/turtlesim__rosidl_typesupport_cExport-noconfig.cmake
[1.396s] -- Up-to-date: /home/joaocastilho/dev_ws/install/turtlesim/share/turtlesim/cmake/turtlesim__rosidl_generator_cppExport.cmake
[1.396s] -- Up-to-date: /home/joaocastilho/dev_ws/install/turtlesim/share/turtlesim/cmake/turtlesim__rosidl_typesupport_introspection_cppExport.cmake
[1.396s] -- Up-to-date: /home/joaocastilho/dev_ws/install/turtlesim/share/turtlesim/cmake/turtlesim__rosidl_typesupport_introspection_cppExport-noconfig.cmake
[1.396s] -- Up-to-date: /home/joaocastilho/dev_ws/install/turtlesim/share/turtlesim/cmake/turtlesim__rosidl_typesupport_cppExport.cmake
[1.396s] -- Up-to-date: /home/joaocastilho/dev_ws/install/turtlesim/share/turtlesim/cmake/turtlesim__rosidl_typesupport_cppExport-noconfig.cmake
[1.396s] -- Up-to-date: /home/joaocastilho/dev_ws/install/turtlesim/share/turtlesim/cmake/rosidl_cmake-extras.cmake
[1.396s] -- Up-to-date: /home/joaocastilho/dev_ws/install/turtlesim/share/turtlesim/cmake/ament_cmake_export_dependencies-extras.cmake
[1.396s] -- Up-to-date: /home/joaocastilho/dev_ws/install/turtlesim/share/turtlesim/cmake/ament_cmake_export_libraries-extras.cmake
[1.397s] -- Up-to-date: /home/joaocastilho/dev_ws/install/turtlesim/share/turtlesim/cmake/ament_cmake_export_targets-extras.cmake
[1.397s] -- Up-to-date: /home/joaocastilho/dev_ws/install/turtlesim/share/turtlesim/cmake/ament_cmake_export_include_directories-extras.cmake
[1.397s] -- Up-to-date: /home/joaocastilho/dev_ws/install/turtlesim/share/turtlesim/cmake/rosidl_cmake_export_typesupport_libraries-extras.cmake
[1.397s] -- Up-to-date: /home/joaocastilho/dev_ws/install/turtlesim/share/turtlesim/cmake/rosidl_cmake_export_typesupport_targets-extras.cmake
[1.399s] -- Up-to-date: /home/joaocastilho/dev_ws/install/turtlesim/share/turtlesim/cmake/turtlesimConfig.cmake
[1.400s] -- Up-to-date: /home/joaocastilho/dev_ws/install/turtlesim/share/turtlesim/cmake/turtlesimConfig-version.cmake
[1.400s] -- Up-to-date: /home/joaocastilho/dev_ws/install/turtlesim/share/turtlesim/package.xml
[1.400s] Invoked command in '/home/joaocastilho/dev_ws/build/turtlesim' returned '0': CMAKE_PREFIX_PATH=${CMAKE_PREFIX_PATH}:/home/joaocastilho/dev_ws/install/my_package_python:/opt/ros/foxy /usr/bin/cmake --install /home/joaocastilho/dev_ws/build/turtlesim
