[0.056s] Invoking command in '/home/joaocastilho/dev_ws/build/cpp_pubsub': CMAKE_PREFIX_PATH=${CMAKE_PREFIX_PATH}:/home/joaocastilho/dev_ws/install/my_package_python:/opt/ros/foxy /usr/bin/cmake --build /home/joaocastilho/dev_ws/build/cpp_pubsub -- -j8 -l8
[0.684s] [100%] Built target talker
[0.685s] [100%] Built target listener
[0.687s] Invoked command in '/home/joaocastilho/dev_ws/build/cpp_pubsub' returned '0': CMAKE_PREFIX_PATH=${CMAKE_PREFIX_PATH}:/home/joaocastilho/dev_ws/install/my_package_python:/opt/ros/foxy /usr/bin/cmake --build /home/joaocastilho/dev_ws/build/cpp_pubsub -- -j8 -l8
[0.746s] Invoking command in '/home/joaocastilho/dev_ws/build/cpp_pubsub': CMAKE_PREFIX_PATH=${CMAKE_PREFIX_PATH}:/home/joaocastilho/dev_ws/install/my_package_python:/opt/ros/foxy /usr/bin/cmake --install /home/joaocastilho/dev_ws/build/cpp_pubsub
[0.764s] -- Install configuration: ""
[0.765s] -- Up-to-date: /home/joaocastilho/dev_ws/install/cpp_pubsub/lib/cpp_pubsub/talker
[0.765s] -- Up-to-date: /home/joaocastilho/dev_ws/install/cpp_pubsub/lib/cpp_pubsub/listener
[0.765s] -- Up-to-date: /home/joaocastilho/dev_ws/install/cpp_pubsub/share/ament_index/resource_index/package_run_dependencies/cpp_pubsub
[0.765s] -- Up-to-date: /home/joaocastilho/dev_ws/install/cpp_pubsub/share/ament_index/resource_index/parent_prefix_path/cpp_pubsub
[0.765s] -- Up-to-date: /home/joaocastilho/dev_ws/install/cpp_pubsub/share/cpp_pubsub/environment/ament_prefix_path.sh
[0.765s] -- Up-to-date: /home/joaocastilho/dev_ws/install/cpp_pubsub/share/cpp_pubsub/environment/ament_prefix_path.dsv
[0.766s] -- Up-to-date: /home/joaocastilho/dev_ws/install/cpp_pubsub/share/cpp_pubsub/environment/path.sh
[0.767s] -- Up-to-date: /home/joaocastilho/dev_ws/install/cpp_pubsub/share/cpp_pubsub/environment/path.dsv
[0.767s] -- Up-to-date: /home/joaocastilho/dev_ws/install/cpp_pubsub/share/cpp_pubsub/local_setup.bash
[0.767s] -- Up-to-date: /home/joaocastilho/dev_ws/install/cpp_pubsub/share/cpp_pubsub/local_setup.sh
[0.767s] -- Up-to-date: /home/joaocastilho/dev_ws/install/cpp_pubsub/share/cpp_pubsub/local_setup.zsh
[0.768s] -- Up-to-date: /home/joaocastilho/dev_ws/install/cpp_pubsub/share/cpp_pubsub/local_setup.dsv
[0.768s] -- Installing: /home/joaocastilho/dev_ws/install/cpp_pubsub/share/cpp_pubsub/package.dsv
[0.769s] -- Up-to-date: /home/joaocastilho/dev_ws/install/cpp_pubsub/share/ament_index/resource_index/packages/cpp_pubsub
[0.769s] -- Up-to-date: /home/joaocastilho/dev_ws/install/cpp_pubsub/share/cpp_pubsub/cmake/cpp_pubsubConfig.cmake
[0.770s] -- Up-to-date: /home/joaocastilho/dev_ws/install/cpp_pubsub/share/cpp_pubsub/cmake/cpp_pubsubConfig-version.cmake
[0.770s] -- Up-to-date: /home/joaocastilho/dev_ws/install/cpp_pubsub/share/cpp_pubsub/package.xml
[0.799s] Invoked command in '/home/joaocastilho/dev_ws/build/cpp_pubsub' returned '0': CMAKE_PREFIX_PATH=${CMAKE_PREFIX_PATH}:/home/joaocastilho/dev_ws/install/my_package_python:/opt/ros/foxy /usr/bin/cmake --install /home/joaocastilho/dev_ws/build/cpp_pubsub
