[0.063s] Invoking command in '/home/joaocastilho/dev_ws/build/my_package': CMAKE_PREFIX_PATH=${CMAKE_PREFIX_PATH}:/home/joaocastilho/dev_ws/install/my_package_python:/opt/ros/foxy /usr/bin/cmake --build /home/joaocastilho/dev_ws/build/my_package -- -j8 -l8
[0.808s] [100%] Built target my_node
[0.815s] Invoked command in '/home/joaocastilho/dev_ws/build/my_package' returned '0': CMAKE_PREFIX_PATH=${CMAKE_PREFIX_PATH}:/home/joaocastilho/dev_ws/install/my_package_python:/opt/ros/foxy /usr/bin/cmake --build /home/joaocastilho/dev_ws/build/my_package -- -j8 -l8
[0.921s] Invoking command in '/home/joaocastilho/dev_ws/build/my_package': CMAKE_PREFIX_PATH=${CMAKE_PREFIX_PATH}:/home/joaocastilho/dev_ws/install/my_package_python:/opt/ros/foxy /usr/bin/cmake --install /home/joaocastilho/dev_ws/build/my_package
[0.934s] -- Install configuration: ""
[0.935s] -- Up-to-date: /home/joaocastilho/dev_ws/install/my_package/lib/my_package/my_node
[0.937s] -- Up-to-date: /home/joaocastilho/dev_ws/install/my_package/share/ament_index/resource_index/package_run_dependencies/my_package
[0.938s] -- Up-to-date: /home/joaocastilho/dev_ws/install/my_package/share/ament_index/resource_index/parent_prefix_path/my_package
[0.939s] -- Up-to-date: /home/joaocastilho/dev_ws/install/my_package/share/my_package/environment/ament_prefix_path.sh
[0.939s] -- Up-to-date: /home/joaocastilho/dev_ws/install/my_package/share/my_package/environment/ament_prefix_path.dsv
[0.939s] -- Up-to-date: /home/joaocastilho/dev_ws/install/my_package/share/my_package/environment/path.sh
[0.939s] -- Up-to-date: /home/joaocastilho/dev_ws/install/my_package/share/my_package/environment/path.dsv
[0.939s] -- Up-to-date: /home/joaocastilho/dev_ws/install/my_package/share/my_package/local_setup.bash
[0.939s] -- Up-to-date: /home/joaocastilho/dev_ws/install/my_package/share/my_package/local_setup.sh
[0.940s] -- Up-to-date: /home/joaocastilho/dev_ws/install/my_package/share/my_package/local_setup.zsh
[0.940s] -- Up-to-date: /home/joaocastilho/dev_ws/install/my_package/share/my_package/local_setup.dsv
[0.940s] -- Installing: /home/joaocastilho/dev_ws/install/my_package/share/my_package/package.dsv
[0.940s] -- Up-to-date: /home/joaocastilho/dev_ws/install/my_package/share/ament_index/resource_index/packages/my_package
[0.940s] -- Up-to-date: /home/joaocastilho/dev_ws/install/my_package/share/my_package/cmake/my_packageConfig.cmake
[0.940s] -- Up-to-date: /home/joaocastilho/dev_ws/install/my_package/share/my_package/cmake/my_packageConfig-version.cmake
[0.940s] -- Up-to-date: /home/joaocastilho/dev_ws/install/my_package/share/my_package/package.xml
[0.969s] Invoked command in '/home/joaocastilho/dev_ws/build/my_package' returned '0': CMAKE_PREFIX_PATH=${CMAKE_PREFIX_PATH}:/home/joaocastilho/dev_ws/install/my_package_python:/opt/ros/foxy /usr/bin/cmake --install /home/joaocastilho/dev_ws/build/my_package
