[0.022s] Invoking command in '/home/joaocastilho/dev_ws/build/my_package': CMAKE_PREFIX_PATH=/opt/ros/foxy /usr/bin/cmake /home/joaocastilho/dev_ws/src/my_package -DCMAKE_INSTALL_PREFIX=/home/joaocastilho/dev_ws/install/my_package
[0.210s] -- The C compiler identification is GNU 9.3.0
[0.294s] -- The CXX compiler identification is GNU 9.3.0
[0.303s] -- Check for working C compiler: /usr/bin/cc
[0.379s] -- Check for working C compiler: /usr/bin/cc -- works
[0.380s] -- Detecting C compiler ABI info
[0.456s] -- Detecting C compiler ABI info - done
[0.475s] -- Detecting C compile features
[0.476s] -- Detecting C compile features - done
[0.480s] -- Check for working CXX compiler: /usr/bin/c++
[0.578s] -- Check for working CXX compiler: /usr/bin/c++ -- works
[0.579s] -- Detecting CXX compiler ABI info
[0.667s] -- Detecting CXX compiler ABI info - done
[0.681s] -- Detecting CXX compile features
[0.682s] -- Detecting CXX compile features - done
[0.685s] -- Found ament_cmake: 0.9.8 (/opt/ros/foxy/share/ament_cmake/cmake)
[0.716s] -- Found PythonInterp: /usr/bin/python3 (found suitable version "3.8.10", minimum required is "3") 
[0.716s] -- Using PYTHON_EXECUTABLE: /usr/bin/python3
[0.967s] -- Found ament_lint_auto: 0.9.6 (/opt/ros/foxy/share/ament_lint_auto/cmake)
[1.049s] -- Added test 'copyright' to check source files copyright and LICENSE
[1.050s] -- Added test 'cppcheck' to perform static code analysis on C / C++ code
[1.050s] -- Configured cppcheck include dirs: $<BUILD_INTERFACE:/home/joaocastilho/dev_ws/src/my_package/include>
[1.050s] -- Configured cppcheck exclude dirs and/or files: 
[1.051s] -- Added test 'cpplint' to check C / C++ code against the Google style
[1.051s] -- Configured cpplint exclude dirs and/or files: 
[1.052s] -- Added test 'lint_cmake' to check CMake code style
[1.054s] -- Added test 'uncrustify' to check C / C++ code style
[1.054s] -- Configured uncrustify additional arguments: 
[1.054s] -- Added test 'xmllint' to check XML markup files
[1.057s] -- Configuring done
[1.061s] -- Generating done
[1.062s] -- Build files have been written to: /home/joaocastilho/dev_ws/build/my_package
[1.065s] Invoked command in '/home/joaocastilho/dev_ws/build/my_package' returned '0': CMAKE_PREFIX_PATH=/opt/ros/foxy /usr/bin/cmake /home/joaocastilho/dev_ws/src/my_package -DCMAKE_INSTALL_PREFIX=/home/joaocastilho/dev_ws/install/my_package
[1.068s] Invoking command in '/home/joaocastilho/dev_ws/build/my_package': CMAKE_PREFIX_PATH=/opt/ros/foxy /usr/bin/cmake --build /home/joaocastilho/dev_ws/build/my_package -- -j8 -l8
[1.113s] [35m[1mScanning dependencies of target my_node[0m
[1.126s] [ 50%] [32mBuilding CXX object CMakeFiles/my_node.dir/src/my_node.cpp.o[0m
[1.155s] [100%] [32m[1mLinking CXX executable my_node[0m
[1.201s] [100%] Built target my_node
[1.213s] Invoked command in '/home/joaocastilho/dev_ws/build/my_package' returned '0': CMAKE_PREFIX_PATH=/opt/ros/foxy /usr/bin/cmake --build /home/joaocastilho/dev_ws/build/my_package -- -j8 -l8
[1.237s] Invoking command in '/home/joaocastilho/dev_ws/build/my_package': CMAKE_PREFIX_PATH=/opt/ros/foxy /usr/bin/cmake --install /home/joaocastilho/dev_ws/build/my_package
[1.245s] -- Install configuration: ""
[1.245s] -- Installing: /home/joaocastilho/dev_ws/install/my_package/lib/my_package/my_node
[1.245s] -- Installing: /home/joaocastilho/dev_ws/install/my_package/share/ament_index/resource_index/package_run_dependencies/my_package
[1.245s] -- Installing: /home/joaocastilho/dev_ws/install/my_package/share/ament_index/resource_index/parent_prefix_path/my_package
[1.245s] -- Installing: /home/joaocastilho/dev_ws/install/my_package/share/my_package/environment/ament_prefix_path.sh
[1.245s] -- Installing: /home/joaocastilho/dev_ws/install/my_package/share/my_package/environment/ament_prefix_path.dsv
[1.245s] -- Installing: /home/joaocastilho/dev_ws/install/my_package/share/my_package/environment/path.sh
[1.246s] -- Installing: /home/joaocastilho/dev_ws/install/my_package/share/my_package/environment/path.dsv
[1.246s] -- Installing: /home/joaocastilho/dev_ws/install/my_package/share/my_package/local_setup.bash
[1.246s] -- Installing: /home/joaocastilho/dev_ws/install/my_package/share/my_package/local_setup.sh
[1.246s] -- Installing: /home/joaocastilho/dev_ws/install/my_package/share/my_package/local_setup.zsh
[1.246s] -- Installing: /home/joaocastilho/dev_ws/install/my_package/share/my_package/local_setup.dsv
[1.246s] -- Installing: /home/joaocastilho/dev_ws/install/my_package/share/my_package/package.dsv
[1.246s] -- Installing: /home/joaocastilho/dev_ws/install/my_package/share/ament_index/resource_index/packages/my_package
[1.246s] -- Installing: /home/joaocastilho/dev_ws/install/my_package/share/my_package/cmake/my_packageConfig.cmake
[1.246s] -- Installing: /home/joaocastilho/dev_ws/install/my_package/share/my_package/cmake/my_packageConfig-version.cmake
[1.247s] -- Installing: /home/joaocastilho/dev_ws/install/my_package/share/my_package/package.xml
[1.251s] Invoked command in '/home/joaocastilho/dev_ws/build/my_package' returned '0': CMAKE_PREFIX_PATH=/opt/ros/foxy /usr/bin/cmake --install /home/joaocastilho/dev_ws/build/my_package
