[0.060s] Invoking command in '/home/joaocastilho/dev_ws/build/tutorial_interfaces': CMAKE_PREFIX_PATH=${CMAKE_PREFIX_PATH}:/home/joaocastilho/dev_ws/install/py_pubsub:/home/joaocastilho/dev_ws/install/my_package_python:/opt/ros/foxy /usr/bin/cmake --build /home/joaocastilho/dev_ws/build/tutorial_interfaces -- -j8 -l8
[0.731s] [  9%] Built target tutorial_interfaces__rosidl_generator_c
[0.731s] [ 11%] Built target tutorial_interfaces__cpp
[0.731s] [ 16%] Built target talker
[0.732s] [ 20%] Built target listener
[0.732s] [ 30%] Built target tutorial_interfaces__rosidl_typesupport_introspection_c
[0.732s] [ 39%] Built target tutorial_interfaces__rosidl_typesupport_c
[0.732s] [ 48%] Built target tutorial_interfaces__rosidl_typesupport_introspection_cpp
[0.732s] [ 58%] Built target tutorial_interfaces__rosidl_typesupport_cpp
[0.732s] [ 67%] Built target tutorial_interfaces__rosidl_typesupport_fastrtps_cpp
[0.732s] [ 76%] Built target tutorial_interfaces__rosidl_typesupport_fastrtps_c
[0.732s] [ 76%] Built target tutorial_interfaces
[0.733s] [ 79%] Built target tutorial_interfaces__py
[0.733s] [ 86%] Built target tutorial_interfaces__python
[0.733s] [ 90%] Built target tutorial_interfaces__rosidl_typesupport_introspection_c__pyext
[0.734s] [ 95%] Built target tutorial_interfaces__rosidl_typesupport_c__pyext
[0.734s] [100%] Built target tutorial_interfaces__rosidl_typesupport_fastrtps_c__pyext
[0.734s] Invoked command in '/home/joaocastilho/dev_ws/build/tutorial_interfaces' returned '0': CMAKE_PREFIX_PATH=${CMAKE_PREFIX_PATH}:/home/joaocastilho/dev_ws/install/py_pubsub:/home/joaocastilho/dev_ws/install/my_package_python:/opt/ros/foxy /usr/bin/cmake --build /home/joaocastilho/dev_ws/build/tutorial_interfaces -- -j8 -l8
[0.917s] Invoking command in '/home/joaocastilho/dev_ws/build/tutorial_interfaces': CMAKE_PREFIX_PATH=${CMAKE_PREFIX_PATH}:/home/joaocastilho/dev_ws/install/py_pubsub:/home/joaocastilho/dev_ws/install/my_package_python:/opt/ros/foxy /usr/bin/cmake --install /home/joaocastilho/dev_ws/build/tutorial_interfaces
[0.927s] -- Install configuration: ""
[0.927s] -- Up-to-date: /home/joaocastilho/dev_ws/install/tutorial_interfaces/share/ament_index/resource_index/rosidl_interfaces/tutorial_interfaces
[0.927s] -- Up-to-date: /home/joaocastilho/dev_ws/install/tutorial_interfaces/include/tutorial_interfaces
[0.928s] -- Up-to-date: /home/joaocastilho/dev_ws/install/tutorial_interfaces/include/tutorial_interfaces/msg
[0.928s] -- Up-to-date: /home/joaocastilho/dev_ws/install/tutorial_interfaces/include/tutorial_interfaces/msg/num.h
[0.928s] -- Up-to-date: /home/joaocastilho/dev_ws/install/tutorial_interfaces/include/tutorial_interfaces/msg/rosidl_generator_c__visibility_control.h
[0.928s] -- Up-to-date: /home/joaocastilho/dev_ws/install/tutorial_interfaces/include/tutorial_interfaces/msg/detail
[0.928s] -- Up-to-date: /home/joaocastilho/dev_ws/install/tutorial_interfaces/include/tutorial_interfaces/msg/detail/num__type_support.h
[0.929s] -- Up-to-date: /home/joaocastilho/dev_ws/install/tutorial_interfaces/include/tutorial_interfaces/msg/detail/num__functions.c
[0.929s] -- Up-to-date: /home/joaocastilho/dev_ws/install/tutorial_interfaces/include/tutorial_interfaces/msg/detail/num__functions.h
[0.929s] -- Up-to-date: /home/joaocastilho/dev_ws/install/tutorial_interfaces/include/tutorial_interfaces/msg/detail/num__struct.h
[0.929s] -- Up-to-date: /home/joaocastilho/dev_ws/install/tutorial_interfaces/include/tutorial_interfaces/srv
[0.929s] -- Up-to-date: /home/joaocastilho/dev_ws/install/tutorial_interfaces/include/tutorial_interfaces/srv/detail
[0.929s] -- Up-to-date: /home/joaocastilho/dev_ws/install/tutorial_interfaces/include/tutorial_interfaces/srv/detail/add_three_ints__functions.c
[0.930s] -- Up-to-date: /home/joaocastilho/dev_ws/install/tutorial_interfaces/include/tutorial_interfaces/srv/detail/add_three_ints__type_support.h
[0.930s] -- Up-to-date: /home/joaocastilho/dev_ws/install/tutorial_interfaces/include/tutorial_interfaces/srv/detail/add_three_ints__struct.h
[0.930s] -- Up-to-date: /home/joaocastilho/dev_ws/install/tutorial_interfaces/include/tutorial_interfaces/srv/detail/add_three_ints__functions.h
[0.930s] -- Up-to-date: /home/joaocastilho/dev_ws/install/tutorial_interfaces/include/tutorial_interfaces/srv/add_three_ints.h
[0.930s] -- Up-to-date: /home/joaocastilho/dev_ws/install/tutorial_interfaces/share/tutorial_interfaces/environment/library_path.sh
[0.930s] -- Up-to-date: /home/joaocastilho/dev_ws/install/tutorial_interfaces/share/tutorial_interfaces/environment/library_path.dsv
[0.931s] -- Up-to-date: /home/joaocastilho/dev_ws/install/tutorial_interfaces/lib/libtutorial_interfaces__rosidl_generator_c.so
[0.931s] -- Up-to-date: /home/joaocastilho/dev_ws/install/tutorial_interfaces/include/tutorial_interfaces
[0.931s] -- Up-to-date: /home/joaocastilho/dev_ws/install/tutorial_interfaces/include/tutorial_interfaces/msg
[0.931s] -- Up-to-date: /home/joaocastilho/dev_ws/install/tutorial_interfaces/include/tutorial_interfaces/msg/detail
[0.931s] -- Up-to-date: /home/joaocastilho/dev_ws/install/tutorial_interfaces/include/tutorial_interfaces/msg/detail/num__rosidl_typesupport_fastrtps_c.h
[0.931s] -- Up-to-date: /home/joaocastilho/dev_ws/install/tutorial_interfaces/include/tutorial_interfaces/msg/rosidl_typesupport_fastrtps_c__visibility_control.h
[0.932s] -- Up-to-date: /home/joaocastilho/dev_ws/install/tutorial_interfaces/include/tutorial_interfaces/srv
[0.932s] -- Up-to-date: /home/joaocastilho/dev_ws/install/tutorial_interfaces/include/tutorial_interfaces/srv/detail
[0.932s] -- Up-to-date: /home/joaocastilho/dev_ws/install/tutorial_interfaces/include/tutorial_interfaces/srv/detail/add_three_ints__rosidl_typesupport_fastrtps_c.h
[0.932s] -- Up-to-date: /home/joaocastilho/dev_ws/install/tutorial_interfaces/lib/libtutorial_interfaces__rosidl_typesupport_fastrtps_c.so
[0.932s] -- Up-to-date: /home/joaocastilho/dev_ws/install/tutorial_interfaces/include/tutorial_interfaces
[0.932s] -- Up-to-date: /home/joaocastilho/dev_ws/install/tutorial_interfaces/include/tutorial_interfaces/msg
[0.933s] -- Up-to-date: /home/joaocastilho/dev_ws/install/tutorial_interfaces/include/tutorial_interfaces/msg/rosidl_typesupport_fastrtps_cpp__visibility_control.h
[0.933s] -- Up-to-date: /home/joaocastilho/dev_ws/install/tutorial_interfaces/include/tutorial_interfaces/msg/detail
[0.933s] -- Up-to-date: /home/joaocastilho/dev_ws/install/tutorial_interfaces/include/tutorial_interfaces/msg/detail/num__rosidl_typesupport_fastrtps_cpp.hpp
[0.933s] -- Up-to-date: /home/joaocastilho/dev_ws/install/tutorial_interfaces/include/tutorial_interfaces/msg/detail/dds_fastrtps
[0.933s] -- Up-to-date: /home/joaocastilho/dev_ws/install/tutorial_interfaces/include/tutorial_interfaces/srv
[0.933s] -- Up-to-date: /home/joaocastilho/dev_ws/install/tutorial_interfaces/include/tutorial_interfaces/srv/detail
[0.934s] -- Up-to-date: /home/joaocastilho/dev_ws/install/tutorial_interfaces/include/tutorial_interfaces/srv/detail/dds_fastrtps
[0.934s] -- Up-to-date: /home/joaocastilho/dev_ws/install/tutorial_interfaces/include/tutorial_interfaces/srv/detail/add_three_ints__rosidl_typesupport_fastrtps_cpp.hpp
[0.934s] -- Up-to-date: /home/joaocastilho/dev_ws/install/tutorial_interfaces/lib/libtutorial_interfaces__rosidl_typesupport_fastrtps_cpp.so
[0.934s] -- Up-to-date: /home/joaocastilho/dev_ws/install/tutorial_interfaces/include/tutorial_interfaces
[0.934s] -- Up-to-date: /home/joaocastilho/dev_ws/install/tutorial_interfaces/include/tutorial_interfaces/msg
[0.934s] -- Up-to-date: /home/joaocastilho/dev_ws/install/tutorial_interfaces/include/tutorial_interfaces/msg/detail
[0.934s] -- Up-to-date: /home/joaocastilho/dev_ws/install/tutorial_interfaces/include/tutorial_interfaces/msg/detail/num__type_support.c
[0.934s] -- Up-to-date: /home/joaocastilho/dev_ws/install/tutorial_interfaces/include/tutorial_interfaces/msg/detail/num__rosidl_typesupport_introspection_c.h
[0.935s] -- Up-to-date: /home/joaocastilho/dev_ws/install/tutorial_interfaces/include/tutorial_interfaces/msg/rosidl_typesupport_introspection_c__visibility_control.h
[0.935s] -- Up-to-date: /home/joaocastilho/dev_ws/install/tutorial_interfaces/include/tutorial_interfaces/srv
[0.935s] -- Up-to-date: /home/joaocastilho/dev_ws/install/tutorial_interfaces/include/tutorial_interfaces/srv/detail
[0.935s] -- Up-to-date: /home/joaocastilho/dev_ws/install/tutorial_interfaces/include/tutorial_interfaces/srv/detail/add_three_ints__rosidl_typesupport_introspection_c.h
[0.935s] -- Up-to-date: /home/joaocastilho/dev_ws/install/tutorial_interfaces/include/tutorial_interfaces/srv/detail/add_three_ints__type_support.c
[0.935s] -- Up-to-date: /home/joaocastilho/dev_ws/install/tutorial_interfaces/lib/libtutorial_interfaces__rosidl_typesupport_introspection_c.so
[0.935s] -- Up-to-date: /home/joaocastilho/dev_ws/install/tutorial_interfaces/lib/libtutorial_interfaces__rosidl_typesupport_c.so
[0.935s] -- Up-to-date: /home/joaocastilho/dev_ws/install/tutorial_interfaces/include/tutorial_interfaces
[0.936s] -- Up-to-date: /home/joaocastilho/dev_ws/install/tutorial_interfaces/include/tutorial_interfaces/msg
[0.936s] -- Up-to-date: /home/joaocastilho/dev_ws/install/tutorial_interfaces/include/tutorial_interfaces/msg/detail
[0.936s] -- Up-to-date: /home/joaocastilho/dev_ws/install/tutorial_interfaces/include/tutorial_interfaces/msg/detail/num__struct.hpp
[0.936s] -- Up-to-date: /home/joaocastilho/dev_ws/install/tutorial_interfaces/include/tutorial_interfaces/msg/detail/num__builder.hpp
[0.936s] -- Up-to-date: /home/joaocastilho/dev_ws/install/tutorial_interfaces/include/tutorial_interfaces/msg/detail/num__traits.hpp
[0.936s] -- Up-to-date: /home/joaocastilho/dev_ws/install/tutorial_interfaces/include/tutorial_interfaces/msg/num.hpp
[0.936s] -- Up-to-date: /home/joaocastilho/dev_ws/install/tutorial_interfaces/include/tutorial_interfaces/srv
[0.936s] -- Up-to-date: /home/joaocastilho/dev_ws/install/tutorial_interfaces/include/tutorial_interfaces/srv/add_three_ints.hpp
[0.937s] -- Up-to-date: /home/joaocastilho/dev_ws/install/tutorial_interfaces/include/tutorial_interfaces/srv/detail
[0.937s] -- Up-to-date: /home/joaocastilho/dev_ws/install/tutorial_interfaces/include/tutorial_interfaces/srv/detail/add_three_ints__traits.hpp
[0.937s] -- Up-to-date: /home/joaocastilho/dev_ws/install/tutorial_interfaces/include/tutorial_interfaces/srv/detail/add_three_ints__struct.hpp
[0.937s] -- Up-to-date: /home/joaocastilho/dev_ws/install/tutorial_interfaces/include/tutorial_interfaces/srv/detail/add_three_ints__builder.hpp
[0.937s] -- Up-to-date: /home/joaocastilho/dev_ws/install/tutorial_interfaces/include/tutorial_interfaces
[0.937s] -- Up-to-date: /home/joaocastilho/dev_ws/install/tutorial_interfaces/include/tutorial_interfaces/msg
[0.937s] -- Up-to-date: /home/joaocastilho/dev_ws/install/tutorial_interfaces/include/tutorial_interfaces/msg/detail
[0.937s] -- Up-to-date: /home/joaocastilho/dev_ws/install/tutorial_interfaces/include/tutorial_interfaces/msg/detail/num__type_support.cpp
[0.938s] -- Up-to-date: /home/joaocastilho/dev_ws/install/tutorial_interfaces/include/tutorial_interfaces/msg/detail/num__rosidl_typesupport_introspection_cpp.hpp
[0.938s] -- Up-to-date: /home/joaocastilho/dev_ws/install/tutorial_interfaces/include/tutorial_interfaces/srv
[0.938s] -- Up-to-date: /home/joaocastilho/dev_ws/install/tutorial_interfaces/include/tutorial_interfaces/srv/detail
[0.938s] -- Up-to-date: /home/joaocastilho/dev_ws/install/tutorial_interfaces/include/tutorial_interfaces/srv/detail/add_three_ints__rosidl_typesupport_introspection_cpp.hpp
[0.938s] -- Up-to-date: /home/joaocastilho/dev_ws/install/tutorial_interfaces/include/tutorial_interfaces/srv/detail/add_three_ints__type_support.cpp
[0.938s] -- Up-to-date: /home/joaocastilho/dev_ws/install/tutorial_interfaces/lib/libtutorial_interfaces__rosidl_typesupport_introspection_cpp.so
[0.938s] -- Up-to-date: /home/joaocastilho/dev_ws/install/tutorial_interfaces/lib/libtutorial_interfaces__rosidl_typesupport_cpp.so
[0.938s] -- Up-to-date: /home/joaocastilho/dev_ws/install/tutorial_interfaces/share/tutorial_interfaces/environment/pythonpath.sh
[0.938s] -- Up-to-date: /home/joaocastilho/dev_ws/install/tutorial_interfaces/share/tutorial_interfaces/environment/pythonpath.dsv
[0.939s] -- Up-to-date: /home/joaocastilho/dev_ws/install/tutorial_interfaces/lib/python3.8/site-packages/tutorial_interfaces/__init__.py
[1.001s] -- Up-to-date: /home/joaocastilho/dev_ws/install/tutorial_interfaces/lib/python3.8/site-packages/tutorial_interfaces/msg
[1.001s] -- Up-to-date: /home/joaocastilho/dev_ws/install/tutorial_interfaces/lib/python3.8/site-packages/tutorial_interfaces/msg/_num_s.c
[1.002s] -- Up-to-date: /home/joaocastilho/dev_ws/install/tutorial_interfaces/lib/python3.8/site-packages/tutorial_interfaces/msg/__init__.py
[1.002s] -- Up-to-date: /home/joaocastilho/dev_ws/install/tutorial_interfaces/lib/python3.8/site-packages/tutorial_interfaces/msg/_num.py
[1.003s] -- Up-to-date: /home/joaocastilho/dev_ws/install/tutorial_interfaces/lib/python3.8/site-packages/tutorial_interfaces/srv
[1.003s] -- Up-to-date: /home/joaocastilho/dev_ws/install/tutorial_interfaces/lib/python3.8/site-packages/tutorial_interfaces/srv/_add_three_ints_s.c
[1.003s] -- Up-to-date: /home/joaocastilho/dev_ws/install/tutorial_interfaces/lib/python3.8/site-packages/tutorial_interfaces/srv/__init__.py
[1.003s] -- Up-to-date: /home/joaocastilho/dev_ws/install/tutorial_interfaces/lib/python3.8/site-packages/tutorial_interfaces/srv/_add_three_ints.py
[1.009s] -- Up-to-date: /home/joaocastilho/dev_ws/install/tutorial_interfaces/lib/python3.8/site-packages/tutorial_interfaces/tutorial_interfaces_s__rosidl_typesupport_fastrtps_c.cpython-38-x86_64-linux-gnu.so
[1.010s] -- Up-to-date: /home/joaocastilho/dev_ws/install/tutorial_interfaces/lib/python3.8/site-packages/tutorial_interfaces/tutorial_interfaces_s__rosidl_typesupport_introspection_c.cpython-38-x86_64-linux-gnu.so
[1.014s] -- Up-to-date: /home/joaocastilho/dev_ws/install/tutorial_interfaces/lib/python3.8/site-packages/tutorial_interfaces/tutorial_interfaces_s__rosidl_typesupport_c.cpython-38-x86_64-linux-gnu.so
[1.015s] -- Up-to-date: /home/joaocastilho/dev_ws/install/tutorial_interfaces/lib/libtutorial_interfaces__python.so
[1.021s] -- Up-to-date: /home/joaocastilho/dev_ws/install/tutorial_interfaces/share/tutorial_interfaces/msg/Num.idl
[1.021s] -- Up-to-date: /home/joaocastilho/dev_ws/install/tutorial_interfaces/share/tutorial_interfaces/srv/AddThreeInts.idl
[1.022s] -- Up-to-date: /home/joaocastilho/dev_ws/install/tutorial_interfaces/share/tutorial_interfaces/msg/Num.msg
[1.022s] -- Up-to-date: /home/joaocastilho/dev_ws/install/tutorial_interfaces/share/tutorial_interfaces/srv/AddThreeInts.srv
[1.022s] -- Up-to-date: /home/joaocastilho/dev_ws/install/tutorial_interfaces/share/tutorial_interfaces/srv/AddThreeInts_Request.msg
[1.022s] -- Up-to-date: /home/joaocastilho/dev_ws/install/tutorial_interfaces/share/tutorial_interfaces/srv/AddThreeInts_Response.msg
[1.022s] -- Up-to-date: /home/joaocastilho/dev_ws/install/tutorial_interfaces/lib/tutorial_interfaces/talker
[1.023s] -- Up-to-date: /home/joaocastilho/dev_ws/install/tutorial_interfaces/lib/tutorial_interfaces/listener
[1.023s] -- Up-to-date: /home/joaocastilho/dev_ws/install/tutorial_interfaces/share/ament_index/resource_index/package_run_dependencies/tutorial_interfaces
[1.023s] -- Up-to-date: /home/joaocastilho/dev_ws/install/tutorial_interfaces/share/ament_index/resource_index/parent_prefix_path/tutorial_interfaces
[1.024s] -- Up-to-date: /home/joaocastilho/dev_ws/install/tutorial_interfaces/share/tutorial_interfaces/environment/ament_prefix_path.sh
[1.024s] -- Up-to-date: /home/joaocastilho/dev_ws/install/tutorial_interfaces/share/tutorial_interfaces/environment/ament_prefix_path.dsv
[1.024s] -- Up-to-date: /home/joaocastilho/dev_ws/install/tutorial_interfaces/share/tutorial_interfaces/environment/path.sh
[1.024s] -- Up-to-date: /home/joaocastilho/dev_ws/install/tutorial_interfaces/share/tutorial_interfaces/environment/path.dsv
[1.024s] -- Up-to-date: /home/joaocastilho/dev_ws/install/tutorial_interfaces/share/tutorial_interfaces/local_setup.bash
[1.025s] -- Up-to-date: /home/joaocastilho/dev_ws/install/tutorial_interfaces/share/tutorial_interfaces/local_setup.sh
[1.025s] -- Up-to-date: /home/joaocastilho/dev_ws/install/tutorial_interfaces/share/tutorial_interfaces/local_setup.zsh
[1.025s] -- Up-to-date: /home/joaocastilho/dev_ws/install/tutorial_interfaces/share/tutorial_interfaces/local_setup.dsv
[1.025s] -- Installing: /home/joaocastilho/dev_ws/install/tutorial_interfaces/share/tutorial_interfaces/package.dsv
[1.025s] -- Up-to-date: /home/joaocastilho/dev_ws/install/tutorial_interfaces/share/ament_index/resource_index/packages/tutorial_interfaces
[1.026s] -- Up-to-date: /home/joaocastilho/dev_ws/install/tutorial_interfaces/share/tutorial_interfaces/cmake/tutorial_interfaces__rosidl_generator_cExport.cmake
[1.026s] -- Up-to-date: /home/joaocastilho/dev_ws/install/tutorial_interfaces/share/tutorial_interfaces/cmake/tutorial_interfaces__rosidl_generator_cExport-noconfig.cmake
[1.029s] -- Up-to-date: /home/joaocastilho/dev_ws/install/tutorial_interfaces/share/tutorial_interfaces/cmake/tutorial_interfaces__rosidl_typesupport_introspection_cExport.cmake
[1.029s] -- Up-to-date: /home/joaocastilho/dev_ws/install/tutorial_interfaces/share/tutorial_interfaces/cmake/tutorial_interfaces__rosidl_typesupport_introspection_cExport-noconfig.cmake
[1.029s] -- Up-to-date: /home/joaocastilho/dev_ws/install/tutorial_interfaces/share/tutorial_interfaces/cmake/tutorial_interfaces__rosidl_typesupport_cExport.cmake
[1.029s] -- Up-to-date: /home/joaocastilho/dev_ws/install/tutorial_interfaces/share/tutorial_interfaces/cmake/tutorial_interfaces__rosidl_typesupport_cExport-noconfig.cmake
[1.029s] -- Up-to-date: /home/joaocastilho/dev_ws/install/tutorial_interfaces/share/tutorial_interfaces/cmake/tutorial_interfaces__rosidl_generator_cppExport.cmake
[1.030s] -- Up-to-date: /home/joaocastilho/dev_ws/install/tutorial_interfaces/share/tutorial_interfaces/cmake/tutorial_interfaces__rosidl_typesupport_introspection_cppExport.cmake
[1.030s] -- Up-to-date: /home/joaocastilho/dev_ws/install/tutorial_interfaces/share/tutorial_interfaces/cmake/tutorial_interfaces__rosidl_typesupport_introspection_cppExport-noconfig.cmake
[1.030s] -- Up-to-date: /home/joaocastilho/dev_ws/install/tutorial_interfaces/share/tutorial_interfaces/cmake/tutorial_interfaces__rosidl_typesupport_cppExport.cmake
[1.031s] -- Up-to-date: /home/joaocastilho/dev_ws/install/tutorial_interfaces/share/tutorial_interfaces/cmake/tutorial_interfaces__rosidl_typesupport_cppExport-noconfig.cmake
[1.031s] -- Up-to-date: /home/joaocastilho/dev_ws/install/tutorial_interfaces/share/tutorial_interfaces/cmake/rosidl_cmake-extras.cmake
[1.031s] -- Up-to-date: /home/joaocastilho/dev_ws/install/tutorial_interfaces/share/tutorial_interfaces/cmake/ament_cmake_export_dependencies-extras.cmake
[1.031s] -- Up-to-date: /home/joaocastilho/dev_ws/install/tutorial_interfaces/share/tutorial_interfaces/cmake/ament_cmake_export_libraries-extras.cmake
[1.031s] -- Up-to-date: /home/joaocastilho/dev_ws/install/tutorial_interfaces/share/tutorial_interfaces/cmake/ament_cmake_export_targets-extras.cmake
[1.031s] -- Up-to-date: /home/joaocastilho/dev_ws/install/tutorial_interfaces/share/tutorial_interfaces/cmake/ament_cmake_export_include_directories-extras.cmake
[1.032s] -- Up-to-date: /home/joaocastilho/dev_ws/install/tutorial_interfaces/share/tutorial_interfaces/cmake/rosidl_cmake_export_typesupport_libraries-extras.cmake
[1.032s] -- Up-to-date: /home/joaocastilho/dev_ws/install/tutorial_interfaces/share/tutorial_interfaces/cmake/rosidl_cmake_export_typesupport_targets-extras.cmake
[1.032s] -- Up-to-date: /home/joaocastilho/dev_ws/install/tutorial_interfaces/share/tutorial_interfaces/cmake/tutorial_interfacesConfig.cmake
[1.032s] -- Up-to-date: /home/joaocastilho/dev_ws/install/tutorial_interfaces/share/tutorial_interfaces/cmake/tutorial_interfacesConfig-version.cmake
[1.032s] -- Up-to-date: /home/joaocastilho/dev_ws/install/tutorial_interfaces/share/tutorial_interfaces/package.xml
[1.038s] Invoked command in '/home/joaocastilho/dev_ws/build/tutorial_interfaces' returned '0': CMAKE_PREFIX_PATH=${CMAKE_PREFIX_PATH}:/home/joaocastilho/dev_ws/install/py_pubsub:/home/joaocastilho/dev_ws/install/my_package_python:/opt/ros/foxy /usr/bin/cmake --install /home/joaocastilho/dev_ws/build/tutorial_interfaces
