[0.355s] DEBUG:colcon:Command line arguments: ['/usr/bin/colcon', 'build', '--base-paths', '/home/joaocastilho/dev_ws']
[0.355s] DEBUG:colcon:Parsed command line arguments: Namespace(ament_cmake_args=None, base_paths=['/home/joaocastilho/dev_ws'], build_base='build', catkin_cmake_args=None, catkin_skip_building_tests=False, cmake_args=None, cmake_clean_cache=False, cmake_clean_first=False, cmake_force_configure=False, cmake_target=None, cmake_target_skip_unavailable=False, continue_on_error=False, event_handlers=None, executor='parallel', ignore_user_meta=False, install_base='install', log_base=None, log_level=None, main=<bound method BuildVerb.main of <colcon_core.verb.build.BuildVerb object at 0x7f8485c99df0>>, merge_install=False, metas=['./colcon.meta'], packages_above=None, packages_above_and_dependencies=None, packages_above_depth=None, packages_end=None, packages_ignore=None, packages_ignore_regex=None, packages_select=None, packages_select_build_failed=False, packages_select_by_dep=None, packages_select_regex=None, packages_select_test_failures=False, packages_skip=None, packages_skip_build_finished=False, packages_skip_by_dep=None, packages_skip_regex=None, packages_skip_test_passed=False, packages_skip_up_to=None, packages_start=None, packages_up_to=None, packages_up_to_regex=None, parallel_workers=8, paths=None, symlink_install=False, test_result_base=None, verb_extension=<colcon_core.verb.build.BuildVerb object at 0x7f8485c99df0>, verb_name='build', verb_parser=<colcon_defaults.argument_parser.defaults.DefaultArgumentsDecorator object at 0x7f8485ca03a0>)
[0.362s] Level 1:colcon.colcon_core.package_discovery:discover_packages(colcon_meta) check parameters
[0.362s] Level 1:colcon.colcon_core.package_discovery:discover_packages(recursive) check parameters
[0.362s] Level 1:colcon.colcon_core.package_discovery:discover_packages(ignore) check parameters
[0.362s] Level 1:colcon.colcon_core.package_discovery:discover_packages(path) check parameters
[0.363s] Level 1:colcon.colcon_core.package_discovery:discover_packages(recursive) discover
[0.363s] INFO:colcon.colcon_core.package_discovery:Crawling recursively for packages in '/home/joaocastilho/dev_ws'
[0.363s] Level 1:colcon.colcon_core.package_identification:_identify(/home/joaocastilho/dev_ws) by extensions ['ignore', 'ignore_ament_install']
[0.363s] Level 1:colcon.colcon_core.package_identification:_identify(/home/joaocastilho/dev_ws) by extension 'ignore'
[0.363s] Level 1:colcon.colcon_core.package_identification:_identify(/home/joaocastilho/dev_ws) by extension 'ignore_ament_install'
[0.363s] Level 1:colcon.colcon_core.package_identification:_identify(/home/joaocastilho/dev_ws) by extensions ['colcon_pkg']
[0.363s] Level 1:colcon.colcon_core.package_identification:_identify(/home/joaocastilho/dev_ws) by extension 'colcon_pkg'
[0.363s] Level 1:colcon.colcon_core.package_identification:_identify(/home/joaocastilho/dev_ws) by extensions ['colcon_meta']
[0.363s] Level 1:colcon.colcon_core.package_identification:_identify(/home/joaocastilho/dev_ws) by extension 'colcon_meta'
[0.363s] Level 1:colcon.colcon_core.package_identification:_identify(/home/joaocastilho/dev_ws) by extensions ['ros']
[0.363s] Level 1:colcon.colcon_core.package_identification:_identify(/home/joaocastilho/dev_ws) by extension 'ros'
[0.374s] Level 1:colcon.colcon_core.package_identification:_identify(/home/joaocastilho/dev_ws) by extensions ['cmake', 'python']
[0.375s] Level 1:colcon.colcon_core.package_identification:_identify(/home/joaocastilho/dev_ws) by extension 'cmake'
[0.375s] Level 1:colcon.colcon_core.package_identification:_identify(/home/joaocastilho/dev_ws) by extension 'python'
[0.375s] Level 1:colcon.colcon_core.package_identification:_identify(/home/joaocastilho/dev_ws) by extensions ['python_setup_py']
[0.375s] Level 1:colcon.colcon_core.package_identification:_identify(/home/joaocastilho/dev_ws) by extension 'python_setup_py'
[0.375s] Level 1:colcon.colcon_core.package_identification:_identify(/home/joaocastilho/dev_ws/build) by extensions ['ignore', 'ignore_ament_install']
[0.375s] Level 1:colcon.colcon_core.package_identification:_identify(/home/joaocastilho/dev_ws/build) by extension 'ignore'
[0.375s] Level 1:colcon.colcon_core.package_identification:_identify(/home/joaocastilho/dev_ws/build) ignored
[0.376s] Level 1:colcon.colcon_core.package_identification:_identify(/home/joaocastilho/dev_ws/install) by extensions ['ignore', 'ignore_ament_install']
[0.376s] Level 1:colcon.colcon_core.package_identification:_identify(/home/joaocastilho/dev_ws/install) by extension 'ignore'
[0.376s] Level 1:colcon.colcon_core.package_identification:_identify(/home/joaocastilho/dev_ws/install) ignored
[0.376s] Level 1:colcon.colcon_core.package_identification:_identify(/home/joaocastilho/dev_ws/log) by extensions ['ignore', 'ignore_ament_install']
[0.376s] Level 1:colcon.colcon_core.package_identification:_identify(/home/joaocastilho/dev_ws/log) by extension 'ignore'
[0.376s] Level 1:colcon.colcon_core.package_identification:_identify(/home/joaocastilho/dev_ws/log) ignored
[0.377s] Level 1:colcon.colcon_core.package_identification:_identify(/home/joaocastilho/dev_ws/src) by extensions ['ignore', 'ignore_ament_install']
[0.377s] Level 1:colcon.colcon_core.package_identification:_identify(/home/joaocastilho/dev_ws/src) by extension 'ignore'
[0.377s] Level 1:colcon.colcon_core.package_identification:_identify(/home/joaocastilho/dev_ws/src) by extension 'ignore_ament_install'
[0.377s] Level 1:colcon.colcon_core.package_identification:_identify(/home/joaocastilho/dev_ws/src) by extensions ['colcon_pkg']
[0.377s] Level 1:colcon.colcon_core.package_identification:_identify(/home/joaocastilho/dev_ws/src) by extension 'colcon_pkg'
[0.377s] Level 1:colcon.colcon_core.package_identification:_identify(/home/joaocastilho/dev_ws/src) by extensions ['colcon_meta']
[0.377s] Level 1:colcon.colcon_core.package_identification:_identify(/home/joaocastilho/dev_ws/src) by extension 'colcon_meta'
[0.377s] Level 1:colcon.colcon_core.package_identification:_identify(/home/joaocastilho/dev_ws/src) by extensions ['ros']
[0.377s] Level 1:colcon.colcon_core.package_identification:_identify(/home/joaocastilho/dev_ws/src) by extension 'ros'
[0.378s] Level 1:colcon.colcon_core.package_identification:_identify(/home/joaocastilho/dev_ws/src) by extensions ['cmake', 'python']
[0.378s] Level 1:colcon.colcon_core.package_identification:_identify(/home/joaocastilho/dev_ws/src) by extension 'cmake'
[0.378s] Level 1:colcon.colcon_core.package_identification:_identify(/home/joaocastilho/dev_ws/src) by extension 'python'
[0.378s] Level 1:colcon.colcon_core.package_identification:_identify(/home/joaocastilho/dev_ws/src) by extensions ['python_setup_py']
[0.378s] Level 1:colcon.colcon_core.package_identification:_identify(/home/joaocastilho/dev_ws/src) by extension 'python_setup_py'
[0.378s] Level 1:colcon.colcon_core.package_identification:_identify(/home/joaocastilho/dev_ws/src/cpp_pubsub) by extensions ['ignore', 'ignore_ament_install']
[0.378s] Level 1:colcon.colcon_core.package_identification:_identify(/home/joaocastilho/dev_ws/src/cpp_pubsub) by extension 'ignore'
[0.378s] Level 1:colcon.colcon_core.package_identification:_identify(/home/joaocastilho/dev_ws/src/cpp_pubsub) by extension 'ignore_ament_install'
[0.378s] Level 1:colcon.colcon_core.package_identification:_identify(/home/joaocastilho/dev_ws/src/cpp_pubsub) by extensions ['colcon_pkg']
[0.379s] Level 1:colcon.colcon_core.package_identification:_identify(/home/joaocastilho/dev_ws/src/cpp_pubsub) by extension 'colcon_pkg'
[0.379s] Level 1:colcon.colcon_core.package_identification:_identify(/home/joaocastilho/dev_ws/src/cpp_pubsub) by extensions ['colcon_meta']
[0.379s] Level 1:colcon.colcon_core.package_identification:_identify(/home/joaocastilho/dev_ws/src/cpp_pubsub) by extension 'colcon_meta'
[0.379s] Level 1:colcon.colcon_core.package_identification:_identify(/home/joaocastilho/dev_ws/src/cpp_pubsub) by extensions ['ros']
[0.379s] Level 1:colcon.colcon_core.package_identification:_identify(/home/joaocastilho/dev_ws/src/cpp_pubsub) by extension 'ros'
[0.381s] DEBUG:colcon.colcon_core.package_identification:Package '/home/joaocastilho/dev_ws/src/cpp_pubsub' with type 'ros.ament_cmake' and name 'cpp_pubsub'
[0.381s] Level 1:colcon.colcon_core.package_identification:_identify(/home/joaocastilho/dev_ws/src/my_package) by extensions ['ignore', 'ignore_ament_install']
[0.382s] Level 1:colcon.colcon_core.package_identification:_identify(/home/joaocastilho/dev_ws/src/my_package) by extension 'ignore'
[0.382s] Level 1:colcon.colcon_core.package_identification:_identify(/home/joaocastilho/dev_ws/src/my_package) by extension 'ignore_ament_install'
[0.382s] Level 1:colcon.colcon_core.package_identification:_identify(/home/joaocastilho/dev_ws/src/my_package) by extensions ['colcon_pkg']
[0.382s] Level 1:colcon.colcon_core.package_identification:_identify(/home/joaocastilho/dev_ws/src/my_package) by extension 'colcon_pkg'
[0.382s] Level 1:colcon.colcon_core.package_identification:_identify(/home/joaocastilho/dev_ws/src/my_package) by extensions ['colcon_meta']
[0.382s] Level 1:colcon.colcon_core.package_identification:_identify(/home/joaocastilho/dev_ws/src/my_package) by extension 'colcon_meta'
[0.382s] Level 1:colcon.colcon_core.package_identification:_identify(/home/joaocastilho/dev_ws/src/my_package) by extensions ['ros']
[0.382s] Level 1:colcon.colcon_core.package_identification:_identify(/home/joaocastilho/dev_ws/src/my_package) by extension 'ros'
[0.383s] DEBUG:colcon.colcon_core.package_identification:Package '/home/joaocastilho/dev_ws/src/my_package' with type 'ros.ament_cmake' and name 'my_package'
[0.383s] Level 1:colcon.colcon_core.package_identification:_identify(/home/joaocastilho/dev_ws/src/my_package_python) by extensions ['ignore', 'ignore_ament_install']
[0.383s] Level 1:colcon.colcon_core.package_identification:_identify(/home/joaocastilho/dev_ws/src/my_package_python) by extension 'ignore'
[0.383s] Level 1:colcon.colcon_core.package_identification:_identify(/home/joaocastilho/dev_ws/src/my_package_python) by extension 'ignore_ament_install'
[0.383s] Level 1:colcon.colcon_core.package_identification:_identify(/home/joaocastilho/dev_ws/src/my_package_python) by extensions ['colcon_pkg']
[0.383s] Level 1:colcon.colcon_core.package_identification:_identify(/home/joaocastilho/dev_ws/src/my_package_python) by extension 'colcon_pkg'
[0.383s] Level 1:colcon.colcon_core.package_identification:_identify(/home/joaocastilho/dev_ws/src/my_package_python) by extensions ['colcon_meta']
[0.383s] Level 1:colcon.colcon_core.package_identification:_identify(/home/joaocastilho/dev_ws/src/my_package_python) by extension 'colcon_meta'
[0.383s] Level 1:colcon.colcon_core.package_identification:_identify(/home/joaocastilho/dev_ws/src/my_package_python) by extensions ['ros']
[0.383s] Level 1:colcon.colcon_core.package_identification:_identify(/home/joaocastilho/dev_ws/src/my_package_python) by extension 'ros'
[0.384s] DEBUG:colcon.colcon_core.package_identification:Package '/home/joaocastilho/dev_ws/src/my_package_python' with type 'ros.ament_python' and name 'my_package_python'
[0.384s] Level 1:colcon.colcon_core.package_identification:_identify(/home/joaocastilho/dev_ws/src/ros_tutorials) by extensions ['ignore', 'ignore_ament_install']
[0.384s] Level 1:colcon.colcon_core.package_identification:_identify(/home/joaocastilho/dev_ws/src/ros_tutorials) by extension 'ignore'
[0.384s] Level 1:colcon.colcon_core.package_identification:_identify(/home/joaocastilho/dev_ws/src/ros_tutorials) by extension 'ignore_ament_install'
[0.384s] Level 1:colcon.colcon_core.package_identification:_identify(/home/joaocastilho/dev_ws/src/ros_tutorials) by extensions ['colcon_pkg']
[0.384s] Level 1:colcon.colcon_core.package_identification:_identify(/home/joaocastilho/dev_ws/src/ros_tutorials) by extension 'colcon_pkg'
[0.385s] Level 1:colcon.colcon_core.package_identification:_identify(/home/joaocastilho/dev_ws/src/ros_tutorials) by extensions ['colcon_meta']
[0.385s] Level 1:colcon.colcon_core.package_identification:_identify(/home/joaocastilho/dev_ws/src/ros_tutorials) by extension 'colcon_meta'
[0.385s] Level 1:colcon.colcon_core.package_identification:_identify(/home/joaocastilho/dev_ws/src/ros_tutorials) by extensions ['ros']
[0.385s] Level 1:colcon.colcon_core.package_identification:_identify(/home/joaocastilho/dev_ws/src/ros_tutorials) by extension 'ros'
[0.385s] Level 1:colcon.colcon_core.package_identification:_identify(/home/joaocastilho/dev_ws/src/ros_tutorials) by extensions ['cmake', 'python']
[0.385s] Level 1:colcon.colcon_core.package_identification:_identify(/home/joaocastilho/dev_ws/src/ros_tutorials) by extension 'cmake'
[0.385s] Level 1:colcon.colcon_core.package_identification:_identify(/home/joaocastilho/dev_ws/src/ros_tutorials) by extension 'python'
[0.385s] Level 1:colcon.colcon_core.package_identification:_identify(/home/joaocastilho/dev_ws/src/ros_tutorials) by extensions ['python_setup_py']
[0.385s] Level 1:colcon.colcon_core.package_identification:_identify(/home/joaocastilho/dev_ws/src/ros_tutorials) by extension 'python_setup_py'
[0.385s] Level 1:colcon.colcon_core.package_identification:_identify(/home/joaocastilho/dev_ws/src/ros_tutorials/ros_tutorials) by extensions ['ignore', 'ignore_ament_install']
[0.385s] Level 1:colcon.colcon_core.package_identification:_identify(/home/joaocastilho/dev_ws/src/ros_tutorials/ros_tutorials) by extension 'ignore'
[0.385s] Level 1:colcon.colcon_core.package_identification:_identify(/home/joaocastilho/dev_ws/src/ros_tutorials/ros_tutorials) ignored
[0.386s] Level 1:colcon.colcon_core.package_identification:_identify(/home/joaocastilho/dev_ws/src/ros_tutorials/roscpp_tutorials) by extensions ['ignore', 'ignore_ament_install']
[0.386s] Level 1:colcon.colcon_core.package_identification:_identify(/home/joaocastilho/dev_ws/src/ros_tutorials/roscpp_tutorials) by extension 'ignore'
[0.386s] Level 1:colcon.colcon_core.package_identification:_identify(/home/joaocastilho/dev_ws/src/ros_tutorials/roscpp_tutorials) ignored
[0.386s] Level 1:colcon.colcon_core.package_identification:_identify(/home/joaocastilho/dev_ws/src/ros_tutorials/rospy_tutorials) by extensions ['ignore', 'ignore_ament_install']
[0.386s] Level 1:colcon.colcon_core.package_identification:_identify(/home/joaocastilho/dev_ws/src/ros_tutorials/rospy_tutorials) by extension 'ignore'
[0.386s] Level 1:colcon.colcon_core.package_identification:_identify(/home/joaocastilho/dev_ws/src/ros_tutorials/rospy_tutorials) ignored
[0.386s] Level 1:colcon.colcon_core.package_identification:_identify(/home/joaocastilho/dev_ws/src/ros_tutorials/turtlesim) by extensions ['ignore', 'ignore_ament_install']
[0.386s] Level 1:colcon.colcon_core.package_identification:_identify(/home/joaocastilho/dev_ws/src/ros_tutorials/turtlesim) by extension 'ignore'
[0.386s] Level 1:colcon.colcon_core.package_identification:_identify(/home/joaocastilho/dev_ws/src/ros_tutorials/turtlesim) by extension 'ignore_ament_install'
[0.386s] Level 1:colcon.colcon_core.package_identification:_identify(/home/joaocastilho/dev_ws/src/ros_tutorials/turtlesim) by extensions ['colcon_pkg']
[0.387s] Level 1:colcon.colcon_core.package_identification:_identify(/home/joaocastilho/dev_ws/src/ros_tutorials/turtlesim) by extension 'colcon_pkg'
[0.387s] Level 1:colcon.colcon_core.package_identification:_identify(/home/joaocastilho/dev_ws/src/ros_tutorials/turtlesim) by extensions ['colcon_meta']
[0.387s] Level 1:colcon.colcon_core.package_identification:_identify(/home/joaocastilho/dev_ws/src/ros_tutorials/turtlesim) by extension 'colcon_meta'
[0.387s] Level 1:colcon.colcon_core.package_identification:_identify(/home/joaocastilho/dev_ws/src/ros_tutorials/turtlesim) by extensions ['ros']
[0.387s] Level 1:colcon.colcon_core.package_identification:_identify(/home/joaocastilho/dev_ws/src/ros_tutorials/turtlesim) by extension 'ros'
[0.388s] DEBUG:colcon.colcon_core.package_identification:Package '/home/joaocastilho/dev_ws/src/ros_tutorials/turtlesim' with type 'ros.ament_cmake' and name 'turtlesim'
[0.388s] Level 1:colcon.colcon_core.package_discovery:discover_packages(recursive) using defaults
[0.416s] Level 5:colcon.colcon_core.verb:set package 'cpp_pubsub' build argument 'cmake_args' from command line to 'None'
[0.416s] Level 5:colcon.colcon_core.verb:set package 'cpp_pubsub' build argument 'cmake_target' from command line to 'None'
[0.417s] Level 5:colcon.colcon_core.verb:set package 'cpp_pubsub' build argument 'cmake_target_skip_unavailable' from command line to 'False'
[0.417s] Level 5:colcon.colcon_core.verb:set package 'cpp_pubsub' build argument 'cmake_clean_cache' from command line to 'False'
[0.417s] Level 5:colcon.colcon_core.verb:set package 'cpp_pubsub' build argument 'cmake_clean_first' from command line to 'False'
[0.417s] Level 5:colcon.colcon_core.verb:set package 'cpp_pubsub' build argument 'cmake_force_configure' from command line to 'False'
[0.417s] Level 5:colcon.colcon_core.verb:set package 'cpp_pubsub' build argument 'ament_cmake_args' from command line to 'None'
[0.417s] Level 5:colcon.colcon_core.verb:set package 'cpp_pubsub' build argument 'catkin_cmake_args' from command line to 'None'
[0.417s] Level 5:colcon.colcon_core.verb:set package 'cpp_pubsub' build argument 'catkin_skip_building_tests' from command line to 'False'
[0.417s] DEBUG:colcon.colcon_core.verb:Building package 'cpp_pubsub' with the following arguments: {'ament_cmake_args': None, 'build_base': '/home/joaocastilho/dev_ws/build/cpp_pubsub', 'catkin_cmake_args': None, 'catkin_skip_building_tests': False, 'cmake_args': None, 'cmake_clean_cache': False, 'cmake_clean_first': False, 'cmake_force_configure': False, 'cmake_target': None, 'cmake_target_skip_unavailable': False, 'install_base': '/home/joaocastilho/dev_ws/install/cpp_pubsub', 'merge_install': False, 'path': '/home/joaocastilho/dev_ws/src/cpp_pubsub', 'symlink_install': False, 'test_result_base': None}
[0.420s] Level 5:colcon.colcon_core.verb:set package 'my_package' build argument 'cmake_args' from command line to 'None'
[0.420s] Level 5:colcon.colcon_core.verb:set package 'my_package' build argument 'cmake_target' from command line to 'None'
[0.421s] Level 5:colcon.colcon_core.verb:set package 'my_package' build argument 'cmake_target_skip_unavailable' from command line to 'False'
[0.421s] Level 5:colcon.colcon_core.verb:set package 'my_package' build argument 'cmake_clean_cache' from command line to 'False'
[0.421s] Level 5:colcon.colcon_core.verb:set package 'my_package' build argument 'cmake_clean_first' from command line to 'False'
[0.421s] Level 5:colcon.colcon_core.verb:set package 'my_package' build argument 'cmake_force_configure' from command line to 'False'
[0.421s] Level 5:colcon.colcon_core.verb:set package 'my_package' build argument 'ament_cmake_args' from command line to 'None'
[0.421s] Level 5:colcon.colcon_core.verb:set package 'my_package' build argument 'catkin_cmake_args' from command line to 'None'
[0.421s] Level 5:colcon.colcon_core.verb:set package 'my_package' build argument 'catkin_skip_building_tests' from command line to 'False'
[0.421s] DEBUG:colcon.colcon_core.verb:Building package 'my_package' with the following arguments: {'ament_cmake_args': None, 'build_base': '/home/joaocastilho/dev_ws/build/my_package', 'catkin_cmake_args': None, 'catkin_skip_building_tests': False, 'cmake_args': None, 'cmake_clean_cache': False, 'cmake_clean_first': False, 'cmake_force_configure': False, 'cmake_target': None, 'cmake_target_skip_unavailable': False, 'install_base': '/home/joaocastilho/dev_ws/install/my_package', 'merge_install': False, 'path': '/home/joaocastilho/dev_ws/src/my_package', 'symlink_install': False, 'test_result_base': None}
[0.425s] Level 5:colcon.colcon_core.verb:set package 'my_package_python' build argument 'cmake_args' from command line to 'None'
[0.425s] Level 5:colcon.colcon_core.verb:set package 'my_package_python' build argument 'cmake_target' from command line to 'None'
[0.425s] Level 5:colcon.colcon_core.verb:set package 'my_package_python' build argument 'cmake_target_skip_unavailable' from command line to 'False'
[0.425s] Level 5:colcon.colcon_core.verb:set package 'my_package_python' build argument 'cmake_clean_cache' from command line to 'False'
[0.425s] Level 5:colcon.colcon_core.verb:set package 'my_package_python' build argument 'cmake_clean_first' from command line to 'False'
[0.425s] Level 5:colcon.colcon_core.verb:set package 'my_package_python' build argument 'cmake_force_configure' from command line to 'False'
[0.425s] Level 5:colcon.colcon_core.verb:set package 'my_package_python' build argument 'ament_cmake_args' from command line to 'None'
[0.425s] Level 5:colcon.colcon_core.verb:set package 'my_package_python' build argument 'catkin_cmake_args' from command line to 'None'
[0.425s] Level 5:colcon.colcon_core.verb:set package 'my_package_python' build argument 'catkin_skip_building_tests' from command line to 'False'
[0.425s] DEBUG:colcon.colcon_core.verb:Building package 'my_package_python' with the following arguments: {'ament_cmake_args': None, 'build_base': '/home/joaocastilho/dev_ws/build/my_package_python', 'catkin_cmake_args': None, 'catkin_skip_building_tests': False, 'cmake_args': None, 'cmake_clean_cache': False, 'cmake_clean_first': False, 'cmake_force_configure': False, 'cmake_target': None, 'cmake_target_skip_unavailable': False, 'install_base': '/home/joaocastilho/dev_ws/install/my_package_python', 'merge_install': False, 'path': '/home/joaocastilho/dev_ws/src/my_package_python', 'symlink_install': False, 'test_result_base': None}
[0.429s] Level 5:colcon.colcon_core.verb:set package 'turtlesim' build argument 'cmake_args' from command line to 'None'
[0.429s] Level 5:colcon.colcon_core.verb:set package 'turtlesim' build argument 'cmake_target' from command line to 'None'
[0.430s] Level 5:colcon.colcon_core.verb:set package 'turtlesim' build argument 'cmake_target_skip_unavailable' from command line to 'False'
[0.430s] Level 5:colcon.colcon_core.verb:set package 'turtlesim' build argument 'cmake_clean_cache' from command line to 'False'
[0.430s] Level 5:colcon.colcon_core.verb:set package 'turtlesim' build argument 'cmake_clean_first' from command line to 'False'
[0.430s] Level 5:colcon.colcon_core.verb:set package 'turtlesim' build argument 'cmake_force_configure' from command line to 'False'
[0.430s] Level 5:colcon.colcon_core.verb:set package 'turtlesim' build argument 'ament_cmake_args' from command line to 'None'
[0.430s] Level 5:colcon.colcon_core.verb:set package 'turtlesim' build argument 'catkin_cmake_args' from command line to 'None'
[0.430s] Level 5:colcon.colcon_core.verb:set package 'turtlesim' build argument 'catkin_skip_building_tests' from command line to 'False'
[0.430s] DEBUG:colcon.colcon_core.verb:Building package 'turtlesim' with the following arguments: {'ament_cmake_args': None, 'build_base': '/home/joaocastilho/dev_ws/build/turtlesim', 'catkin_cmake_args': None, 'catkin_skip_building_tests': False, 'cmake_args': None, 'cmake_clean_cache': False, 'cmake_clean_first': False, 'cmake_force_configure': False, 'cmake_target': None, 'cmake_target_skip_unavailable': False, 'install_base': '/home/joaocastilho/dev_ws/install/turtlesim', 'merge_install': False, 'path': '/home/joaocastilho/dev_ws/src/ros_tutorials/turtlesim', 'symlink_install': False, 'test_result_base': None}
[0.430s] INFO:colcon.colcon_core.executor:Executing jobs using 'parallel' executor
[0.433s] DEBUG:colcon.colcon_parallel_executor.executor.parallel:run_until_complete
[0.433s] INFO:colcon.colcon_ros.task.ament_cmake.build:Building ROS package in '/home/joaocastilho/dev_ws/src/cpp_pubsub' with build type 'ament_cmake'
[0.433s] INFO:colcon.colcon_cmake.task.cmake.build:Building CMake package in '/home/joaocastilho/dev_ws/src/cpp_pubsub'
[0.438s] INFO:colcon.colcon_core.plugin_system:Skipping extension 'colcon_core.shell.bat': Not used on non-Windows systems
[0.438s] INFO:colcon.colcon_core.shell:Skip shell extension 'powershell' for command environment: Not usable outside of PowerShell
[0.438s] DEBUG:colcon.colcon_core.shell:Skip shell extension 'dsv' for command environment
[0.442s] DEBUG:colcon.colcon_core.shell:Ignoring prefix path '/opt/ros/foxy'
[0.445s] INFO:colcon.colcon_ros.task.ament_cmake.build:Building ROS package in '/home/joaocastilho/dev_ws/src/my_package' with build type 'ament_cmake'
[0.446s] INFO:colcon.colcon_cmake.task.cmake.build:Building CMake package in '/home/joaocastilho/dev_ws/src/my_package'
[0.449s] INFO:colcon.colcon_core.shell:Skip shell extension 'powershell' for command environment: Not usable outside of PowerShell
[0.449s] DEBUG:colcon.colcon_core.shell:Skip shell extension 'dsv' for command environment
[0.451s] DEBUG:colcon.colcon_core.shell:Ignoring prefix path '/opt/ros/foxy'
[0.454s] INFO:colcon.colcon_ros.task.ament_python.build:Building ROS package in '/home/joaocastilho/dev_ws/src/my_package_python' with build type 'ament_python'
[0.454s] Level 1:colcon.colcon_core.shell:create_environment_hook('my_package_python', 'ament_prefix_path')
[0.456s] INFO:colcon.colcon_core.shell:Creating environment hook '/home/joaocastilho/dev_ws/install/my_package_python/share/my_package_python/hook/ament_prefix_path.ps1'
[0.457s] INFO:colcon.colcon_core.shell:Creating environment descriptor '/home/joaocastilho/dev_ws/install/my_package_python/share/my_package_python/hook/ament_prefix_path.dsv'
[0.458s] INFO:colcon.colcon_core.shell:Creating environment hook '/home/joaocastilho/dev_ws/install/my_package_python/share/my_package_python/hook/ament_prefix_path.sh'
[0.459s] INFO:colcon.colcon_core.shell:Skip shell extension 'powershell' for command environment: Not usable outside of PowerShell
[0.459s] DEBUG:colcon.colcon_core.shell:Skip shell extension 'dsv' for command environment
[0.462s] DEBUG:colcon.colcon_core.shell:Ignoring prefix path '/opt/ros/foxy'
[0.465s] INFO:colcon.colcon_ros.task.ament_cmake.build:Building ROS package in '/home/joaocastilho/dev_ws/src/ros_tutorials/turtlesim' with build type 'ament_cmake'
[0.466s] INFO:colcon.colcon_cmake.task.cmake.build:Building CMake package in '/home/joaocastilho/dev_ws/src/ros_tutorials/turtlesim'
[0.467s] INFO:colcon.colcon_core.shell:Skip shell extension 'powershell' for command environment: Not usable outside of PowerShell
[0.467s] DEBUG:colcon.colcon_core.shell:Skip shell extension 'dsv' for command environment
[0.470s] DEBUG:colcon.colcon_core.shell:Ignoring prefix path '/opt/ros/foxy'
[0.479s] DEBUG:colcon.colcon_core.event_handler.log_command:Invoking command in '/home/joaocastilho/dev_ws/build/cpp_pubsub': CMAKE_PREFIX_PATH=${CMAKE_PREFIX_PATH}:/home/joaocastilho/dev_ws/install/my_package_python:/opt/ros/foxy /usr/bin/cmake /home/joaocastilho/dev_ws/src/cpp_pubsub -DCMAKE_INSTALL_PREFIX=/home/joaocastilho/dev_ws/install/cpp_pubsub
[0.491s] DEBUG:colcon.colcon_core.event_handler.log_command:Invoking command in '/home/joaocastilho/dev_ws/build/my_package': CMAKE_PREFIX_PATH=${CMAKE_PREFIX_PATH}:/home/joaocastilho/dev_ws/install/my_package_python:/opt/ros/foxy /usr/bin/cmake --build /home/joaocastilho/dev_ws/build/my_package -- -j8 -l8
[0.851s] INFO:colcon.colcon_core.task.python.build:Building Python package in '/home/joaocastilho/dev_ws/src/my_package_python'
[0.852s] INFO:colcon.colcon_core.shell:Skip shell extension 'powershell' for command environment: Not usable outside of PowerShell
[0.852s] DEBUG:colcon.colcon_core.shell:Skip shell extension 'dsv' for command environment
[0.854s] DEBUG:colcon.colcon_core.shell:Ignoring prefix path '/opt/ros/foxy'
[0.863s] DEBUG:colcon.colcon_core.event_handler.log_command:Invoking command in '/home/joaocastilho/dev_ws/build/turtlesim': CMAKE_PREFIX_PATH=${CMAKE_PREFIX_PATH}:/home/joaocastilho/dev_ws/install/my_package_python:/opt/ros/foxy /usr/bin/cmake --build /home/joaocastilho/dev_ws/build/turtlesim -- -j8 -l8
[0.873s] DEBUG:colcon.colcon_core.event_handler.log_command:Invoking command in '/home/joaocastilho/dev_ws/src/my_package_python': PYTHONPATH=/home/joaocastilho/dev_ws/install/my_package_python/lib/python3.8/site-packages:${PYTHONPATH} /usr/bin/python3 setup.py egg_info --egg-base ../../build/my_package_python build --build-base /home/joaocastilho/dev_ws/build/my_package_python/build install --prefix /home/joaocastilho/dev_ws/install/my_package_python --record /home/joaocastilho/dev_ws/build/my_package_python/install.log --single-version-externally-managed
[1.015s] DEBUG:colcon.colcon_core.event_handler.log_command:Invoked command in '/home/joaocastilho/dev_ws/build/my_package' returned '0': CMAKE_PREFIX_PATH=${CMAKE_PREFIX_PATH}:/home/joaocastilho/dev_ws/install/my_package_python:/opt/ros/foxy /usr/bin/cmake --build /home/joaocastilho/dev_ws/build/my_package -- -j8 -l8
[1.067s] DEBUG:colcon.colcon_core.event_handler.log_command:Invoking command in '/home/joaocastilho/dev_ws/build/my_package': CMAKE_PREFIX_PATH=${CMAKE_PREFIX_PATH}:/home/joaocastilho/dev_ws/install/my_package_python:/opt/ros/foxy /usr/bin/cmake --install /home/joaocastilho/dev_ws/build/my_package
[1.085s] Level 1:colcon.colcon_core.environment:create_environment_scripts_only(my_package)
[1.090s] Level 1:colcon.colcon_core.environment:checking '/home/joaocastilho/dev_ws/install/my_package' for CMake module files
[1.091s] Level 1:colcon.colcon_core.environment:checking '/home/joaocastilho/dev_ws/install/my_package' for CMake config files
[1.091s] Level 1:colcon.colcon_core.shell:create_environment_hook('my_package', 'cmake_prefix_path')
[1.093s] INFO:colcon.colcon_core.shell:Creating environment hook '/home/joaocastilho/dev_ws/install/my_package/share/my_package/hook/cmake_prefix_path.ps1'
[1.094s] DEBUG:colcon.colcon_core.event_handler.log_command:Invoked command in '/home/joaocastilho/dev_ws/build/my_package' returned '0': CMAKE_PREFIX_PATH=${CMAKE_PREFIX_PATH}:/home/joaocastilho/dev_ws/install/my_package_python:/opt/ros/foxy /usr/bin/cmake --install /home/joaocastilho/dev_ws/build/my_package
[1.094s] INFO:colcon.colcon_core.shell:Creating environment descriptor '/home/joaocastilho/dev_ws/install/my_package/share/my_package/hook/cmake_prefix_path.dsv'
[1.095s] INFO:colcon.colcon_core.shell:Creating environment hook '/home/joaocastilho/dev_ws/install/my_package/share/my_package/hook/cmake_prefix_path.sh'
[1.096s] Level 1:colcon.colcon_core.environment:checking '/home/joaocastilho/dev_ws/install/my_package/lib'
[1.097s] Level 1:colcon.colcon_core.environment:checking '/home/joaocastilho/dev_ws/install/my_package/bin'
[1.097s] Level 1:colcon.colcon_core.environment:checking '/home/joaocastilho/dev_ws/install/my_package/lib/pkgconfig/my_package.pc'
[1.097s] Level 1:colcon.colcon_core.environment:checking '/home/joaocastilho/dev_ws/install/my_package/lib/python3.8/site-packages'
[1.098s] INFO:colcon.colcon_core.shell:Creating package script '/home/joaocastilho/dev_ws/install/my_package/share/my_package/package.ps1'
[1.099s] INFO:colcon.colcon_core.shell:Creating package descriptor '/home/joaocastilho/dev_ws/install/my_package/share/my_package/package.dsv'
[1.100s] INFO:colcon.colcon_core.shell:Creating package script '/home/joaocastilho/dev_ws/install/my_package/share/my_package/package.sh'
[1.101s] INFO:colcon.colcon_core.shell:Creating package script '/home/joaocastilho/dev_ws/install/my_package/share/my_package/package.bash'
[1.102s] INFO:colcon.colcon_core.shell:Creating package script '/home/joaocastilho/dev_ws/install/my_package/share/my_package/package.zsh'
[1.104s] Level 1:colcon.colcon_core.environment:create_file_with_runtime_dependencies(/home/joaocastilho/dev_ws/install/my_package/share/colcon-core/packages/my_package)
[1.168s] Level 1:colcon.colcon_core.environment:create_environment_scripts_only(my_package)
[1.169s] Level 1:colcon.colcon_core.environment:checking '/home/joaocastilho/dev_ws/install/my_package' for CMake module files
[1.170s] Level 1:colcon.colcon_core.environment:checking '/home/joaocastilho/dev_ws/install/my_package' for CMake config files
[1.170s] Level 1:colcon.colcon_core.shell:create_environment_hook('my_package', 'cmake_prefix_path')
[1.171s] INFO:colcon.colcon_core.shell:Creating environment hook '/home/joaocastilho/dev_ws/install/my_package/share/my_package/hook/cmake_prefix_path.ps1'
[1.172s] INFO:colcon.colcon_core.shell:Creating environment descriptor '/home/joaocastilho/dev_ws/install/my_package/share/my_package/hook/cmake_prefix_path.dsv'
[1.173s] INFO:colcon.colcon_core.shell:Creating environment hook '/home/joaocastilho/dev_ws/install/my_package/share/my_package/hook/cmake_prefix_path.sh'
[1.174s] Level 1:colcon.colcon_core.environment:checking '/home/joaocastilho/dev_ws/install/my_package/lib'
[1.174s] Level 1:colcon.colcon_core.environment:checking '/home/joaocastilho/dev_ws/install/my_package/bin'
[1.174s] Level 1:colcon.colcon_core.environment:checking '/home/joaocastilho/dev_ws/install/my_package/lib/pkgconfig/my_package.pc'
[1.174s] Level 1:colcon.colcon_core.environment:checking '/home/joaocastilho/dev_ws/install/my_package/lib/python3.8/site-packages'
[1.175s] INFO:colcon.colcon_core.shell:Creating package script '/home/joaocastilho/dev_ws/install/my_package/share/my_package/package.ps1'
[1.176s] INFO:colcon.colcon_core.shell:Creating package descriptor '/home/joaocastilho/dev_ws/install/my_package/share/my_package/package.dsv'
[1.177s] INFO:colcon.colcon_core.shell:Creating package script '/home/joaocastilho/dev_ws/install/my_package/share/my_package/package.sh'
[1.178s] INFO:colcon.colcon_core.shell:Creating package script '/home/joaocastilho/dev_ws/install/my_package/share/my_package/package.bash'
[1.179s] INFO:colcon.colcon_core.shell:Creating package script '/home/joaocastilho/dev_ws/install/my_package/share/my_package/package.zsh'
[1.179s] Level 1:colcon.colcon_core.environment:create_file_with_runtime_dependencies(/home/joaocastilho/dev_ws/install/my_package/share/colcon-core/packages/my_package)
[1.217s] DEBUG:colcon.colcon_core.event_handler.log_command:Invoked command in '/home/joaocastilho/dev_ws/build/turtlesim' returned '0': CMAKE_PREFIX_PATH=${CMAKE_PREFIX_PATH}:/home/joaocastilho/dev_ws/install/my_package_python:/opt/ros/foxy /usr/bin/cmake --build /home/joaocastilho/dev_ws/build/turtlesim -- -j8 -l8
[1.331s] Level 1:colcon.colcon_core.environment:checking '/home/joaocastilho/dev_ws/install/my_package_python' for CMake module files
[1.332s] DEBUG:colcon.colcon_core.event_handler.log_command:Invoked command in '/home/joaocastilho/dev_ws/src/my_package_python' returned '0': PYTHONPATH=/home/joaocastilho/dev_ws/install/my_package_python/lib/python3.8/site-packages:${PYTHONPATH} /usr/bin/python3 setup.py egg_info --egg-base ../../build/my_package_python build --build-base /home/joaocastilho/dev_ws/build/my_package_python/build install --prefix /home/joaocastilho/dev_ws/install/my_package_python --record /home/joaocastilho/dev_ws/build/my_package_python/install.log --single-version-externally-managed
[1.333s] Level 1:colcon.colcon_core.environment:checking '/home/joaocastilho/dev_ws/install/my_package_python' for CMake config files
[1.333s] Level 1:colcon.colcon_core.environment:checking '/home/joaocastilho/dev_ws/install/my_package_python/lib'
[1.333s] Level 1:colcon.colcon_core.environment:checking '/home/joaocastilho/dev_ws/install/my_package_python/bin'
[1.333s] Level 1:colcon.colcon_core.environment:checking '/home/joaocastilho/dev_ws/install/my_package_python/lib/pkgconfig/my_package_python.pc'
[1.334s] Level 1:colcon.colcon_core.environment:checking '/home/joaocastilho/dev_ws/install/my_package_python/lib/python3.8/site-packages'
[1.334s] Level 1:colcon.colcon_core.shell:create_environment_hook('my_package_python', 'pythonpath')
[1.334s] INFO:colcon.colcon_core.shell:Creating environment hook '/home/joaocastilho/dev_ws/install/my_package_python/share/my_package_python/hook/pythonpath.ps1'
[1.335s] INFO:colcon.colcon_core.shell:Creating environment descriptor '/home/joaocastilho/dev_ws/install/my_package_python/share/my_package_python/hook/pythonpath.dsv'
[1.335s] INFO:colcon.colcon_core.shell:Creating environment hook '/home/joaocastilho/dev_ws/install/my_package_python/share/my_package_python/hook/pythonpath.sh'
[1.336s] Level 1:colcon.colcon_core.environment:create_environment_scripts_only(my_package_python)
[1.337s] INFO:colcon.colcon_core.shell:Creating package script '/home/joaocastilho/dev_ws/install/my_package_python/share/my_package_python/package.ps1'
[1.338s] INFO:colcon.colcon_core.shell:Creating package descriptor '/home/joaocastilho/dev_ws/install/my_package_python/share/my_package_python/package.dsv'
[1.339s] INFO:colcon.colcon_core.shell:Creating package script '/home/joaocastilho/dev_ws/install/my_package_python/share/my_package_python/package.sh'
[1.339s] INFO:colcon.colcon_core.shell:Creating package script '/home/joaocastilho/dev_ws/install/my_package_python/share/my_package_python/package.bash'
[1.340s] INFO:colcon.colcon_core.shell:Creating package script '/home/joaocastilho/dev_ws/install/my_package_python/share/my_package_python/package.zsh'
[1.340s] Level 1:colcon.colcon_core.environment:create_file_with_runtime_dependencies(/home/joaocastilho/dev_ws/install/my_package_python/share/colcon-core/packages/my_package_python)
[1.393s] DEBUG:colcon.colcon_core.event_handler.log_command:Invoking command in '/home/joaocastilho/dev_ws/build/turtlesim': CMAKE_PREFIX_PATH=${CMAKE_PREFIX_PATH}:/home/joaocastilho/dev_ws/install/my_package_python:/opt/ros/foxy /usr/bin/cmake --install /home/joaocastilho/dev_ws/build/turtlesim
[1.467s] Level 1:colcon.colcon_core.environment:create_environment_scripts_only(turtlesim)
[1.468s] Level 1:colcon.colcon_core.environment:checking '/home/joaocastilho/dev_ws/install/turtlesim' for CMake module files
[1.469s] DEBUG:colcon.colcon_core.event_handler.log_command:Invoked command in '/home/joaocastilho/dev_ws/build/turtlesim' returned '0': CMAKE_PREFIX_PATH=${CMAKE_PREFIX_PATH}:/home/joaocastilho/dev_ws/install/my_package_python:/opt/ros/foxy /usr/bin/cmake --install /home/joaocastilho/dev_ws/build/turtlesim
[1.469s] Level 1:colcon.colcon_core.environment:checking '/home/joaocastilho/dev_ws/install/turtlesim' for CMake config files
[1.470s] Level 1:colcon.colcon_core.shell:create_environment_hook('turtlesim', 'cmake_prefix_path')
[1.470s] INFO:colcon.colcon_core.shell:Creating environment hook '/home/joaocastilho/dev_ws/install/turtlesim/share/turtlesim/hook/cmake_prefix_path.ps1'
[1.471s] INFO:colcon.colcon_core.shell:Creating environment descriptor '/home/joaocastilho/dev_ws/install/turtlesim/share/turtlesim/hook/cmake_prefix_path.dsv'
[1.471s] INFO:colcon.colcon_core.shell:Creating environment hook '/home/joaocastilho/dev_ws/install/turtlesim/share/turtlesim/hook/cmake_prefix_path.sh'
[1.472s] Level 1:colcon.colcon_core.environment:checking '/home/joaocastilho/dev_ws/install/turtlesim/lib'
[1.472s] Level 1:colcon.colcon_core.shell:create_environment_hook('turtlesim', 'ld_library_path_lib')
[1.472s] INFO:colcon.colcon_core.shell:Creating environment hook '/home/joaocastilho/dev_ws/install/turtlesim/share/turtlesim/hook/ld_library_path_lib.ps1'
[1.473s] INFO:colcon.colcon_core.shell:Creating environment descriptor '/home/joaocastilho/dev_ws/install/turtlesim/share/turtlesim/hook/ld_library_path_lib.dsv'
[1.473s] INFO:colcon.colcon_core.shell:Creating environment hook '/home/joaocastilho/dev_ws/install/turtlesim/share/turtlesim/hook/ld_library_path_lib.sh'
[1.474s] Level 1:colcon.colcon_core.environment:checking '/home/joaocastilho/dev_ws/install/turtlesim/bin'
[1.474s] Level 1:colcon.colcon_core.environment:checking '/home/joaocastilho/dev_ws/install/turtlesim/lib/pkgconfig/turtlesim.pc'
[1.474s] Level 1:colcon.colcon_core.environment:checking '/home/joaocastilho/dev_ws/install/turtlesim/lib/python3.8/site-packages'
[1.474s] Level 1:colcon.colcon_core.shell:create_environment_hook('turtlesim', 'pythonpath')
[1.475s] INFO:colcon.colcon_core.shell:Creating environment hook '/home/joaocastilho/dev_ws/install/turtlesim/share/turtlesim/hook/pythonpath.ps1'
[1.475s] INFO:colcon.colcon_core.shell:Creating environment descriptor '/home/joaocastilho/dev_ws/install/turtlesim/share/turtlesim/hook/pythonpath.dsv'
[1.476s] INFO:colcon.colcon_core.shell:Creating environment hook '/home/joaocastilho/dev_ws/install/turtlesim/share/turtlesim/hook/pythonpath.sh'
[1.477s] INFO:colcon.colcon_core.shell:Creating package script '/home/joaocastilho/dev_ws/install/turtlesim/share/turtlesim/package.ps1'
[1.477s] INFO:colcon.colcon_core.shell:Creating package descriptor '/home/joaocastilho/dev_ws/install/turtlesim/share/turtlesim/package.dsv'
[1.478s] INFO:colcon.colcon_core.shell:Creating package script '/home/joaocastilho/dev_ws/install/turtlesim/share/turtlesim/package.sh'
[1.478s] INFO:colcon.colcon_core.shell:Creating package script '/home/joaocastilho/dev_ws/install/turtlesim/share/turtlesim/package.bash'
[1.479s] INFO:colcon.colcon_core.shell:Creating package script '/home/joaocastilho/dev_ws/install/turtlesim/share/turtlesim/package.zsh'
[1.479s] Level 1:colcon.colcon_core.environment:create_file_with_runtime_dependencies(/home/joaocastilho/dev_ws/install/turtlesim/share/colcon-core/packages/turtlesim)
[1.638s] Level 1:colcon.colcon_core.environment:create_environment_scripts_only(turtlesim)
[1.639s] Level 1:colcon.colcon_core.environment:checking '/home/joaocastilho/dev_ws/install/turtlesim' for CMake module files
[1.641s] Level 1:colcon.colcon_core.environment:checking '/home/joaocastilho/dev_ws/install/turtlesim' for CMake config files
[1.642s] Level 1:colcon.colcon_core.shell:create_environment_hook('turtlesim', 'cmake_prefix_path')
[1.643s] INFO:colcon.colcon_core.shell:Creating environment hook '/home/joaocastilho/dev_ws/install/turtlesim/share/turtlesim/hook/cmake_prefix_path.ps1'
[1.643s] INFO:colcon.colcon_core.shell:Creating environment descriptor '/home/joaocastilho/dev_ws/install/turtlesim/share/turtlesim/hook/cmake_prefix_path.dsv'
[1.644s] INFO:colcon.colcon_core.shell:Creating environment hook '/home/joaocastilho/dev_ws/install/turtlesim/share/turtlesim/hook/cmake_prefix_path.sh'
[1.644s] Level 1:colcon.colcon_core.environment:checking '/home/joaocastilho/dev_ws/install/turtlesim/lib'
[1.645s] Level 1:colcon.colcon_core.shell:create_environment_hook('turtlesim', 'ld_library_path_lib')
[1.646s] INFO:colcon.colcon_core.shell:Creating environment hook '/home/joaocastilho/dev_ws/install/turtlesim/share/turtlesim/hook/ld_library_path_lib.ps1'
[1.646s] INFO:colcon.colcon_core.shell:Creating environment descriptor '/home/joaocastilho/dev_ws/install/turtlesim/share/turtlesim/hook/ld_library_path_lib.dsv'
[1.646s] INFO:colcon.colcon_core.shell:Creating environment hook '/home/joaocastilho/dev_ws/install/turtlesim/share/turtlesim/hook/ld_library_path_lib.sh'
[1.647s] Level 1:colcon.colcon_core.environment:checking '/home/joaocastilho/dev_ws/install/turtlesim/bin'
[1.647s] Level 1:colcon.colcon_core.environment:checking '/home/joaocastilho/dev_ws/install/turtlesim/lib/pkgconfig/turtlesim.pc'
[1.647s] Level 1:colcon.colcon_core.environment:checking '/home/joaocastilho/dev_ws/install/turtlesim/lib/python3.8/site-packages'
[1.647s] Level 1:colcon.colcon_core.shell:create_environment_hook('turtlesim', 'pythonpath')
[1.648s] INFO:colcon.colcon_core.shell:Creating environment hook '/home/joaocastilho/dev_ws/install/turtlesim/share/turtlesim/hook/pythonpath.ps1'
[1.649s] INFO:colcon.colcon_core.shell:Creating environment descriptor '/home/joaocastilho/dev_ws/install/turtlesim/share/turtlesim/hook/pythonpath.dsv'
[1.649s] INFO:colcon.colcon_core.shell:Creating environment hook '/home/joaocastilho/dev_ws/install/turtlesim/share/turtlesim/hook/pythonpath.sh'
[1.650s] INFO:colcon.colcon_core.shell:Creating package script '/home/joaocastilho/dev_ws/install/turtlesim/share/turtlesim/package.ps1'
[1.651s] INFO:colcon.colcon_core.shell:Creating package descriptor '/home/joaocastilho/dev_ws/install/turtlesim/share/turtlesim/package.dsv'
[1.652s] INFO:colcon.colcon_core.shell:Creating package script '/home/joaocastilho/dev_ws/install/turtlesim/share/turtlesim/package.sh'
[1.652s] INFO:colcon.colcon_core.shell:Creating package script '/home/joaocastilho/dev_ws/install/turtlesim/share/turtlesim/package.bash'
[1.653s] INFO:colcon.colcon_core.shell:Creating package script '/home/joaocastilho/dev_ws/install/turtlesim/share/turtlesim/package.zsh'
[1.654s] Level 1:colcon.colcon_core.environment:create_file_with_runtime_dependencies(/home/joaocastilho/dev_ws/install/turtlesim/share/colcon-core/packages/turtlesim)
[2.327s] DEBUG:colcon.colcon_core.event_handler.log_command:Invoked command in '/home/joaocastilho/dev_ws/build/cpp_pubsub' returned '0': CMAKE_PREFIX_PATH=${CMAKE_PREFIX_PATH}:/home/joaocastilho/dev_ws/install/my_package_python:/opt/ros/foxy /usr/bin/cmake /home/joaocastilho/dev_ws/src/cpp_pubsub -DCMAKE_INSTALL_PREFIX=/home/joaocastilho/dev_ws/install/cpp_pubsub
[2.330s] DEBUG:colcon.colcon_core.event_handler.log_command:Invoking command in '/home/joaocastilho/dev_ws/build/cpp_pubsub': CMAKE_PREFIX_PATH=${CMAKE_PREFIX_PATH}:/home/joaocastilho/dev_ws/install/my_package_python:/opt/ros/foxy /usr/bin/cmake --build /home/joaocastilho/dev_ws/build/cpp_pubsub -- -j8 -l8
[5.360s] DEBUG:colcon.colcon_core.event_handler.log_command:Invoked command in '/home/joaocastilho/dev_ws/build/cpp_pubsub' returned '0': CMAKE_PREFIX_PATH=${CMAKE_PREFIX_PATH}:/home/joaocastilho/dev_ws/install/my_package_python:/opt/ros/foxy /usr/bin/cmake --build /home/joaocastilho/dev_ws/build/cpp_pubsub -- -j8 -l8
[5.385s] DEBUG:colcon.colcon_core.event_handler.log_command:Invoking command in '/home/joaocastilho/dev_ws/build/cpp_pubsub': CMAKE_PREFIX_PATH=${CMAKE_PREFIX_PATH}:/home/joaocastilho/dev_ws/install/my_package_python:/opt/ros/foxy /usr/bin/cmake --install /home/joaocastilho/dev_ws/build/cpp_pubsub
[5.399s] Level 1:colcon.colcon_core.environment:create_environment_scripts_only(cpp_pubsub)
[5.400s] Level 1:colcon.colcon_core.environment:checking '/home/joaocastilho/dev_ws/install/cpp_pubsub' for CMake module files
[5.401s] DEBUG:colcon.colcon_core.event_handler.log_command:Invoked command in '/home/joaocastilho/dev_ws/build/cpp_pubsub' returned '0': CMAKE_PREFIX_PATH=${CMAKE_PREFIX_PATH}:/home/joaocastilho/dev_ws/install/my_package_python:/opt/ros/foxy /usr/bin/cmake --install /home/joaocastilho/dev_ws/build/cpp_pubsub
[5.401s] Level 1:colcon.colcon_core.environment:checking '/home/joaocastilho/dev_ws/install/cpp_pubsub' for CMake config files
[5.402s] Level 1:colcon.colcon_core.shell:create_environment_hook('cpp_pubsub', 'cmake_prefix_path')
[5.402s] INFO:colcon.colcon_core.shell:Creating environment hook '/home/joaocastilho/dev_ws/install/cpp_pubsub/share/cpp_pubsub/hook/cmake_prefix_path.ps1'
[5.403s] INFO:colcon.colcon_core.shell:Creating environment descriptor '/home/joaocastilho/dev_ws/install/cpp_pubsub/share/cpp_pubsub/hook/cmake_prefix_path.dsv'
[5.403s] INFO:colcon.colcon_core.shell:Creating environment hook '/home/joaocastilho/dev_ws/install/cpp_pubsub/share/cpp_pubsub/hook/cmake_prefix_path.sh'
[5.404s] Level 1:colcon.colcon_core.environment:checking '/home/joaocastilho/dev_ws/install/cpp_pubsub/lib'
[5.404s] Level 1:colcon.colcon_core.environment:checking '/home/joaocastilho/dev_ws/install/cpp_pubsub/bin'
[5.404s] Level 1:colcon.colcon_core.environment:checking '/home/joaocastilho/dev_ws/install/cpp_pubsub/lib/pkgconfig/cpp_pubsub.pc'
[5.404s] Level 1:colcon.colcon_core.environment:checking '/home/joaocastilho/dev_ws/install/cpp_pubsub/lib/python3.8/site-packages'
[5.405s] INFO:colcon.colcon_core.shell:Creating package script '/home/joaocastilho/dev_ws/install/cpp_pubsub/share/cpp_pubsub/package.ps1'
[5.406s] INFO:colcon.colcon_core.shell:Creating package descriptor '/home/joaocastilho/dev_ws/install/cpp_pubsub/share/cpp_pubsub/package.dsv'
[5.406s] INFO:colcon.colcon_core.shell:Creating package script '/home/joaocastilho/dev_ws/install/cpp_pubsub/share/cpp_pubsub/package.sh'
[5.406s] INFO:colcon.colcon_core.shell:Creating package script '/home/joaocastilho/dev_ws/install/cpp_pubsub/share/cpp_pubsub/package.bash'
[5.407s] INFO:colcon.colcon_core.shell:Creating package script '/home/joaocastilho/dev_ws/install/cpp_pubsub/share/cpp_pubsub/package.zsh'
[5.407s] Level 1:colcon.colcon_core.environment:create_file_with_runtime_dependencies(/home/joaocastilho/dev_ws/install/cpp_pubsub/share/colcon-core/packages/cpp_pubsub)
[5.433s] Level 1:colcon.colcon_core.environment:create_environment_scripts_only(cpp_pubsub)
[5.434s] Level 1:colcon.colcon_core.environment:checking '/home/joaocastilho/dev_ws/install/cpp_pubsub' for CMake module files
[5.434s] Level 1:colcon.colcon_core.environment:checking '/home/joaocastilho/dev_ws/install/cpp_pubsub' for CMake config files
[5.435s] Level 1:colcon.colcon_core.shell:create_environment_hook('cpp_pubsub', 'cmake_prefix_path')
[5.435s] INFO:colcon.colcon_core.shell:Creating environment hook '/home/joaocastilho/dev_ws/install/cpp_pubsub/share/cpp_pubsub/hook/cmake_prefix_path.ps1'
[5.436s] INFO:colcon.colcon_core.shell:Creating environment descriptor '/home/joaocastilho/dev_ws/install/cpp_pubsub/share/cpp_pubsub/hook/cmake_prefix_path.dsv'
[5.436s] INFO:colcon.colcon_core.shell:Creating environment hook '/home/joaocastilho/dev_ws/install/cpp_pubsub/share/cpp_pubsub/hook/cmake_prefix_path.sh'
[5.437s] Level 1:colcon.colcon_core.environment:checking '/home/joaocastilho/dev_ws/install/cpp_pubsub/lib'
[5.437s] Level 1:colcon.colcon_core.environment:checking '/home/joaocastilho/dev_ws/install/cpp_pubsub/bin'
[5.437s] Level 1:colcon.colcon_core.environment:checking '/home/joaocastilho/dev_ws/install/cpp_pubsub/lib/pkgconfig/cpp_pubsub.pc'
[5.437s] Level 1:colcon.colcon_core.environment:checking '/home/joaocastilho/dev_ws/install/cpp_pubsub/lib/python3.8/site-packages'
[5.438s] INFO:colcon.colcon_core.shell:Creating package script '/home/joaocastilho/dev_ws/install/cpp_pubsub/share/cpp_pubsub/package.ps1'
[5.438s] INFO:colcon.colcon_core.shell:Creating package descriptor '/home/joaocastilho/dev_ws/install/cpp_pubsub/share/cpp_pubsub/package.dsv'
[5.439s] INFO:colcon.colcon_core.shell:Creating package script '/home/joaocastilho/dev_ws/install/cpp_pubsub/share/cpp_pubsub/package.sh'
[5.439s] INFO:colcon.colcon_core.shell:Creating package script '/home/joaocastilho/dev_ws/install/cpp_pubsub/share/cpp_pubsub/package.bash'
[5.440s] INFO:colcon.colcon_core.shell:Creating package script '/home/joaocastilho/dev_ws/install/cpp_pubsub/share/cpp_pubsub/package.zsh'
[5.440s] Level 1:colcon.colcon_core.environment:create_file_with_runtime_dependencies(/home/joaocastilho/dev_ws/install/cpp_pubsub/share/colcon-core/packages/cpp_pubsub)
[5.440s] DEBUG:colcon.colcon_parallel_executor.executor.parallel:closing loop
[5.441s] DEBUG:colcon.colcon_parallel_executor.executor.parallel:loop closed
[5.441s] DEBUG:colcon.colcon_parallel_executor.executor.parallel:run_until_complete finished with '0'
[5.441s] DEBUG:colcon.colcon_core.event_reactor:joining thread
[5.450s] INFO:colcon.colcon_core.plugin_system:Skipping extension 'colcon_notification.desktop_notification.notify_send': Could not find 'notify-send'
[5.450s] INFO:colcon.colcon_core.plugin_system:Skipping extension 'colcon_notification.desktop_notification.terminal_notifier': Not used on non-Darwin systems
[5.450s] INFO:colcon.colcon_core.plugin_system:Skipping extension 'colcon_notification.desktop_notification.win32': Not used on non-Windows systems
[5.450s] INFO:colcon.colcon_notification.desktop_notification:Sending desktop notification using 'notify2'
[5.473s] DEBUG:colcon.colcon_core.event_reactor:joined thread
[5.474s] INFO:colcon.colcon_core.shell:Creating prefix script '/home/joaocastilho/dev_ws/install/local_setup.ps1'
[5.475s] INFO:colcon.colcon_core.shell:Creating prefix util module '/home/joaocastilho/dev_ws/install/_local_setup_util_ps1.py'
[5.477s] INFO:colcon.colcon_core.shell:Creating prefix chain script '/home/joaocastilho/dev_ws/install/setup.ps1'
[5.480s] INFO:colcon.colcon_core.shell:Creating prefix script '/home/joaocastilho/dev_ws/install/local_setup.sh'
[5.481s] INFO:colcon.colcon_core.shell:Creating prefix util module '/home/joaocastilho/dev_ws/install/_local_setup_util_sh.py'
[5.482s] INFO:colcon.colcon_core.shell:Creating prefix chain script '/home/joaocastilho/dev_ws/install/setup.sh'
[5.486s] INFO:colcon.colcon_core.shell:Creating prefix script '/home/joaocastilho/dev_ws/install/local_setup.bash'
[5.486s] INFO:colcon.colcon_core.shell:Creating prefix chain script '/home/joaocastilho/dev_ws/install/setup.bash'
[5.490s] INFO:colcon.colcon_core.shell:Creating prefix script '/home/joaocastilho/dev_ws/install/local_setup.zsh'
[5.491s] INFO:colcon.colcon_core.shell:Creating prefix chain script '/home/joaocastilho/dev_ws/install/setup.zsh'
