[0.065s] Invoking command in '/home/joaocastilho/dev_ws/build/tutorial_interfaces': CMAKE_PREFIX_PATH=${CMAKE_PREFIX_PATH}:/home/joaocastilho/dev_ws/install/py_pubsub:/home/joaocastilho/dev_ws/install/my_package_python:/opt/ros/foxy /usr/bin/cmake --build /home/joaocastilho/dev_ws/build/tutorial_interfaces -- -j8 -l8
[0.723s] [  9%] Built target tutorial_interfaces__rosidl_generator_c
[0.724s] [ 11%] Built target tutorial_interfaces__cpp
[0.724s] [ 16%] Built target talker
[0.725s] [ 20%] Built target listener
[0.725s] [ 30%] Built target tutorial_interfaces__rosidl_typesupport_c
[0.725s] [ 39%] Built target tutorial_interfaces__rosidl_typesupport_introspection_cpp
[0.726s] [ 48%] Built target tutorial_interfaces__rosidl_typesupport_introspection_c
[0.727s] [ 58%] Built target tutorial_interfaces__rosidl_typesupport_cpp
[0.728s] [ 67%] Built target tutorial_interfaces__rosidl_typesupport_fastrtps_cpp
[0.728s] [ 76%] Built target tutorial_interfaces__rosidl_typesupport_fastrtps_c
[0.729s] [ 76%] Built target tutorial_interfaces
[0.731s] [ 79%] Built target tutorial_interfaces__py
[0.731s] [ 86%] Built target tutorial_interfaces__python
[0.732s] [ 90%] Built target tutorial_interfaces__rosidl_typesupport_c__pyext
[0.733s] [ 95%] Built target tutorial_interfaces__rosidl_typesupport_fastrtps_c__pyext
[0.734s] [100%] Built target tutorial_interfaces__rosidl_typesupport_introspection_c__pyext
[0.735s] Invoked command in '/home/joaocastilho/dev_ws/build/tutorial_interfaces' returned '0': CMAKE_PREFIX_PATH=${CMAKE_PREFIX_PATH}:/home/joaocastilho/dev_ws/install/py_pubsub:/home/joaocastilho/dev_ws/install/my_package_python:/opt/ros/foxy /usr/bin/cmake --build /home/joaocastilho/dev_ws/build/tutorial_interfaces -- -j8 -l8
[0.871s] Invoking command in '/home/joaocastilho/dev_ws/build/tutorial_interfaces': CMAKE_PREFIX_PATH=${CMAKE_PREFIX_PATH}:/home/joaocastilho/dev_ws/install/py_pubsub:/home/joaocastilho/dev_ws/install/my_package_python:/opt/ros/foxy /usr/bin/cmake --install /home/joaocastilho/dev_ws/build/tutorial_interfaces
[0.885s] -- Install configuration: ""
[0.886s] -- Up-to-date: /home/joaocastilho/dev_ws/install/tutorial_interfaces/share/ament_index/resource_index/rosidl_interfaces/tutorial_interfaces
[0.886s] -- Up-to-date: /home/joaocastilho/dev_ws/install/tutorial_interfaces/include/tutorial_interfaces
[0.886s] -- Up-to-date: /home/joaocastilho/dev_ws/install/tutorial_interfaces/include/tutorial_interfaces/msg
[0.886s] -- Up-to-date: /home/joaocastilho/dev_ws/install/tutorial_interfaces/include/tutorial_interfaces/msg/num.h
[0.886s] -- Up-to-date: /home/joaocastilho/dev_ws/install/tutorial_interfaces/include/tutorial_interfaces/msg/rosidl_generator_c__visibility_control.h
[0.886s] -- Up-to-date: /home/joaocastilho/dev_ws/install/tutorial_interfaces/include/tutorial_interfaces/msg/detail
[0.886s] -- Up-to-date: /home/joaocastilho/dev_ws/install/tutorial_interfaces/include/tutorial_interfaces/msg/detail/num__type_support.h
[0.887s] -- Up-to-date: /home/joaocastilho/dev_ws/install/tutorial_interfaces/include/tutorial_interfaces/msg/detail/num__functions.c
[0.887s] -- Up-to-date: /home/joaocastilho/dev_ws/install/tutorial_interfaces/include/tutorial_interfaces/msg/detail/num__functions.h
[0.887s] -- Up-to-date: /home/joaocastilho/dev_ws/install/tutorial_interfaces/include/tutorial_interfaces/msg/detail/num__struct.h
[0.887s] -- Up-to-date: /home/joaocastilho/dev_ws/install/tutorial_interfaces/include/tutorial_interfaces/srv
[0.887s] -- Up-to-date: /home/joaocastilho/dev_ws/install/tutorial_interfaces/include/tutorial_interfaces/srv/detail
[0.889s] -- Up-to-date: /home/joaocastilho/dev_ws/install/tutorial_interfaces/include/tutorial_interfaces/srv/detail/add_three_ints__functions.c
[0.889s] -- Up-to-date: /home/joaocastilho/dev_ws/install/tutorial_interfaces/include/tutorial_interfaces/srv/detail/add_three_ints__type_support.h
[0.890s] -- Up-to-date: /home/joaocastilho/dev_ws/install/tutorial_interfaces/include/tutorial_interfaces/srv/detail/add_three_ints__struct.h
[0.890s] -- Up-to-date: /home/joaocastilho/dev_ws/install/tutorial_interfaces/include/tutorial_interfaces/srv/detail/add_three_ints__functions.h
[0.890s] -- Up-to-date: /home/joaocastilho/dev_ws/install/tutorial_interfaces/include/tutorial_interfaces/srv/add_three_ints.h
[0.890s] -- Up-to-date: /home/joaocastilho/dev_ws/install/tutorial_interfaces/share/tutorial_interfaces/environment/library_path.sh
[0.891s] -- Up-to-date: /home/joaocastilho/dev_ws/install/tutorial_interfaces/share/tutorial_interfaces/environment/library_path.dsv
[0.891s] -- Up-to-date: /home/joaocastilho/dev_ws/install/tutorial_interfaces/lib/libtutorial_interfaces__rosidl_generator_c.so
[0.893s] -- Up-to-date: /home/joaocastilho/dev_ws/install/tutorial_interfaces/include/tutorial_interfaces
[0.893s] -- Up-to-date: /home/joaocastilho/dev_ws/install/tutorial_interfaces/include/tutorial_interfaces/msg
[0.893s] -- Up-to-date: /home/joaocastilho/dev_ws/install/tutorial_interfaces/include/tutorial_interfaces/msg/detail
[0.894s] -- Up-to-date: /home/joaocastilho/dev_ws/install/tutorial_interfaces/include/tutorial_interfaces/msg/detail/num__rosidl_typesupport_fastrtps_c.h
[0.894s] -- Up-to-date: /home/joaocastilho/dev_ws/install/tutorial_interfaces/include/tutorial_interfaces/msg/rosidl_typesupport_fastrtps_c__visibility_control.h
[0.896s] -- Up-to-date: /home/joaocastilho/dev_ws/install/tutorial_interfaces/include/tutorial_interfaces/srv
[0.896s] -- Up-to-date: /home/joaocastilho/dev_ws/install/tutorial_interfaces/include/tutorial_interfaces/srv/detail
[0.897s] -- Up-to-date: /home/joaocastilho/dev_ws/install/tutorial_interfaces/include/tutorial_interfaces/srv/detail/add_three_ints__rosidl_typesupport_fastrtps_c.h
[0.897s] -- Up-to-date: /home/joaocastilho/dev_ws/install/tutorial_interfaces/lib/libtutorial_interfaces__rosidl_typesupport_fastrtps_c.so
[0.897s] -- Up-to-date: /home/joaocastilho/dev_ws/install/tutorial_interfaces/include/tutorial_interfaces
[0.897s] -- Up-to-date: /home/joaocastilho/dev_ws/install/tutorial_interfaces/include/tutorial_interfaces/msg
[0.897s] -- Up-to-date: /home/joaocastilho/dev_ws/install/tutorial_interfaces/include/tutorial_interfaces/msg/rosidl_typesupport_fastrtps_cpp__visibility_control.h
[0.897s] -- Up-to-date: /home/joaocastilho/dev_ws/install/tutorial_interfaces/include/tutorial_interfaces/msg/detail
[0.897s] -- Up-to-date: /home/joaocastilho/dev_ws/install/tutorial_interfaces/include/tutorial_interfaces/msg/detail/num__rosidl_typesupport_fastrtps_cpp.hpp
[0.897s] -- Up-to-date: /home/joaocastilho/dev_ws/install/tutorial_interfaces/include/tutorial_interfaces/msg/detail/dds_fastrtps
[0.898s] -- Up-to-date: /home/joaocastilho/dev_ws/install/tutorial_interfaces/include/tutorial_interfaces/srv
[0.898s] -- Up-to-date: /home/joaocastilho/dev_ws/install/tutorial_interfaces/include/tutorial_interfaces/srv/detail
[0.898s] -- Up-to-date: /home/joaocastilho/dev_ws/install/tutorial_interfaces/include/tutorial_interfaces/srv/detail/dds_fastrtps
[0.898s] -- Up-to-date: /home/joaocastilho/dev_ws/install/tutorial_interfaces/include/tutorial_interfaces/srv/detail/add_three_ints__rosidl_typesupport_fastrtps_cpp.hpp
[0.898s] -- Up-to-date: /home/joaocastilho/dev_ws/install/tutorial_interfaces/lib/libtutorial_interfaces__rosidl_typesupport_fastrtps_cpp.so
[0.898s] -- Up-to-date: /home/joaocastilho/dev_ws/install/tutorial_interfaces/include/tutorial_interfaces
[0.898s] -- Up-to-date: /home/joaocastilho/dev_ws/install/tutorial_interfaces/include/tutorial_interfaces/msg
[0.898s] -- Up-to-date: /home/joaocastilho/dev_ws/install/tutorial_interfaces/include/tutorial_interfaces/msg/detail
[0.898s] -- Up-to-date: /home/joaocastilho/dev_ws/install/tutorial_interfaces/include/tutorial_interfaces/msg/detail/num__type_support.c
[0.899s] -- Up-to-date: /home/joaocastilho/dev_ws/install/tutorial_interfaces/include/tutorial_interfaces/msg/detail/num__rosidl_typesupport_introspection_c.h
[0.899s] -- Up-to-date: /home/joaocastilho/dev_ws/install/tutorial_interfaces/include/tutorial_interfaces/msg/rosidl_typesupport_introspection_c__visibility_control.h
[0.899s] -- Up-to-date: /home/joaocastilho/dev_ws/install/tutorial_interfaces/include/tutorial_interfaces/srv
[0.899s] -- Up-to-date: /home/joaocastilho/dev_ws/install/tutorial_interfaces/include/tutorial_interfaces/srv/detail
[0.899s] -- Up-to-date: /home/joaocastilho/dev_ws/install/tutorial_interfaces/include/tutorial_interfaces/srv/detail/add_three_ints__rosidl_typesupport_introspection_c.h
[0.899s] -- Up-to-date: /home/joaocastilho/dev_ws/install/tutorial_interfaces/include/tutorial_interfaces/srv/detail/add_three_ints__type_support.c
[0.899s] -- Up-to-date: /home/joaocastilho/dev_ws/install/tutorial_interfaces/lib/libtutorial_interfaces__rosidl_typesupport_introspection_c.so
[0.900s] -- Up-to-date: /home/joaocastilho/dev_ws/install/tutorial_interfaces/lib/libtutorial_interfaces__rosidl_typesupport_c.so
[0.900s] -- Up-to-date: /home/joaocastilho/dev_ws/install/tutorial_interfaces/include/tutorial_interfaces
[0.900s] -- Up-to-date: /home/joaocastilho/dev_ws/install/tutorial_interfaces/include/tutorial_interfaces/msg
[0.900s] -- Up-to-date: /home/joaocastilho/dev_ws/install/tutorial_interfaces/include/tutorial_interfaces/msg/detail
[0.900s] -- Up-to-date: /home/joaocastilho/dev_ws/install/tutorial_interfaces/include/tutorial_interfaces/msg/detail/num__struct.hpp
[0.900s] -- Up-to-date: /home/joaocastilho/dev_ws/install/tutorial_interfaces/include/tutorial_interfaces/msg/detail/num__builder.hpp
[0.900s] -- Up-to-date: /home/joaocastilho/dev_ws/install/tutorial_interfaces/include/tutorial_interfaces/msg/detail/num__traits.hpp
[0.901s] -- Up-to-date: /home/joaocastilho/dev_ws/install/tutorial_interfaces/include/tutorial_interfaces/msg/num.hpp
[0.901s] -- Up-to-date: /home/joaocastilho/dev_ws/install/tutorial_interfaces/include/tutorial_interfaces/srv
[0.901s] -- Up-to-date: /home/joaocastilho/dev_ws/install/tutorial_interfaces/include/tutorial_interfaces/srv/add_three_ints.hpp
[0.901s] -- Up-to-date: /home/joaocastilho/dev_ws/install/tutorial_interfaces/include/tutorial_interfaces/srv/detail
[0.901s] -- Up-to-date: /home/joaocastilho/dev_ws/install/tutorial_interfaces/include/tutorial_interfaces/srv/detail/add_three_ints__traits.hpp
[0.901s] -- Up-to-date: /home/joaocastilho/dev_ws/install/tutorial_interfaces/include/tutorial_interfaces/srv/detail/add_three_ints__struct.hpp
[0.902s] -- Up-to-date: /home/joaocastilho/dev_ws/install/tutorial_interfaces/include/tutorial_interfaces/srv/detail/add_three_ints__builder.hpp
[0.902s] -- Up-to-date: /home/joaocastilho/dev_ws/install/tutorial_interfaces/include/tutorial_interfaces
[0.902s] -- Up-to-date: /home/joaocastilho/dev_ws/install/tutorial_interfaces/include/tutorial_interfaces/msg
[0.902s] -- Up-to-date: /home/joaocastilho/dev_ws/install/tutorial_interfaces/include/tutorial_interfaces/msg/detail
[0.902s] -- Up-to-date: /home/joaocastilho/dev_ws/install/tutorial_interfaces/include/tutorial_interfaces/msg/detail/num__type_support.cpp
[0.902s] -- Up-to-date: /home/joaocastilho/dev_ws/install/tutorial_interfaces/include/tutorial_interfaces/msg/detail/num__rosidl_typesupport_introspection_cpp.hpp
[0.902s] -- Up-to-date: /home/joaocastilho/dev_ws/install/tutorial_interfaces/include/tutorial_interfaces/srv
[0.902s] -- Up-to-date: /home/joaocastilho/dev_ws/install/tutorial_interfaces/include/tutorial_interfaces/srv/detail
[0.902s] -- Up-to-date: /home/joaocastilho/dev_ws/install/tutorial_interfaces/include/tutorial_interfaces/srv/detail/add_three_ints__rosidl_typesupport_introspection_cpp.hpp
[0.903s] -- Up-to-date: /home/joaocastilho/dev_ws/install/tutorial_interfaces/include/tutorial_interfaces/srv/detail/add_three_ints__type_support.cpp
[0.903s] -- Up-to-date: /home/joaocastilho/dev_ws/install/tutorial_interfaces/lib/libtutorial_interfaces__rosidl_typesupport_introspection_cpp.so
[0.903s] -- Up-to-date: /home/joaocastilho/dev_ws/install/tutorial_interfaces/lib/libtutorial_interfaces__rosidl_typesupport_cpp.so
[0.903s] -- Up-to-date: /home/joaocastilho/dev_ws/install/tutorial_interfaces/share/tutorial_interfaces/environment/pythonpath.sh
[0.903s] -- Up-to-date: /home/joaocastilho/dev_ws/install/tutorial_interfaces/share/tutorial_interfaces/environment/pythonpath.dsv
[0.903s] -- Up-to-date: /home/joaocastilho/dev_ws/install/tutorial_interfaces/lib/python3.8/site-packages/tutorial_interfaces/__init__.py
[0.952s] -- Up-to-date: /home/joaocastilho/dev_ws/install/tutorial_interfaces/lib/python3.8/site-packages/tutorial_interfaces/msg
[0.953s] -- Up-to-date: /home/joaocastilho/dev_ws/install/tutorial_interfaces/lib/python3.8/site-packages/tutorial_interfaces/msg/_num_s.c
[0.953s] -- Up-to-date: /home/joaocastilho/dev_ws/install/tutorial_interfaces/lib/python3.8/site-packages/tutorial_interfaces/msg/__init__.py
[0.953s] -- Up-to-date: /home/joaocastilho/dev_ws/install/tutorial_interfaces/lib/python3.8/site-packages/tutorial_interfaces/msg/_num.py
[0.953s] -- Up-to-date: /home/joaocastilho/dev_ws/install/tutorial_interfaces/lib/python3.8/site-packages/tutorial_interfaces/srv
[0.953s] -- Up-to-date: /home/joaocastilho/dev_ws/install/tutorial_interfaces/lib/python3.8/site-packages/tutorial_interfaces/srv/_add_three_ints_s.c
[0.953s] -- Up-to-date: /home/joaocastilho/dev_ws/install/tutorial_interfaces/lib/python3.8/site-packages/tutorial_interfaces/srv/__init__.py
[0.953s] -- Up-to-date: /home/joaocastilho/dev_ws/install/tutorial_interfaces/lib/python3.8/site-packages/tutorial_interfaces/srv/_add_three_ints.py
[0.954s] -- Up-to-date: /home/joaocastilho/dev_ws/install/tutorial_interfaces/lib/python3.8/site-packages/tutorial_interfaces/tutorial_interfaces_s__rosidl_typesupport_fastrtps_c.cpython-38-x86_64-linux-gnu.so
[0.955s] -- Up-to-date: /home/joaocastilho/dev_ws/install/tutorial_interfaces/lib/python3.8/site-packages/tutorial_interfaces/tutorial_interfaces_s__rosidl_typesupport_introspection_c.cpython-38-x86_64-linux-gnu.so
[0.960s] -- Up-to-date: /home/joaocastilho/dev_ws/install/tutorial_interfaces/lib/python3.8/site-packages/tutorial_interfaces/tutorial_interfaces_s__rosidl_typesupport_c.cpython-38-x86_64-linux-gnu.so
[0.964s] -- Up-to-date: /home/joaocastilho/dev_ws/install/tutorial_interfaces/lib/libtutorial_interfaces__python.so
[0.965s] -- Up-to-date: /home/joaocastilho/dev_ws/install/tutorial_interfaces/share/tutorial_interfaces/msg/Num.idl
[0.965s] -- Up-to-date: /home/joaocastilho/dev_ws/install/tutorial_interfaces/share/tutorial_interfaces/srv/AddThreeInts.idl
[0.965s] -- Up-to-date: /home/joaocastilho/dev_ws/install/tutorial_interfaces/share/tutorial_interfaces/msg/Num.msg
[0.965s] -- Up-to-date: /home/joaocastilho/dev_ws/install/tutorial_interfaces/share/tutorial_interfaces/srv/AddThreeInts.srv
[0.966s] -- Up-to-date: /home/joaocastilho/dev_ws/install/tutorial_interfaces/share/tutorial_interfaces/srv/AddThreeInts_Request.msg
[0.967s] -- Up-to-date: /home/joaocastilho/dev_ws/install/tutorial_interfaces/share/tutorial_interfaces/srv/AddThreeInts_Response.msg
[0.967s] -- Up-to-date: /home/joaocastilho/dev_ws/install/tutorial_interfaces/lib/tutorial_interfaces/talker
[0.968s] -- Up-to-date: /home/joaocastilho/dev_ws/install/tutorial_interfaces/lib/tutorial_interfaces/listener
[0.968s] -- Up-to-date: /home/joaocastilho/dev_ws/install/tutorial_interfaces/share/ament_index/resource_index/package_run_dependencies/tutorial_interfaces
[0.968s] -- Up-to-date: /home/joaocastilho/dev_ws/install/tutorial_interfaces/share/ament_index/resource_index/parent_prefix_path/tutorial_interfaces
[0.969s] -- Up-to-date: /home/joaocastilho/dev_ws/install/tutorial_interfaces/share/tutorial_interfaces/environment/ament_prefix_path.sh
[0.969s] -- Up-to-date: /home/joaocastilho/dev_ws/install/tutorial_interfaces/share/tutorial_interfaces/environment/ament_prefix_path.dsv
[0.969s] -- Up-to-date: /home/joaocastilho/dev_ws/install/tutorial_interfaces/share/tutorial_interfaces/environment/path.sh
[0.969s] -- Up-to-date: /home/joaocastilho/dev_ws/install/tutorial_interfaces/share/tutorial_interfaces/environment/path.dsv
[0.970s] -- Up-to-date: /home/joaocastilho/dev_ws/install/tutorial_interfaces/share/tutorial_interfaces/local_setup.bash
[0.970s] -- Up-to-date: /home/joaocastilho/dev_ws/install/tutorial_interfaces/share/tutorial_interfaces/local_setup.sh
[0.970s] -- Up-to-date: /home/joaocastilho/dev_ws/install/tutorial_interfaces/share/tutorial_interfaces/local_setup.zsh
[0.971s] -- Up-to-date: /home/joaocastilho/dev_ws/install/tutorial_interfaces/share/tutorial_interfaces/local_setup.dsv
[0.971s] -- Installing: /home/joaocastilho/dev_ws/install/tutorial_interfaces/share/tutorial_interfaces/package.dsv
[0.971s] -- Up-to-date: /home/joaocastilho/dev_ws/install/tutorial_interfaces/share/ament_index/resource_index/packages/tutorial_interfaces
[0.971s] -- Up-to-date: /home/joaocastilho/dev_ws/install/tutorial_interfaces/share/tutorial_interfaces/cmake/tutorial_interfaces__rosidl_generator_cExport.cmake
[0.972s] -- Up-to-date: /home/joaocastilho/dev_ws/install/tutorial_interfaces/share/tutorial_interfaces/cmake/tutorial_interfaces__rosidl_generator_cExport-noconfig.cmake
[0.974s] -- Up-to-date: /home/joaocastilho/dev_ws/install/tutorial_interfaces/share/tutorial_interfaces/cmake/tutorial_interfaces__rosidl_typesupport_introspection_cExport.cmake
[0.974s] -- Up-to-date: /home/joaocastilho/dev_ws/install/tutorial_interfaces/share/tutorial_interfaces/cmake/tutorial_interfaces__rosidl_typesupport_introspection_cExport-noconfig.cmake
[0.974s] -- Up-to-date: /home/joaocastilho/dev_ws/install/tutorial_interfaces/share/tutorial_interfaces/cmake/tutorial_interfaces__rosidl_typesupport_cExport.cmake
[0.974s] -- Up-to-date: /home/joaocastilho/dev_ws/install/tutorial_interfaces/share/tutorial_interfaces/cmake/tutorial_interfaces__rosidl_typesupport_cExport-noconfig.cmake
[0.975s] -- Up-to-date: /home/joaocastilho/dev_ws/install/tutorial_interfaces/share/tutorial_interfaces/cmake/tutorial_interfaces__rosidl_generator_cppExport.cmake
[0.975s] -- Up-to-date: /home/joaocastilho/dev_ws/install/tutorial_interfaces/share/tutorial_interfaces/cmake/tutorial_interfaces__rosidl_typesupport_introspection_cppExport.cmake
[0.975s] -- Up-to-date: /home/joaocastilho/dev_ws/install/tutorial_interfaces/share/tutorial_interfaces/cmake/tutorial_interfaces__rosidl_typesupport_introspection_cppExport-noconfig.cmake
[0.975s] -- Up-to-date: /home/joaocastilho/dev_ws/install/tutorial_interfaces/share/tutorial_interfaces/cmake/tutorial_interfaces__rosidl_typesupport_cppExport.cmake
[0.975s] -- Up-to-date: /home/joaocastilho/dev_ws/install/tutorial_interfaces/share/tutorial_interfaces/cmake/tutorial_interfaces__rosidl_typesupport_cppExport-noconfig.cmake
[0.975s] -- Up-to-date: /home/joaocastilho/dev_ws/install/tutorial_interfaces/share/tutorial_interfaces/cmake/rosidl_cmake-extras.cmake
[0.975s] -- Up-to-date: /home/joaocastilho/dev_ws/install/tutorial_interfaces/share/tutorial_interfaces/cmake/ament_cmake_export_dependencies-extras.cmake
[0.976s] -- Up-to-date: /home/joaocastilho/dev_ws/install/tutorial_interfaces/share/tutorial_interfaces/cmake/ament_cmake_export_libraries-extras.cmake
[0.976s] -- Up-to-date: /home/joaocastilho/dev_ws/install/tutorial_interfaces/share/tutorial_interfaces/cmake/ament_cmake_export_targets-extras.cmake
[0.976s] -- Up-to-date: /home/joaocastilho/dev_ws/install/tutorial_interfaces/share/tutorial_interfaces/cmake/ament_cmake_export_include_directories-extras.cmake
[0.976s] -- Up-to-date: /home/joaocastilho/dev_ws/install/tutorial_interfaces/share/tutorial_interfaces/cmake/rosidl_cmake_export_typesupport_libraries-extras.cmake
[0.976s] -- Up-to-date: /home/joaocastilho/dev_ws/install/tutorial_interfaces/share/tutorial_interfaces/cmake/rosidl_cmake_export_typesupport_targets-extras.cmake
[0.976s] -- Up-to-date: /home/joaocastilho/dev_ws/install/tutorial_interfaces/share/tutorial_interfaces/cmake/tutorial_interfacesConfig.cmake
[0.976s] -- Up-to-date: /home/joaocastilho/dev_ws/install/tutorial_interfaces/share/tutorial_interfaces/cmake/tutorial_interfacesConfig-version.cmake
[0.977s] -- Up-to-date: /home/joaocastilho/dev_ws/install/tutorial_interfaces/share/tutorial_interfaces/package.xml
[0.983s] Invoked command in '/home/joaocastilho/dev_ws/build/tutorial_interfaces' returned '0': CMAKE_PREFIX_PATH=${CMAKE_PREFIX_PATH}:/home/joaocastilho/dev_ws/install/py_pubsub:/home/joaocastilho/dev_ws/install/my_package_python:/opt/ros/foxy /usr/bin/cmake --install /home/joaocastilho/dev_ws/build/tutorial_interfaces
