[0.041s] Invoking command in '/home/joaocastilho/dev_ws/build/my_package': CMAKE_PREFIX_PATH=${CMAKE_PREFIX_PATH}:/home/joaocastilho/dev_ws/install/my_package_python:/opt/ros/foxy /usr/bin/cmake --build /home/joaocastilho/dev_ws/build/my_package -- -j8 -l8
[0.349s] [100%] Built target my_node
[0.351s] Invoked command in '/home/joaocastilho/dev_ws/build/my_package' returned '0': CMAKE_PREFIX_PATH=${CMAKE_PREFIX_PATH}:/home/joaocastilho/dev_ws/install/my_package_python:/opt/ros/foxy /usr/bin/cmake --build /home/joaocastilho/dev_ws/build/my_package -- -j8 -l8
[0.388s] Invoking command in '/home/joaocastilho/dev_ws/build/my_package': CMAKE_PREFIX_PATH=${CMAKE_PREFIX_PATH}:/home/joaocastilho/dev_ws/install/my_package_python:/opt/ros/foxy /usr/bin/cmake --install /home/joaocastilho/dev_ws/build/my_package
[0.396s] -- Install configuration: ""
[0.396s] -- Up-to-date: /home/joaocastilho/dev_ws/install/my_package/lib/my_package/my_node
[0.397s] -- Up-to-date: /home/joaocastilho/dev_ws/install/my_package/share/ament_index/resource_index/package_run_dependencies/my_package
[0.397s] -- Up-to-date: /home/joaocastilho/dev_ws/install/my_package/share/ament_index/resource_index/parent_prefix_path/my_package
[0.397s] -- Up-to-date: /home/joaocastilho/dev_ws/install/my_package/share/my_package/environment/ament_prefix_path.sh
[0.397s] -- Up-to-date: /home/joaocastilho/dev_ws/install/my_package/share/my_package/environment/ament_prefix_path.dsv
[0.398s] -- Up-to-date: /home/joaocastilho/dev_ws/install/my_package/share/my_package/environment/path.sh
[0.398s] -- Up-to-date: /home/joaocastilho/dev_ws/install/my_package/share/my_package/environment/path.dsv
[0.399s] -- Up-to-date: /home/joaocastilho/dev_ws/install/my_package/share/my_package/local_setup.bash
[0.399s] -- Up-to-date: /home/joaocastilho/dev_ws/install/my_package/share/my_package/local_setup.sh
[0.399s] -- Up-to-date: /home/joaocastilho/dev_ws/install/my_package/share/my_package/local_setup.zsh
[0.399s] -- Up-to-date: /home/joaocastilho/dev_ws/install/my_package/share/my_package/local_setup.dsv
[0.400s] -- Up-to-date: /home/joaocastilho/dev_ws/install/my_package/share/my_package/package.dsv
[0.403s] -- Up-to-date: /home/joaocastilho/dev_ws/install/my_package/share/ament_index/resource_index/packages/my_package
[0.404s] -- Up-to-date: /home/joaocastilho/dev_ws/install/my_package/share/my_package/cmake/my_packageConfig.cmake
[0.404s] -- Up-to-date: /home/joaocastilho/dev_ws/install/my_package/share/my_package/cmake/my_packageConfig-version.cmake
[0.404s] -- Up-to-date: /home/joaocastilho/dev_ws/install/my_package/share/my_package/package.xml
[0.404s] Invoked command in '/home/joaocastilho/dev_ws/build/my_package' returned '0': CMAKE_PREFIX_PATH=${CMAKE_PREFIX_PATH}:/home/joaocastilho/dev_ws/install/my_package_python:/opt/ros/foxy /usr/bin/cmake --install /home/joaocastilho/dev_ws/build/my_package
