[0.016s] Invoking command in '/home/joaocastilho/dev_ws/build/cpp_pubsub': CMAKE_PREFIX_PATH=/home/joaocastilho/dev_ws/install/tutorial_interfaces:/home/joaocastilho/dev_ws/install/cpp_srvcli:/home/joaocastilho/dev_ws/install/cpp_pubsub:/home/joaocastilho/dev_ws/install/my_package:/home/joaocastilho/dev_ws/install/turtlesim:/home/joaocastilho/dev_ws/install/py_pubsub:/home/joaocastilho/dev_ws/install/my_package_python:/opt/ros/foxy /usr/bin/cmake --build /home/joaocastilho/dev_ws/build/cpp_pubsub -- -j8 -l8
[0.081s] [ 87%] Built target talker
[0.081s] [ 87%] Built target listener
[0.081s] [100%] Built target talker_num
[0.081s] [100%] Built target listener_num
[0.093s] Invoked command in '/home/joaocastilho/dev_ws/build/cpp_pubsub' returned '0': CMAKE_PREFIX_PATH=/home/joaocastilho/dev_ws/install/tutorial_interfaces:/home/joaocastilho/dev_ws/install/cpp_srvcli:/home/joaocastilho/dev_ws/install/cpp_pubsub:/home/joaocastilho/dev_ws/install/my_package:/home/joaocastilho/dev_ws/install/turtlesim:/home/joaocastilho/dev_ws/install/py_pubsub:/home/joaocastilho/dev_ws/install/my_package_python:/opt/ros/foxy /usr/bin/cmake --build /home/joaocastilho/dev_ws/build/cpp_pubsub -- -j8 -l8
[0.138s] Invoking command in '/home/joaocastilho/dev_ws/build/cpp_pubsub': CMAKE_PREFIX_PATH=/home/joaocastilho/dev_ws/install/tutorial_interfaces:/home/joaocastilho/dev_ws/install/cpp_srvcli:/home/joaocastilho/dev_ws/install/cpp_pubsub:/home/joaocastilho/dev_ws/install/my_package:/home/joaocastilho/dev_ws/install/turtlesim:/home/joaocastilho/dev_ws/install/py_pubsub:/home/joaocastilho/dev_ws/install/my_package_python:/opt/ros/foxy /usr/bin/cmake --install /home/joaocastilho/dev_ws/build/cpp_pubsub
[0.146s] -- Install configuration: ""
[0.146s] -- Up-to-date: /home/joaocastilho/dev_ws/install/cpp_pubsub/lib/cpp_pubsub/talker
[0.146s] -- Up-to-date: /home/joaocastilho/dev_ws/install/cpp_pubsub/lib/cpp_pubsub/listener
[0.147s] -- Up-to-date: /home/joaocastilho/dev_ws/install/cpp_pubsub/lib/cpp_pubsub/talker_num
[0.147s] -- Up-to-date: /home/joaocastilho/dev_ws/install/cpp_pubsub/lib/cpp_pubsub/listener_num
[0.147s] -- Up-to-date: /home/joaocastilho/dev_ws/install/cpp_pubsub/share/ament_index/resource_index/package_run_dependencies/cpp_pubsub
[0.148s] -- Up-to-date: /home/joaocastilho/dev_ws/install/cpp_pubsub/share/ament_index/resource_index/parent_prefix_path/cpp_pubsub
[0.148s] -- Up-to-date: /home/joaocastilho/dev_ws/install/cpp_pubsub/share/cpp_pubsub/environment/ament_prefix_path.sh
[0.148s] -- Up-to-date: /home/joaocastilho/dev_ws/install/cpp_pubsub/share/cpp_pubsub/environment/ament_prefix_path.dsv
[0.148s] -- Up-to-date: /home/joaocastilho/dev_ws/install/cpp_pubsub/share/cpp_pubsub/environment/path.sh
[0.148s] -- Up-to-date: /home/joaocastilho/dev_ws/install/cpp_pubsub/share/cpp_pubsub/environment/path.dsv
[0.148s] -- Up-to-date: /home/joaocastilho/dev_ws/install/cpp_pubsub/share/cpp_pubsub/local_setup.bash
[0.148s] -- Up-to-date: /home/joaocastilho/dev_ws/install/cpp_pubsub/share/cpp_pubsub/local_setup.sh
[0.148s] -- Up-to-date: /home/joaocastilho/dev_ws/install/cpp_pubsub/share/cpp_pubsub/local_setup.zsh
[0.148s] -- Up-to-date: /home/joaocastilho/dev_ws/install/cpp_pubsub/share/cpp_pubsub/local_setup.dsv
[0.148s] -- Installing: /home/joaocastilho/dev_ws/install/cpp_pubsub/share/cpp_pubsub/package.dsv
[0.148s] -- Up-to-date: /home/joaocastilho/dev_ws/install/cpp_pubsub/share/ament_index/resource_index/packages/cpp_pubsub
[0.149s] -- Up-to-date: /home/joaocastilho/dev_ws/install/cpp_pubsub/share/cpp_pubsub/cmake/cpp_pubsubConfig.cmake
[0.149s] -- Up-to-date: /home/joaocastilho/dev_ws/install/cpp_pubsub/share/cpp_pubsub/cmake/cpp_pubsubConfig-version.cmake
[0.149s] -- Up-to-date: /home/joaocastilho/dev_ws/install/cpp_pubsub/share/cpp_pubsub/package.xml
[0.151s] Invoked command in '/home/joaocastilho/dev_ws/build/cpp_pubsub' returned '0': CMAKE_PREFIX_PATH=/home/joaocastilho/dev_ws/install/tutorial_interfaces:/home/joaocastilho/dev_ws/install/cpp_srvcli:/home/joaocastilho/dev_ws/install/cpp_pubsub:/home/joaocastilho/dev_ws/install/my_package:/home/joaocastilho/dev_ws/install/turtlesim:/home/joaocastilho/dev_ws/install/py_pubsub:/home/joaocastilho/dev_ws/install/my_package_python:/opt/ros/foxy /usr/bin/cmake --install /home/joaocastilho/dev_ws/build/cpp_pubsub
