-- Found ament_cmake: 0.9.8 (/opt/ros/foxy/share/ament_cmake/cmake)
-- Found PythonInterp: /usr/bin/python3 (found suitable version "3.8.10", minimum required is "3") 
-- Using PYTHON_EXECUTABLE: /usr/bin/python3
-- Override CMake install command with custom implementation using symlinks instead of copying resources
-- Found rosidl_default_generators: 1.0.1 (/opt/ros/foxy/share/rosidl_default_generators/cmake)
-- Using all available rosidl_typesupport_c: rosidl_typesupport_fastrtps_c;rosidl_typesupport_introspection_c
-- Found rosidl_adapter: 1.2.1 (/opt/ros/foxy/share/rosidl_adapter/cmake)
-- Using all available rosidl_typesupport_cpp: rosidl_typesupport_fastrtps_cpp;rosidl_typesupport_introspection_cpp
-- Found rclcpp: 2.3.1 (/opt/ros/foxy/share/rclcpp/cmake)
-- Found rmw_implementation_cmake: 1.0.3 (/opt/ros/foxy/share/rmw_implementation_cmake/cmake)
-- Using RMW implementation 'rmw_fastrtps_cpp' as default
-- Found PythonInterp: /usr/bin/python3 (found version "3.8.10") 
-- Found ament_cmake_ros: 0.9.2 (/opt/ros/foxy/share/ament_cmake_ros/cmake)
-- Using all available rosidl_typesupport_c: rosidl_typesupport_fastrtps_c;rosidl_typesupport_introspection_c
-- Using all available rosidl_typesupport_cpp: rosidl_typesupport_fastrtps_cpp;rosidl_typesupport_introspection_cpp
-- Found PythonInterp: /usr/bin/python3 (found suitable version "3.8.10", minimum required is "3.5") 
-- Found python_cmake_module: 0.8.1 (/opt/ros/foxy/share/python_cmake_module/cmake)
-- Using PYTHON_EXECUTABLE: /usr/bin/python3
-- Using PYTHON_INCLUDE_DIRS: /usr/include/python3.8
-- Using PYTHON_LIBRARIES: /usr/lib/x86_64-linux-gnu/libpython3.8.so
-- Found ament_lint_auto: 0.9.6 (/opt/ros/foxy/share/ament_lint_auto/cmake)
-- Added test 'copyright' to check source files copyright and LICENSE
-- Added test 'cppcheck' to perform static code analysis on C / C++ code
-- Configured cppcheck include dirs: 
-- Configured cppcheck exclude dirs and/or files: 
-- Added test 'cpplint' to check C / C++ code against the Google style
-- Configured cpplint exclude dirs and/or files: 
-- Added test 'lint_cmake' to check CMake code style
-- Added test 'uncrustify' to check C / C++ code style
-- Configured uncrustify additional arguments: 
-- Added test 'xmllint' to check XML markup files
-- Configuring done
-- Generating done
-- Build files have been written to: /home/joaocastilho/dev_ws/build/more_interfaces
[  2%] Built target more_interfaces__cpp
[  5%] [32mBuilding C object CMakeFiles/more_interfaces__rosidl_generator_c.dir/rosidl_generator_c/more_interfaces/msg/detail/address_book__functions.c.o[0m
[  8%] [32mBuilding CXX object CMakeFiles/more_interfaces__rosidl_typesupport_cpp.dir/rosidl_typesupport_cpp/more_interfaces/msg/address_book__type_support.cpp.o[0m
[ 11%] [32mBuilding CXX object CMakeFiles/more_interfaces__rosidl_typesupport_introspection_cpp.dir/rosidl_typesupport_introspection_cpp/more_interfaces/msg/detail/address_book__type_support.cpp.o[0m
[ 14%] [32mBuilding CXX object CMakeFiles/more_interfaces__rosidl_typesupport_fastrtps_cpp.dir/rosidl_typesupport_fastrtps_cpp/more_interfaces/msg/detail/dds_fastrtps/address_book__type_support.cpp.o[0m
[ 17%] [32m[1mLinking C shared library libmore_interfaces__rosidl_generator_c.so[0m
[ 20%] Built target more_interfaces__rosidl_generator_c
[ 22%] [32mBuilding CXX object CMakeFiles/more_interfaces__rosidl_typesupport_c.dir/rosidl_typesupport_c/more_interfaces/msg/address_book__type_support.cpp.o[0m
[ 25%] [32mBuilding C object CMakeFiles/more_interfaces__rosidl_typesupport_introspection_c.dir/rosidl_typesupport_introspection_c/more_interfaces/msg/detail/address_book__type_support.c.o[0m
[ 28%] [32m[1mLinking CXX shared library libmore_interfaces__rosidl_typesupport_c.so[0m
[ 31%] [32m[1mLinking C shared library libmore_interfaces__rosidl_typesupport_introspection_c.so[0m
[ 34%] Built target more_interfaces__rosidl_typesupport_c
[ 37%] [32m[1mLinking CXX shared library libmore_interfaces__rosidl_typesupport_introspection_cpp.so[0m
[ 40%] Built target more_interfaces__rosidl_typesupport_introspection_c
[ 42%] Built target more_interfaces__rosidl_typesupport_introspection_cpp
[ 45%] [32m[1mLinking CXX shared library libmore_interfaces__rosidl_typesupport_cpp.so[0m
[ 48%] Built target more_interfaces__rosidl_typesupport_cpp
[ 51%] [32m[1mLinking CXX shared library libmore_interfaces__rosidl_typesupport_fastrtps_cpp.so[0m
[ 54%] Built target more_interfaces__rosidl_typesupport_fastrtps_cpp
[ 57%] [32mBuilding CXX object CMakeFiles/more_interfaces__rosidl_typesupport_fastrtps_c.dir/rosidl_typesupport_fastrtps_c/more_interfaces/msg/detail/address_book__type_support_c.cpp.o[0m
[ 60%] [32m[1mLinking CXX shared library libmore_interfaces__rosidl_typesupport_fastrtps_c.so[0m
[ 62%] Built target more_interfaces__rosidl_typesupport_fastrtps_c
[ 62%] Built target more_interfaces
[ 65%] [32mBuilding CXX object CMakeFiles/subscribe_address_book.dir/src/subscribe_address_book.cpp.o[0m
[ 68%] [32mBuilding CXX object CMakeFiles/publish_address_book.dir/src/publish_address_book.cpp.o[0m
[ 71%] Built target more_interfaces__py
[ 74%] [32mBuilding C object CMakeFiles/more_interfaces__python.dir/rosidl_generator_py/more_interfaces/msg/_address_book_s.c.o[0m
[ 77%] [32m[1mLinking C shared library rosidl_generator_py/more_interfaces/libmore_interfaces__python.so[0m
[ 77%] Built target more_interfaces__python
[ 80%] [32mBuilding C object CMakeFiles/more_interfaces__rosidl_typesupport_c__pyext.dir/rosidl_generator_py/more_interfaces/_more_interfaces_s.ep.rosidl_typesupport_c.c.o[0m
[ 82%] [32mBuilding C object CMakeFiles/more_interfaces__rosidl_typesupport_introspection_c__pyext.dir/rosidl_generator_py/more_interfaces/_more_interfaces_s.ep.rosidl_typesupport_introspection_c.c.o[0m
[ 85%] [32mBuilding C object CMakeFiles/more_interfaces__rosidl_typesupport_fastrtps_c__pyext.dir/rosidl_generator_py/more_interfaces/_more_interfaces_s.ep.rosidl_typesupport_fastrtps_c.c.o[0m
[ 88%] [32m[1mLinking C shared library rosidl_generator_py/more_interfaces/more_interfaces_s__rosidl_typesupport_c.cpython-38-x86_64-linux-gnu.so[0m
[ 88%] Built target more_interfaces__rosidl_typesupport_c__pyext
[ 91%] [32m[1mLinking CXX shared library rosidl_generator_py/more_interfaces/more_interfaces_s__rosidl_typesupport_fastrtps_c.cpython-38-x86_64-linux-gnu.so[0m
[ 94%] [32m[1mLinking C shared library rosidl_generator_py/more_interfaces/more_interfaces_s__rosidl_typesupport_introspection_c.cpython-38-x86_64-linux-gnu.so[0m
[ 94%] Built target more_interfaces__rosidl_typesupport_introspection_c__pyext
[ 94%] Built target more_interfaces__rosidl_typesupport_fastrtps_c__pyext
[ 97%] [32m[1mLinking CXX executable publish_address_book[0m
[ 97%] Built target publish_address_book
[100%] [32m[1mLinking CXX executable subscribe_address_book[0m
[100%] Built target subscribe_address_book
-- Install configuration: "RelWithDebInfo"
-- Execute custom install script
-- Symlinking: /home/joaocastilho/dev_ws/install/more_interfaces/share/ament_index/resource_index/rosidl_interfaces/more_interfaces
-- Symlinking: /home/joaocastilho/dev_ws/install/more_interfaces/include/more_interfaces/msg/address_book.h
-- Symlinking: /home/joaocastilho/dev_ws/install/more_interfaces/include/more_interfaces/msg/detail/address_book__functions.h
-- Symlinking: /home/joaocastilho/dev_ws/install/more_interfaces/include/more_interfaces/msg/detail/address_book__struct.h
-- Symlinking: /home/joaocastilho/dev_ws/install/more_interfaces/include/more_interfaces/msg/detail/address_book__type_support.h
-- Symlinking: /home/joaocastilho/dev_ws/install/more_interfaces/include/more_interfaces/msg/rosidl_generator_c__visibility_control.h
-- Symlinking: /home/joaocastilho/dev_ws/install/more_interfaces/share/more_interfaces/environment/library_path.sh
-- Symlinking: /home/joaocastilho/dev_ws/install/more_interfaces/share/more_interfaces/environment/library_path.dsv
-- Symlinking: /home/joaocastilho/dev_ws/install/more_interfaces/include/more_interfaces/msg/detail/address_book__rosidl_typesupport_fastrtps_c.h
-- Symlinking: /home/joaocastilho/dev_ws/install/more_interfaces/include/more_interfaces/msg/rosidl_typesupport_fastrtps_c__visibility_control.h
-- Symlinking: /home/joaocastilho/dev_ws/install/more_interfaces/lib/libmore_interfaces__rosidl_typesupport_fastrtps_c.so
-- Symlinking: /home/joaocastilho/dev_ws/install/more_interfaces/include/more_interfaces/msg/detail/address_book__rosidl_typesupport_fastrtps_cpp.hpp
-- Symlinking: /home/joaocastilho/dev_ws/install/more_interfaces/include/more_interfaces/msg/rosidl_typesupport_fastrtps_cpp__visibility_control.h
-- Symlinking: /home/joaocastilho/dev_ws/install/more_interfaces/lib/libmore_interfaces__rosidl_typesupport_fastrtps_cpp.so
-- Symlinking: /home/joaocastilho/dev_ws/install/more_interfaces/include/more_interfaces/msg/detail/address_book__rosidl_typesupport_introspection_c.h
-- Symlinking: /home/joaocastilho/dev_ws/install/more_interfaces/include/more_interfaces/msg/rosidl_typesupport_introspection_c__visibility_control.h
-- Symlinking: /home/joaocastilho/dev_ws/install/more_interfaces/include/more_interfaces/msg/address_book.hpp
-- Symlinking: /home/joaocastilho/dev_ws/install/more_interfaces/include/more_interfaces/msg/detail/address_book__builder.hpp
-- Symlinking: /home/joaocastilho/dev_ws/install/more_interfaces/include/more_interfaces/msg/detail/address_book__struct.hpp
-- Symlinking: /home/joaocastilho/dev_ws/install/more_interfaces/include/more_interfaces/msg/detail/address_book__traits.hpp
-- Symlinking: /home/joaocastilho/dev_ws/install/more_interfaces/include/more_interfaces/msg/detail/address_book__rosidl_typesupport_introspection_cpp.hpp
-- Symlinking: /home/joaocastilho/dev_ws/install/more_interfaces/share/more_interfaces/environment/pythonpath.sh
-- Symlinking: /home/joaocastilho/dev_ws/install/more_interfaces/share/more_interfaces/environment/pythonpath.dsv
-- Symlinking: /home/joaocastilho/dev_ws/install/more_interfaces/lib/python3.8/site-packages/more_interfaces/__init__.py
-- Symlinking: /home/joaocastilho/dev_ws/install/more_interfaces/lib/python3.8/site-packages/more_interfaces/msg/__init__.py
-- Symlinking: /home/joaocastilho/dev_ws/install/more_interfaces/lib/python3.8/site-packages/more_interfaces/msg/_address_book.py
-- Symlinking: /home/joaocastilho/dev_ws/install/more_interfaces/lib/python3.8/site-packages/more_interfaces/more_interfaces_s__rosidl_typesupport_fastrtps_c.cpython-38-x86_64-linux-gnu.so
-- Symlinking: /home/joaocastilho/dev_ws/install/more_interfaces/lib/python3.8/site-packages/more_interfaces/more_interfaces_s__rosidl_typesupport_introspection_c.cpython-38-x86_64-linux-gnu.so
-- Symlinking: /home/joaocastilho/dev_ws/install/more_interfaces/lib/python3.8/site-packages/more_interfaces/more_interfaces_s__rosidl_typesupport_c.cpython-38-x86_64-linux-gnu.so
-- Symlinking: /home/joaocastilho/dev_ws/install/more_interfaces/lib/libmore_interfaces__python.so
-- Symlinking: /home/joaocastilho/dev_ws/install/more_interfaces/share/more_interfaces/msg/AddressBook.idl
-- Symlinking: /home/joaocastilho/dev_ws/install/more_interfaces/share/more_interfaces/msg/AddressBook.msg
-- Symlinking: /home/joaocastilho/dev_ws/install/more_interfaces/lib/more_interfaces/publish_address_book
-- Symlinking: /home/joaocastilho/dev_ws/install/more_interfaces/lib/more_interfaces/subscribe_address_book
-- Symlinking: /home/joaocastilho/dev_ws/install/more_interfaces/share/ament_index/resource_index/package_run_dependencies/more_interfaces
-- Symlinking: /home/joaocastilho/dev_ws/install/more_interfaces/share/ament_index/resource_index/parent_prefix_path/more_interfaces
-- Symlinking: /home/joaocastilho/dev_ws/install/more_interfaces/share/more_interfaces/environment/ament_prefix_path.sh
-- Symlinking: /home/joaocastilho/dev_ws/install/more_interfaces/share/more_interfaces/environment/ament_prefix_path.dsv
-- Symlinking: /home/joaocastilho/dev_ws/install/more_interfaces/share/more_interfaces/environment/path.sh
-- Symlinking: /home/joaocastilho/dev_ws/install/more_interfaces/share/more_interfaces/environment/path.dsv
-- Symlinking: /home/joaocastilho/dev_ws/install/more_interfaces/share/more_interfaces/local_setup.bash
-- Symlinking: /home/joaocastilho/dev_ws/install/more_interfaces/share/more_interfaces/local_setup.sh
-- Symlinking: /home/joaocastilho/dev_ws/install/more_interfaces/share/more_interfaces/local_setup.zsh
-- Symlinking: /home/joaocastilho/dev_ws/install/more_interfaces/share/more_interfaces/local_setup.dsv
-- Symlinking: /home/joaocastilho/dev_ws/install/more_interfaces/share/more_interfaces/package.dsv
-- Symlinking: /home/joaocastilho/dev_ws/install/more_interfaces/share/ament_index/resource_index/packages/more_interfaces
-- Symlinking: /home/joaocastilho/dev_ws/install/more_interfaces/share/more_interfaces/cmake/rosidl_cmake-extras.cmake
-- Symlinking: /home/joaocastilho/dev_ws/install/more_interfaces/share/more_interfaces/cmake/ament_cmake_export_dependencies-extras.cmake
-- Symlinking: /home/joaocastilho/dev_ws/install/more_interfaces/share/more_interfaces/cmake/ament_cmake_export_libraries-extras.cmake
-- Symlinking: /home/joaocastilho/dev_ws/install/more_interfaces/share/more_interfaces/cmake/ament_cmake_export_targets-extras.cmake
-- Symlinking: /home/joaocastilho/dev_ws/install/more_interfaces/share/more_interfaces/cmake/ament_cmake_export_include_directories-extras.cmake
-- Symlinking: /home/joaocastilho/dev_ws/install/more_interfaces/share/more_interfaces/cmake/rosidl_cmake_export_typesupport_libraries-extras.cmake
-- Symlinking: /home/joaocastilho/dev_ws/install/more_interfaces/share/more_interfaces/cmake/rosidl_cmake_export_typesupport_targets-extras.cmake
-- Symlinking: /home/joaocastilho/dev_ws/install/more_interfaces/share/more_interfaces/cmake/more_interfacesConfig.cmake
-- Symlinking: /home/joaocastilho/dev_ws/install/more_interfaces/share/more_interfaces/cmake/more_interfacesConfig-version.cmake
-- Symlinking: /home/joaocastilho/dev_ws/install/more_interfaces/share/more_interfaces/package.xml
-- Installing: /home/joaocastilho/dev_ws/install/more_interfaces/lib/libmore_interfaces__rosidl_generator_c.so
-- Set runtime path of "/home/joaocastilho/dev_ws/install/more_interfaces/lib/libmore_interfaces__rosidl_generator_c.so" to ""
-- Installing: /home/joaocastilho/dev_ws/install/more_interfaces/lib/libmore_interfaces__rosidl_typesupport_introspection_c.so
-- Set runtime path of "/home/joaocastilho/dev_ws/install/more_interfaces/lib/libmore_interfaces__rosidl_typesupport_introspection_c.so" to ""
-- Installing: /home/joaocastilho/dev_ws/install/more_interfaces/lib/libmore_interfaces__rosidl_typesupport_c.so
-- Set runtime path of "/home/joaocastilho/dev_ws/install/more_interfaces/lib/libmore_interfaces__rosidl_typesupport_c.so" to ""
-- Installing: /home/joaocastilho/dev_ws/install/more_interfaces/lib/libmore_interfaces__rosidl_typesupport_introspection_cpp.so
-- Set runtime path of "/home/joaocastilho/dev_ws/install/more_interfaces/lib/libmore_interfaces__rosidl_typesupport_introspection_cpp.so" to ""
-- Installing: /home/joaocastilho/dev_ws/install/more_interfaces/lib/libmore_interfaces__rosidl_typesupport_cpp.so
-- Set runtime path of "/home/joaocastilho/dev_ws/install/more_interfaces/lib/libmore_interfaces__rosidl_typesupport_cpp.so" to ""
Compiling '/home/joaocastilho/dev_ws/install/more_interfaces/lib/python3.8/site-packages/more_interfaces/__init__.py'...
-- Up-to-date: /home/joaocastilho/dev_ws/install/more_interfaces/share/more_interfaces/cmake/more_interfaces__rosidl_generator_cExport.cmake
-- Installing: /home/joaocastilho/dev_ws/install/more_interfaces/share/more_interfaces/cmake/more_interfaces__rosidl_generator_cExport-relwithdebinfo.cmake
-- Up-to-date: /home/joaocastilho/dev_ws/install/more_interfaces/share/more_interfaces/cmake/more_interfaces__rosidl_typesupport_introspection_cExport.cmake
-- Installing: /home/joaocastilho/dev_ws/install/more_interfaces/share/more_interfaces/cmake/more_interfaces__rosidl_typesupport_introspection_cExport-relwithdebinfo.cmake
-- Up-to-date: /home/joaocastilho/dev_ws/install/more_interfaces/share/more_interfaces/cmake/more_interfaces__rosidl_typesupport_cExport.cmake
-- Installing: /home/joaocastilho/dev_ws/install/more_interfaces/share/more_interfaces/cmake/more_interfaces__rosidl_typesupport_cExport-relwithdebinfo.cmake
-- Up-to-date: /home/joaocastilho/dev_ws/install/more_interfaces/share/more_interfaces/cmake/more_interfaces__rosidl_generator_cppExport.cmake
-- Up-to-date: /home/joaocastilho/dev_ws/install/more_interfaces/share/more_interfaces/cmake/more_interfaces__rosidl_typesupport_introspection_cppExport.cmake
-- Installing: /home/joaocastilho/dev_ws/install/more_interfaces/share/more_interfaces/cmake/more_interfaces__rosidl_typesupport_introspection_cppExport-relwithdebinfo.cmake
-- Up-to-date: /home/joaocastilho/dev_ws/install/more_interfaces/share/more_interfaces/cmake/more_interfaces__rosidl_typesupport_cppExport.cmake
-- Installing: /home/joaocastilho/dev_ws/install/more_interfaces/share/more_interfaces/cmake/more_interfaces__rosidl_typesupport_cppExport-relwithdebinfo.cmake
