[0.063s] Invoking command in '/home/joaocastilho/dev_ws/build/more_interfaces': CMAKE_PREFIX_PATH=${CMAKE_PREFIX_PATH}:/home/joaocastilho/dev_ws/install/py_pubsub:/home/joaocastilho/dev_ws/install/my_package_python:/opt/ros/foxy /usr/bin/cmake /home/joaocastilho/dev_ws/src/more_interfaces -DCMAKE_BUILD_TYPE=RelWithDebInfo -DAMENT_CMAKE_SYMLINK_INSTALL=1 -DCMAKE_INSTALL_PREFIX=/home/joaocastilho/dev_ws/install/more_interfaces
[0.870s] -- Found ament_cmake: 0.9.8 (/opt/ros/foxy/share/ament_cmake/cmake)
[0.871s] -- Found PythonInterp: /usr/bin/python3 (found suitable version "3.8.10", minimum required is "3") 
[0.871s] -- Using PYTHON_EXECUTABLE: /usr/bin/python3
[0.871s] -- Override CMake install command with custom implementation using symlinks instead of copying resources
[0.871s] -- Found rosidl_default_generators: 1.0.1 (/opt/ros/foxy/share/rosidl_default_generators/cmake)
[0.871s] -- Using all available rosidl_typesupport_c: rosidl_typesupport_fastrtps_c;rosidl_typesupport_introspection_c
[0.871s] -- Found rosidl_adapter: 1.2.1 (/opt/ros/foxy/share/rosidl_adapter/cmake)
[0.871s] -- Using all available rosidl_typesupport_cpp: rosidl_typesupport_fastrtps_cpp;rosidl_typesupport_introspection_cpp
[0.871s] -- Found rclcpp: 2.3.1 (/opt/ros/foxy/share/rclcpp/cmake)
[0.871s] -- Found rmw_implementation_cmake: 1.0.3 (/opt/ros/foxy/share/rmw_implementation_cmake/cmake)
[0.871s] -- Using RMW implementation 'rmw_fastrtps_cpp' as default
[1.103s] -- Found PythonInterp: /usr/bin/python3 (found version "3.8.10") 
[1.332s] -- Found ament_cmake_ros: 0.9.2 (/opt/ros/foxy/share/ament_cmake_ros/cmake)
[1.528s] -- Using all available rosidl_typesupport_c: rosidl_typesupport_fastrtps_c;rosidl_typesupport_introspection_c
[1.549s] -- Using all available rosidl_typesupport_cpp: rosidl_typesupport_fastrtps_cpp;rosidl_typesupport_introspection_cpp
[1.580s] -- Found PythonInterp: /usr/bin/python3 (found suitable version "3.8.10", minimum required is "3.5") 
[1.581s] -- Found python_cmake_module: 0.8.1 (/opt/ros/foxy/share/python_cmake_module/cmake)
[1.627s] -- Using PYTHON_EXECUTABLE: /usr/bin/python3
[1.627s] -- Using PYTHON_INCLUDE_DIRS: /usr/include/python3.8
[1.628s] -- Using PYTHON_LIBRARIES: /usr/lib/x86_64-linux-gnu/libpython3.8.so
[1.663s] -- Found ament_lint_auto: 0.9.6 (/opt/ros/foxy/share/ament_lint_auto/cmake)
[1.697s] -- Added test 'copyright' to check source files copyright and LICENSE
[1.699s] -- Added test 'cppcheck' to perform static code analysis on C / C++ code
[1.701s] -- Configured cppcheck include dirs: 
[1.701s] -- Configured cppcheck exclude dirs and/or files: 
[1.701s] -- Added test 'cpplint' to check C / C++ code against the Google style
[1.702s] -- Configured cpplint exclude dirs and/or files: 
[1.703s] -- Added test 'lint_cmake' to check CMake code style
[1.704s] -- Added test 'uncrustify' to check C / C++ code style
[1.704s] -- Configured uncrustify additional arguments: 
[1.705s] -- Added test 'xmllint' to check XML markup files
[1.715s] -- Configuring done
[1.802s] -- Generating done
[1.809s] -- Build files have been written to: /home/joaocastilho/dev_ws/build/more_interfaces
[1.837s] Invoked command in '/home/joaocastilho/dev_ws/build/more_interfaces' returned '0': CMAKE_PREFIX_PATH=${CMAKE_PREFIX_PATH}:/home/joaocastilho/dev_ws/install/py_pubsub:/home/joaocastilho/dev_ws/install/my_package_python:/opt/ros/foxy /usr/bin/cmake /home/joaocastilho/dev_ws/src/more_interfaces -DCMAKE_BUILD_TYPE=RelWithDebInfo -DAMENT_CMAKE_SYMLINK_INSTALL=1 -DCMAKE_INSTALL_PREFIX=/home/joaocastilho/dev_ws/install/more_interfaces
[1.843s] Invoking command in '/home/joaocastilho/dev_ws/build/more_interfaces': CMAKE_PREFIX_PATH=${CMAKE_PREFIX_PATH}:/home/joaocastilho/dev_ws/install/py_pubsub:/home/joaocastilho/dev_ws/install/my_package_python:/opt/ros/foxy /usr/bin/cmake --build /home/joaocastilho/dev_ws/build/more_interfaces -- -j8 -l8
[1.916s] [  2%] Built target more_interfaces__cpp
[1.935s] [  5%] [32mBuilding C object CMakeFiles/more_interfaces__rosidl_generator_c.dir/rosidl_generator_c/more_interfaces/msg/detail/address_book__functions.c.o[0m
[1.981s] [  8%] [32mBuilding CXX object CMakeFiles/more_interfaces__rosidl_typesupport_cpp.dir/rosidl_typesupport_cpp/more_interfaces/msg/address_book__type_support.cpp.o[0m
[1.986s] [ 11%] [32mBuilding CXX object CMakeFiles/more_interfaces__rosidl_typesupport_introspection_cpp.dir/rosidl_typesupport_introspection_cpp/more_interfaces/msg/detail/address_book__type_support.cpp.o[0m
[1.992s] [ 14%] [32mBuilding CXX object CMakeFiles/more_interfaces__rosidl_typesupport_fastrtps_cpp.dir/rosidl_typesupport_fastrtps_cpp/more_interfaces/msg/detail/dds_fastrtps/address_book__type_support.cpp.o[0m
[2.173s] [ 17%] [32m[1mLinking C shared library libmore_interfaces__rosidl_generator_c.so[0m
[2.355s] [ 20%] Built target more_interfaces__rosidl_generator_c
[2.521s] [ 22%] [32mBuilding CXX object CMakeFiles/more_interfaces__rosidl_typesupport_c.dir/rosidl_typesupport_c/more_interfaces/msg/address_book__type_support.cpp.o[0m
[2.560s] [ 25%] [32mBuilding C object CMakeFiles/more_interfaces__rosidl_typesupport_introspection_c.dir/rosidl_typesupport_introspection_c/more_interfaces/msg/detail/address_book__type_support.c.o[0m
[2.713s] [ 28%] [32m[1mLinking CXX shared library libmore_interfaces__rosidl_typesupport_c.so[0m
[2.762s] [ 31%] [32m[1mLinking C shared library libmore_interfaces__rosidl_typesupport_introspection_c.so[0m
[2.904s] [ 34%] Built target more_interfaces__rosidl_typesupport_c
[2.906s] [ 37%] [32m[1mLinking CXX shared library libmore_interfaces__rosidl_typesupport_introspection_cpp.so[0m
[2.928s] [ 40%] Built target more_interfaces__rosidl_typesupport_introspection_c
[3.267s] [ 42%] Built target more_interfaces__rosidl_typesupport_introspection_cpp
[3.321s] [ 45%] [32m[1mLinking CXX shared library libmore_interfaces__rosidl_typesupport_cpp.so[0m
[3.452s] [ 48%] Built target more_interfaces__rosidl_typesupport_cpp
[3.574s] [ 51%] [32m[1mLinking CXX shared library libmore_interfaces__rosidl_typesupport_fastrtps_cpp.so[0m
[3.891s] [ 54%] Built target more_interfaces__rosidl_typesupport_fastrtps_cpp
[3.960s] [ 57%] [32mBuilding CXX object CMakeFiles/more_interfaces__rosidl_typesupport_fastrtps_c.dir/rosidl_typesupport_fastrtps_c/more_interfaces/msg/detail/address_book__type_support_c.cpp.o[0m
[5.184s] [ 60%] [32m[1mLinking CXX shared library libmore_interfaces__rosidl_typesupport_fastrtps_c.so[0m
[5.553s] [ 62%] Built target more_interfaces__rosidl_typesupport_fastrtps_c
[5.700s] [ 62%] Built target more_interfaces
[5.904s] [ 65%] [32mBuilding CXX object CMakeFiles/subscribe_address_book.dir/src/subscribe_address_book.cpp.o[0m
[5.910s] [ 68%] [32mBuilding CXX object CMakeFiles/publish_address_book.dir/src/publish_address_book.cpp.o[0m
[5.946s] [ 71%] Built target more_interfaces__py
[6.094s] [ 74%] [32mBuilding C object CMakeFiles/more_interfaces__python.dir/rosidl_generator_py/more_interfaces/msg/_address_book_s.c.o[0m
[6.648s] [ 77%] [32m[1mLinking C shared library rosidl_generator_py/more_interfaces/libmore_interfaces__python.so[0m
[6.841s] [ 77%] Built target more_interfaces__python
[6.960s] [ 80%] [32mBuilding C object CMakeFiles/more_interfaces__rosidl_typesupport_c__pyext.dir/rosidl_generator_py/more_interfaces/_more_interfaces_s.ep.rosidl_typesupport_c.c.o[0m
[7.036s] [ 82%] [32mBuilding C object CMakeFiles/more_interfaces__rosidl_typesupport_introspection_c__pyext.dir/rosidl_generator_py/more_interfaces/_more_interfaces_s.ep.rosidl_typesupport_introspection_c.c.o[0m
[7.043s] [ 85%] [32mBuilding C object CMakeFiles/more_interfaces__rosidl_typesupport_fastrtps_c__pyext.dir/rosidl_generator_py/more_interfaces/_more_interfaces_s.ep.rosidl_typesupport_fastrtps_c.c.o[0m
[7.324s] [ 88%] [32m[1mLinking C shared library rosidl_generator_py/more_interfaces/more_interfaces_s__rosidl_typesupport_c.cpython-38-x86_64-linux-gnu.so[0m
[7.499s] [ 88%] Built target more_interfaces__rosidl_typesupport_c__pyext
[7.598s] [ 91%] [32m[1mLinking CXX shared library rosidl_generator_py/more_interfaces/more_interfaces_s__rosidl_typesupport_fastrtps_c.cpython-38-x86_64-linux-gnu.so[0m
[7.676s] [ 94%] [32m[1mLinking C shared library rosidl_generator_py/more_interfaces/more_interfaces_s__rosidl_typesupport_introspection_c.cpython-38-x86_64-linux-gnu.so[0m
[7.896s] [ 94%] Built target more_interfaces__rosidl_typesupport_introspection_c__pyext
[8.052s] [ 94%] Built target more_interfaces__rosidl_typesupport_fastrtps_c__pyext
[24.036s] [ 97%] [32m[1mLinking CXX executable publish_address_book[0m
[24.324s] [ 97%] Built target publish_address_book
[29.263s] [100%] [32m[1mLinking CXX executable subscribe_address_book[0m
[29.802s] [100%] Built target subscribe_address_book
[29.834s] Invoked command in '/home/joaocastilho/dev_ws/build/more_interfaces' returned '0': CMAKE_PREFIX_PATH=${CMAKE_PREFIX_PATH}:/home/joaocastilho/dev_ws/install/py_pubsub:/home/joaocastilho/dev_ws/install/my_package_python:/opt/ros/foxy /usr/bin/cmake --build /home/joaocastilho/dev_ws/build/more_interfaces -- -j8 -l8
[29.985s] Invoking command in '/home/joaocastilho/dev_ws/build/more_interfaces': CMAKE_PREFIX_PATH=${CMAKE_PREFIX_PATH}:/home/joaocastilho/dev_ws/install/py_pubsub:/home/joaocastilho/dev_ws/install/my_package_python:/opt/ros/foxy /usr/bin/cmake --install /home/joaocastilho/dev_ws/build/more_interfaces
[30.010s] -- Install configuration: "RelWithDebInfo"
[30.011s] -- Execute custom install script
[30.011s] -- Symlinking: /home/joaocastilho/dev_ws/install/more_interfaces/share/ament_index/resource_index/rosidl_interfaces/more_interfaces
[30.031s] -- Symlinking: /home/joaocastilho/dev_ws/install/more_interfaces/include/more_interfaces/msg/address_book.h
[30.055s] -- Symlinking: /home/joaocastilho/dev_ws/install/more_interfaces/include/more_interfaces/msg/detail/address_book__functions.h
[30.071s] -- Symlinking: /home/joaocastilho/dev_ws/install/more_interfaces/include/more_interfaces/msg/detail/address_book__struct.h
[30.088s] -- Symlinking: /home/joaocastilho/dev_ws/install/more_interfaces/include/more_interfaces/msg/detail/address_book__type_support.h
[30.117s] -- Symlinking: /home/joaocastilho/dev_ws/install/more_interfaces/include/more_interfaces/msg/rosidl_generator_c__visibility_control.h
[30.138s] -- Symlinking: /home/joaocastilho/dev_ws/install/more_interfaces/share/more_interfaces/environment/library_path.sh
[30.168s] -- Symlinking: /home/joaocastilho/dev_ws/install/more_interfaces/share/more_interfaces/environment/library_path.dsv
[30.198s] -- Symlinking: /home/joaocastilho/dev_ws/install/more_interfaces/include/more_interfaces/msg/detail/address_book__rosidl_typesupport_fastrtps_c.h
[30.241s] -- Symlinking: /home/joaocastilho/dev_ws/install/more_interfaces/include/more_interfaces/msg/rosidl_typesupport_fastrtps_c__visibility_control.h
[30.289s] -- Symlinking: /home/joaocastilho/dev_ws/install/more_interfaces/lib/libmore_interfaces__rosidl_typesupport_fastrtps_c.so
[30.356s] -- Symlinking: /home/joaocastilho/dev_ws/install/more_interfaces/include/more_interfaces/msg/detail/address_book__rosidl_typesupport_fastrtps_cpp.hpp
[30.398s] -- Symlinking: /home/joaocastilho/dev_ws/install/more_interfaces/include/more_interfaces/msg/rosidl_typesupport_fastrtps_cpp__visibility_control.h
[30.428s] -- Symlinking: /home/joaocastilho/dev_ws/install/more_interfaces/lib/libmore_interfaces__rosidl_typesupport_fastrtps_cpp.so
[30.462s] -- Symlinking: /home/joaocastilho/dev_ws/install/more_interfaces/include/more_interfaces/msg/detail/address_book__rosidl_typesupport_introspection_c.h
[30.486s] -- Symlinking: /home/joaocastilho/dev_ws/install/more_interfaces/include/more_interfaces/msg/rosidl_typesupport_introspection_c__visibility_control.h
[30.515s] -- Symlinking: /home/joaocastilho/dev_ws/install/more_interfaces/include/more_interfaces/msg/address_book.hpp
[30.533s] -- Symlinking: /home/joaocastilho/dev_ws/install/more_interfaces/include/more_interfaces/msg/detail/address_book__builder.hpp
[30.551s] -- Symlinking: /home/joaocastilho/dev_ws/install/more_interfaces/include/more_interfaces/msg/detail/address_book__struct.hpp
[30.569s] -- Symlinking: /home/joaocastilho/dev_ws/install/more_interfaces/include/more_interfaces/msg/detail/address_book__traits.hpp
[30.587s] -- Symlinking: /home/joaocastilho/dev_ws/install/more_interfaces/include/more_interfaces/msg/detail/address_book__rosidl_typesupport_introspection_cpp.hpp
[30.607s] -- Symlinking: /home/joaocastilho/dev_ws/install/more_interfaces/share/more_interfaces/environment/pythonpath.sh
[30.631s] -- Symlinking: /home/joaocastilho/dev_ws/install/more_interfaces/share/more_interfaces/environment/pythonpath.dsv
[30.648s] -- Symlinking: /home/joaocastilho/dev_ws/install/more_interfaces/lib/python3.8/site-packages/more_interfaces/__init__.py
[30.665s] -- Symlinking: /home/joaocastilho/dev_ws/install/more_interfaces/lib/python3.8/site-packages/more_interfaces/msg/__init__.py
[30.681s] -- Symlinking: /home/joaocastilho/dev_ws/install/more_interfaces/lib/python3.8/site-packages/more_interfaces/msg/_address_book.py
[30.698s] -- Symlinking: /home/joaocastilho/dev_ws/install/more_interfaces/lib/python3.8/site-packages/more_interfaces/more_interfaces_s__rosidl_typesupport_fastrtps_c.cpython-38-x86_64-linux-gnu.so
[30.716s] -- Symlinking: /home/joaocastilho/dev_ws/install/more_interfaces/lib/python3.8/site-packages/more_interfaces/more_interfaces_s__rosidl_typesupport_introspection_c.cpython-38-x86_64-linux-gnu.so
[30.732s] -- Symlinking: /home/joaocastilho/dev_ws/install/more_interfaces/lib/python3.8/site-packages/more_interfaces/more_interfaces_s__rosidl_typesupport_c.cpython-38-x86_64-linux-gnu.so
[30.749s] -- Symlinking: /home/joaocastilho/dev_ws/install/more_interfaces/lib/libmore_interfaces__python.so
[30.785s] -- Symlinking: /home/joaocastilho/dev_ws/install/more_interfaces/share/more_interfaces/msg/AddressBook.idl
[30.817s] -- Symlinking: /home/joaocastilho/dev_ws/install/more_interfaces/share/more_interfaces/msg/AddressBook.msg
[30.839s] -- Symlinking: /home/joaocastilho/dev_ws/install/more_interfaces/lib/more_interfaces/publish_address_book
[30.866s] -- Symlinking: /home/joaocastilho/dev_ws/install/more_interfaces/lib/more_interfaces/subscribe_address_book
[30.904s] -- Symlinking: /home/joaocastilho/dev_ws/install/more_interfaces/share/ament_index/resource_index/package_run_dependencies/more_interfaces
[30.945s] -- Symlinking: /home/joaocastilho/dev_ws/install/more_interfaces/share/ament_index/resource_index/parent_prefix_path/more_interfaces
[30.970s] -- Symlinking: /home/joaocastilho/dev_ws/install/more_interfaces/share/more_interfaces/environment/ament_prefix_path.sh
[30.991s] -- Symlinking: /home/joaocastilho/dev_ws/install/more_interfaces/share/more_interfaces/environment/ament_prefix_path.dsv
[31.040s] -- Symlinking: /home/joaocastilho/dev_ws/install/more_interfaces/share/more_interfaces/environment/path.sh
[31.071s] -- Symlinking: /home/joaocastilho/dev_ws/install/more_interfaces/share/more_interfaces/environment/path.dsv
[31.104s] -- Symlinking: /home/joaocastilho/dev_ws/install/more_interfaces/share/more_interfaces/local_setup.bash
[31.136s] -- Symlinking: /home/joaocastilho/dev_ws/install/more_interfaces/share/more_interfaces/local_setup.sh
[31.166s] -- Symlinking: /home/joaocastilho/dev_ws/install/more_interfaces/share/more_interfaces/local_setup.zsh
[31.190s] -- Symlinking: /home/joaocastilho/dev_ws/install/more_interfaces/share/more_interfaces/local_setup.dsv
[31.225s] -- Symlinking: /home/joaocastilho/dev_ws/install/more_interfaces/share/more_interfaces/package.dsv
[31.255s] -- Symlinking: /home/joaocastilho/dev_ws/install/more_interfaces/share/ament_index/resource_index/packages/more_interfaces
[31.274s] -- Symlinking: /home/joaocastilho/dev_ws/install/more_interfaces/share/more_interfaces/cmake/rosidl_cmake-extras.cmake
[31.333s] -- Symlinking: /home/joaocastilho/dev_ws/install/more_interfaces/share/more_interfaces/cmake/ament_cmake_export_dependencies-extras.cmake
[31.366s] -- Symlinking: /home/joaocastilho/dev_ws/install/more_interfaces/share/more_interfaces/cmake/ament_cmake_export_libraries-extras.cmake
[31.400s] -- Symlinking: /home/joaocastilho/dev_ws/install/more_interfaces/share/more_interfaces/cmake/ament_cmake_export_targets-extras.cmake
[31.439s] -- Symlinking: /home/joaocastilho/dev_ws/install/more_interfaces/share/more_interfaces/cmake/ament_cmake_export_include_directories-extras.cmake
[31.466s] -- Symlinking: /home/joaocastilho/dev_ws/install/more_interfaces/share/more_interfaces/cmake/rosidl_cmake_export_typesupport_libraries-extras.cmake
[31.493s] -- Symlinking: /home/joaocastilho/dev_ws/install/more_interfaces/share/more_interfaces/cmake/rosidl_cmake_export_typesupport_targets-extras.cmake
[31.515s] -- Symlinking: /home/joaocastilho/dev_ws/install/more_interfaces/share/more_interfaces/cmake/more_interfacesConfig.cmake
[31.533s] -- Symlinking: /home/joaocastilho/dev_ws/install/more_interfaces/share/more_interfaces/cmake/more_interfacesConfig-version.cmake
[31.550s] -- Symlinking: /home/joaocastilho/dev_ws/install/more_interfaces/share/more_interfaces/package.xml
[31.569s] -- Installing: /home/joaocastilho/dev_ws/install/more_interfaces/lib/libmore_interfaces__rosidl_generator_c.so
[31.570s] -- Set runtime path of "/home/joaocastilho/dev_ws/install/more_interfaces/lib/libmore_interfaces__rosidl_generator_c.so" to ""
[31.571s] -- Installing: /home/joaocastilho/dev_ws/install/more_interfaces/lib/libmore_interfaces__rosidl_typesupport_introspection_c.so
[31.573s] -- Set runtime path of "/home/joaocastilho/dev_ws/install/more_interfaces/lib/libmore_interfaces__rosidl_typesupport_introspection_c.so" to ""
[31.574s] -- Installing: /home/joaocastilho/dev_ws/install/more_interfaces/lib/libmore_interfaces__rosidl_typesupport_c.so
[31.575s] -- Set runtime path of "/home/joaocastilho/dev_ws/install/more_interfaces/lib/libmore_interfaces__rosidl_typesupport_c.so" to ""
[31.577s] -- Installing: /home/joaocastilho/dev_ws/install/more_interfaces/lib/libmore_interfaces__rosidl_typesupport_introspection_cpp.so
[31.580s] -- Set runtime path of "/home/joaocastilho/dev_ws/install/more_interfaces/lib/libmore_interfaces__rosidl_typesupport_introspection_cpp.so" to ""
[31.582s] -- Installing: /home/joaocastilho/dev_ws/install/more_interfaces/lib/libmore_interfaces__rosidl_typesupport_cpp.so
[31.582s] -- Set runtime path of "/home/joaocastilho/dev_ws/install/more_interfaces/lib/libmore_interfaces__rosidl_typesupport_cpp.so" to ""
[31.670s] Compiling '/home/joaocastilho/dev_ws/install/more_interfaces/lib/python3.8/site-packages/more_interfaces/__init__.py'...
[31.684s] -- Up-to-date: /home/joaocastilho/dev_ws/install/more_interfaces/share/more_interfaces/cmake/more_interfaces__rosidl_generator_cExport.cmake
[31.685s] -- Installing: /home/joaocastilho/dev_ws/install/more_interfaces/share/more_interfaces/cmake/more_interfaces__rosidl_generator_cExport-relwithdebinfo.cmake
[31.685s] -- Up-to-date: /home/joaocastilho/dev_ws/install/more_interfaces/share/more_interfaces/cmake/more_interfaces__rosidl_typesupport_introspection_cExport.cmake
[31.685s] -- Installing: /home/joaocastilho/dev_ws/install/more_interfaces/share/more_interfaces/cmake/more_interfaces__rosidl_typesupport_introspection_cExport-relwithdebinfo.cmake
[31.685s] -- Up-to-date: /home/joaocastilho/dev_ws/install/more_interfaces/share/more_interfaces/cmake/more_interfaces__rosidl_typesupport_cExport.cmake
[31.686s] -- Installing: /home/joaocastilho/dev_ws/install/more_interfaces/share/more_interfaces/cmake/more_interfaces__rosidl_typesupport_cExport-relwithdebinfo.cmake
[31.687s] -- Up-to-date: /home/joaocastilho/dev_ws/install/more_interfaces/share/more_interfaces/cmake/more_interfaces__rosidl_generator_cppExport.cmake
[31.688s] -- Up-to-date: /home/joaocastilho/dev_ws/install/more_interfaces/share/more_interfaces/cmake/more_interfaces__rosidl_typesupport_introspection_cppExport.cmake
[31.689s] -- Installing: /home/joaocastilho/dev_ws/install/more_interfaces/share/more_interfaces/cmake/more_interfaces__rosidl_typesupport_introspection_cppExport-relwithdebinfo.cmake
[31.689s] -- Up-to-date: /home/joaocastilho/dev_ws/install/more_interfaces/share/more_interfaces/cmake/more_interfaces__rosidl_typesupport_cppExport.cmake
[31.689s] -- Installing: /home/joaocastilho/dev_ws/install/more_interfaces/share/more_interfaces/cmake/more_interfaces__rosidl_typesupport_cppExport-relwithdebinfo.cmake
[31.702s] Invoked command in '/home/joaocastilho/dev_ws/build/more_interfaces' returned '0': CMAKE_PREFIX_PATH=${CMAKE_PREFIX_PATH}:/home/joaocastilho/dev_ws/install/py_pubsub:/home/joaocastilho/dev_ws/install/my_package_python:/opt/ros/foxy /usr/bin/cmake --install /home/joaocastilho/dev_ws/build/more_interfaces
