[0.062s] Invoking command in '/home/joaocastilho/dev_ws/build/more_interfaces': CMAKE_PREFIX_PATH=${CMAKE_PREFIX_PATH}:/home/joaocastilho/dev_ws/install/py_pubsub:/home/joaocastilho/dev_ws/install/my_package_python:/opt/ros/foxy /usr/bin/cmake --build /home/joaocastilho/dev_ws/build/more_interfaces -- -j8 -l8
[0.740s] -- Found ament_cmake: 0.9.8 (/opt/ros/foxy/share/ament_cmake/cmake)
[0.741s] -- Found PythonInterp: /usr/bin/python3 (found suitable version "3.8.10", minimum required is "3") 
[0.741s] -- Using PYTHON_EXECUTABLE: /usr/bin/python3
[0.742s] -- Found rosidl_default_generators: 1.0.1 (/opt/ros/foxy/share/rosidl_default_generators/cmake)
[0.742s] -- Using all available rosidl_typesupport_c: rosidl_typesupport_fastrtps_c;rosidl_typesupport_introspection_c
[0.742s] -- Found rosidl_adapter: 1.2.1 (/opt/ros/foxy/share/rosidl_adapter/cmake)
[0.742s] -- Using all available rosidl_typesupport_cpp: rosidl_typesupport_fastrtps_cpp;rosidl_typesupport_introspection_cpp
[0.742s] -- Found rclcpp: 2.3.1 (/opt/ros/foxy/share/rclcpp/cmake)
[0.742s] -- Found rmw_implementation_cmake: 1.0.3 (/opt/ros/foxy/share/rmw_implementation_cmake/cmake)
[0.742s] -- Using RMW implementation 'rmw_fastrtps_cpp' as default
[0.978s] -- Found PythonInterp: /usr/bin/python3 (found version "3.8.10") 
[1.180s] -- Found ament_cmake_ros: 0.9.2 (/opt/ros/foxy/share/ament_cmake_ros/cmake)
[1.336s] -- Using all available rosidl_typesupport_c: rosidl_typesupport_fastrtps_c;rosidl_typesupport_introspection_c
[1.347s] -- Using all available rosidl_typesupport_cpp: rosidl_typesupport_fastrtps_cpp;rosidl_typesupport_introspection_cpp
[1.381s] -- Found PythonInterp: /usr/bin/python3 (found suitable version "3.8.10", minimum required is "3.5") 
[1.381s] -- Found python_cmake_module: 0.8.1 (/opt/ros/foxy/share/python_cmake_module/cmake)
[1.416s] -- Using PYTHON_EXECUTABLE: /usr/bin/python3
[1.416s] -- Using PYTHON_INCLUDE_DIRS: /usr/include/python3.8
[1.416s] -- Using PYTHON_LIBRARIES: /usr/lib/x86_64-linux-gnu/libpython3.8.so
[1.445s] -- Found ament_lint_auto: 0.9.6 (/opt/ros/foxy/share/ament_lint_auto/cmake)
[1.464s] -- Added test 'copyright' to check source files copyright and LICENSE
[1.466s] -- Added test 'cppcheck' to perform static code analysis on C / C++ code
[1.469s] -- Configured cppcheck include dirs: 
[1.469s] -- Configured cppcheck exclude dirs and/or files: 
[1.471s] -- Added test 'cpplint' to check C / C++ code against the Google style
[1.471s] -- Configured cpplint exclude dirs and/or files: 
[1.472s] -- Added test 'lint_cmake' to check CMake code style
[1.474s] -- Added test 'uncrustify' to check C / C++ code style
[1.474s] -- Configured uncrustify additional arguments: 
[1.475s] -- Added test 'xmllint' to check XML markup files
[1.482s] -- Configuring done
[1.544s] -- Generating done
[1.550s] -- Build files have been written to: /home/joaocastilho/dev_ws/build/more_interfaces
[1.616s] [  2%] Built target more_interfaces__cpp
[1.616s] [ 11%] Built target more_interfaces__rosidl_generator_c
[1.634s] [ 20%] Built target more_interfaces__rosidl_typesupport_cpp
[1.636s] [ 28%] Built target more_interfaces__rosidl_typesupport_introspection_cpp
[1.653s] [ 37%] Built target more_interfaces__rosidl_typesupport_fastrtps_cpp
[1.663s] [ 45%] Built target more_interfaces__rosidl_typesupport_introspection_c
[1.672s] [ 54%] Built target more_interfaces__rosidl_typesupport_c
[1.679s] [ 62%] Built target more_interfaces__rosidl_typesupport_fastrtps_c
[1.702s] [ 62%] Built target more_interfaces
[1.719s] [35m[1mScanning dependencies of target subscribe_address_book[0m
[1.730s] [ 65%] Built target more_interfaces__py
[1.741s] [ 71%] Built target publish_address_book
[1.743s] [ 74%] [32mBuilding CXX object CMakeFiles/subscribe_address_book.dir/src/subscribe_address_book.cpp.o[0m
[1.759s] [ 80%] Built target more_interfaces__python
[1.788s] [ 85%] Built target more_interfaces__rosidl_typesupport_c__pyext
[1.795s] [ 91%] Built target more_interfaces__rosidl_typesupport_fastrtps_c__pyext
[1.797s] [ 97%] Built target more_interfaces__rosidl_typesupport_introspection_c__pyext
[6.181s] [100%] [32m[1mLinking CXX executable subscribe_address_book[0m
[6.423s] [100%] Built target subscribe_address_book
[6.435s] Invoked command in '/home/joaocastilho/dev_ws/build/more_interfaces' returned '0': CMAKE_PREFIX_PATH=${CMAKE_PREFIX_PATH}:/home/joaocastilho/dev_ws/install/py_pubsub:/home/joaocastilho/dev_ws/install/my_package_python:/opt/ros/foxy /usr/bin/cmake --build /home/joaocastilho/dev_ws/build/more_interfaces -- -j8 -l8
[6.489s] Invoking command in '/home/joaocastilho/dev_ws/build/more_interfaces': CMAKE_PREFIX_PATH=${CMAKE_PREFIX_PATH}:/home/joaocastilho/dev_ws/install/py_pubsub:/home/joaocastilho/dev_ws/install/my_package_python:/opt/ros/foxy /usr/bin/cmake --install /home/joaocastilho/dev_ws/build/more_interfaces
[6.498s] -- Install configuration: ""
[6.499s] -- Up-to-date: /home/joaocastilho/dev_ws/install/more_interfaces/share/ament_index/resource_index/rosidl_interfaces/more_interfaces
[6.499s] -- Up-to-date: /home/joaocastilho/dev_ws/install/more_interfaces/include/more_interfaces
[6.499s] -- Up-to-date: /home/joaocastilho/dev_ws/install/more_interfaces/include/more_interfaces/msg
[6.499s] -- Up-to-date: /home/joaocastilho/dev_ws/install/more_interfaces/include/more_interfaces/msg/address_book.h
[6.499s] -- Up-to-date: /home/joaocastilho/dev_ws/install/more_interfaces/include/more_interfaces/msg/rosidl_generator_c__visibility_control.h
[6.499s] -- Up-to-date: /home/joaocastilho/dev_ws/install/more_interfaces/include/more_interfaces/msg/detail
[6.500s] -- Up-to-date: /home/joaocastilho/dev_ws/install/more_interfaces/include/more_interfaces/msg/detail/address_book__struct.h
[6.500s] -- Up-to-date: /home/joaocastilho/dev_ws/install/more_interfaces/include/more_interfaces/msg/detail/address_book__functions.c
[6.500s] -- Up-to-date: /home/joaocastilho/dev_ws/install/more_interfaces/include/more_interfaces/msg/detail/address_book__type_support.h
[6.500s] -- Up-to-date: /home/joaocastilho/dev_ws/install/more_interfaces/include/more_interfaces/msg/detail/address_book__functions.h
[6.500s] -- Up-to-date: /home/joaocastilho/dev_ws/install/more_interfaces/share/more_interfaces/environment/library_path.sh
[6.500s] -- Installing: /home/joaocastilho/dev_ws/install/more_interfaces/share/more_interfaces/environment/library_path.dsv
[6.500s] -- Up-to-date: /home/joaocastilho/dev_ws/install/more_interfaces/lib/libmore_interfaces__rosidl_generator_c.so
[6.501s] -- Up-to-date: /home/joaocastilho/dev_ws/install/more_interfaces/include/more_interfaces
[6.501s] -- Up-to-date: /home/joaocastilho/dev_ws/install/more_interfaces/include/more_interfaces/msg
[6.501s] -- Up-to-date: /home/joaocastilho/dev_ws/install/more_interfaces/include/more_interfaces/msg/detail
[6.501s] -- Up-to-date: /home/joaocastilho/dev_ws/install/more_interfaces/include/more_interfaces/msg/detail/address_book__rosidl_typesupport_fastrtps_c.h
[6.501s] -- Up-to-date: /home/joaocastilho/dev_ws/install/more_interfaces/include/more_interfaces/msg/rosidl_typesupport_fastrtps_c__visibility_control.h
[6.501s] -- Up-to-date: /home/joaocastilho/dev_ws/install/more_interfaces/lib/libmore_interfaces__rosidl_typesupport_fastrtps_c.so
[6.501s] -- Up-to-date: /home/joaocastilho/dev_ws/install/more_interfaces/include/more_interfaces
[6.502s] -- Up-to-date: /home/joaocastilho/dev_ws/install/more_interfaces/include/more_interfaces/msg
[6.502s] -- Up-to-date: /home/joaocastilho/dev_ws/install/more_interfaces/include/more_interfaces/msg/rosidl_typesupport_fastrtps_cpp__visibility_control.h
[6.502s] -- Up-to-date: /home/joaocastilho/dev_ws/install/more_interfaces/include/more_interfaces/msg/detail
[6.502s] -- Up-to-date: /home/joaocastilho/dev_ws/install/more_interfaces/include/more_interfaces/msg/detail/dds_fastrtps
[6.502s] -- Up-to-date: /home/joaocastilho/dev_ws/install/more_interfaces/include/more_interfaces/msg/detail/address_book__rosidl_typesupport_fastrtps_cpp.hpp
[6.502s] -- Up-to-date: /home/joaocastilho/dev_ws/install/more_interfaces/lib/libmore_interfaces__rosidl_typesupport_fastrtps_cpp.so
[6.502s] -- Up-to-date: /home/joaocastilho/dev_ws/install/more_interfaces/include/more_interfaces
[6.502s] -- Up-to-date: /home/joaocastilho/dev_ws/install/more_interfaces/include/more_interfaces/msg
[6.503s] -- Up-to-date: /home/joaocastilho/dev_ws/install/more_interfaces/include/more_interfaces/msg/detail
[6.503s] -- Up-to-date: /home/joaocastilho/dev_ws/install/more_interfaces/include/more_interfaces/msg/detail/address_book__type_support.c
[6.503s] -- Up-to-date: /home/joaocastilho/dev_ws/install/more_interfaces/include/more_interfaces/msg/detail/address_book__rosidl_typesupport_introspection_c.h
[6.503s] -- Up-to-date: /home/joaocastilho/dev_ws/install/more_interfaces/include/more_interfaces/msg/rosidl_typesupport_introspection_c__visibility_control.h
[6.503s] -- Up-to-date: /home/joaocastilho/dev_ws/install/more_interfaces/lib/libmore_interfaces__rosidl_typesupport_introspection_c.so
[6.503s] -- Up-to-date: /home/joaocastilho/dev_ws/install/more_interfaces/lib/libmore_interfaces__rosidl_typesupport_c.so
[6.504s] -- Up-to-date: /home/joaocastilho/dev_ws/install/more_interfaces/include/more_interfaces
[6.504s] -- Up-to-date: /home/joaocastilho/dev_ws/install/more_interfaces/include/more_interfaces/msg
[6.504s] -- Up-to-date: /home/joaocastilho/dev_ws/install/more_interfaces/include/more_interfaces/msg/address_book.hpp
[6.504s] -- Up-to-date: /home/joaocastilho/dev_ws/install/more_interfaces/include/more_interfaces/msg/detail
[6.504s] -- Up-to-date: /home/joaocastilho/dev_ws/install/more_interfaces/include/more_interfaces/msg/detail/address_book__traits.hpp
[6.504s] -- Up-to-date: /home/joaocastilho/dev_ws/install/more_interfaces/include/more_interfaces/msg/detail/address_book__builder.hpp
[6.504s] -- Up-to-date: /home/joaocastilho/dev_ws/install/more_interfaces/include/more_interfaces/msg/detail/address_book__struct.hpp
[6.505s] -- Up-to-date: /home/joaocastilho/dev_ws/install/more_interfaces/include/more_interfaces
[6.505s] -- Up-to-date: /home/joaocastilho/dev_ws/install/more_interfaces/include/more_interfaces/msg
[6.505s] -- Up-to-date: /home/joaocastilho/dev_ws/install/more_interfaces/include/more_interfaces/msg/detail
[6.505s] -- Up-to-date: /home/joaocastilho/dev_ws/install/more_interfaces/include/more_interfaces/msg/detail/address_book__type_support.cpp
[6.505s] -- Up-to-date: /home/joaocastilho/dev_ws/install/more_interfaces/include/more_interfaces/msg/detail/address_book__rosidl_typesupport_introspection_cpp.hpp
[6.505s] -- Up-to-date: /home/joaocastilho/dev_ws/install/more_interfaces/lib/libmore_interfaces__rosidl_typesupport_introspection_cpp.so
[6.505s] -- Up-to-date: /home/joaocastilho/dev_ws/install/more_interfaces/lib/libmore_interfaces__rosidl_typesupport_cpp.so
[6.505s] -- Up-to-date: /home/joaocastilho/dev_ws/install/more_interfaces/share/more_interfaces/environment/pythonpath.sh
[6.505s] -- Installing: /home/joaocastilho/dev_ws/install/more_interfaces/share/more_interfaces/environment/pythonpath.dsv
[6.505s] -- Installing: /home/joaocastilho/dev_ws/install/more_interfaces/lib/python3.8/site-packages/more_interfaces/__init__.py
[6.536s] Compiling '/home/joaocastilho/dev_ws/install/more_interfaces/lib/python3.8/site-packages/more_interfaces/__init__.py'...
[6.541s] -- Up-to-date: /home/joaocastilho/dev_ws/install/more_interfaces/lib/python3.8/site-packages/more_interfaces/msg
[6.542s] -- Up-to-date: /home/joaocastilho/dev_ws/install/more_interfaces/lib/python3.8/site-packages/more_interfaces/msg/_address_book.py
[6.542s] -- Up-to-date: /home/joaocastilho/dev_ws/install/more_interfaces/lib/python3.8/site-packages/more_interfaces/msg/_address_book_s.c
[6.542s] -- Up-to-date: /home/joaocastilho/dev_ws/install/more_interfaces/lib/python3.8/site-packages/more_interfaces/msg/__init__.py
[6.542s] -- Up-to-date: /home/joaocastilho/dev_ws/install/more_interfaces/lib/python3.8/site-packages/more_interfaces/more_interfaces_s__rosidl_typesupport_fastrtps_c.cpython-38-x86_64-linux-gnu.so
[6.543s] -- Up-to-date: /home/joaocastilho/dev_ws/install/more_interfaces/lib/python3.8/site-packages/more_interfaces/more_interfaces_s__rosidl_typesupport_introspection_c.cpython-38-x86_64-linux-gnu.so
[6.544s] -- Up-to-date: /home/joaocastilho/dev_ws/install/more_interfaces/lib/python3.8/site-packages/more_interfaces/more_interfaces_s__rosidl_typesupport_c.cpython-38-x86_64-linux-gnu.so
[6.544s] -- Up-to-date: /home/joaocastilho/dev_ws/install/more_interfaces/lib/libmore_interfaces__python.so
[6.545s] -- Up-to-date: /home/joaocastilho/dev_ws/install/more_interfaces/share/more_interfaces/msg/AddressBook.idl
[6.545s] -- Up-to-date: /home/joaocastilho/dev_ws/install/more_interfaces/share/more_interfaces/msg/AddressBook.msg
[6.545s] -- Up-to-date: /home/joaocastilho/dev_ws/install/more_interfaces/lib/more_interfaces/publish_address_book
[6.546s] -- Installing: /home/joaocastilho/dev_ws/install/more_interfaces/lib/more_interfaces/subscribe_address_book
[6.549s] -- Set runtime path of "/home/joaocastilho/dev_ws/install/more_interfaces/lib/more_interfaces/subscribe_address_book" to ""
[6.549s] -- Up-to-date: /home/joaocastilho/dev_ws/install/more_interfaces/share/ament_index/resource_index/package_run_dependencies/more_interfaces
[6.549s] -- Up-to-date: /home/joaocastilho/dev_ws/install/more_interfaces/share/ament_index/resource_index/parent_prefix_path/more_interfaces
[6.549s] -- Up-to-date: /home/joaocastilho/dev_ws/install/more_interfaces/share/more_interfaces/environment/ament_prefix_path.sh
[6.549s] -- Installing: /home/joaocastilho/dev_ws/install/more_interfaces/share/more_interfaces/environment/ament_prefix_path.dsv
[6.549s] -- Up-to-date: /home/joaocastilho/dev_ws/install/more_interfaces/share/more_interfaces/environment/path.sh
[6.550s] -- Installing: /home/joaocastilho/dev_ws/install/more_interfaces/share/more_interfaces/environment/path.dsv
[6.550s] -- Up-to-date: /home/joaocastilho/dev_ws/install/more_interfaces/share/more_interfaces/local_setup.bash
[6.550s] -- Up-to-date: /home/joaocastilho/dev_ws/install/more_interfaces/share/more_interfaces/local_setup.sh
[6.550s] -- Up-to-date: /home/joaocastilho/dev_ws/install/more_interfaces/share/more_interfaces/local_setup.zsh
[6.550s] -- Installing: /home/joaocastilho/dev_ws/install/more_interfaces/share/more_interfaces/local_setup.dsv
[6.550s] -- Installing: /home/joaocastilho/dev_ws/install/more_interfaces/share/more_interfaces/package.dsv
[6.550s] -- Up-to-date: /home/joaocastilho/dev_ws/install/more_interfaces/share/ament_index/resource_index/packages/more_interfaces
[6.550s] -- Up-to-date: /home/joaocastilho/dev_ws/install/more_interfaces/share/more_interfaces/cmake/more_interfaces__rosidl_generator_cExport.cmake
[6.550s] -- Installing: /home/joaocastilho/dev_ws/install/more_interfaces/share/more_interfaces/cmake/more_interfaces__rosidl_generator_cExport-noconfig.cmake
[6.550s] -- Up-to-date: /home/joaocastilho/dev_ws/install/more_interfaces/share/more_interfaces/cmake/more_interfaces__rosidl_typesupport_introspection_cExport.cmake
[6.551s] -- Installing: /home/joaocastilho/dev_ws/install/more_interfaces/share/more_interfaces/cmake/more_interfaces__rosidl_typesupport_introspection_cExport-noconfig.cmake
[6.551s] -- Up-to-date: /home/joaocastilho/dev_ws/install/more_interfaces/share/more_interfaces/cmake/more_interfaces__rosidl_typesupport_cExport.cmake
[6.551s] -- Installing: /home/joaocastilho/dev_ws/install/more_interfaces/share/more_interfaces/cmake/more_interfaces__rosidl_typesupport_cExport-noconfig.cmake
[6.551s] -- Up-to-date: /home/joaocastilho/dev_ws/install/more_interfaces/share/more_interfaces/cmake/more_interfaces__rosidl_generator_cppExport.cmake
[6.551s] -- Up-to-date: /home/joaocastilho/dev_ws/install/more_interfaces/share/more_interfaces/cmake/more_interfaces__rosidl_typesupport_introspection_cppExport.cmake
[6.551s] -- Installing: /home/joaocastilho/dev_ws/install/more_interfaces/share/more_interfaces/cmake/more_interfaces__rosidl_typesupport_introspection_cppExport-noconfig.cmake
[6.552s] -- Up-to-date: /home/joaocastilho/dev_ws/install/more_interfaces/share/more_interfaces/cmake/more_interfaces__rosidl_typesupport_cppExport.cmake
[6.552s] -- Installing: /home/joaocastilho/dev_ws/install/more_interfaces/share/more_interfaces/cmake/more_interfaces__rosidl_typesupport_cppExport-noconfig.cmake
[6.552s] -- Up-to-date: /home/joaocastilho/dev_ws/install/more_interfaces/share/more_interfaces/cmake/rosidl_cmake-extras.cmake
[6.552s] -- Up-to-date: /home/joaocastilho/dev_ws/install/more_interfaces/share/more_interfaces/cmake/ament_cmake_export_dependencies-extras.cmake
[6.552s] -- Up-to-date: /home/joaocastilho/dev_ws/install/more_interfaces/share/more_interfaces/cmake/ament_cmake_export_libraries-extras.cmake
[6.552s] -- Up-to-date: /home/joaocastilho/dev_ws/install/more_interfaces/share/more_interfaces/cmake/ament_cmake_export_targets-extras.cmake
[6.552s] -- Up-to-date: /home/joaocastilho/dev_ws/install/more_interfaces/share/more_interfaces/cmake/ament_cmake_export_include_directories-extras.cmake
[6.552s] -- Up-to-date: /home/joaocastilho/dev_ws/install/more_interfaces/share/more_interfaces/cmake/rosidl_cmake_export_typesupport_libraries-extras.cmake
[6.553s] -- Up-to-date: /home/joaocastilho/dev_ws/install/more_interfaces/share/more_interfaces/cmake/rosidl_cmake_export_typesupport_targets-extras.cmake
[6.553s] -- Up-to-date: /home/joaocastilho/dev_ws/install/more_interfaces/share/more_interfaces/cmake/more_interfacesConfig.cmake
[6.553s] -- Up-to-date: /home/joaocastilho/dev_ws/install/more_interfaces/share/more_interfaces/cmake/more_interfacesConfig-version.cmake
[6.553s] -- Up-to-date: /home/joaocastilho/dev_ws/install/more_interfaces/share/more_interfaces/package.xml
[6.556s] Invoked command in '/home/joaocastilho/dev_ws/build/more_interfaces' returned '0': CMAKE_PREFIX_PATH=${CMAKE_PREFIX_PATH}:/home/joaocastilho/dev_ws/install/py_pubsub:/home/joaocastilho/dev_ws/install/my_package_python:/opt/ros/foxy /usr/bin/cmake --install /home/joaocastilho/dev_ws/build/more_interfaces
