[0.020s] Invoking command in '/home/joaocastilho/dev_ws/build/polygon_base': CMAKE_PREFIX_PATH=/opt/ros/foxy /usr/bin/cmake /home/joaocastilho/dev_ws/src/polygon_base -DCMAKE_INSTALL_PREFIX=/home/joaocastilho/dev_ws/install/polygon_base
[0.282s] -- The C compiler identification is GNU 9.3.0
[0.515s] -- The CXX compiler identification is GNU 9.3.0
[0.525s] -- Check for working C compiler: /usr/bin/cc
[0.602s] -- Check for working C compiler: /usr/bin/cc -- works
[0.605s] -- Detecting C compiler ABI info
[0.680s] -- Detecting C compiler ABI info - done
[0.695s] -- Detecting C compile features
[0.695s] -- Detecting C compile features - done
[0.699s] -- Check for working CXX compiler: /usr/bin/c++
[0.780s] -- Check for working CXX compiler: /usr/bin/c++ -- works
[0.782s] -- Detecting CXX compiler ABI info
[0.870s] -- Detecting CXX compiler ABI info - done
[0.883s] -- Detecting CXX compile features
[0.884s] -- Detecting CXX compile features - done
[0.888s] -- Found ament_cmake: 0.9.8 (/opt/ros/foxy/share/ament_cmake/cmake)
[0.917s] -- Found PythonInterp: /usr/bin/python3 (found suitable version "3.8.10", minimum required is "3") 
[0.918s] -- Using PYTHON_EXECUTABLE: /usr/bin/python3
[1.169s] -- Found pluginlib: 2.5.3 (/opt/ros/foxy/share/pluginlib/cmake)
[1.228s] CMake Error at CMakeLists.txt:31 (install):
[1.228s]   install DIRECTORY given no DESTINATION!
[1.229s] 
[1.229s] 
[1.230s] -- Found ament_lint_auto: 0.9.6 (/opt/ros/foxy/share/ament_lint_auto/cmake)
[1.316s] -- Added test 'copyright' to check source files copyright and LICENSE
[1.317s] -- Added test 'cppcheck' to perform static code analysis on C / C++ code
[1.317s] -- Configured cppcheck include dirs: $<BUILD_INTERFACE:/home/joaocastilho/dev_ws/src/polygon_base/include>
[1.317s] -- Configured cppcheck exclude dirs and/or files: 
[1.318s] -- Added test 'cpplint' to check C / C++ code against the Google style
[1.319s] -- Configured cpplint exclude dirs and/or files: 
[1.320s] -- Added test 'lint_cmake' to check CMake code style
[1.321s] -- Added test 'uncrustify' to check C / C++ code style
[1.321s] -- Configured uncrustify additional arguments: 
[1.322s] -- Added test 'xmllint' to check XML markup files
[1.326s] -- Configuring incomplete, errors occurred!
[1.326s] See also "/home/joaocastilho/dev_ws/build/polygon_base/CMakeFiles/CMakeOutput.log".
[1.333s] Invoked command in '/home/joaocastilho/dev_ws/build/polygon_base' returned '1': CMAKE_PREFIX_PATH=/opt/ros/foxy /usr/bin/cmake /home/joaocastilho/dev_ws/src/polygon_base -DCMAKE_INSTALL_PREFIX=/home/joaocastilho/dev_ws/install/polygon_base
