[0.035s] Invoking command in '/home/joaocastilho/dev_ws/build/cpp_pubsub': CMAKE_PREFIX_PATH=/home/joaocastilho/dev_ws/install/tutorial_interfaces:/home/joaocastilho/dev_ws/install/cpp_srvcli:/home/joaocastilho/dev_ws/install/cpp_pubsub:/home/joaocastilho/dev_ws/install/turtlesim:/home/joaocastilho/dev_ws/install/my_package:/home/joaocastilho/dev_ws/install/py_pubsub:/home/joaocastilho/dev_ws/install/my_package_python:/opt/ros/foxy /usr/bin/cmake --build /home/joaocastilho/dev_ws/build/cpp_pubsub -- -j8 -l8
[0.121s] [ 25%] Built target talker_num
[0.128s] [ 50%] Built target listener_num
[0.137s] [ 75%] Built target talker
[0.139s] [100%] Built target listener
[0.159s] Invoked command in '/home/joaocastilho/dev_ws/build/cpp_pubsub' returned '0': CMAKE_PREFIX_PATH=/home/joaocastilho/dev_ws/install/tutorial_interfaces:/home/joaocastilho/dev_ws/install/cpp_srvcli:/home/joaocastilho/dev_ws/install/cpp_pubsub:/home/joaocastilho/dev_ws/install/turtlesim:/home/joaocastilho/dev_ws/install/my_package:/home/joaocastilho/dev_ws/install/py_pubsub:/home/joaocastilho/dev_ws/install/my_package_python:/opt/ros/foxy /usr/bin/cmake --build /home/joaocastilho/dev_ws/build/cpp_pubsub -- -j8 -l8
[0.196s] Invoking command in '/home/joaocastilho/dev_ws/build/cpp_pubsub': CMAKE_PREFIX_PATH=/home/joaocastilho/dev_ws/install/tutorial_interfaces:/home/joaocastilho/dev_ws/install/cpp_srvcli:/home/joaocastilho/dev_ws/install/cpp_pubsub:/home/joaocastilho/dev_ws/install/turtlesim:/home/joaocastilho/dev_ws/install/my_package:/home/joaocastilho/dev_ws/install/py_pubsub:/home/joaocastilho/dev_ws/install/my_package_python:/opt/ros/foxy /usr/bin/cmake --install /home/joaocastilho/dev_ws/build/cpp_pubsub
[0.206s] -- Install configuration: ""
[0.206s] -- Up-to-date: /home/joaocastilho/dev_ws/install/cpp_pubsub/lib/cpp_pubsub/talker
[0.207s] -- Up-to-date: /home/joaocastilho/dev_ws/install/cpp_pubsub/lib/cpp_pubsub/listener
[0.207s] -- Up-to-date: /home/joaocastilho/dev_ws/install/cpp_pubsub/lib/cpp_pubsub/talker_num
[0.207s] -- Up-to-date: /home/joaocastilho/dev_ws/install/cpp_pubsub/lib/cpp_pubsub/listener_num
[0.208s] -- Up-to-date: /home/joaocastilho/dev_ws/install/cpp_pubsub/share/ament_index/resource_index/package_run_dependencies/cpp_pubsub
[0.208s] -- Up-to-date: /home/joaocastilho/dev_ws/install/cpp_pubsub/share/ament_index/resource_index/parent_prefix_path/cpp_pubsub
[0.208s] -- Up-to-date: /home/joaocastilho/dev_ws/install/cpp_pubsub/share/cpp_pubsub/environment/ament_prefix_path.sh
[0.209s] -- Up-to-date: /home/joaocastilho/dev_ws/install/cpp_pubsub/share/cpp_pubsub/environment/ament_prefix_path.dsv
[0.209s] -- Up-to-date: /home/joaocastilho/dev_ws/install/cpp_pubsub/share/cpp_pubsub/environment/path.sh
[0.209s] -- Up-to-date: /home/joaocastilho/dev_ws/install/cpp_pubsub/share/cpp_pubsub/environment/path.dsv
[0.210s] -- Up-to-date: /home/joaocastilho/dev_ws/install/cpp_pubsub/share/cpp_pubsub/local_setup.bash
[0.213s] -- Up-to-date: /home/joaocastilho/dev_ws/install/cpp_pubsub/share/cpp_pubsub/local_setup.sh
[0.214s] -- Up-to-date: /home/joaocastilho/dev_ws/install/cpp_pubsub/share/cpp_pubsub/local_setup.zsh
[0.214s] -- Up-to-date: /home/joaocastilho/dev_ws/install/cpp_pubsub/share/cpp_pubsub/local_setup.dsv
[0.214s] -- Installing: /home/joaocastilho/dev_ws/install/cpp_pubsub/share/cpp_pubsub/package.dsv
[0.215s] -- Up-to-date: /home/joaocastilho/dev_ws/install/cpp_pubsub/share/ament_index/resource_index/packages/cpp_pubsub
[0.215s] -- Up-to-date: /home/joaocastilho/dev_ws/install/cpp_pubsub/share/cpp_pubsub/cmake/cpp_pubsubConfig.cmake
[0.216s] -- Up-to-date: /home/joaocastilho/dev_ws/install/cpp_pubsub/share/cpp_pubsub/cmake/cpp_pubsubConfig-version.cmake
[0.216s] -- Up-to-date: /home/joaocastilho/dev_ws/install/cpp_pubsub/share/cpp_pubsub/package.xml
[0.221s] Invoked command in '/home/joaocastilho/dev_ws/build/cpp_pubsub' returned '0': CMAKE_PREFIX_PATH=/home/joaocastilho/dev_ws/install/tutorial_interfaces:/home/joaocastilho/dev_ws/install/cpp_srvcli:/home/joaocastilho/dev_ws/install/cpp_pubsub:/home/joaocastilho/dev_ws/install/turtlesim:/home/joaocastilho/dev_ws/install/my_package:/home/joaocastilho/dev_ws/install/py_pubsub:/home/joaocastilho/dev_ws/install/my_package_python:/opt/ros/foxy /usr/bin/cmake --install /home/joaocastilho/dev_ws/build/cpp_pubsub
