[0.034s] Invoking command in '/home/joaocastilho/dev_ws/build/cpp_srvcli': CMAKE_PREFIX_PATH=/home/joaocastilho/dev_ws/install/tutorial_interfaces:/home/joaocastilho/dev_ws/install/cpp_srvcli:/home/joaocastilho/dev_ws/install/cpp_pubsub:/home/joaocastilho/dev_ws/install/turtlesim:/home/joaocastilho/dev_ws/install/my_package:/home/joaocastilho/dev_ws/install/py_pubsub:/home/joaocastilho/dev_ws/install/my_package_python:/opt/ros/foxy /usr/bin/cmake --build /home/joaocastilho/dev_ws/build/cpp_srvcli -- -j8 -l8
[0.145s] [ 25%] Built target server_three
[0.157s] [ 50%] Built target server
[0.157s] [ 75%] Built target client_three
[0.161s] [100%] Built target client
[0.176s] Invoked command in '/home/joaocastilho/dev_ws/build/cpp_srvcli' returned '0': CMAKE_PREFIX_PATH=/home/joaocastilho/dev_ws/install/tutorial_interfaces:/home/joaocastilho/dev_ws/install/cpp_srvcli:/home/joaocastilho/dev_ws/install/cpp_pubsub:/home/joaocastilho/dev_ws/install/turtlesim:/home/joaocastilho/dev_ws/install/my_package:/home/joaocastilho/dev_ws/install/py_pubsub:/home/joaocastilho/dev_ws/install/my_package_python:/opt/ros/foxy /usr/bin/cmake --build /home/joaocastilho/dev_ws/build/cpp_srvcli -- -j8 -l8
[0.215s] Invoking command in '/home/joaocastilho/dev_ws/build/cpp_srvcli': CMAKE_PREFIX_PATH=/home/joaocastilho/dev_ws/install/tutorial_interfaces:/home/joaocastilho/dev_ws/install/cpp_srvcli:/home/joaocastilho/dev_ws/install/cpp_pubsub:/home/joaocastilho/dev_ws/install/turtlesim:/home/joaocastilho/dev_ws/install/my_package:/home/joaocastilho/dev_ws/install/py_pubsub:/home/joaocastilho/dev_ws/install/my_package_python:/opt/ros/foxy /usr/bin/cmake --install /home/joaocastilho/dev_ws/build/cpp_srvcli
[0.227s] -- Install configuration: ""
[0.228s] -- Up-to-date: /home/joaocastilho/dev_ws/install/cpp_srvcli/lib/cpp_srvcli/server
[0.228s] -- Up-to-date: /home/joaocastilho/dev_ws/install/cpp_srvcli/lib/cpp_srvcli/client
[0.228s] -- Up-to-date: /home/joaocastilho/dev_ws/install/cpp_srvcli/lib/cpp_srvcli/server_three
[0.229s] -- Up-to-date: /home/joaocastilho/dev_ws/install/cpp_srvcli/lib/cpp_srvcli/client_three
[0.229s] -- Up-to-date: /home/joaocastilho/dev_ws/install/cpp_srvcli/share/ament_index/resource_index/package_run_dependencies/cpp_srvcli
[0.229s] -- Up-to-date: /home/joaocastilho/dev_ws/install/cpp_srvcli/share/ament_index/resource_index/parent_prefix_path/cpp_srvcli
[0.230s] -- Up-to-date: /home/joaocastilho/dev_ws/install/cpp_srvcli/share/cpp_srvcli/environment/ament_prefix_path.sh
[0.230s] -- Up-to-date: /home/joaocastilho/dev_ws/install/cpp_srvcli/share/cpp_srvcli/environment/ament_prefix_path.dsv
[0.230s] -- Up-to-date: /home/joaocastilho/dev_ws/install/cpp_srvcli/share/cpp_srvcli/environment/path.sh
[0.230s] -- Up-to-date: /home/joaocastilho/dev_ws/install/cpp_srvcli/share/cpp_srvcli/environment/path.dsv
[0.230s] -- Up-to-date: /home/joaocastilho/dev_ws/install/cpp_srvcli/share/cpp_srvcli/local_setup.bash
[0.230s] -- Up-to-date: /home/joaocastilho/dev_ws/install/cpp_srvcli/share/cpp_srvcli/local_setup.sh
[0.231s] -- Up-to-date: /home/joaocastilho/dev_ws/install/cpp_srvcli/share/cpp_srvcli/local_setup.zsh
[0.231s] -- Up-to-date: /home/joaocastilho/dev_ws/install/cpp_srvcli/share/cpp_srvcli/local_setup.dsv
[0.231s] -- Installing: /home/joaocastilho/dev_ws/install/cpp_srvcli/share/cpp_srvcli/package.dsv
[0.231s] -- Up-to-date: /home/joaocastilho/dev_ws/install/cpp_srvcli/share/ament_index/resource_index/packages/cpp_srvcli
[0.231s] -- Up-to-date: /home/joaocastilho/dev_ws/install/cpp_srvcli/share/cpp_srvcli/cmake/cpp_srvcliConfig.cmake
[0.232s] -- Up-to-date: /home/joaocastilho/dev_ws/install/cpp_srvcli/share/cpp_srvcli/cmake/cpp_srvcliConfig-version.cmake
[0.232s] -- Up-to-date: /home/joaocastilho/dev_ws/install/cpp_srvcli/share/cpp_srvcli/package.xml
[0.233s] Invoked command in '/home/joaocastilho/dev_ws/build/cpp_srvcli' returned '0': CMAKE_PREFIX_PATH=/home/joaocastilho/dev_ws/install/tutorial_interfaces:/home/joaocastilho/dev_ws/install/cpp_srvcli:/home/joaocastilho/dev_ws/install/cpp_pubsub:/home/joaocastilho/dev_ws/install/turtlesim:/home/joaocastilho/dev_ws/install/my_package:/home/joaocastilho/dev_ws/install/py_pubsub:/home/joaocastilho/dev_ws/install/my_package_python:/opt/ros/foxy /usr/bin/cmake --install /home/joaocastilho/dev_ws/build/cpp_srvcli
