[0.763s] Invoking command in '/home/joaocastilho/dev_ws/src/my_package_python': PYTHONPATH=/home/joaocastilho/dev_ws/install/my_package_python/lib/python3.8/site-packages:${PYTHONPATH} /usr/bin/python3 setup.py egg_info --egg-base ../../build/my_package_python build --build-base /home/joaocastilho/dev_ws/build/my_package_python/build install --prefix /home/joaocastilho/dev_ws/install/my_package_python --record /home/joaocastilho/dev_ws/build/my_package_python/install.log --single-version-externally-managed
[1.290s] running egg_info
[1.291s] writing ../../build/my_package_python/my_package_python.egg-info/PKG-INFO
[1.291s] writing dependency_links to ../../build/my_package_python/my_package_python.egg-info/dependency_links.txt
[1.291s] writing entry points to ../../build/my_package_python/my_package_python.egg-info/entry_points.txt
[1.291s] writing requirements to ../../build/my_package_python/my_package_python.egg-info/requires.txt
[1.292s] writing top-level names to ../../build/my_package_python/my_package_python.egg-info/top_level.txt
[1.350s] reading manifest file '../../build/my_package_python/my_package_python.egg-info/SOURCES.txt'
[1.351s] writing manifest file '../../build/my_package_python/my_package_python.egg-info/SOURCES.txt'
[1.352s] running build
[1.352s] running build_py
[1.352s] running install
[1.353s] running install_lib
[1.355s] running install_data
[1.356s] running install_egg_info
[1.359s] removing '/home/joaocastilho/dev_ws/install/my_package_python/lib/python3.8/site-packages/my_package_python-0.0.0-py3.8.egg-info' (and everything under it)
[1.359s] Copying ../../build/my_package_python/my_package_python.egg-info to /home/joaocastilho/dev_ws/install/my_package_python/lib/python3.8/site-packages/my_package_python-0.0.0-py3.8.egg-info
[1.360s] running install_scripts
[1.388s] Installing my_node script to /home/joaocastilho/dev_ws/install/my_package_python/lib/my_package_python
[1.389s] writing list of installed files to '/home/joaocastilho/dev_ws/build/my_package_python/install.log'
[1.437s] Invoked command in '/home/joaocastilho/dev_ws/src/my_package_python' returned '0': PYTHONPATH=/home/joaocastilho/dev_ws/install/my_package_python/lib/python3.8/site-packages:${PYTHONPATH} /usr/bin/python3 setup.py egg_info --egg-base ../../build/my_package_python build --build-base /home/joaocastilho/dev_ws/build/my_package_python/build install --prefix /home/joaocastilho/dev_ws/install/my_package_python --record /home/joaocastilho/dev_ws/build/my_package_python/install.log --single-version-externally-managed
