[0.017s] Invoking command in '/home/joaocastilho/dev_ws/build/cpp_parameters': CMAKE_PREFIX_PATH=/opt/ros/foxy /usr/bin/cmake /home/joaocastilho/dev_ws/src/cpp_parameters -DCMAKE_INSTALL_PREFIX=/home/joaocastilho/dev_ws/install/cpp_parameters
[0.031s] -- Found ament_cmake: 0.9.8 (/opt/ros/foxy/share/ament_cmake/cmake)
[0.053s] -- Using PYTHON_EXECUTABLE: /usr/bin/python3
[0.238s] -- Override CMake install command with custom implementation using symlinks instead of copying resources
[0.247s] -- Found rclcpp: 2.3.1 (/opt/ros/foxy/share/rclcpp/cmake)
[0.280s] -- Using all available rosidl_typesupport_c: rosidl_typesupport_fastrtps_c;rosidl_typesupport_introspection_c
[0.284s] -- Found rosidl_adapter: 1.2.1 (/opt/ros/foxy/share/rosidl_adapter/cmake)
[0.404s] -- Using all available rosidl_typesupport_cpp: rosidl_typesupport_fastrtps_cpp;rosidl_typesupport_introspection_cpp
[0.453s] -- Found rmw_implementation_cmake: 1.0.3 (/opt/ros/foxy/share/rmw_implementation_cmake/cmake)
[0.454s] -- Using RMW implementation 'rmw_fastrtps_cpp' as default
[0.605s] -- Found ament_lint_auto: 0.9.6 (/opt/ros/foxy/share/ament_lint_auto/cmake)
[0.674s] -- Added test 'copyright' to check source files copyright and LICENSE
[0.675s] -- Added test 'cppcheck' to perform static code analysis on C / C++ code
[0.675s] -- Configured cppcheck include dirs: 
[0.676s] -- Configured cppcheck exclude dirs and/or files: 
[0.676s] -- Added test 'cpplint' to check C / C++ code against the Google style
[0.676s] -- Configured cpplint exclude dirs and/or files: 
[0.677s] -- Added test 'flake8' to check Python code syntax and style conventions
[0.677s] -- Added test 'lint_cmake' to check CMake code style
[0.678s] -- Added test 'pep257' to check Python code against some of the style conventions in PEP 257
[0.679s] -- Added test 'uncrustify' to check C / C++ code style
[0.679s] -- Configured uncrustify additional arguments: 
[0.679s] -- Added test 'xmllint' to check XML markup files
[0.682s] -- Configuring done
[0.690s] -- Generating done
[0.692s] -- Build files have been written to: /home/joaocastilho/dev_ws/build/cpp_parameters
[0.702s] Invoked command in '/home/joaocastilho/dev_ws/build/cpp_parameters' returned '0': CMAKE_PREFIX_PATH=/opt/ros/foxy /usr/bin/cmake /home/joaocastilho/dev_ws/src/cpp_parameters -DCMAKE_INSTALL_PREFIX=/home/joaocastilho/dev_ws/install/cpp_parameters
[0.704s] Invoking command in '/home/joaocastilho/dev_ws/build/cpp_parameters': CMAKE_PREFIX_PATH=/opt/ros/foxy /usr/bin/cmake --build /home/joaocastilho/dev_ws/build/cpp_parameters -- -j8 -l8
[0.759s] [100%] Built target parameter_node
[0.770s] Invoked command in '/home/joaocastilho/dev_ws/build/cpp_parameters' returned '0': CMAKE_PREFIX_PATH=/opt/ros/foxy /usr/bin/cmake --build /home/joaocastilho/dev_ws/build/cpp_parameters -- -j8 -l8
[0.804s] Invoking command in '/home/joaocastilho/dev_ws/build/cpp_parameters': CMAKE_PREFIX_PATH=/opt/ros/foxy /usr/bin/cmake --install /home/joaocastilho/dev_ws/build/cpp_parameters
[0.814s] -- Install configuration: "RelWithDebInfo"
[0.814s] -- Execute custom install script
[0.815s] -- Up-to-date symlink: /home/joaocastilho/dev_ws/install/cpp_parameters/lib/cpp_parameters/parameter_node
[0.816s] -- Symlinking: /home/joaocastilho/dev_ws/install/cpp_parameters/share/cpp_parameters/launch/cpp_parameters_launch.py
[0.825s] -- Up-to-date symlink: /home/joaocastilho/dev_ws/install/cpp_parameters/share/ament_index/resource_index/package_run_dependencies/cpp_parameters
[0.825s] -- Up-to-date symlink: /home/joaocastilho/dev_ws/install/cpp_parameters/share/ament_index/resource_index/parent_prefix_path/cpp_parameters
[0.825s] -- Up-to-date symlink: /home/joaocastilho/dev_ws/install/cpp_parameters/share/cpp_parameters/environment/ament_prefix_path.sh
[0.825s] -- Up-to-date symlink: /home/joaocastilho/dev_ws/install/cpp_parameters/share/cpp_parameters/environment/ament_prefix_path.dsv
[0.826s] -- Up-to-date symlink: /home/joaocastilho/dev_ws/install/cpp_parameters/share/cpp_parameters/environment/path.sh
[0.826s] -- Up-to-date symlink: /home/joaocastilho/dev_ws/install/cpp_parameters/share/cpp_parameters/environment/path.dsv
[0.826s] -- Up-to-date symlink: /home/joaocastilho/dev_ws/install/cpp_parameters/share/cpp_parameters/local_setup.bash
[0.826s] -- Up-to-date symlink: /home/joaocastilho/dev_ws/install/cpp_parameters/share/cpp_parameters/local_setup.sh
[0.827s] -- Up-to-date symlink: /home/joaocastilho/dev_ws/install/cpp_parameters/share/cpp_parameters/local_setup.zsh
[0.827s] -- Up-to-date symlink: /home/joaocastilho/dev_ws/install/cpp_parameters/share/cpp_parameters/local_setup.dsv
[0.827s] -- Symlinking: /home/joaocastilho/dev_ws/install/cpp_parameters/share/cpp_parameters/package.dsv
[0.836s] -- Up-to-date symlink: /home/joaocastilho/dev_ws/install/cpp_parameters/share/ament_index/resource_index/packages/cpp_parameters
[0.837s] -- Up-to-date symlink: /home/joaocastilho/dev_ws/install/cpp_parameters/share/cpp_parameters/cmake/cpp_parametersConfig.cmake
[0.837s] -- Up-to-date symlink: /home/joaocastilho/dev_ws/install/cpp_parameters/share/cpp_parameters/cmake/cpp_parametersConfig-version.cmake
[0.837s] -- Up-to-date symlink: /home/joaocastilho/dev_ws/install/cpp_parameters/share/cpp_parameters/package.xml
[0.839s] Invoked command in '/home/joaocastilho/dev_ws/build/cpp_parameters' returned '0': CMAKE_PREFIX_PATH=/opt/ros/foxy /usr/bin/cmake --install /home/joaocastilho/dev_ws/build/cpp_parameters
