running egg_info
writing ../../build/my_package_python/my_package_python.egg-info/PKG-INFO
writing dependency_links to ../../build/my_package_python/my_package_python.egg-info/dependency_links.txt
writing entry points to ../../build/my_package_python/my_package_python.egg-info/entry_points.txt
writing requirements to ../../build/my_package_python/my_package_python.egg-info/requires.txt
writing top-level names to ../../build/my_package_python/my_package_python.egg-info/top_level.txt
reading manifest file '../../build/my_package_python/my_package_python.egg-info/SOURCES.txt'
writing manifest file '../../build/my_package_python/my_package_python.egg-info/SOURCES.txt'
running build
running build_py
copying my_package_python/my_node.py -> /home/joaocastilho/dev_ws/build/my_package_python/build/lib/my_package_python
running install
running install_lib
copying /home/joaocastilho/dev_ws/build/my_package_python/build/lib/my_package_python/my_node.py -> /home/joaocastilho/dev_ws/install/my_package_python/lib/python3.8/site-packages/my_package_python
byte-compiling /home/joaocastilho/dev_ws/install/my_package_python/lib/python3.8/site-packages/my_package_python/my_node.py to my_node.cpython-38.pyc
running install_data
running install_egg_info
removing '/home/joaocastilho/dev_ws/install/my_package_python/lib/python3.8/site-packages/my_package_python-0.0.0-py3.8.egg-info' (and everything under it)
Copying ../../build/my_package_python/my_package_python.egg-info to /home/joaocastilho/dev_ws/install/my_package_python/lib/python3.8/site-packages/my_package_python-0.0.0-py3.8.egg-info
running install_scripts
Installing my_node script to /home/joaocastilho/dev_ws/install/my_package_python/lib/my_package_python
writing list of installed files to '/home/joaocastilho/dev_ws/build/my_package_python/install.log'
