[0.302s] DEBUG:colcon:Command line arguments: ['/usr/bin/colcon', 'build', '--base-paths', '/home/joaocastilho/dev_ws']
[0.302s] DEBUG:colcon:Parsed command line arguments: Namespace(ament_cmake_args=None, base_paths=['/home/joaocastilho/dev_ws'], build_base='build', catkin_cmake_args=None, catkin_skip_building_tests=False, cmake_args=None, cmake_clean_cache=False, cmake_clean_first=False, cmake_force_configure=False, cmake_target=None, cmake_target_skip_unavailable=False, continue_on_error=False, event_handlers=None, executor='parallel', ignore_user_meta=False, install_base='install', log_base=None, log_level=None, main=<bound method BuildVerb.main of <colcon_core.verb.build.BuildVerb object at 0x7f4abc2a4850>>, merge_install=False, metas=['./colcon.meta'], packages_above=None, packages_above_and_dependencies=None, packages_above_depth=None, packages_end=None, packages_ignore=None, packages_ignore_regex=None, packages_select=None, packages_select_build_failed=False, packages_select_by_dep=None, packages_select_regex=None, packages_select_test_failures=False, packages_skip=None, packages_skip_build_finished=False, packages_skip_by_dep=None, packages_skip_regex=None, packages_skip_test_passed=False, packages_skip_up_to=None, packages_start=None, packages_up_to=None, packages_up_to_regex=None, parallel_workers=8, paths=None, symlink_install=False, test_result_base=None, verb_extension=<colcon_core.verb.build.BuildVerb object at 0x7f4abc2a4850>, verb_name='build', verb_parser=<colcon_defaults.argument_parser.defaults.DefaultArgumentsDecorator object at 0x7f4abc2a4dc0>)
[0.308s] Level 1:colcon.colcon_core.package_discovery:discover_packages(colcon_meta) check parameters
[0.308s] Level 1:colcon.colcon_core.package_discovery:discover_packages(recursive) check parameters
[0.308s] Level 1:colcon.colcon_core.package_discovery:discover_packages(ignore) check parameters
[0.308s] Level 1:colcon.colcon_core.package_discovery:discover_packages(path) check parameters
[0.308s] Level 1:colcon.colcon_core.package_discovery:discover_packages(recursive) discover
[0.308s] INFO:colcon.colcon_core.package_discovery:Crawling recursively for packages in '/home/joaocastilho/dev_ws'
[0.309s] Level 1:colcon.colcon_core.package_identification:_identify(/home/joaocastilho/dev_ws) by extensions ['ignore', 'ignore_ament_install']
[0.309s] Level 1:colcon.colcon_core.package_identification:_identify(/home/joaocastilho/dev_ws) by extension 'ignore'
[0.309s] Level 1:colcon.colcon_core.package_identification:_identify(/home/joaocastilho/dev_ws) by extension 'ignore_ament_install'
[0.309s] Level 1:colcon.colcon_core.package_identification:_identify(/home/joaocastilho/dev_ws) by extensions ['colcon_pkg']
[0.309s] Level 1:colcon.colcon_core.package_identification:_identify(/home/joaocastilho/dev_ws) by extension 'colcon_pkg'
[0.309s] Level 1:colcon.colcon_core.package_identification:_identify(/home/joaocastilho/dev_ws) by extensions ['colcon_meta']
[0.309s] Level 1:colcon.colcon_core.package_identification:_identify(/home/joaocastilho/dev_ws) by extension 'colcon_meta'
[0.309s] Level 1:colcon.colcon_core.package_identification:_identify(/home/joaocastilho/dev_ws) by extensions ['ros']
[0.309s] Level 1:colcon.colcon_core.package_identification:_identify(/home/joaocastilho/dev_ws) by extension 'ros'
[0.320s] Level 1:colcon.colcon_core.package_identification:_identify(/home/joaocastilho/dev_ws) by extensions ['cmake', 'python']
[0.320s] Level 1:colcon.colcon_core.package_identification:_identify(/home/joaocastilho/dev_ws) by extension 'cmake'
[0.320s] Level 1:colcon.colcon_core.package_identification:_identify(/home/joaocastilho/dev_ws) by extension 'python'
[0.320s] Level 1:colcon.colcon_core.package_identification:_identify(/home/joaocastilho/dev_ws) by extensions ['python_setup_py']
[0.320s] Level 1:colcon.colcon_core.package_identification:_identify(/home/joaocastilho/dev_ws) by extension 'python_setup_py'
[0.320s] Level 1:colcon.colcon_core.package_identification:_identify(/home/joaocastilho/dev_ws/build) by extensions ['ignore', 'ignore_ament_install']
[0.320s] Level 1:colcon.colcon_core.package_identification:_identify(/home/joaocastilho/dev_ws/build) by extension 'ignore'
[0.320s] Level 1:colcon.colcon_core.package_identification:_identify(/home/joaocastilho/dev_ws/build) ignored
[0.321s] Level 1:colcon.colcon_core.package_identification:_identify(/home/joaocastilho/dev_ws/install) by extensions ['ignore', 'ignore_ament_install']
[0.321s] Level 1:colcon.colcon_core.package_identification:_identify(/home/joaocastilho/dev_ws/install) by extension 'ignore'
[0.321s] Level 1:colcon.colcon_core.package_identification:_identify(/home/joaocastilho/dev_ws/install) ignored
[0.321s] Level 1:colcon.colcon_core.package_identification:_identify(/home/joaocastilho/dev_ws/log) by extensions ['ignore', 'ignore_ament_install']
[0.321s] Level 1:colcon.colcon_core.package_identification:_identify(/home/joaocastilho/dev_ws/log) by extension 'ignore'
[0.321s] Level 1:colcon.colcon_core.package_identification:_identify(/home/joaocastilho/dev_ws/log) ignored
[0.321s] Level 1:colcon.colcon_core.package_identification:_identify(/home/joaocastilho/dev_ws/src) by extensions ['ignore', 'ignore_ament_install']
[0.322s] Level 1:colcon.colcon_core.package_identification:_identify(/home/joaocastilho/dev_ws/src) by extension 'ignore'
[0.322s] Level 1:colcon.colcon_core.package_identification:_identify(/home/joaocastilho/dev_ws/src) by extension 'ignore_ament_install'
[0.322s] Level 1:colcon.colcon_core.package_identification:_identify(/home/joaocastilho/dev_ws/src) by extensions ['colcon_pkg']
[0.322s] Level 1:colcon.colcon_core.package_identification:_identify(/home/joaocastilho/dev_ws/src) by extension 'colcon_pkg'
[0.322s] Level 1:colcon.colcon_core.package_identification:_identify(/home/joaocastilho/dev_ws/src) by extensions ['colcon_meta']
[0.322s] Level 1:colcon.colcon_core.package_identification:_identify(/home/joaocastilho/dev_ws/src) by extension 'colcon_meta'
[0.322s] Level 1:colcon.colcon_core.package_identification:_identify(/home/joaocastilho/dev_ws/src) by extensions ['ros']
[0.322s] Level 1:colcon.colcon_core.package_identification:_identify(/home/joaocastilho/dev_ws/src) by extension 'ros'
[0.322s] Level 1:colcon.colcon_core.package_identification:_identify(/home/joaocastilho/dev_ws/src) by extensions ['cmake', 'python']
[0.322s] Level 1:colcon.colcon_core.package_identification:_identify(/home/joaocastilho/dev_ws/src) by extension 'cmake'
[0.322s] Level 1:colcon.colcon_core.package_identification:_identify(/home/joaocastilho/dev_ws/src) by extension 'python'
[0.322s] Level 1:colcon.colcon_core.package_identification:_identify(/home/joaocastilho/dev_ws/src) by extensions ['python_setup_py']
[0.322s] Level 1:colcon.colcon_core.package_identification:_identify(/home/joaocastilho/dev_ws/src) by extension 'python_setup_py'
[0.323s] Level 1:colcon.colcon_core.package_identification:_identify(/home/joaocastilho/dev_ws/src/cpp_pubsub) by extensions ['ignore', 'ignore_ament_install']
[0.323s] Level 1:colcon.colcon_core.package_identification:_identify(/home/joaocastilho/dev_ws/src/cpp_pubsub) by extension 'ignore'
[0.323s] Level 1:colcon.colcon_core.package_identification:_identify(/home/joaocastilho/dev_ws/src/cpp_pubsub) by extension 'ignore_ament_install'
[0.323s] Level 1:colcon.colcon_core.package_identification:_identify(/home/joaocastilho/dev_ws/src/cpp_pubsub) by extensions ['colcon_pkg']
[0.323s] Level 1:colcon.colcon_core.package_identification:_identify(/home/joaocastilho/dev_ws/src/cpp_pubsub) by extension 'colcon_pkg'
[0.323s] Level 1:colcon.colcon_core.package_identification:_identify(/home/joaocastilho/dev_ws/src/cpp_pubsub) by extensions ['colcon_meta']
[0.323s] Level 1:colcon.colcon_core.package_identification:_identify(/home/joaocastilho/dev_ws/src/cpp_pubsub) by extension 'colcon_meta'
[0.323s] Level 1:colcon.colcon_core.package_identification:_identify(/home/joaocastilho/dev_ws/src/cpp_pubsub) by extensions ['ros']
[0.323s] Level 1:colcon.colcon_core.package_identification:_identify(/home/joaocastilho/dev_ws/src/cpp_pubsub) by extension 'ros'
[0.325s] DEBUG:colcon.colcon_core.package_identification:Package '/home/joaocastilho/dev_ws/src/cpp_pubsub' with type 'ros.ament_cmake' and name 'cpp_pubsub'
[0.326s] Level 1:colcon.colcon_core.package_identification:_identify(/home/joaocastilho/dev_ws/src/cpp_srvcli) by extensions ['ignore', 'ignore_ament_install']
[0.326s] Level 1:colcon.colcon_core.package_identification:_identify(/home/joaocastilho/dev_ws/src/cpp_srvcli) by extension 'ignore'
[0.326s] Level 1:colcon.colcon_core.package_identification:_identify(/home/joaocastilho/dev_ws/src/cpp_srvcli) by extension 'ignore_ament_install'
[0.326s] Level 1:colcon.colcon_core.package_identification:_identify(/home/joaocastilho/dev_ws/src/cpp_srvcli) by extensions ['colcon_pkg']
[0.326s] Level 1:colcon.colcon_core.package_identification:_identify(/home/joaocastilho/dev_ws/src/cpp_srvcli) by extension 'colcon_pkg'
[0.326s] Level 1:colcon.colcon_core.package_identification:_identify(/home/joaocastilho/dev_ws/src/cpp_srvcli) by extensions ['colcon_meta']
[0.326s] Level 1:colcon.colcon_core.package_identification:_identify(/home/joaocastilho/dev_ws/src/cpp_srvcli) by extension 'colcon_meta'
[0.326s] Level 1:colcon.colcon_core.package_identification:_identify(/home/joaocastilho/dev_ws/src/cpp_srvcli) by extensions ['ros']
[0.326s] Level 1:colcon.colcon_core.package_identification:_identify(/home/joaocastilho/dev_ws/src/cpp_srvcli) by extension 'ros'
[0.327s] DEBUG:colcon.colcon_core.package_identification:Package '/home/joaocastilho/dev_ws/src/cpp_srvcli' with type 'ros.ament_cmake' and name 'cpp_srvcli'
[0.327s] Level 1:colcon.colcon_core.package_identification:_identify(/home/joaocastilho/dev_ws/src/more_interfaces) by extensions ['ignore', 'ignore_ament_install']
[0.327s] Level 1:colcon.colcon_core.package_identification:_identify(/home/joaocastilho/dev_ws/src/more_interfaces) by extension 'ignore'
[0.327s] Level 1:colcon.colcon_core.package_identification:_identify(/home/joaocastilho/dev_ws/src/more_interfaces) by extension 'ignore_ament_install'
[0.327s] Level 1:colcon.colcon_core.package_identification:_identify(/home/joaocastilho/dev_ws/src/more_interfaces) by extensions ['colcon_pkg']
[0.327s] Level 1:colcon.colcon_core.package_identification:_identify(/home/joaocastilho/dev_ws/src/more_interfaces) by extension 'colcon_pkg'
[0.328s] Level 1:colcon.colcon_core.package_identification:_identify(/home/joaocastilho/dev_ws/src/more_interfaces) by extensions ['colcon_meta']
[0.328s] Level 1:colcon.colcon_core.package_identification:_identify(/home/joaocastilho/dev_ws/src/more_interfaces) by extension 'colcon_meta'
[0.328s] Level 1:colcon.colcon_core.package_identification:_identify(/home/joaocastilho/dev_ws/src/more_interfaces) by extensions ['ros']
[0.328s] Level 1:colcon.colcon_core.package_identification:_identify(/home/joaocastilho/dev_ws/src/more_interfaces) by extension 'ros'
[0.328s] DEBUG:colcon.colcon_core.package_identification:Package '/home/joaocastilho/dev_ws/src/more_interfaces' with type 'ros.ament_cmake' and name 'more_interfaces'
[0.328s] Level 1:colcon.colcon_core.package_identification:_identify(/home/joaocastilho/dev_ws/src/my_package) by extensions ['ignore', 'ignore_ament_install']
[0.329s] Level 1:colcon.colcon_core.package_identification:_identify(/home/joaocastilho/dev_ws/src/my_package) by extension 'ignore'
[0.329s] Level 1:colcon.colcon_core.package_identification:_identify(/home/joaocastilho/dev_ws/src/my_package) by extension 'ignore_ament_install'
[0.329s] Level 1:colcon.colcon_core.package_identification:_identify(/home/joaocastilho/dev_ws/src/my_package) by extensions ['colcon_pkg']
[0.329s] Level 1:colcon.colcon_core.package_identification:_identify(/home/joaocastilho/dev_ws/src/my_package) by extension 'colcon_pkg'
[0.329s] Level 1:colcon.colcon_core.package_identification:_identify(/home/joaocastilho/dev_ws/src/my_package) by extensions ['colcon_meta']
[0.329s] Level 1:colcon.colcon_core.package_identification:_identify(/home/joaocastilho/dev_ws/src/my_package) by extension 'colcon_meta'
[0.329s] Level 1:colcon.colcon_core.package_identification:_identify(/home/joaocastilho/dev_ws/src/my_package) by extensions ['ros']
[0.329s] Level 1:colcon.colcon_core.package_identification:_identify(/home/joaocastilho/dev_ws/src/my_package) by extension 'ros'
[0.329s] DEBUG:colcon.colcon_core.package_identification:Package '/home/joaocastilho/dev_ws/src/my_package' with type 'ros.ament_cmake' and name 'my_package'
[0.330s] Level 1:colcon.colcon_core.package_identification:_identify(/home/joaocastilho/dev_ws/src/my_package_python) by extensions ['ignore', 'ignore_ament_install']
[0.330s] Level 1:colcon.colcon_core.package_identification:_identify(/home/joaocastilho/dev_ws/src/my_package_python) by extension 'ignore'
[0.330s] Level 1:colcon.colcon_core.package_identification:_identify(/home/joaocastilho/dev_ws/src/my_package_python) by extension 'ignore_ament_install'
[0.330s] Level 1:colcon.colcon_core.package_identification:_identify(/home/joaocastilho/dev_ws/src/my_package_python) by extensions ['colcon_pkg']
[0.330s] Level 1:colcon.colcon_core.package_identification:_identify(/home/joaocastilho/dev_ws/src/my_package_python) by extension 'colcon_pkg'
[0.330s] Level 1:colcon.colcon_core.package_identification:_identify(/home/joaocastilho/dev_ws/src/my_package_python) by extensions ['colcon_meta']
[0.330s] Level 1:colcon.colcon_core.package_identification:_identify(/home/joaocastilho/dev_ws/src/my_package_python) by extension 'colcon_meta'
[0.330s] Level 1:colcon.colcon_core.package_identification:_identify(/home/joaocastilho/dev_ws/src/my_package_python) by extensions ['ros']
[0.330s] Level 1:colcon.colcon_core.package_identification:_identify(/home/joaocastilho/dev_ws/src/my_package_python) by extension 'ros'
[0.331s] DEBUG:colcon.colcon_core.package_identification:Package '/home/joaocastilho/dev_ws/src/my_package_python' with type 'ros.ament_python' and name 'my_package_python'
[0.331s] Level 1:colcon.colcon_core.package_identification:_identify(/home/joaocastilho/dev_ws/src/py_pubsub) by extensions ['ignore', 'ignore_ament_install']
[0.331s] Level 1:colcon.colcon_core.package_identification:_identify(/home/joaocastilho/dev_ws/src/py_pubsub) by extension 'ignore'
[0.331s] Level 1:colcon.colcon_core.package_identification:_identify(/home/joaocastilho/dev_ws/src/py_pubsub) by extension 'ignore_ament_install'
[0.331s] Level 1:colcon.colcon_core.package_identification:_identify(/home/joaocastilho/dev_ws/src/py_pubsub) by extensions ['colcon_pkg']
[0.331s] Level 1:colcon.colcon_core.package_identification:_identify(/home/joaocastilho/dev_ws/src/py_pubsub) by extension 'colcon_pkg'
[0.331s] Level 1:colcon.colcon_core.package_identification:_identify(/home/joaocastilho/dev_ws/src/py_pubsub) by extensions ['colcon_meta']
[0.331s] Level 1:colcon.colcon_core.package_identification:_identify(/home/joaocastilho/dev_ws/src/py_pubsub) by extension 'colcon_meta'
[0.331s] Level 1:colcon.colcon_core.package_identification:_identify(/home/joaocastilho/dev_ws/src/py_pubsub) by extensions ['ros']
[0.331s] Level 1:colcon.colcon_core.package_identification:_identify(/home/joaocastilho/dev_ws/src/py_pubsub) by extension 'ros'
[0.332s] DEBUG:colcon.colcon_core.package_identification:Package '/home/joaocastilho/dev_ws/src/py_pubsub' with type 'ros.ament_python' and name 'py_pubsub'
[0.332s] Level 1:colcon.colcon_core.package_identification:_identify(/home/joaocastilho/dev_ws/src/ros_tutorials) by extensions ['ignore', 'ignore_ament_install']
[0.332s] Level 1:colcon.colcon_core.package_identification:_identify(/home/joaocastilho/dev_ws/src/ros_tutorials) by extension 'ignore'
[0.332s] Level 1:colcon.colcon_core.package_identification:_identify(/home/joaocastilho/dev_ws/src/ros_tutorials) by extension 'ignore_ament_install'
[0.332s] Level 1:colcon.colcon_core.package_identification:_identify(/home/joaocastilho/dev_ws/src/ros_tutorials) by extensions ['colcon_pkg']
[0.332s] Level 1:colcon.colcon_core.package_identification:_identify(/home/joaocastilho/dev_ws/src/ros_tutorials) by extension 'colcon_pkg'
[0.332s] Level 1:colcon.colcon_core.package_identification:_identify(/home/joaocastilho/dev_ws/src/ros_tutorials) by extensions ['colcon_meta']
[0.332s] Level 1:colcon.colcon_core.package_identification:_identify(/home/joaocastilho/dev_ws/src/ros_tutorials) by extension 'colcon_meta'
[0.332s] Level 1:colcon.colcon_core.package_identification:_identify(/home/joaocastilho/dev_ws/src/ros_tutorials) by extensions ['ros']
[0.332s] Level 1:colcon.colcon_core.package_identification:_identify(/home/joaocastilho/dev_ws/src/ros_tutorials) by extension 'ros'
[0.333s] Level 1:colcon.colcon_core.package_identification:_identify(/home/joaocastilho/dev_ws/src/ros_tutorials) by extensions ['cmake', 'python']
[0.333s] Level 1:colcon.colcon_core.package_identification:_identify(/home/joaocastilho/dev_ws/src/ros_tutorials) by extension 'cmake'
[0.333s] Level 1:colcon.colcon_core.package_identification:_identify(/home/joaocastilho/dev_ws/src/ros_tutorials) by extension 'python'
[0.333s] Level 1:colcon.colcon_core.package_identification:_identify(/home/joaocastilho/dev_ws/src/ros_tutorials) by extensions ['python_setup_py']
[0.333s] Level 1:colcon.colcon_core.package_identification:_identify(/home/joaocastilho/dev_ws/src/ros_tutorials) by extension 'python_setup_py'
[0.333s] Level 1:colcon.colcon_core.package_identification:_identify(/home/joaocastilho/dev_ws/src/ros_tutorials/ros_tutorials) by extensions ['ignore', 'ignore_ament_install']
[0.333s] Level 1:colcon.colcon_core.package_identification:_identify(/home/joaocastilho/dev_ws/src/ros_tutorials/ros_tutorials) by extension 'ignore'
[0.333s] Level 1:colcon.colcon_core.package_identification:_identify(/home/joaocastilho/dev_ws/src/ros_tutorials/ros_tutorials) ignored
[0.333s] Level 1:colcon.colcon_core.package_identification:_identify(/home/joaocastilho/dev_ws/src/ros_tutorials/roscpp_tutorials) by extensions ['ignore', 'ignore_ament_install']
[0.334s] Level 1:colcon.colcon_core.package_identification:_identify(/home/joaocastilho/dev_ws/src/ros_tutorials/roscpp_tutorials) by extension 'ignore'
[0.334s] Level 1:colcon.colcon_core.package_identification:_identify(/home/joaocastilho/dev_ws/src/ros_tutorials/roscpp_tutorials) ignored
[0.334s] Level 1:colcon.colcon_core.package_identification:_identify(/home/joaocastilho/dev_ws/src/ros_tutorials/rospy_tutorials) by extensions ['ignore', 'ignore_ament_install']
[0.334s] Level 1:colcon.colcon_core.package_identification:_identify(/home/joaocastilho/dev_ws/src/ros_tutorials/rospy_tutorials) by extension 'ignore'
[0.334s] Level 1:colcon.colcon_core.package_identification:_identify(/home/joaocastilho/dev_ws/src/ros_tutorials/rospy_tutorials) ignored
[0.334s] Level 1:colcon.colcon_core.package_identification:_identify(/home/joaocastilho/dev_ws/src/ros_tutorials/turtlesim) by extensions ['ignore', 'ignore_ament_install']
[0.334s] Level 1:colcon.colcon_core.package_identification:_identify(/home/joaocastilho/dev_ws/src/ros_tutorials/turtlesim) by extension 'ignore'
[0.334s] Level 1:colcon.colcon_core.package_identification:_identify(/home/joaocastilho/dev_ws/src/ros_tutorials/turtlesim) by extension 'ignore_ament_install'
[0.334s] Level 1:colcon.colcon_core.package_identification:_identify(/home/joaocastilho/dev_ws/src/ros_tutorials/turtlesim) by extensions ['colcon_pkg']
[0.334s] Level 1:colcon.colcon_core.package_identification:_identify(/home/joaocastilho/dev_ws/src/ros_tutorials/turtlesim) by extension 'colcon_pkg'
[0.334s] Level 1:colcon.colcon_core.package_identification:_identify(/home/joaocastilho/dev_ws/src/ros_tutorials/turtlesim) by extensions ['colcon_meta']
[0.334s] Level 1:colcon.colcon_core.package_identification:_identify(/home/joaocastilho/dev_ws/src/ros_tutorials/turtlesim) by extension 'colcon_meta'
[0.334s] Level 1:colcon.colcon_core.package_identification:_identify(/home/joaocastilho/dev_ws/src/ros_tutorials/turtlesim) by extensions ['ros']
[0.335s] Level 1:colcon.colcon_core.package_identification:_identify(/home/joaocastilho/dev_ws/src/ros_tutorials/turtlesim) by extension 'ros'
[0.336s] DEBUG:colcon.colcon_core.package_identification:Package '/home/joaocastilho/dev_ws/src/ros_tutorials/turtlesim' with type 'ros.ament_cmake' and name 'turtlesim'
[0.336s] Level 1:colcon.colcon_core.package_identification:_identify(/home/joaocastilho/dev_ws/src/tutorial_interfaces) by extensions ['ignore', 'ignore_ament_install']
[0.336s] Level 1:colcon.colcon_core.package_identification:_identify(/home/joaocastilho/dev_ws/src/tutorial_interfaces) by extension 'ignore'
[0.336s] Level 1:colcon.colcon_core.package_identification:_identify(/home/joaocastilho/dev_ws/src/tutorial_interfaces) by extension 'ignore_ament_install'
[0.336s] Level 1:colcon.colcon_core.package_identification:_identify(/home/joaocastilho/dev_ws/src/tutorial_interfaces) by extensions ['colcon_pkg']
[0.336s] Level 1:colcon.colcon_core.package_identification:_identify(/home/joaocastilho/dev_ws/src/tutorial_interfaces) by extension 'colcon_pkg'
[0.336s] Level 1:colcon.colcon_core.package_identification:_identify(/home/joaocastilho/dev_ws/src/tutorial_interfaces) by extensions ['colcon_meta']
[0.336s] Level 1:colcon.colcon_core.package_identification:_identify(/home/joaocastilho/dev_ws/src/tutorial_interfaces) by extension 'colcon_meta'
[0.336s] Level 1:colcon.colcon_core.package_identification:_identify(/home/joaocastilho/dev_ws/src/tutorial_interfaces) by extensions ['ros']
[0.336s] Level 1:colcon.colcon_core.package_identification:_identify(/home/joaocastilho/dev_ws/src/tutorial_interfaces) by extension 'ros'
[0.337s] DEBUG:colcon.colcon_core.package_identification:Package '/home/joaocastilho/dev_ws/src/tutorial_interfaces' with type 'ros.ament_cmake' and name 'tutorial_interfaces'
[0.337s] Level 1:colcon.colcon_core.package_discovery:discover_packages(recursive) using defaults
[0.359s] Level 5:colcon.colcon_core.verb:set package 'more_interfaces' build argument 'cmake_args' from command line to 'None'
[0.359s] Level 5:colcon.colcon_core.verb:set package 'more_interfaces' build argument 'cmake_target' from command line to 'None'
[0.359s] Level 5:colcon.colcon_core.verb:set package 'more_interfaces' build argument 'cmake_target_skip_unavailable' from command line to 'False'
[0.360s] Level 5:colcon.colcon_core.verb:set package 'more_interfaces' build argument 'cmake_clean_cache' from command line to 'False'
[0.360s] Level 5:colcon.colcon_core.verb:set package 'more_interfaces' build argument 'cmake_clean_first' from command line to 'False'
[0.360s] Level 5:colcon.colcon_core.verb:set package 'more_interfaces' build argument 'cmake_force_configure' from command line to 'False'
[0.360s] Level 5:colcon.colcon_core.verb:set package 'more_interfaces' build argument 'ament_cmake_args' from command line to 'None'
[0.360s] Level 5:colcon.colcon_core.verb:set package 'more_interfaces' build argument 'catkin_cmake_args' from command line to 'None'
[0.360s] Level 5:colcon.colcon_core.verb:set package 'more_interfaces' build argument 'catkin_skip_building_tests' from command line to 'False'
[0.360s] DEBUG:colcon.colcon_core.verb:Building package 'more_interfaces' with the following arguments: {'ament_cmake_args': None, 'build_base': '/home/joaocastilho/dev_ws/build/more_interfaces', 'catkin_cmake_args': None, 'catkin_skip_building_tests': False, 'cmake_args': None, 'cmake_clean_cache': False, 'cmake_clean_first': False, 'cmake_force_configure': False, 'cmake_target': None, 'cmake_target_skip_unavailable': False, 'install_base': '/home/joaocastilho/dev_ws/install/more_interfaces', 'merge_install': False, 'path': '/home/joaocastilho/dev_ws/src/more_interfaces', 'symlink_install': False, 'test_result_base': None}
[0.363s] Level 5:colcon.colcon_core.verb:set package 'my_package' build argument 'cmake_args' from command line to 'None'
[0.363s] Level 5:colcon.colcon_core.verb:set package 'my_package' build argument 'cmake_target' from command line to 'None'
[0.363s] Level 5:colcon.colcon_core.verb:set package 'my_package' build argument 'cmake_target_skip_unavailable' from command line to 'False'
[0.363s] Level 5:colcon.colcon_core.verb:set package 'my_package' build argument 'cmake_clean_cache' from command line to 'False'
[0.363s] Level 5:colcon.colcon_core.verb:set package 'my_package' build argument 'cmake_clean_first' from command line to 'False'
[0.363s] Level 5:colcon.colcon_core.verb:set package 'my_package' build argument 'cmake_force_configure' from command line to 'False'
[0.363s] Level 5:colcon.colcon_core.verb:set package 'my_package' build argument 'ament_cmake_args' from command line to 'None'
[0.363s] Level 5:colcon.colcon_core.verb:set package 'my_package' build argument 'catkin_cmake_args' from command line to 'None'
[0.363s] Level 5:colcon.colcon_core.verb:set package 'my_package' build argument 'catkin_skip_building_tests' from command line to 'False'
[0.363s] DEBUG:colcon.colcon_core.verb:Building package 'my_package' with the following arguments: {'ament_cmake_args': None, 'build_base': '/home/joaocastilho/dev_ws/build/my_package', 'catkin_cmake_args': None, 'catkin_skip_building_tests': False, 'cmake_args': None, 'cmake_clean_cache': False, 'cmake_clean_first': False, 'cmake_force_configure': False, 'cmake_target': None, 'cmake_target_skip_unavailable': False, 'install_base': '/home/joaocastilho/dev_ws/install/my_package', 'merge_install': False, 'path': '/home/joaocastilho/dev_ws/src/my_package', 'symlink_install': False, 'test_result_base': None}
[0.366s] Level 5:colcon.colcon_core.verb:set package 'my_package_python' build argument 'cmake_args' from command line to 'None'
[0.366s] Level 5:colcon.colcon_core.verb:set package 'my_package_python' build argument 'cmake_target' from command line to 'None'
[0.366s] Level 5:colcon.colcon_core.verb:set package 'my_package_python' build argument 'cmake_target_skip_unavailable' from command line to 'False'
[0.366s] Level 5:colcon.colcon_core.verb:set package 'my_package_python' build argument 'cmake_clean_cache' from command line to 'False'
[0.366s] Level 5:colcon.colcon_core.verb:set package 'my_package_python' build argument 'cmake_clean_first' from command line to 'False'
[0.366s] Level 5:colcon.colcon_core.verb:set package 'my_package_python' build argument 'cmake_force_configure' from command line to 'False'
[0.366s] Level 5:colcon.colcon_core.verb:set package 'my_package_python' build argument 'ament_cmake_args' from command line to 'None'
[0.366s] Level 5:colcon.colcon_core.verb:set package 'my_package_python' build argument 'catkin_cmake_args' from command line to 'None'
[0.366s] Level 5:colcon.colcon_core.verb:set package 'my_package_python' build argument 'catkin_skip_building_tests' from command line to 'False'
[0.366s] DEBUG:colcon.colcon_core.verb:Building package 'my_package_python' with the following arguments: {'ament_cmake_args': None, 'build_base': '/home/joaocastilho/dev_ws/build/my_package_python', 'catkin_cmake_args': None, 'catkin_skip_building_tests': False, 'cmake_args': None, 'cmake_clean_cache': False, 'cmake_clean_first': False, 'cmake_force_configure': False, 'cmake_target': None, 'cmake_target_skip_unavailable': False, 'install_base': '/home/joaocastilho/dev_ws/install/my_package_python', 'merge_install': False, 'path': '/home/joaocastilho/dev_ws/src/my_package_python', 'symlink_install': False, 'test_result_base': None}
[0.369s] Level 5:colcon.colcon_core.verb:set package 'py_pubsub' build argument 'cmake_args' from command line to 'None'
[0.369s] Level 5:colcon.colcon_core.verb:set package 'py_pubsub' build argument 'cmake_target' from command line to 'None'
[0.369s] Level 5:colcon.colcon_core.verb:set package 'py_pubsub' build argument 'cmake_target_skip_unavailable' from command line to 'False'
[0.369s] Level 5:colcon.colcon_core.verb:set package 'py_pubsub' build argument 'cmake_clean_cache' from command line to 'False'
[0.369s] Level 5:colcon.colcon_core.verb:set package 'py_pubsub' build argument 'cmake_clean_first' from command line to 'False'
[0.369s] Level 5:colcon.colcon_core.verb:set package 'py_pubsub' build argument 'cmake_force_configure' from command line to 'False'
[0.369s] Level 5:colcon.colcon_core.verb:set package 'py_pubsub' build argument 'ament_cmake_args' from command line to 'None'
[0.369s] Level 5:colcon.colcon_core.verb:set package 'py_pubsub' build argument 'catkin_cmake_args' from command line to 'None'
[0.369s] Level 5:colcon.colcon_core.verb:set package 'py_pubsub' build argument 'catkin_skip_building_tests' from command line to 'False'
[0.369s] DEBUG:colcon.colcon_core.verb:Building package 'py_pubsub' with the following arguments: {'ament_cmake_args': None, 'build_base': '/home/joaocastilho/dev_ws/build/py_pubsub', 'catkin_cmake_args': None, 'catkin_skip_building_tests': False, 'cmake_args': None, 'cmake_clean_cache': False, 'cmake_clean_first': False, 'cmake_force_configure': False, 'cmake_target': None, 'cmake_target_skip_unavailable': False, 'install_base': '/home/joaocastilho/dev_ws/install/py_pubsub', 'merge_install': False, 'path': '/home/joaocastilho/dev_ws/src/py_pubsub', 'symlink_install': False, 'test_result_base': None}
[0.372s] Level 5:colcon.colcon_core.verb:set package 'turtlesim' build argument 'cmake_args' from command line to 'None'
[0.373s] Level 5:colcon.colcon_core.verb:set package 'turtlesim' build argument 'cmake_target' from command line to 'None'
[0.373s] Level 5:colcon.colcon_core.verb:set package 'turtlesim' build argument 'cmake_target_skip_unavailable' from command line to 'False'
[0.373s] Level 5:colcon.colcon_core.verb:set package 'turtlesim' build argument 'cmake_clean_cache' from command line to 'False'
[0.373s] Level 5:colcon.colcon_core.verb:set package 'turtlesim' build argument 'cmake_clean_first' from command line to 'False'
[0.373s] Level 5:colcon.colcon_core.verb:set package 'turtlesim' build argument 'cmake_force_configure' from command line to 'False'
[0.373s] Level 5:colcon.colcon_core.verb:set package 'turtlesim' build argument 'ament_cmake_args' from command line to 'None'
[0.373s] Level 5:colcon.colcon_core.verb:set package 'turtlesim' build argument 'catkin_cmake_args' from command line to 'None'
[0.373s] Level 5:colcon.colcon_core.verb:set package 'turtlesim' build argument 'catkin_skip_building_tests' from command line to 'False'
[0.373s] DEBUG:colcon.colcon_core.verb:Building package 'turtlesim' with the following arguments: {'ament_cmake_args': None, 'build_base': '/home/joaocastilho/dev_ws/build/turtlesim', 'catkin_cmake_args': None, 'catkin_skip_building_tests': False, 'cmake_args': None, 'cmake_clean_cache': False, 'cmake_clean_first': False, 'cmake_force_configure': False, 'cmake_target': None, 'cmake_target_skip_unavailable': False, 'install_base': '/home/joaocastilho/dev_ws/install/turtlesim', 'merge_install': False, 'path': '/home/joaocastilho/dev_ws/src/ros_tutorials/turtlesim', 'symlink_install': False, 'test_result_base': None}
[0.375s] Level 5:colcon.colcon_core.verb:set package 'tutorial_interfaces' build argument 'cmake_args' from command line to 'None'
[0.376s] Level 5:colcon.colcon_core.verb:set package 'tutorial_interfaces' build argument 'cmake_target' from command line to 'None'
[0.376s] Level 5:colcon.colcon_core.verb:set package 'tutorial_interfaces' build argument 'cmake_target_skip_unavailable' from command line to 'False'
[0.376s] Level 5:colcon.colcon_core.verb:set package 'tutorial_interfaces' build argument 'cmake_clean_cache' from command line to 'False'
[0.376s] Level 5:colcon.colcon_core.verb:set package 'tutorial_interfaces' build argument 'cmake_clean_first' from command line to 'False'
[0.376s] Level 5:colcon.colcon_core.verb:set package 'tutorial_interfaces' build argument 'cmake_force_configure' from command line to 'False'
[0.376s] Level 5:colcon.colcon_core.verb:set package 'tutorial_interfaces' build argument 'ament_cmake_args' from command line to 'None'
[0.376s] Level 5:colcon.colcon_core.verb:set package 'tutorial_interfaces' build argument 'catkin_cmake_args' from command line to 'None'
[0.376s] Level 5:colcon.colcon_core.verb:set package 'tutorial_interfaces' build argument 'catkin_skip_building_tests' from command line to 'False'
[0.376s] DEBUG:colcon.colcon_core.verb:Building package 'tutorial_interfaces' with the following arguments: {'ament_cmake_args': None, 'build_base': '/home/joaocastilho/dev_ws/build/tutorial_interfaces', 'catkin_cmake_args': None, 'catkin_skip_building_tests': False, 'cmake_args': None, 'cmake_clean_cache': False, 'cmake_clean_first': False, 'cmake_force_configure': False, 'cmake_target': None, 'cmake_target_skip_unavailable': False, 'install_base': '/home/joaocastilho/dev_ws/install/tutorial_interfaces', 'merge_install': False, 'path': '/home/joaocastilho/dev_ws/src/tutorial_interfaces', 'symlink_install': False, 'test_result_base': None}
[0.379s] Level 5:colcon.colcon_core.verb:set package 'cpp_pubsub' build argument 'cmake_args' from command line to 'None'
[0.379s] Level 5:colcon.colcon_core.verb:set package 'cpp_pubsub' build argument 'cmake_target' from command line to 'None'
[0.379s] Level 5:colcon.colcon_core.verb:set package 'cpp_pubsub' build argument 'cmake_target_skip_unavailable' from command line to 'False'
[0.379s] Level 5:colcon.colcon_core.verb:set package 'cpp_pubsub' build argument 'cmake_clean_cache' from command line to 'False'
[0.379s] Level 5:colcon.colcon_core.verb:set package 'cpp_pubsub' build argument 'cmake_clean_first' from command line to 'False'
[0.379s] Level 5:colcon.colcon_core.verb:set package 'cpp_pubsub' build argument 'cmake_force_configure' from command line to 'False'
[0.379s] Level 5:colcon.colcon_core.verb:set package 'cpp_pubsub' build argument 'ament_cmake_args' from command line to 'None'
[0.379s] Level 5:colcon.colcon_core.verb:set package 'cpp_pubsub' build argument 'catkin_cmake_args' from command line to 'None'
[0.379s] Level 5:colcon.colcon_core.verb:set package 'cpp_pubsub' build argument 'catkin_skip_building_tests' from command line to 'False'
[0.379s] DEBUG:colcon.colcon_core.verb:Building package 'cpp_pubsub' with the following arguments: {'ament_cmake_args': None, 'build_base': '/home/joaocastilho/dev_ws/build/cpp_pubsub', 'catkin_cmake_args': None, 'catkin_skip_building_tests': False, 'cmake_args': None, 'cmake_clean_cache': False, 'cmake_clean_first': False, 'cmake_force_configure': False, 'cmake_target': None, 'cmake_target_skip_unavailable': False, 'install_base': '/home/joaocastilho/dev_ws/install/cpp_pubsub', 'merge_install': False, 'path': '/home/joaocastilho/dev_ws/src/cpp_pubsub', 'symlink_install': False, 'test_result_base': None}
[0.382s] Level 5:colcon.colcon_core.verb:set package 'cpp_srvcli' build argument 'cmake_args' from command line to 'None'
[0.382s] Level 5:colcon.colcon_core.verb:set package 'cpp_srvcli' build argument 'cmake_target' from command line to 'None'
[0.382s] Level 5:colcon.colcon_core.verb:set package 'cpp_srvcli' build argument 'cmake_target_skip_unavailable' from command line to 'False'
[0.382s] Level 5:colcon.colcon_core.verb:set package 'cpp_srvcli' build argument 'cmake_clean_cache' from command line to 'False'
[0.382s] Level 5:colcon.colcon_core.verb:set package 'cpp_srvcli' build argument 'cmake_clean_first' from command line to 'False'
[0.382s] Level 5:colcon.colcon_core.verb:set package 'cpp_srvcli' build argument 'cmake_force_configure' from command line to 'False'
[0.382s] Level 5:colcon.colcon_core.verb:set package 'cpp_srvcli' build argument 'ament_cmake_args' from command line to 'None'
[0.382s] Level 5:colcon.colcon_core.verb:set package 'cpp_srvcli' build argument 'catkin_cmake_args' from command line to 'None'
[0.382s] Level 5:colcon.colcon_core.verb:set package 'cpp_srvcli' build argument 'catkin_skip_building_tests' from command line to 'False'
[0.382s] DEBUG:colcon.colcon_core.verb:Building package 'cpp_srvcli' with the following arguments: {'ament_cmake_args': None, 'build_base': '/home/joaocastilho/dev_ws/build/cpp_srvcli', 'catkin_cmake_args': None, 'catkin_skip_building_tests': False, 'cmake_args': None, 'cmake_clean_cache': False, 'cmake_clean_first': False, 'cmake_force_configure': False, 'cmake_target': None, 'cmake_target_skip_unavailable': False, 'install_base': '/home/joaocastilho/dev_ws/install/cpp_srvcli', 'merge_install': False, 'path': '/home/joaocastilho/dev_ws/src/cpp_srvcli', 'symlink_install': False, 'test_result_base': None}
[0.382s] INFO:colcon.colcon_core.executor:Executing jobs using 'parallel' executor
[0.385s] DEBUG:colcon.colcon_parallel_executor.executor.parallel:run_until_complete
[0.385s] INFO:colcon.colcon_ros.task.ament_cmake.build:Building ROS package in '/home/joaocastilho/dev_ws/src/tutorial_interfaces' with build type 'ament_cmake'
[0.386s] INFO:colcon.colcon_cmake.task.cmake.build:Building CMake package in '/home/joaocastilho/dev_ws/src/tutorial_interfaces'
[0.392s] INFO:colcon.colcon_core.plugin_system:Skipping extension 'colcon_core.shell.bat': Not used on non-Windows systems
[0.392s] INFO:colcon.colcon_core.shell:Skip shell extension 'powershell' for command environment: Not usable outside of PowerShell
[0.392s] DEBUG:colcon.colcon_core.shell:Skip shell extension 'dsv' for command environment
[0.395s] DEBUG:colcon.colcon_core.shell:Ignoring prefix path '/opt/ros/foxy'
[0.398s] INFO:colcon.colcon_ros.task.ament_cmake.build:Building ROS package in '/home/joaocastilho/dev_ws/src/more_interfaces' with build type 'ament_cmake'
[0.398s] INFO:colcon.colcon_cmake.task.cmake.build:Building CMake package in '/home/joaocastilho/dev_ws/src/more_interfaces'
[0.400s] INFO:colcon.colcon_core.shell:Skip shell extension 'powershell' for command environment: Not usable outside of PowerShell
[0.400s] DEBUG:colcon.colcon_core.shell:Skip shell extension 'dsv' for command environment
[0.403s] DEBUG:colcon.colcon_core.shell:Ignoring prefix path '/opt/ros/foxy'
[0.406s] INFO:colcon.colcon_ros.task.ament_cmake.build:Building ROS package in '/home/joaocastilho/dev_ws/src/my_package' with build type 'ament_cmake'
[0.406s] INFO:colcon.colcon_cmake.task.cmake.build:Building CMake package in '/home/joaocastilho/dev_ws/src/my_package'
[0.408s] INFO:colcon.colcon_core.shell:Skip shell extension 'powershell' for command environment: Not usable outside of PowerShell
[0.408s] DEBUG:colcon.colcon_core.shell:Skip shell extension 'dsv' for command environment
[0.411s] DEBUG:colcon.colcon_core.shell:Ignoring prefix path '/opt/ros/foxy'
[0.414s] INFO:colcon.colcon_ros.task.ament_python.build:Building ROS package in '/home/joaocastilho/dev_ws/src/my_package_python' with build type 'ament_python'
[0.415s] Level 1:colcon.colcon_core.shell:create_environment_hook('my_package_python', 'ament_prefix_path')
[0.416s] INFO:colcon.colcon_core.shell:Creating environment hook '/home/joaocastilho/dev_ws/install/my_package_python/share/my_package_python/hook/ament_prefix_path.ps1'
[0.417s] INFO:colcon.colcon_core.shell:Creating environment descriptor '/home/joaocastilho/dev_ws/install/my_package_python/share/my_package_python/hook/ament_prefix_path.dsv'
[0.418s] INFO:colcon.colcon_core.shell:Creating environment hook '/home/joaocastilho/dev_ws/install/my_package_python/share/my_package_python/hook/ament_prefix_path.sh'
[0.420s] INFO:colcon.colcon_core.shell:Skip shell extension 'powershell' for command environment: Not usable outside of PowerShell
[0.420s] DEBUG:colcon.colcon_core.shell:Skip shell extension 'dsv' for command environment
[0.422s] DEBUG:colcon.colcon_core.shell:Ignoring prefix path '/opt/ros/foxy'
[0.425s] INFO:colcon.colcon_ros.task.ament_python.build:Building ROS package in '/home/joaocastilho/dev_ws/src/py_pubsub' with build type 'ament_python'
[0.426s] Level 1:colcon.colcon_core.shell:create_environment_hook('py_pubsub', 'ament_prefix_path')
[0.428s] INFO:colcon.colcon_core.shell:Creating environment hook '/home/joaocastilho/dev_ws/install/py_pubsub/share/py_pubsub/hook/ament_prefix_path.ps1'
[0.429s] INFO:colcon.colcon_core.shell:Creating environment descriptor '/home/joaocastilho/dev_ws/install/py_pubsub/share/py_pubsub/hook/ament_prefix_path.dsv'
[0.429s] INFO:colcon.colcon_core.shell:Creating environment hook '/home/joaocastilho/dev_ws/install/py_pubsub/share/py_pubsub/hook/ament_prefix_path.sh'
[0.430s] INFO:colcon.colcon_core.shell:Skip shell extension 'powershell' for command environment: Not usable outside of PowerShell
[0.430s] DEBUG:colcon.colcon_core.shell:Skip shell extension 'dsv' for command environment
[0.433s] DEBUG:colcon.colcon_core.shell:Ignoring prefix path '/opt/ros/foxy'
[0.436s] INFO:colcon.colcon_ros.task.ament_cmake.build:Building ROS package in '/home/joaocastilho/dev_ws/src/ros_tutorials/turtlesim' with build type 'ament_cmake'
[0.436s] INFO:colcon.colcon_cmake.task.cmake.build:Building CMake package in '/home/joaocastilho/dev_ws/src/ros_tutorials/turtlesim'
[0.438s] INFO:colcon.colcon_core.shell:Skip shell extension 'powershell' for command environment: Not usable outside of PowerShell
[0.438s] DEBUG:colcon.colcon_core.shell:Skip shell extension 'dsv' for command environment
[0.441s] DEBUG:colcon.colcon_core.shell:Ignoring prefix path '/opt/ros/foxy'
[0.451s] DEBUG:colcon.colcon_core.event_handler.log_command:Invoking command in '/home/joaocastilho/dev_ws/build/tutorial_interfaces': CMAKE_PREFIX_PATH=${CMAKE_PREFIX_PATH}:/home/joaocastilho/dev_ws/install/py_pubsub:/home/joaocastilho/dev_ws/install/my_package_python:/opt/ros/foxy /usr/bin/cmake --build /home/joaocastilho/dev_ws/build/tutorial_interfaces -- -j8 -l8
[0.460s] DEBUG:colcon.colcon_core.event_handler.log_command:Invoking command in '/home/joaocastilho/dev_ws/build/more_interfaces': CMAKE_PREFIX_PATH=${CMAKE_PREFIX_PATH}:/home/joaocastilho/dev_ws/install/py_pubsub:/home/joaocastilho/dev_ws/install/my_package_python:/opt/ros/foxy /usr/bin/cmake --build /home/joaocastilho/dev_ws/build/more_interfaces -- -j8 -l8
[0.470s] DEBUG:colcon.colcon_core.event_handler.log_command:Invoking command in '/home/joaocastilho/dev_ws/build/my_package': CMAKE_PREFIX_PATH=${CMAKE_PREFIX_PATH}:/home/joaocastilho/dev_ws/install/py_pubsub:/home/joaocastilho/dev_ws/install/my_package_python:/opt/ros/foxy /usr/bin/cmake --build /home/joaocastilho/dev_ws/build/my_package -- -j8 -l8
[0.791s] INFO:colcon.colcon_core.task.python.build:Building Python package in '/home/joaocastilho/dev_ws/src/my_package_python'
[0.792s] INFO:colcon.colcon_core.shell:Skip shell extension 'powershell' for command environment: Not usable outside of PowerShell
[0.792s] DEBUG:colcon.colcon_core.shell:Skip shell extension 'dsv' for command environment
[0.794s] DEBUG:colcon.colcon_core.shell:Ignoring prefix path '/opt/ros/foxy'
[1.118s] INFO:colcon.colcon_core.task.python.build:Building Python package in '/home/joaocastilho/dev_ws/src/py_pubsub'
[1.119s] INFO:colcon.colcon_core.shell:Skip shell extension 'powershell' for command environment: Not usable outside of PowerShell
[1.119s] DEBUG:colcon.colcon_core.shell:Skip shell extension 'dsv' for command environment
[1.122s] DEBUG:colcon.colcon_core.shell:Ignoring prefix path '/opt/ros/foxy'
[1.131s] DEBUG:colcon.colcon_core.event_handler.log_command:Invoking command in '/home/joaocastilho/dev_ws/build/turtlesim': CMAKE_PREFIX_PATH=${CMAKE_PREFIX_PATH}:/home/joaocastilho/dev_ws/install/py_pubsub:/home/joaocastilho/dev_ws/install/my_package_python:/opt/ros/foxy /usr/bin/cmake --build /home/joaocastilho/dev_ws/build/turtlesim -- -j8 -l8
[1.142s] DEBUG:colcon.colcon_core.event_handler.log_command:Invoked command in '/home/joaocastilho/dev_ws/build/tutorial_interfaces' returned '0': CMAKE_PREFIX_PATH=${CMAKE_PREFIX_PATH}:/home/joaocastilho/dev_ws/install/py_pubsub:/home/joaocastilho/dev_ws/install/my_package_python:/opt/ros/foxy /usr/bin/cmake --build /home/joaocastilho/dev_ws/build/tutorial_interfaces -- -j8 -l8
[1.147s] DEBUG:colcon.colcon_core.event_handler.log_command:Invoked command in '/home/joaocastilho/dev_ws/build/my_package' returned '0': CMAKE_PREFIX_PATH=${CMAKE_PREFIX_PATH}:/home/joaocastilho/dev_ws/install/py_pubsub:/home/joaocastilho/dev_ws/install/my_package_python:/opt/ros/foxy /usr/bin/cmake --build /home/joaocastilho/dev_ws/build/my_package -- -j8 -l8
[1.155s] DEBUG:colcon.colcon_core.event_handler.log_command:Invoking command in '/home/joaocastilho/dev_ws/src/my_package_python': PYTHONPATH=/home/joaocastilho/dev_ws/install/my_package_python/lib/python3.8/site-packages:${PYTHONPATH} /usr/bin/python3 setup.py egg_info --egg-base ../../build/my_package_python build --build-base /home/joaocastilho/dev_ws/build/my_package_python/build install --prefix /home/joaocastilho/dev_ws/install/my_package_python --record /home/joaocastilho/dev_ws/build/my_package_python/install.log --single-version-externally-managed
[1.170s] DEBUG:colcon.colcon_core.event_handler.log_command:Invoking command in '/home/joaocastilho/dev_ws/src/py_pubsub': PYTHONPATH=/home/joaocastilho/dev_ws/install/py_pubsub/lib/python3.8/site-packages:${PYTHONPATH} /usr/bin/python3 setup.py egg_info --egg-base ../../build/py_pubsub build --build-base /home/joaocastilho/dev_ws/build/py_pubsub/build install --prefix /home/joaocastilho/dev_ws/install/py_pubsub --record /home/joaocastilho/dev_ws/build/py_pubsub/install.log --single-version-externally-managed
[1.230s] DEBUG:colcon.colcon_core.event_handler.log_command:Invoking command in '/home/joaocastilho/dev_ws/build/my_package': CMAKE_PREFIX_PATH=${CMAKE_PREFIX_PATH}:/home/joaocastilho/dev_ws/install/py_pubsub:/home/joaocastilho/dev_ws/install/my_package_python:/opt/ros/foxy /usr/bin/cmake --install /home/joaocastilho/dev_ws/build/my_package
[1.261s] Level 1:colcon.colcon_core.environment:create_environment_scripts_only(my_package)
[1.264s] DEBUG:colcon.colcon_core.event_handler.log_command:Invoked command in '/home/joaocastilho/dev_ws/build/my_package' returned '0': CMAKE_PREFIX_PATH=${CMAKE_PREFIX_PATH}:/home/joaocastilho/dev_ws/install/py_pubsub:/home/joaocastilho/dev_ws/install/my_package_python:/opt/ros/foxy /usr/bin/cmake --install /home/joaocastilho/dev_ws/build/my_package
[1.269s] Level 1:colcon.colcon_core.environment:checking '/home/joaocastilho/dev_ws/install/my_package' for CMake module files
[1.271s] Level 1:colcon.colcon_core.environment:checking '/home/joaocastilho/dev_ws/install/my_package' for CMake config files
[1.271s] Level 1:colcon.colcon_core.shell:create_environment_hook('my_package', 'cmake_prefix_path')
[1.272s] INFO:colcon.colcon_core.shell:Creating environment hook '/home/joaocastilho/dev_ws/install/my_package/share/my_package/hook/cmake_prefix_path.ps1'
[1.273s] INFO:colcon.colcon_core.shell:Creating environment descriptor '/home/joaocastilho/dev_ws/install/my_package/share/my_package/hook/cmake_prefix_path.dsv'
[1.273s] INFO:colcon.colcon_core.shell:Creating environment hook '/home/joaocastilho/dev_ws/install/my_package/share/my_package/hook/cmake_prefix_path.sh'
[1.274s] Level 1:colcon.colcon_core.environment:checking '/home/joaocastilho/dev_ws/install/my_package/lib'
[1.275s] Level 1:colcon.colcon_core.environment:checking '/home/joaocastilho/dev_ws/install/my_package/bin'
[1.275s] Level 1:colcon.colcon_core.environment:checking '/home/joaocastilho/dev_ws/install/my_package/lib/pkgconfig/my_package.pc'
[1.275s] Level 1:colcon.colcon_core.environment:checking '/home/joaocastilho/dev_ws/install/my_package/lib/python3.8/site-packages'
[1.276s] INFO:colcon.colcon_core.shell:Creating package script '/home/joaocastilho/dev_ws/install/my_package/share/my_package/package.ps1'
[1.278s] INFO:colcon.colcon_core.shell:Creating package descriptor '/home/joaocastilho/dev_ws/install/my_package/share/my_package/package.dsv'
[1.279s] INFO:colcon.colcon_core.shell:Creating package script '/home/joaocastilho/dev_ws/install/my_package/share/my_package/package.sh'
[1.280s] INFO:colcon.colcon_core.shell:Creating package script '/home/joaocastilho/dev_ws/install/my_package/share/my_package/package.bash'
[1.281s] INFO:colcon.colcon_core.shell:Creating package script '/home/joaocastilho/dev_ws/install/my_package/share/my_package/package.zsh'
[1.283s] Level 1:colcon.colcon_core.environment:create_file_with_runtime_dependencies(/home/joaocastilho/dev_ws/install/my_package/share/colcon-core/packages/my_package)
[1.325s] Level 1:colcon.colcon_core.environment:create_environment_scripts_only(my_package)
[1.327s] Level 1:colcon.colcon_core.environment:checking '/home/joaocastilho/dev_ws/install/my_package' for CMake module files
[1.327s] Level 1:colcon.colcon_core.environment:checking '/home/joaocastilho/dev_ws/install/my_package' for CMake config files
[1.328s] Level 1:colcon.colcon_core.shell:create_environment_hook('my_package', 'cmake_prefix_path')
[1.329s] INFO:colcon.colcon_core.shell:Creating environment hook '/home/joaocastilho/dev_ws/install/my_package/share/my_package/hook/cmake_prefix_path.ps1'
[1.330s] INFO:colcon.colcon_core.shell:Creating environment descriptor '/home/joaocastilho/dev_ws/install/my_package/share/my_package/hook/cmake_prefix_path.dsv'
[1.330s] INFO:colcon.colcon_core.shell:Creating environment hook '/home/joaocastilho/dev_ws/install/my_package/share/my_package/hook/cmake_prefix_path.sh'
[1.331s] Level 1:colcon.colcon_core.environment:checking '/home/joaocastilho/dev_ws/install/my_package/lib'
[1.331s] Level 1:colcon.colcon_core.environment:checking '/home/joaocastilho/dev_ws/install/my_package/bin'
[1.331s] Level 1:colcon.colcon_core.environment:checking '/home/joaocastilho/dev_ws/install/my_package/lib/pkgconfig/my_package.pc'
[1.332s] Level 1:colcon.colcon_core.environment:checking '/home/joaocastilho/dev_ws/install/my_package/lib/python3.8/site-packages'
[1.333s] INFO:colcon.colcon_core.shell:Creating package script '/home/joaocastilho/dev_ws/install/my_package/share/my_package/package.ps1'
[1.334s] INFO:colcon.colcon_core.shell:Creating package descriptor '/home/joaocastilho/dev_ws/install/my_package/share/my_package/package.dsv'
[1.334s] INFO:colcon.colcon_core.shell:Creating package script '/home/joaocastilho/dev_ws/install/my_package/share/my_package/package.sh'
[1.335s] INFO:colcon.colcon_core.shell:Creating package script '/home/joaocastilho/dev_ws/install/my_package/share/my_package/package.bash'
[1.336s] INFO:colcon.colcon_core.shell:Creating package script '/home/joaocastilho/dev_ws/install/my_package/share/my_package/package.zsh'
[1.338s] Level 1:colcon.colcon_core.environment:create_file_with_runtime_dependencies(/home/joaocastilho/dev_ws/install/my_package/share/colcon-core/packages/my_package)
[1.342s] DEBUG:colcon.colcon_core.event_handler.log_command:Invoking command in '/home/joaocastilho/dev_ws/build/tutorial_interfaces': CMAKE_PREFIX_PATH=${CMAKE_PREFIX_PATH}:/home/joaocastilho/dev_ws/install/py_pubsub:/home/joaocastilho/dev_ws/install/my_package_python:/opt/ros/foxy /usr/bin/cmake --install /home/joaocastilho/dev_ws/build/tutorial_interfaces
[1.471s] Level 1:colcon.colcon_core.environment:create_environment_scripts_only(tutorial_interfaces)
[1.473s] Level 1:colcon.colcon_core.environment:checking '/home/joaocastilho/dev_ws/install/tutorial_interfaces' for CMake module files
[1.474s] Level 1:colcon.colcon_core.environment:checking '/home/joaocastilho/dev_ws/install/tutorial_interfaces' for CMake config files
[1.475s] Level 1:colcon.colcon_core.shell:create_environment_hook('tutorial_interfaces', 'cmake_prefix_path')
[1.476s] INFO:colcon.colcon_core.shell:Creating environment hook '/home/joaocastilho/dev_ws/install/tutorial_interfaces/share/tutorial_interfaces/hook/cmake_prefix_path.ps1'
[1.477s] INFO:colcon.colcon_core.shell:Creating environment descriptor '/home/joaocastilho/dev_ws/install/tutorial_interfaces/share/tutorial_interfaces/hook/cmake_prefix_path.dsv'
[1.478s] INFO:colcon.colcon_core.shell:Creating environment hook '/home/joaocastilho/dev_ws/install/tutorial_interfaces/share/tutorial_interfaces/hook/cmake_prefix_path.sh'
[1.479s] Level 1:colcon.colcon_core.environment:checking '/home/joaocastilho/dev_ws/install/tutorial_interfaces/lib'
[1.479s] Level 1:colcon.colcon_core.shell:create_environment_hook('tutorial_interfaces', 'ld_library_path_lib')
[1.480s] INFO:colcon.colcon_core.shell:Creating environment hook '/home/joaocastilho/dev_ws/install/tutorial_interfaces/share/tutorial_interfaces/hook/ld_library_path_lib.ps1'
[1.481s] INFO:colcon.colcon_core.shell:Creating environment descriptor '/home/joaocastilho/dev_ws/install/tutorial_interfaces/share/tutorial_interfaces/hook/ld_library_path_lib.dsv'
[1.481s] INFO:colcon.colcon_core.shell:Creating environment hook '/home/joaocastilho/dev_ws/install/tutorial_interfaces/share/tutorial_interfaces/hook/ld_library_path_lib.sh'
[1.482s] Level 1:colcon.colcon_core.environment:checking '/home/joaocastilho/dev_ws/install/tutorial_interfaces/bin'
[1.482s] Level 1:colcon.colcon_core.environment:checking '/home/joaocastilho/dev_ws/install/tutorial_interfaces/lib/pkgconfig/tutorial_interfaces.pc'
[1.482s] Level 1:colcon.colcon_core.environment:checking '/home/joaocastilho/dev_ws/install/tutorial_interfaces/lib/python3.8/site-packages'
[1.482s] Level 1:colcon.colcon_core.shell:create_environment_hook('tutorial_interfaces', 'pythonpath')
[1.483s] INFO:colcon.colcon_core.shell:Creating environment hook '/home/joaocastilho/dev_ws/install/tutorial_interfaces/share/tutorial_interfaces/hook/pythonpath.ps1'
[1.484s] INFO:colcon.colcon_core.shell:Creating environment descriptor '/home/joaocastilho/dev_ws/install/tutorial_interfaces/share/tutorial_interfaces/hook/pythonpath.dsv'
[1.485s] DEBUG:colcon.colcon_core.event_handler.log_command:Invoked command in '/home/joaocastilho/dev_ws/build/tutorial_interfaces' returned '0': CMAKE_PREFIX_PATH=${CMAKE_PREFIX_PATH}:/home/joaocastilho/dev_ws/install/py_pubsub:/home/joaocastilho/dev_ws/install/my_package_python:/opt/ros/foxy /usr/bin/cmake --install /home/joaocastilho/dev_ws/build/tutorial_interfaces
[1.486s] INFO:colcon.colcon_core.shell:Creating environment hook '/home/joaocastilho/dev_ws/install/tutorial_interfaces/share/tutorial_interfaces/hook/pythonpath.sh'
[1.488s] INFO:colcon.colcon_core.shell:Creating package script '/home/joaocastilho/dev_ws/install/tutorial_interfaces/share/tutorial_interfaces/package.ps1'
[1.489s] INFO:colcon.colcon_core.shell:Creating package descriptor '/home/joaocastilho/dev_ws/install/tutorial_interfaces/share/tutorial_interfaces/package.dsv'
[1.490s] INFO:colcon.colcon_core.shell:Creating package script '/home/joaocastilho/dev_ws/install/tutorial_interfaces/share/tutorial_interfaces/package.sh'
[1.491s] INFO:colcon.colcon_core.shell:Creating package script '/home/joaocastilho/dev_ws/install/tutorial_interfaces/share/tutorial_interfaces/package.bash'
[1.491s] INFO:colcon.colcon_core.shell:Creating package script '/home/joaocastilho/dev_ws/install/tutorial_interfaces/share/tutorial_interfaces/package.zsh'
[1.492s] Level 1:colcon.colcon_core.environment:create_file_with_runtime_dependencies(/home/joaocastilho/dev_ws/install/tutorial_interfaces/share/colcon-core/packages/tutorial_interfaces)
[1.624s] DEBUG:colcon.colcon_core.event_handler.log_command:Invoked command in '/home/joaocastilho/dev_ws/build/turtlesim' returned '0': CMAKE_PREFIX_PATH=${CMAKE_PREFIX_PATH}:/home/joaocastilho/dev_ws/install/py_pubsub:/home/joaocastilho/dev_ws/install/my_package_python:/opt/ros/foxy /usr/bin/cmake --build /home/joaocastilho/dev_ws/build/turtlesim -- -j8 -l8
[1.674s] Level 1:colcon.colcon_core.environment:create_environment_scripts_only(tutorial_interfaces)
[1.675s] Level 1:colcon.colcon_core.environment:checking '/home/joaocastilho/dev_ws/install/tutorial_interfaces' for CMake module files
[1.678s] Level 1:colcon.colcon_core.environment:checking '/home/joaocastilho/dev_ws/install/tutorial_interfaces' for CMake config files
[1.679s] Level 1:colcon.colcon_core.shell:create_environment_hook('tutorial_interfaces', 'cmake_prefix_path')
[1.680s] INFO:colcon.colcon_core.shell:Creating environment hook '/home/joaocastilho/dev_ws/install/tutorial_interfaces/share/tutorial_interfaces/hook/cmake_prefix_path.ps1'
[1.682s] INFO:colcon.colcon_core.shell:Creating environment descriptor '/home/joaocastilho/dev_ws/install/tutorial_interfaces/share/tutorial_interfaces/hook/cmake_prefix_path.dsv'
[1.682s] INFO:colcon.colcon_core.shell:Creating environment hook '/home/joaocastilho/dev_ws/install/tutorial_interfaces/share/tutorial_interfaces/hook/cmake_prefix_path.sh'
[1.684s] Level 1:colcon.colcon_core.environment:checking '/home/joaocastilho/dev_ws/install/tutorial_interfaces/lib'
[1.684s] Level 1:colcon.colcon_core.shell:create_environment_hook('tutorial_interfaces', 'ld_library_path_lib')
[1.686s] INFO:colcon.colcon_core.shell:Creating environment hook '/home/joaocastilho/dev_ws/install/tutorial_interfaces/share/tutorial_interfaces/hook/ld_library_path_lib.ps1'
[1.686s] INFO:colcon.colcon_core.shell:Creating environment descriptor '/home/joaocastilho/dev_ws/install/tutorial_interfaces/share/tutorial_interfaces/hook/ld_library_path_lib.dsv'
[1.687s] INFO:colcon.colcon_core.shell:Creating environment hook '/home/joaocastilho/dev_ws/install/tutorial_interfaces/share/tutorial_interfaces/hook/ld_library_path_lib.sh'
[1.688s] Level 1:colcon.colcon_core.environment:checking '/home/joaocastilho/dev_ws/install/tutorial_interfaces/bin'
[1.688s] Level 1:colcon.colcon_core.environment:checking '/home/joaocastilho/dev_ws/install/tutorial_interfaces/lib/pkgconfig/tutorial_interfaces.pc'
[1.688s] Level 1:colcon.colcon_core.environment:checking '/home/joaocastilho/dev_ws/install/tutorial_interfaces/lib/python3.8/site-packages'
[1.688s] Level 1:colcon.colcon_core.shell:create_environment_hook('tutorial_interfaces', 'pythonpath')
[1.689s] INFO:colcon.colcon_core.shell:Creating environment hook '/home/joaocastilho/dev_ws/install/tutorial_interfaces/share/tutorial_interfaces/hook/pythonpath.ps1'
[1.690s] INFO:colcon.colcon_core.shell:Creating environment descriptor '/home/joaocastilho/dev_ws/install/tutorial_interfaces/share/tutorial_interfaces/hook/pythonpath.dsv'
[1.691s] INFO:colcon.colcon_core.shell:Creating environment hook '/home/joaocastilho/dev_ws/install/tutorial_interfaces/share/tutorial_interfaces/hook/pythonpath.sh'
[1.692s] INFO:colcon.colcon_core.shell:Creating package script '/home/joaocastilho/dev_ws/install/tutorial_interfaces/share/tutorial_interfaces/package.ps1'
[1.693s] INFO:colcon.colcon_core.shell:Creating package descriptor '/home/joaocastilho/dev_ws/install/tutorial_interfaces/share/tutorial_interfaces/package.dsv'
[1.694s] INFO:colcon.colcon_core.shell:Creating package script '/home/joaocastilho/dev_ws/install/tutorial_interfaces/share/tutorial_interfaces/package.sh'
[1.695s] INFO:colcon.colcon_core.shell:Creating package script '/home/joaocastilho/dev_ws/install/tutorial_interfaces/share/tutorial_interfaces/package.bash'
[1.695s] INFO:colcon.colcon_core.shell:Creating package script '/home/joaocastilho/dev_ws/install/tutorial_interfaces/share/tutorial_interfaces/package.zsh'
[1.696s] Level 1:colcon.colcon_core.environment:create_file_with_runtime_dependencies(/home/joaocastilho/dev_ws/install/tutorial_interfaces/share/colcon-core/packages/tutorial_interfaces)
[1.696s] INFO:colcon.colcon_ros.task.ament_cmake.build:Building ROS package in '/home/joaocastilho/dev_ws/src/cpp_pubsub' with build type 'ament_cmake'
[1.696s] INFO:colcon.colcon_cmake.task.cmake.build:Building CMake package in '/home/joaocastilho/dev_ws/src/cpp_pubsub'
[1.697s] INFO:colcon.colcon_core.shell:Skip shell extension 'powershell' for command environment: Not usable outside of PowerShell
[1.697s] DEBUG:colcon.colcon_core.shell:Skip shell extension 'dsv' for command environment
[1.701s] DEBUG:colcon.colcon_core.shell:Ignoring prefix path '/opt/ros/foxy'
[1.707s] INFO:colcon.colcon_ros.task.ament_cmake.build:Building ROS package in '/home/joaocastilho/dev_ws/src/cpp_srvcli' with build type 'ament_cmake'
[1.707s] INFO:colcon.colcon_cmake.task.cmake.build:Building CMake package in '/home/joaocastilho/dev_ws/src/cpp_srvcli'
[1.710s] INFO:colcon.colcon_core.shell:Skip shell extension 'powershell' for command environment: Not usable outside of PowerShell
[1.710s] DEBUG:colcon.colcon_core.shell:Skip shell extension 'dsv' for command environment
[1.714s] DEBUG:colcon.colcon_core.shell:Ignoring prefix path '/opt/ros/foxy'
[1.730s] DEBUG:colcon.colcon_core.event_handler.log_command:Invoking command in '/home/joaocastilho/dev_ws/build/cpp_pubsub': CMAKE_PREFIX_PATH=/home/joaocastilho/dev_ws/install/tutorial_interfaces:/home/joaocastilho/dev_ws/install/cpp_srvcli:/home/joaocastilho/dev_ws/install/cpp_pubsub:/home/joaocastilho/dev_ws/install/turtlesim:/home/joaocastilho/dev_ws/install/my_package:/home/joaocastilho/dev_ws/install/py_pubsub:/home/joaocastilho/dev_ws/install/my_package_python:/opt/ros/foxy /usr/bin/cmake --build /home/joaocastilho/dev_ws/build/cpp_pubsub -- -j8 -l8
[1.739s] Level 1:colcon.colcon_core.environment:checking '/home/joaocastilho/dev_ws/install/py_pubsub' for CMake module files
[1.740s] DEBUG:colcon.colcon_core.event_handler.log_command:Invoked command in '/home/joaocastilho/dev_ws/src/py_pubsub' returned '0': PYTHONPATH=/home/joaocastilho/dev_ws/install/py_pubsub/lib/python3.8/site-packages:${PYTHONPATH} /usr/bin/python3 setup.py egg_info --egg-base ../../build/py_pubsub build --build-base /home/joaocastilho/dev_ws/build/py_pubsub/build install --prefix /home/joaocastilho/dev_ws/install/py_pubsub --record /home/joaocastilho/dev_ws/build/py_pubsub/install.log --single-version-externally-managed
[1.741s] Level 1:colcon.colcon_core.environment:checking '/home/joaocastilho/dev_ws/install/py_pubsub' for CMake config files
[1.742s] Level 1:colcon.colcon_core.environment:checking '/home/joaocastilho/dev_ws/install/py_pubsub/lib'
[1.742s] Level 1:colcon.colcon_core.environment:checking '/home/joaocastilho/dev_ws/install/py_pubsub/bin'
[1.742s] Level 1:colcon.colcon_core.environment:checking '/home/joaocastilho/dev_ws/install/py_pubsub/lib/pkgconfig/py_pubsub.pc'
[1.742s] Level 1:colcon.colcon_core.environment:checking '/home/joaocastilho/dev_ws/install/py_pubsub/lib/python3.8/site-packages'
[1.742s] Level 1:colcon.colcon_core.shell:create_environment_hook('py_pubsub', 'pythonpath')
[1.744s] INFO:colcon.colcon_core.shell:Creating environment hook '/home/joaocastilho/dev_ws/install/py_pubsub/share/py_pubsub/hook/pythonpath.ps1'
[1.746s] INFO:colcon.colcon_core.shell:Creating environment descriptor '/home/joaocastilho/dev_ws/install/py_pubsub/share/py_pubsub/hook/pythonpath.dsv'
[1.746s] INFO:colcon.colcon_core.shell:Creating environment hook '/home/joaocastilho/dev_ws/install/py_pubsub/share/py_pubsub/hook/pythonpath.sh'
[1.747s] Level 1:colcon.colcon_core.environment:create_environment_scripts_only(py_pubsub)
[1.749s] INFO:colcon.colcon_core.shell:Creating package script '/home/joaocastilho/dev_ws/install/py_pubsub/share/py_pubsub/package.ps1'
[1.749s] INFO:colcon.colcon_core.shell:Creating package descriptor '/home/joaocastilho/dev_ws/install/py_pubsub/share/py_pubsub/package.dsv'
[1.750s] INFO:colcon.colcon_core.shell:Creating package script '/home/joaocastilho/dev_ws/install/py_pubsub/share/py_pubsub/package.sh'
[1.751s] INFO:colcon.colcon_core.shell:Creating package script '/home/joaocastilho/dev_ws/install/py_pubsub/share/py_pubsub/package.bash'
[1.751s] INFO:colcon.colcon_core.shell:Creating package script '/home/joaocastilho/dev_ws/install/py_pubsub/share/py_pubsub/package.zsh'
[1.752s] Level 1:colcon.colcon_core.environment:create_file_with_runtime_dependencies(/home/joaocastilho/dev_ws/install/py_pubsub/share/colcon-core/packages/py_pubsub)
[1.757s] DEBUG:colcon.colcon_core.event_handler.log_command:Invoking command in '/home/joaocastilho/dev_ws/build/cpp_srvcli': CMAKE_PREFIX_PATH=/home/joaocastilho/dev_ws/install/tutorial_interfaces:/home/joaocastilho/dev_ws/install/cpp_srvcli:/home/joaocastilho/dev_ws/install/cpp_pubsub:/home/joaocastilho/dev_ws/install/turtlesim:/home/joaocastilho/dev_ws/install/my_package:/home/joaocastilho/dev_ws/install/py_pubsub:/home/joaocastilho/dev_ws/install/my_package_python:/opt/ros/foxy /usr/bin/cmake --build /home/joaocastilho/dev_ws/build/cpp_srvcli -- -j8 -l8
[1.765s] Level 1:colcon.colcon_core.environment:checking '/home/joaocastilho/dev_ws/install/my_package_python' for CMake module files
[1.767s] DEBUG:colcon.colcon_core.event_handler.log_command:Invoked command in '/home/joaocastilho/dev_ws/src/my_package_python' returned '0': PYTHONPATH=/home/joaocastilho/dev_ws/install/my_package_python/lib/python3.8/site-packages:${PYTHONPATH} /usr/bin/python3 setup.py egg_info --egg-base ../../build/my_package_python build --build-base /home/joaocastilho/dev_ws/build/my_package_python/build install --prefix /home/joaocastilho/dev_ws/install/my_package_python --record /home/joaocastilho/dev_ws/build/my_package_python/install.log --single-version-externally-managed
[1.767s] Level 1:colcon.colcon_core.environment:checking '/home/joaocastilho/dev_ws/install/my_package_python' for CMake config files
[1.768s] Level 1:colcon.colcon_core.environment:checking '/home/joaocastilho/dev_ws/install/my_package_python/lib'
[1.768s] Level 1:colcon.colcon_core.environment:checking '/home/joaocastilho/dev_ws/install/my_package_python/bin'
[1.768s] Level 1:colcon.colcon_core.environment:checking '/home/joaocastilho/dev_ws/install/my_package_python/lib/pkgconfig/my_package_python.pc'
[1.769s] Level 1:colcon.colcon_core.environment:checking '/home/joaocastilho/dev_ws/install/my_package_python/lib/python3.8/site-packages'
[1.769s] Level 1:colcon.colcon_core.shell:create_environment_hook('my_package_python', 'pythonpath')
[1.770s] INFO:colcon.colcon_core.shell:Creating environment hook '/home/joaocastilho/dev_ws/install/my_package_python/share/my_package_python/hook/pythonpath.ps1'
[1.770s] INFO:colcon.colcon_core.shell:Creating environment descriptor '/home/joaocastilho/dev_ws/install/my_package_python/share/my_package_python/hook/pythonpath.dsv'
[1.771s] INFO:colcon.colcon_core.shell:Creating environment hook '/home/joaocastilho/dev_ws/install/my_package_python/share/my_package_python/hook/pythonpath.sh'
[1.772s] Level 1:colcon.colcon_core.environment:create_environment_scripts_only(my_package_python)
[1.773s] INFO:colcon.colcon_core.shell:Creating package script '/home/joaocastilho/dev_ws/install/my_package_python/share/my_package_python/package.ps1'
[1.774s] INFO:colcon.colcon_core.shell:Creating package descriptor '/home/joaocastilho/dev_ws/install/my_package_python/share/my_package_python/package.dsv'
[1.775s] INFO:colcon.colcon_core.shell:Creating package script '/home/joaocastilho/dev_ws/install/my_package_python/share/my_package_python/package.sh'
[1.775s] INFO:colcon.colcon_core.shell:Creating package script '/home/joaocastilho/dev_ws/install/my_package_python/share/my_package_python/package.bash'
[1.776s] INFO:colcon.colcon_core.shell:Creating package script '/home/joaocastilho/dev_ws/install/my_package_python/share/my_package_python/package.zsh'
[1.777s] Level 1:colcon.colcon_core.environment:create_file_with_runtime_dependencies(/home/joaocastilho/dev_ws/install/my_package_python/share/colcon-core/packages/my_package_python)
[1.907s] DEBUG:colcon.colcon_core.event_handler.log_command:Invoked command in '/home/joaocastilho/dev_ws/build/cpp_pubsub' returned '0': CMAKE_PREFIX_PATH=/home/joaocastilho/dev_ws/install/tutorial_interfaces:/home/joaocastilho/dev_ws/install/cpp_srvcli:/home/joaocastilho/dev_ws/install/cpp_pubsub:/home/joaocastilho/dev_ws/install/turtlesim:/home/joaocastilho/dev_ws/install/my_package:/home/joaocastilho/dev_ws/install/py_pubsub:/home/joaocastilho/dev_ws/install/my_package_python:/opt/ros/foxy /usr/bin/cmake --build /home/joaocastilho/dev_ws/build/cpp_pubsub -- -j8 -l8
[1.937s] DEBUG:colcon.colcon_core.event_handler.log_command:Invoked command in '/home/joaocastilho/dev_ws/build/cpp_srvcli' returned '0': CMAKE_PREFIX_PATH=/home/joaocastilho/dev_ws/install/tutorial_interfaces:/home/joaocastilho/dev_ws/install/cpp_srvcli:/home/joaocastilho/dev_ws/install/cpp_pubsub:/home/joaocastilho/dev_ws/install/turtlesim:/home/joaocastilho/dev_ws/install/my_package:/home/joaocastilho/dev_ws/install/py_pubsub:/home/joaocastilho/dev_ws/install/my_package_python:/opt/ros/foxy /usr/bin/cmake --build /home/joaocastilho/dev_ws/build/cpp_srvcli -- -j8 -l8
[1.945s] DEBUG:colcon.colcon_core.event_handler.log_command:Invoking command in '/home/joaocastilho/dev_ws/build/cpp_pubsub': CMAKE_PREFIX_PATH=/home/joaocastilho/dev_ws/install/tutorial_interfaces:/home/joaocastilho/dev_ws/install/cpp_srvcli:/home/joaocastilho/dev_ws/install/cpp_pubsub:/home/joaocastilho/dev_ws/install/turtlesim:/home/joaocastilho/dev_ws/install/my_package:/home/joaocastilho/dev_ws/install/py_pubsub:/home/joaocastilho/dev_ws/install/my_package_python:/opt/ros/foxy /usr/bin/cmake --install /home/joaocastilho/dev_ws/build/cpp_pubsub
[1.961s] DEBUG:colcon.colcon_core.event_handler.log_command:Invoking command in '/home/joaocastilho/dev_ws/build/turtlesim': CMAKE_PREFIX_PATH=${CMAKE_PREFIX_PATH}:/home/joaocastilho/dev_ws/install/py_pubsub:/home/joaocastilho/dev_ws/install/my_package_python:/opt/ros/foxy /usr/bin/cmake --install /home/joaocastilho/dev_ws/build/turtlesim
[1.965s] Level 1:colcon.colcon_core.environment:create_environment_scripts_only(cpp_pubsub)
[1.967s] Level 1:colcon.colcon_core.environment:checking '/home/joaocastilho/dev_ws/install/cpp_pubsub' for CMake module files
[1.969s] Level 1:colcon.colcon_core.environment:checking '/home/joaocastilho/dev_ws/install/cpp_pubsub' for CMake config files
[1.971s] DEBUG:colcon.colcon_core.event_handler.log_command:Invoked command in '/home/joaocastilho/dev_ws/build/cpp_pubsub' returned '0': CMAKE_PREFIX_PATH=/home/joaocastilho/dev_ws/install/tutorial_interfaces:/home/joaocastilho/dev_ws/install/cpp_srvcli:/home/joaocastilho/dev_ws/install/cpp_pubsub:/home/joaocastilho/dev_ws/install/turtlesim:/home/joaocastilho/dev_ws/install/my_package:/home/joaocastilho/dev_ws/install/py_pubsub:/home/joaocastilho/dev_ws/install/my_package_python:/opt/ros/foxy /usr/bin/cmake --install /home/joaocastilho/dev_ws/build/cpp_pubsub
[1.971s] Level 1:colcon.colcon_core.shell:create_environment_hook('cpp_pubsub', 'cmake_prefix_path')
[1.972s] INFO:colcon.colcon_core.shell:Creating environment hook '/home/joaocastilho/dev_ws/install/cpp_pubsub/share/cpp_pubsub/hook/cmake_prefix_path.ps1'
[1.973s] INFO:colcon.colcon_core.shell:Creating environment descriptor '/home/joaocastilho/dev_ws/install/cpp_pubsub/share/cpp_pubsub/hook/cmake_prefix_path.dsv'
[1.973s] INFO:colcon.colcon_core.shell:Creating environment hook '/home/joaocastilho/dev_ws/install/cpp_pubsub/share/cpp_pubsub/hook/cmake_prefix_path.sh'
[1.974s] Level 1:colcon.colcon_core.environment:checking '/home/joaocastilho/dev_ws/install/cpp_pubsub/lib'
[1.974s] Level 1:colcon.colcon_core.environment:checking '/home/joaocastilho/dev_ws/install/cpp_pubsub/bin'
[1.974s] Level 1:colcon.colcon_core.environment:checking '/home/joaocastilho/dev_ws/install/cpp_pubsub/lib/pkgconfig/cpp_pubsub.pc'
[1.974s] Level 1:colcon.colcon_core.environment:checking '/home/joaocastilho/dev_ws/install/cpp_pubsub/lib/python3.8/site-packages'
[1.976s] INFO:colcon.colcon_core.shell:Creating package script '/home/joaocastilho/dev_ws/install/cpp_pubsub/share/cpp_pubsub/package.ps1'
[1.978s] INFO:colcon.colcon_core.shell:Creating package descriptor '/home/joaocastilho/dev_ws/install/cpp_pubsub/share/cpp_pubsub/package.dsv'
[1.980s] INFO:colcon.colcon_core.shell:Creating package script '/home/joaocastilho/dev_ws/install/cpp_pubsub/share/cpp_pubsub/package.sh'
[1.981s] INFO:colcon.colcon_core.shell:Creating package script '/home/joaocastilho/dev_ws/install/cpp_pubsub/share/cpp_pubsub/package.bash'
[1.982s] INFO:colcon.colcon_core.shell:Creating package script '/home/joaocastilho/dev_ws/install/cpp_pubsub/share/cpp_pubsub/package.zsh'
[1.984s] Level 1:colcon.colcon_core.environment:create_file_with_runtime_dependencies(/home/joaocastilho/dev_ws/install/cpp_pubsub/share/colcon-core/packages/cpp_pubsub)
[2.014s] DEBUG:colcon.colcon_core.event_handler.log_command:Invoking command in '/home/joaocastilho/dev_ws/build/cpp_srvcli': CMAKE_PREFIX_PATH=/home/joaocastilho/dev_ws/install/tutorial_interfaces:/home/joaocastilho/dev_ws/install/cpp_srvcli:/home/joaocastilho/dev_ws/install/cpp_pubsub:/home/joaocastilho/dev_ws/install/turtlesim:/home/joaocastilho/dev_ws/install/my_package:/home/joaocastilho/dev_ws/install/py_pubsub:/home/joaocastilho/dev_ws/install/my_package_python:/opt/ros/foxy /usr/bin/cmake --install /home/joaocastilho/dev_ws/build/cpp_srvcli
[2.018s] Level 1:colcon.colcon_core.environment:create_environment_scripts_only(cpp_srvcli)
[2.020s] Level 1:colcon.colcon_core.environment:checking '/home/joaocastilho/dev_ws/install/cpp_srvcli' for CMake module files
[2.020s] Level 1:colcon.colcon_core.environment:checking '/home/joaocastilho/dev_ws/install/cpp_srvcli' for CMake config files
[2.021s] Level 1:colcon.colcon_core.shell:create_environment_hook('cpp_srvcli', 'cmake_prefix_path')
[2.022s] INFO:colcon.colcon_core.shell:Creating environment hook '/home/joaocastilho/dev_ws/install/cpp_srvcli/share/cpp_srvcli/hook/cmake_prefix_path.ps1'
[2.023s] INFO:colcon.colcon_core.shell:Creating environment descriptor '/home/joaocastilho/dev_ws/install/cpp_srvcli/share/cpp_srvcli/hook/cmake_prefix_path.dsv'
[2.023s] INFO:colcon.colcon_core.shell:Creating environment hook '/home/joaocastilho/dev_ws/install/cpp_srvcli/share/cpp_srvcli/hook/cmake_prefix_path.sh'
[2.024s] Level 1:colcon.colcon_core.environment:checking '/home/joaocastilho/dev_ws/install/cpp_srvcli/lib'
[2.024s] Level 1:colcon.colcon_core.environment:checking '/home/joaocastilho/dev_ws/install/cpp_srvcli/bin'
[2.024s] Level 1:colcon.colcon_core.environment:checking '/home/joaocastilho/dev_ws/install/cpp_srvcli/lib/pkgconfig/cpp_srvcli.pc'
[2.025s] Level 1:colcon.colcon_core.environment:checking '/home/joaocastilho/dev_ws/install/cpp_srvcli/lib/python3.8/site-packages'
[2.026s] INFO:colcon.colcon_core.shell:Creating package script '/home/joaocastilho/dev_ws/install/cpp_srvcli/share/cpp_srvcli/package.ps1'
[2.027s] DEBUG:colcon.colcon_core.event_handler.log_command:Invoked command in '/home/joaocastilho/dev_ws/build/cpp_srvcli' returned '0': CMAKE_PREFIX_PATH=/home/joaocastilho/dev_ws/install/tutorial_interfaces:/home/joaocastilho/dev_ws/install/cpp_srvcli:/home/joaocastilho/dev_ws/install/cpp_pubsub:/home/joaocastilho/dev_ws/install/turtlesim:/home/joaocastilho/dev_ws/install/my_package:/home/joaocastilho/dev_ws/install/py_pubsub:/home/joaocastilho/dev_ws/install/my_package_python:/opt/ros/foxy /usr/bin/cmake --install /home/joaocastilho/dev_ws/build/cpp_srvcli
[2.027s] INFO:colcon.colcon_core.shell:Creating package descriptor '/home/joaocastilho/dev_ws/install/cpp_srvcli/share/cpp_srvcli/package.dsv'
[2.028s] INFO:colcon.colcon_core.shell:Creating package script '/home/joaocastilho/dev_ws/install/cpp_srvcli/share/cpp_srvcli/package.sh'
[2.029s] INFO:colcon.colcon_core.shell:Creating package script '/home/joaocastilho/dev_ws/install/cpp_srvcli/share/cpp_srvcli/package.bash'
[2.029s] INFO:colcon.colcon_core.shell:Creating package script '/home/joaocastilho/dev_ws/install/cpp_srvcli/share/cpp_srvcli/package.zsh'
[2.030s] Level 1:colcon.colcon_core.environment:create_file_with_runtime_dependencies(/home/joaocastilho/dev_ws/install/cpp_srvcli/share/colcon-core/packages/cpp_srvcli)
[2.056s] Level 1:colcon.colcon_core.environment:create_environment_scripts_only(turtlesim)
[2.058s] Level 1:colcon.colcon_core.environment:checking '/home/joaocastilho/dev_ws/install/turtlesim' for CMake module files
[2.061s] Level 1:colcon.colcon_core.environment:checking '/home/joaocastilho/dev_ws/install/turtlesim' for CMake config files
[2.064s] Level 1:colcon.colcon_core.shell:create_environment_hook('turtlesim', 'cmake_prefix_path')
[2.065s] INFO:colcon.colcon_core.shell:Creating environment hook '/home/joaocastilho/dev_ws/install/turtlesim/share/turtlesim/hook/cmake_prefix_path.ps1'
[2.066s] INFO:colcon.colcon_core.shell:Creating environment descriptor '/home/joaocastilho/dev_ws/install/turtlesim/share/turtlesim/hook/cmake_prefix_path.dsv'
[2.067s] INFO:colcon.colcon_core.shell:Creating environment hook '/home/joaocastilho/dev_ws/install/turtlesim/share/turtlesim/hook/cmake_prefix_path.sh'
[2.068s] Level 1:colcon.colcon_core.environment:checking '/home/joaocastilho/dev_ws/install/turtlesim/lib'
[2.068s] Level 1:colcon.colcon_core.shell:create_environment_hook('turtlesim', 'ld_library_path_lib')
[2.069s] INFO:colcon.colcon_core.shell:Creating environment hook '/home/joaocastilho/dev_ws/install/turtlesim/share/turtlesim/hook/ld_library_path_lib.ps1'
[2.070s] DEBUG:colcon.colcon_core.event_handler.log_command:Invoked command in '/home/joaocastilho/dev_ws/build/turtlesim' returned '0': CMAKE_PREFIX_PATH=${CMAKE_PREFIX_PATH}:/home/joaocastilho/dev_ws/install/py_pubsub:/home/joaocastilho/dev_ws/install/my_package_python:/opt/ros/foxy /usr/bin/cmake --install /home/joaocastilho/dev_ws/build/turtlesim
[2.071s] INFO:colcon.colcon_core.shell:Creating environment descriptor '/home/joaocastilho/dev_ws/install/turtlesim/share/turtlesim/hook/ld_library_path_lib.dsv'
[2.071s] INFO:colcon.colcon_core.shell:Creating environment hook '/home/joaocastilho/dev_ws/install/turtlesim/share/turtlesim/hook/ld_library_path_lib.sh'
[2.072s] Level 1:colcon.colcon_core.environment:checking '/home/joaocastilho/dev_ws/install/turtlesim/bin'
[2.072s] Level 1:colcon.colcon_core.environment:checking '/home/joaocastilho/dev_ws/install/turtlesim/lib/pkgconfig/turtlesim.pc'
[2.072s] Level 1:colcon.colcon_core.environment:checking '/home/joaocastilho/dev_ws/install/turtlesim/lib/python3.8/site-packages'
[2.072s] Level 1:colcon.colcon_core.shell:create_environment_hook('turtlesim', 'pythonpath')
[2.073s] INFO:colcon.colcon_core.shell:Creating environment hook '/home/joaocastilho/dev_ws/install/turtlesim/share/turtlesim/hook/pythonpath.ps1'
[2.073s] INFO:colcon.colcon_core.shell:Creating environment descriptor '/home/joaocastilho/dev_ws/install/turtlesim/share/turtlesim/hook/pythonpath.dsv'
[2.074s] INFO:colcon.colcon_core.shell:Creating environment hook '/home/joaocastilho/dev_ws/install/turtlesim/share/turtlesim/hook/pythonpath.sh'
[2.075s] INFO:colcon.colcon_core.shell:Creating package script '/home/joaocastilho/dev_ws/install/turtlesim/share/turtlesim/package.ps1'
[2.075s] INFO:colcon.colcon_core.shell:Creating package descriptor '/home/joaocastilho/dev_ws/install/turtlesim/share/turtlesim/package.dsv'
[2.076s] INFO:colcon.colcon_core.shell:Creating package script '/home/joaocastilho/dev_ws/install/turtlesim/share/turtlesim/package.sh'
[2.077s] INFO:colcon.colcon_core.shell:Creating package script '/home/joaocastilho/dev_ws/install/turtlesim/share/turtlesim/package.bash'
[2.077s] INFO:colcon.colcon_core.shell:Creating package script '/home/joaocastilho/dev_ws/install/turtlesim/share/turtlesim/package.zsh'
[2.078s] Level 1:colcon.colcon_core.environment:create_file_with_runtime_dependencies(/home/joaocastilho/dev_ws/install/turtlesim/share/colcon-core/packages/turtlesim)
[2.084s] Level 1:colcon.colcon_core.environment:create_environment_scripts_only(cpp_pubsub)
[2.086s] Level 1:colcon.colcon_core.environment:checking '/home/joaocastilho/dev_ws/install/cpp_pubsub' for CMake module files
[2.087s] Level 1:colcon.colcon_core.environment:checking '/home/joaocastilho/dev_ws/install/cpp_pubsub' for CMake config files
[2.087s] Level 1:colcon.colcon_core.shell:create_environment_hook('cpp_pubsub', 'cmake_prefix_path')
[2.088s] INFO:colcon.colcon_core.shell:Creating environment hook '/home/joaocastilho/dev_ws/install/cpp_pubsub/share/cpp_pubsub/hook/cmake_prefix_path.ps1'
[2.089s] INFO:colcon.colcon_core.shell:Creating environment descriptor '/home/joaocastilho/dev_ws/install/cpp_pubsub/share/cpp_pubsub/hook/cmake_prefix_path.dsv'
[2.090s] INFO:colcon.colcon_core.shell:Creating environment hook '/home/joaocastilho/dev_ws/install/cpp_pubsub/share/cpp_pubsub/hook/cmake_prefix_path.sh'
[2.090s] Level 1:colcon.colcon_core.environment:checking '/home/joaocastilho/dev_ws/install/cpp_pubsub/lib'
[2.091s] Level 1:colcon.colcon_core.environment:checking '/home/joaocastilho/dev_ws/install/cpp_pubsub/bin'
[2.091s] Level 1:colcon.colcon_core.environment:checking '/home/joaocastilho/dev_ws/install/cpp_pubsub/lib/pkgconfig/cpp_pubsub.pc'
[2.091s] Level 1:colcon.colcon_core.environment:checking '/home/joaocastilho/dev_ws/install/cpp_pubsub/lib/python3.8/site-packages'
[2.092s] INFO:colcon.colcon_core.shell:Creating package script '/home/joaocastilho/dev_ws/install/cpp_pubsub/share/cpp_pubsub/package.ps1'
[2.093s] INFO:colcon.colcon_core.shell:Creating package descriptor '/home/joaocastilho/dev_ws/install/cpp_pubsub/share/cpp_pubsub/package.dsv'
[2.093s] INFO:colcon.colcon_core.shell:Creating package script '/home/joaocastilho/dev_ws/install/cpp_pubsub/share/cpp_pubsub/package.sh'
[2.094s] INFO:colcon.colcon_core.shell:Creating package script '/home/joaocastilho/dev_ws/install/cpp_pubsub/share/cpp_pubsub/package.bash'
[2.094s] INFO:colcon.colcon_core.shell:Creating package script '/home/joaocastilho/dev_ws/install/cpp_pubsub/share/cpp_pubsub/package.zsh'
[2.095s] Level 1:colcon.colcon_core.environment:create_file_with_runtime_dependencies(/home/joaocastilho/dev_ws/install/cpp_pubsub/share/colcon-core/packages/cpp_pubsub)
[2.096s] Level 1:colcon.colcon_core.environment:create_environment_scripts_only(cpp_srvcli)
[2.097s] Level 1:colcon.colcon_core.environment:checking '/home/joaocastilho/dev_ws/install/cpp_srvcli' for CMake module files
[2.098s] Level 1:colcon.colcon_core.environment:checking '/home/joaocastilho/dev_ws/install/cpp_srvcli' for CMake config files
[2.099s] Level 1:colcon.colcon_core.shell:create_environment_hook('cpp_srvcli', 'cmake_prefix_path')
[2.100s] INFO:colcon.colcon_core.shell:Creating environment hook '/home/joaocastilho/dev_ws/install/cpp_srvcli/share/cpp_srvcli/hook/cmake_prefix_path.ps1'
[2.100s] INFO:colcon.colcon_core.shell:Creating environment descriptor '/home/joaocastilho/dev_ws/install/cpp_srvcli/share/cpp_srvcli/hook/cmake_prefix_path.dsv'
[2.101s] INFO:colcon.colcon_core.shell:Creating environment hook '/home/joaocastilho/dev_ws/install/cpp_srvcli/share/cpp_srvcli/hook/cmake_prefix_path.sh'
[2.101s] Level 1:colcon.colcon_core.environment:checking '/home/joaocastilho/dev_ws/install/cpp_srvcli/lib'
[2.102s] Level 1:colcon.colcon_core.environment:checking '/home/joaocastilho/dev_ws/install/cpp_srvcli/bin'
[2.102s] Level 1:colcon.colcon_core.environment:checking '/home/joaocastilho/dev_ws/install/cpp_srvcli/lib/pkgconfig/cpp_srvcli.pc'
[2.102s] Level 1:colcon.colcon_core.environment:checking '/home/joaocastilho/dev_ws/install/cpp_srvcli/lib/python3.8/site-packages'
[2.103s] INFO:colcon.colcon_core.shell:Creating package script '/home/joaocastilho/dev_ws/install/cpp_srvcli/share/cpp_srvcli/package.ps1'
[2.104s] INFO:colcon.colcon_core.shell:Creating package descriptor '/home/joaocastilho/dev_ws/install/cpp_srvcli/share/cpp_srvcli/package.dsv'
[2.105s] INFO:colcon.colcon_core.shell:Creating package script '/home/joaocastilho/dev_ws/install/cpp_srvcli/share/cpp_srvcli/package.sh'
[2.106s] INFO:colcon.colcon_core.shell:Creating package script '/home/joaocastilho/dev_ws/install/cpp_srvcli/share/cpp_srvcli/package.bash'
[2.106s] INFO:colcon.colcon_core.shell:Creating package script '/home/joaocastilho/dev_ws/install/cpp_srvcli/share/cpp_srvcli/package.zsh'
[2.107s] Level 1:colcon.colcon_core.environment:create_file_with_runtime_dependencies(/home/joaocastilho/dev_ws/install/cpp_srvcli/share/colcon-core/packages/cpp_srvcli)
[2.269s] Level 1:colcon.colcon_core.environment:create_environment_scripts_only(turtlesim)
[2.270s] Level 1:colcon.colcon_core.environment:checking '/home/joaocastilho/dev_ws/install/turtlesim' for CMake module files
[2.271s] Level 1:colcon.colcon_core.environment:checking '/home/joaocastilho/dev_ws/install/turtlesim' for CMake config files
[2.272s] Level 1:colcon.colcon_core.shell:create_environment_hook('turtlesim', 'cmake_prefix_path')
[2.273s] INFO:colcon.colcon_core.shell:Creating environment hook '/home/joaocastilho/dev_ws/install/turtlesim/share/turtlesim/hook/cmake_prefix_path.ps1'
[2.274s] INFO:colcon.colcon_core.shell:Creating environment descriptor '/home/joaocastilho/dev_ws/install/turtlesim/share/turtlesim/hook/cmake_prefix_path.dsv'
[2.274s] INFO:colcon.colcon_core.shell:Creating environment hook '/home/joaocastilho/dev_ws/install/turtlesim/share/turtlesim/hook/cmake_prefix_path.sh'
[2.275s] Level 1:colcon.colcon_core.environment:checking '/home/joaocastilho/dev_ws/install/turtlesim/lib'
[2.275s] Level 1:colcon.colcon_core.shell:create_environment_hook('turtlesim', 'ld_library_path_lib')
[2.276s] INFO:colcon.colcon_core.shell:Creating environment hook '/home/joaocastilho/dev_ws/install/turtlesim/share/turtlesim/hook/ld_library_path_lib.ps1'
[2.276s] INFO:colcon.colcon_core.shell:Creating environment descriptor '/home/joaocastilho/dev_ws/install/turtlesim/share/turtlesim/hook/ld_library_path_lib.dsv'
[2.277s] INFO:colcon.colcon_core.shell:Creating environment hook '/home/joaocastilho/dev_ws/install/turtlesim/share/turtlesim/hook/ld_library_path_lib.sh'
[2.277s] Level 1:colcon.colcon_core.environment:checking '/home/joaocastilho/dev_ws/install/turtlesim/bin'
[2.278s] Level 1:colcon.colcon_core.environment:checking '/home/joaocastilho/dev_ws/install/turtlesim/lib/pkgconfig/turtlesim.pc'
[2.278s] Level 1:colcon.colcon_core.environment:checking '/home/joaocastilho/dev_ws/install/turtlesim/lib/python3.8/site-packages'
[2.278s] Level 1:colcon.colcon_core.shell:create_environment_hook('turtlesim', 'pythonpath')
[2.279s] INFO:colcon.colcon_core.shell:Creating environment hook '/home/joaocastilho/dev_ws/install/turtlesim/share/turtlesim/hook/pythonpath.ps1'
[2.279s] INFO:colcon.colcon_core.shell:Creating environment descriptor '/home/joaocastilho/dev_ws/install/turtlesim/share/turtlesim/hook/pythonpath.dsv'
[2.280s] INFO:colcon.colcon_core.shell:Creating environment hook '/home/joaocastilho/dev_ws/install/turtlesim/share/turtlesim/hook/pythonpath.sh'
[2.281s] INFO:colcon.colcon_core.shell:Creating package script '/home/joaocastilho/dev_ws/install/turtlesim/share/turtlesim/package.ps1'
[2.282s] INFO:colcon.colcon_core.shell:Creating package descriptor '/home/joaocastilho/dev_ws/install/turtlesim/share/turtlesim/package.dsv'
[2.282s] INFO:colcon.colcon_core.shell:Creating package script '/home/joaocastilho/dev_ws/install/turtlesim/share/turtlesim/package.sh'
[2.283s] INFO:colcon.colcon_core.shell:Creating package script '/home/joaocastilho/dev_ws/install/turtlesim/share/turtlesim/package.bash'
[2.283s] INFO:colcon.colcon_core.shell:Creating package script '/home/joaocastilho/dev_ws/install/turtlesim/share/turtlesim/package.zsh'
[2.284s] Level 1:colcon.colcon_core.environment:create_file_with_runtime_dependencies(/home/joaocastilho/dev_ws/install/turtlesim/share/colcon-core/packages/turtlesim)
[6.834s] DEBUG:colcon.colcon_core.event_handler.log_command:Invoked command in '/home/joaocastilho/dev_ws/build/more_interfaces' returned '0': CMAKE_PREFIX_PATH=${CMAKE_PREFIX_PATH}:/home/joaocastilho/dev_ws/install/py_pubsub:/home/joaocastilho/dev_ws/install/my_package_python:/opt/ros/foxy /usr/bin/cmake --build /home/joaocastilho/dev_ws/build/more_interfaces -- -j8 -l8
[6.888s] DEBUG:colcon.colcon_core.event_handler.log_command:Invoking command in '/home/joaocastilho/dev_ws/build/more_interfaces': CMAKE_PREFIX_PATH=${CMAKE_PREFIX_PATH}:/home/joaocastilho/dev_ws/install/py_pubsub:/home/joaocastilho/dev_ws/install/my_package_python:/opt/ros/foxy /usr/bin/cmake --install /home/joaocastilho/dev_ws/build/more_interfaces
[6.953s] Level 1:colcon.colcon_core.environment:create_environment_scripts_only(more_interfaces)
[6.954s] Level 1:colcon.colcon_core.environment:checking '/home/joaocastilho/dev_ws/install/more_interfaces' for CMake module files
[6.955s] DEBUG:colcon.colcon_core.event_handler.log_command:Invoked command in '/home/joaocastilho/dev_ws/build/more_interfaces' returned '0': CMAKE_PREFIX_PATH=${CMAKE_PREFIX_PATH}:/home/joaocastilho/dev_ws/install/py_pubsub:/home/joaocastilho/dev_ws/install/my_package_python:/opt/ros/foxy /usr/bin/cmake --install /home/joaocastilho/dev_ws/build/more_interfaces
[6.956s] Level 1:colcon.colcon_core.environment:checking '/home/joaocastilho/dev_ws/install/more_interfaces' for CMake config files
[6.956s] Level 1:colcon.colcon_core.shell:create_environment_hook('more_interfaces', 'cmake_prefix_path')
[6.957s] INFO:colcon.colcon_core.shell:Creating environment hook '/home/joaocastilho/dev_ws/install/more_interfaces/share/more_interfaces/hook/cmake_prefix_path.ps1'
[6.958s] INFO:colcon.colcon_core.shell:Creating environment descriptor '/home/joaocastilho/dev_ws/install/more_interfaces/share/more_interfaces/hook/cmake_prefix_path.dsv'
[6.958s] INFO:colcon.colcon_core.shell:Creating environment hook '/home/joaocastilho/dev_ws/install/more_interfaces/share/more_interfaces/hook/cmake_prefix_path.sh'
[6.959s] Level 1:colcon.colcon_core.environment:checking '/home/joaocastilho/dev_ws/install/more_interfaces/lib'
[6.959s] Level 1:colcon.colcon_core.shell:create_environment_hook('more_interfaces', 'ld_library_path_lib')
[6.961s] INFO:colcon.colcon_core.shell:Creating environment hook '/home/joaocastilho/dev_ws/install/more_interfaces/share/more_interfaces/hook/ld_library_path_lib.ps1'
[6.961s] INFO:colcon.colcon_core.shell:Creating environment descriptor '/home/joaocastilho/dev_ws/install/more_interfaces/share/more_interfaces/hook/ld_library_path_lib.dsv'
[6.962s] INFO:colcon.colcon_core.shell:Creating environment hook '/home/joaocastilho/dev_ws/install/more_interfaces/share/more_interfaces/hook/ld_library_path_lib.sh'
[6.962s] Level 1:colcon.colcon_core.environment:checking '/home/joaocastilho/dev_ws/install/more_interfaces/bin'
[6.962s] Level 1:colcon.colcon_core.environment:checking '/home/joaocastilho/dev_ws/install/more_interfaces/lib/pkgconfig/more_interfaces.pc'
[6.963s] Level 1:colcon.colcon_core.environment:checking '/home/joaocastilho/dev_ws/install/more_interfaces/lib/python3.8/site-packages'
[6.963s] Level 1:colcon.colcon_core.shell:create_environment_hook('more_interfaces', 'pythonpath')
[6.964s] INFO:colcon.colcon_core.shell:Creating environment hook '/home/joaocastilho/dev_ws/install/more_interfaces/share/more_interfaces/hook/pythonpath.ps1'
[6.964s] INFO:colcon.colcon_core.shell:Creating environment descriptor '/home/joaocastilho/dev_ws/install/more_interfaces/share/more_interfaces/hook/pythonpath.dsv'
[6.965s] INFO:colcon.colcon_core.shell:Creating environment hook '/home/joaocastilho/dev_ws/install/more_interfaces/share/more_interfaces/hook/pythonpath.sh'
[6.967s] INFO:colcon.colcon_core.shell:Creating package script '/home/joaocastilho/dev_ws/install/more_interfaces/share/more_interfaces/package.ps1'
[6.967s] INFO:colcon.colcon_core.shell:Creating package descriptor '/home/joaocastilho/dev_ws/install/more_interfaces/share/more_interfaces/package.dsv'
[6.968s] INFO:colcon.colcon_core.shell:Creating package script '/home/joaocastilho/dev_ws/install/more_interfaces/share/more_interfaces/package.sh'
[6.969s] INFO:colcon.colcon_core.shell:Creating package script '/home/joaocastilho/dev_ws/install/more_interfaces/share/more_interfaces/package.bash'
[6.969s] INFO:colcon.colcon_core.shell:Creating package script '/home/joaocastilho/dev_ws/install/more_interfaces/share/more_interfaces/package.zsh'
[6.970s] Level 1:colcon.colcon_core.environment:create_file_with_runtime_dependencies(/home/joaocastilho/dev_ws/install/more_interfaces/share/colcon-core/packages/more_interfaces)
[7.025s] Level 1:colcon.colcon_core.environment:create_environment_scripts_only(more_interfaces)
[7.026s] Level 1:colcon.colcon_core.environment:checking '/home/joaocastilho/dev_ws/install/more_interfaces' for CMake module files
[7.027s] Level 1:colcon.colcon_core.environment:checking '/home/joaocastilho/dev_ws/install/more_interfaces' for CMake config files
[7.028s] Level 1:colcon.colcon_core.shell:create_environment_hook('more_interfaces', 'cmake_prefix_path')
[7.028s] INFO:colcon.colcon_core.shell:Creating environment hook '/home/joaocastilho/dev_ws/install/more_interfaces/share/more_interfaces/hook/cmake_prefix_path.ps1'
[7.029s] INFO:colcon.colcon_core.shell:Creating environment descriptor '/home/joaocastilho/dev_ws/install/more_interfaces/share/more_interfaces/hook/cmake_prefix_path.dsv'
[7.029s] INFO:colcon.colcon_core.shell:Creating environment hook '/home/joaocastilho/dev_ws/install/more_interfaces/share/more_interfaces/hook/cmake_prefix_path.sh'
[7.030s] Level 1:colcon.colcon_core.environment:checking '/home/joaocastilho/dev_ws/install/more_interfaces/lib'
[7.030s] Level 1:colcon.colcon_core.shell:create_environment_hook('more_interfaces', 'ld_library_path_lib')
[7.031s] INFO:colcon.colcon_core.shell:Creating environment hook '/home/joaocastilho/dev_ws/install/more_interfaces/share/more_interfaces/hook/ld_library_path_lib.ps1'
[7.031s] INFO:colcon.colcon_core.shell:Creating environment descriptor '/home/joaocastilho/dev_ws/install/more_interfaces/share/more_interfaces/hook/ld_library_path_lib.dsv'
[7.031s] INFO:colcon.colcon_core.shell:Creating environment hook '/home/joaocastilho/dev_ws/install/more_interfaces/share/more_interfaces/hook/ld_library_path_lib.sh'
[7.032s] Level 1:colcon.colcon_core.environment:checking '/home/joaocastilho/dev_ws/install/more_interfaces/bin'
[7.032s] Level 1:colcon.colcon_core.environment:checking '/home/joaocastilho/dev_ws/install/more_interfaces/lib/pkgconfig/more_interfaces.pc'
[7.032s] Level 1:colcon.colcon_core.environment:checking '/home/joaocastilho/dev_ws/install/more_interfaces/lib/python3.8/site-packages'
[7.032s] Level 1:colcon.colcon_core.shell:create_environment_hook('more_interfaces', 'pythonpath')
[7.033s] INFO:colcon.colcon_core.shell:Creating environment hook '/home/joaocastilho/dev_ws/install/more_interfaces/share/more_interfaces/hook/pythonpath.ps1'
[7.033s] INFO:colcon.colcon_core.shell:Creating environment descriptor '/home/joaocastilho/dev_ws/install/more_interfaces/share/more_interfaces/hook/pythonpath.dsv'
[7.033s] INFO:colcon.colcon_core.shell:Creating environment hook '/home/joaocastilho/dev_ws/install/more_interfaces/share/more_interfaces/hook/pythonpath.sh'
[7.034s] INFO:colcon.colcon_core.shell:Creating package script '/home/joaocastilho/dev_ws/install/more_interfaces/share/more_interfaces/package.ps1'
[7.035s] INFO:colcon.colcon_core.shell:Creating package descriptor '/home/joaocastilho/dev_ws/install/more_interfaces/share/more_interfaces/package.dsv'
[7.035s] INFO:colcon.colcon_core.shell:Creating package script '/home/joaocastilho/dev_ws/install/more_interfaces/share/more_interfaces/package.sh'
[7.036s] INFO:colcon.colcon_core.shell:Creating package script '/home/joaocastilho/dev_ws/install/more_interfaces/share/more_interfaces/package.bash'
[7.036s] INFO:colcon.colcon_core.shell:Creating package script '/home/joaocastilho/dev_ws/install/more_interfaces/share/more_interfaces/package.zsh'
[7.037s] Level 1:colcon.colcon_core.environment:create_file_with_runtime_dependencies(/home/joaocastilho/dev_ws/install/more_interfaces/share/colcon-core/packages/more_interfaces)
[7.037s] DEBUG:colcon.colcon_parallel_executor.executor.parallel:closing loop
[7.037s] DEBUG:colcon.colcon_parallel_executor.executor.parallel:loop closed
[7.038s] DEBUG:colcon.colcon_parallel_executor.executor.parallel:run_until_complete finished with '0'
[7.038s] DEBUG:colcon.colcon_core.event_reactor:joining thread
[7.044s] INFO:colcon.colcon_core.plugin_system:Skipping extension 'colcon_notification.desktop_notification.notify_send': Could not find 'notify-send'
[7.044s] INFO:colcon.colcon_core.plugin_system:Skipping extension 'colcon_notification.desktop_notification.terminal_notifier': Not used on non-Darwin systems
[7.044s] INFO:colcon.colcon_core.plugin_system:Skipping extension 'colcon_notification.desktop_notification.win32': Not used on non-Windows systems
[7.044s] INFO:colcon.colcon_notification.desktop_notification:Sending desktop notification using 'notify2'
[7.058s] DEBUG:colcon.colcon_core.event_reactor:joined thread
[7.059s] INFO:colcon.colcon_core.shell:Creating prefix script '/home/joaocastilho/dev_ws/install/local_setup.ps1'
[7.061s] INFO:colcon.colcon_core.shell:Creating prefix util module '/home/joaocastilho/dev_ws/install/_local_setup_util_ps1.py'
[7.064s] INFO:colcon.colcon_core.shell:Creating prefix chain script '/home/joaocastilho/dev_ws/install/setup.ps1'
[7.067s] INFO:colcon.colcon_core.shell:Creating prefix script '/home/joaocastilho/dev_ws/install/local_setup.sh'
[7.068s] INFO:colcon.colcon_core.shell:Creating prefix util module '/home/joaocastilho/dev_ws/install/_local_setup_util_sh.py'
[7.068s] INFO:colcon.colcon_core.shell:Creating prefix chain script '/home/joaocastilho/dev_ws/install/setup.sh'
[7.072s] INFO:colcon.colcon_core.shell:Creating prefix script '/home/joaocastilho/dev_ws/install/local_setup.bash'
[7.073s] INFO:colcon.colcon_core.shell:Creating prefix chain script '/home/joaocastilho/dev_ws/install/setup.bash'
[7.077s] INFO:colcon.colcon_core.shell:Creating prefix script '/home/joaocastilho/dev_ws/install/local_setup.zsh'
[7.078s] INFO:colcon.colcon_core.shell:Creating prefix chain script '/home/joaocastilho/dev_ws/install/setup.zsh'
