[0.754s] Invoking command in '/home/joaocastilho/dev_ws/build/turtlesim': CMAKE_PREFIX_PATH=${CMAKE_PREFIX_PATH}:/home/joaocastilho/dev_ws/install/py_pubsub:/home/joaocastilho/dev_ws/install/my_package_python:/opt/ros/foxy /usr/bin/cmake --build /home/joaocastilho/dev_ws/build/turtlesim -- -j8 -l8
[0.839s] [ 10%] Built target turtlesim__rosidl_generator_c
[0.865s] [ 11%] Built target turtlesim__cpp
[0.898s] [ 21%] Built target turtlesim__rosidl_typesupport_c
[0.902s] [ 31%] Built target turtlesim__rosidl_typesupport_introspection_c
[0.918s] [ 41%] Built target turtlesim__rosidl_typesupport_cpp
[0.939s] [ 51%] Built target turtlesim__rosidl_typesupport_introspection_cpp
[0.941s] [ 61%] Built target turtlesim__rosidl_typesupport_fastrtps_cpp
[1.002s] [ 71%] Built target turtlesim__rosidl_typesupport_fastrtps_c
[1.032s] [ 71%] Built target turtlesim
[1.121s] [ 73%] Built target turtle_teleop_key
[1.130s] [ 74%] Built target turtlesim__py
[1.133s] [ 76%] Built target mimic
[1.154s] [ 78%] Built target draw_square
[1.178s] [ 84%] Built target turtlesim_node
[1.189s] [ 93%] Built target turtlesim__python
[1.225s] [ 95%] Built target turtlesim__rosidl_typesupport_c__pyext
[1.232s] [ 97%] Built target turtlesim__rosidl_typesupport_introspection_c__pyext
[1.240s] [100%] Built target turtlesim__rosidl_typesupport_fastrtps_c__pyext
[1.302s] Invoked command in '/home/joaocastilho/dev_ws/build/turtlesim' returned '0': CMAKE_PREFIX_PATH=${CMAKE_PREFIX_PATH}:/home/joaocastilho/dev_ws/install/py_pubsub:/home/joaocastilho/dev_ws/install/my_package_python:/opt/ros/foxy /usr/bin/cmake --build /home/joaocastilho/dev_ws/build/turtlesim -- -j8 -l8
