[0.019s] Invoking command in '/home/joaocastilho/dev_ws/build/polygon_base': CMAKE_PREFIX_PATH=/opt/ros/foxy /usr/bin/cmake /home/joaocastilho/dev_ws/src/polygon_base -DCMAKE_INSTALL_PREFIX=/home/joaocastilho/dev_ws/install/polygon_base
[0.033s] -- Found ament_cmake: 0.9.8 (/opt/ros/foxy/share/ament_cmake/cmake)
[0.058s] -- Using PYTHON_EXECUTABLE: /usr/bin/python3
[0.269s] -- Found pluginlib: 2.5.3 (/opt/ros/foxy/share/pluginlib/cmake)
[0.309s] CMake Error at CMakeLists.txt:31 (install):
[0.309s]   install DIRECTORY given no DESTINATION!
[0.309s] 
[0.310s] 
[0.310s] -- Found ament_lint_auto: 0.9.6 (/opt/ros/foxy/share/ament_lint_auto/cmake)
[0.374s] -- Added test 'copyright' to check source files copyright and LICENSE
[0.375s] -- Added test 'cppcheck' to perform static code analysis on C / C++ code
[0.375s] -- Configured cppcheck include dirs: $<BUILD_INTERFACE:/home/joaocastilho/dev_ws/src/polygon_base/include>
[0.376s] -- Configured cppcheck exclude dirs and/or files: 
[0.376s] -- Added test 'cpplint' to check C / C++ code against the Google style
[0.376s] -- Configured cpplint exclude dirs and/or files: 
[0.377s] -- Added test 'lint_cmake' to check CMake code style
[0.378s] -- Added test 'uncrustify' to check C / C++ code style
[0.378s] -- Configured uncrustify additional arguments: 
[0.378s] -- Added test 'xmllint' to check XML markup files
[0.381s] -- Configuring incomplete, errors occurred!
[0.381s] See also "/home/joaocastilho/dev_ws/build/polygon_base/CMakeFiles/CMakeOutput.log".
[0.385s] Invoked command in '/home/joaocastilho/dev_ws/build/polygon_base' returned '1': CMAKE_PREFIX_PATH=/opt/ros/foxy /usr/bin/cmake /home/joaocastilho/dev_ws/src/polygon_base -DCMAKE_INSTALL_PREFIX=/home/joaocastilho/dev_ws/install/polygon_base
