[0.817s] Invoking command in '/home/joaocastilho/dev_ws/src/my_package_python': PYTHONPATH=/home/joaocastilho/dev_ws/install/my_package_python/lib/python3.8/site-packages:${PYTHONPATH} /usr/bin/python3 setup.py egg_info --egg-base ../../build/my_package_python build --build-base /home/joaocastilho/dev_ws/build/my_package_python/build install --prefix /home/joaocastilho/dev_ws/install/my_package_python --record /home/joaocastilho/dev_ws/build/my_package_python/install.log --single-version-externally-managed
[1.236s] running egg_info
[1.237s] writing ../../build/my_package_python/my_package_python.egg-info/PKG-INFO
[1.238s] writing dependency_links to ../../build/my_package_python/my_package_python.egg-info/dependency_links.txt
[1.238s] writing entry points to ../../build/my_package_python/my_package_python.egg-info/entry_points.txt
[1.238s] writing requirements to ../../build/my_package_python/my_package_python.egg-info/requires.txt
[1.238s] writing top-level names to ../../build/my_package_python/my_package_python.egg-info/top_level.txt
[1.287s] reading manifest file '../../build/my_package_python/my_package_python.egg-info/SOURCES.txt'
[1.288s] writing manifest file '../../build/my_package_python/my_package_python.egg-info/SOURCES.txt'
[1.289s] running build
[1.289s] running build_py
[1.289s] running install
[1.290s] running install_lib
[1.292s] running install_data
[1.293s] running install_egg_info
[1.295s] removing '/home/joaocastilho/dev_ws/install/my_package_python/lib/python3.8/site-packages/my_package_python-0.0.0-py3.8.egg-info' (and everything under it)
[1.296s] Copying ../../build/my_package_python/my_package_python.egg-info to /home/joaocastilho/dev_ws/install/my_package_python/lib/python3.8/site-packages/my_package_python-0.0.0-py3.8.egg-info
[1.297s] running install_scripts
[1.318s] Installing my_node script to /home/joaocastilho/dev_ws/install/my_package_python/lib/my_package_python
[1.319s] writing list of installed files to '/home/joaocastilho/dev_ws/build/my_package_python/install.log'
[1.360s] Invoked command in '/home/joaocastilho/dev_ws/src/my_package_python' returned '0': PYTHONPATH=/home/joaocastilho/dev_ws/install/my_package_python/lib/python3.8/site-packages:${PYTHONPATH} /usr/bin/python3 setup.py egg_info --egg-base ../../build/my_package_python build --build-base /home/joaocastilho/dev_ws/build/my_package_python/build install --prefix /home/joaocastilho/dev_ws/install/my_package_python --record /home/joaocastilho/dev_ws/build/my_package_python/install.log --single-version-externally-managed
