[0.067s] Invoking command in '/home/joaocastilho/dev_ws/build/tutorial_interfaces': CMAKE_PREFIX_PATH=${CMAKE_PREFIX_PATH}:/home/joaocastilho/dev_ws/install/py_pubsub:/home/joaocastilho/dev_ws/install/my_package_python:/opt/ros/foxy /usr/bin/cmake --build /home/joaocastilho/dev_ws/build/tutorial_interfaces -- -j8 -l8
[0.811s] [  2%] Built target tutorial_interfaces__cpp
[0.811s] [  6%] Built target talker
[0.812s] [ 11%] Built target listener
[0.813s] [ 20%] Built target tutorial_interfaces__rosidl_generator_c
[0.813s] [ 30%] Built target tutorial_interfaces__rosidl_typesupport_introspection_cpp
[0.813s] [ 39%] Built target tutorial_interfaces__rosidl_typesupport_cpp
[0.813s] [ 48%] Built target tutorial_interfaces__rosidl_typesupport_fastrtps_cpp
[0.813s] [ 58%] Built target tutorial_interfaces__rosidl_typesupport_introspection_c
[0.814s] [ 67%] Built target tutorial_interfaces__rosidl_typesupport_c
[0.814s] [ 76%] Built target tutorial_interfaces__rosidl_typesupport_fastrtps_c
[0.814s] [ 76%] Built target tutorial_interfaces
[0.814s] [ 79%] Built target tutorial_interfaces__py
[0.814s] [ 86%] Built target tutorial_interfaces__python
[0.814s] [ 90%] Built target tutorial_interfaces__rosidl_typesupport_fastrtps_c__pyext
[0.814s] [ 95%] Built target tutorial_interfaces__rosidl_typesupport_introspection_c__pyext
[0.814s] [100%] Built target tutorial_interfaces__rosidl_typesupport_c__pyext
[0.817s] Invoked command in '/home/joaocastilho/dev_ws/build/tutorial_interfaces' returned '0': CMAKE_PREFIX_PATH=${CMAKE_PREFIX_PATH}:/home/joaocastilho/dev_ws/install/py_pubsub:/home/joaocastilho/dev_ws/install/my_package_python:/opt/ros/foxy /usr/bin/cmake --build /home/joaocastilho/dev_ws/build/tutorial_interfaces -- -j8 -l8
[1.017s] Invoking command in '/home/joaocastilho/dev_ws/build/tutorial_interfaces': CMAKE_PREFIX_PATH=${CMAKE_PREFIX_PATH}:/home/joaocastilho/dev_ws/install/py_pubsub:/home/joaocastilho/dev_ws/install/my_package_python:/opt/ros/foxy /usr/bin/cmake --install /home/joaocastilho/dev_ws/build/tutorial_interfaces
[1.038s] -- Install configuration: ""
[1.038s] -- Up-to-date: /home/joaocastilho/dev_ws/install/tutorial_interfaces/share/ament_index/resource_index/rosidl_interfaces/tutorial_interfaces
[1.039s] -- Up-to-date: /home/joaocastilho/dev_ws/install/tutorial_interfaces/include/tutorial_interfaces
[1.039s] -- Up-to-date: /home/joaocastilho/dev_ws/install/tutorial_interfaces/include/tutorial_interfaces/msg
[1.040s] -- Up-to-date: /home/joaocastilho/dev_ws/install/tutorial_interfaces/include/tutorial_interfaces/msg/num.h
[1.040s] -- Up-to-date: /home/joaocastilho/dev_ws/install/tutorial_interfaces/include/tutorial_interfaces/msg/rosidl_generator_c__visibility_control.h
[1.042s] -- Up-to-date: /home/joaocastilho/dev_ws/install/tutorial_interfaces/include/tutorial_interfaces/msg/detail
[1.042s] -- Up-to-date: /home/joaocastilho/dev_ws/install/tutorial_interfaces/include/tutorial_interfaces/msg/detail/num__type_support.h
[1.043s] -- Up-to-date: /home/joaocastilho/dev_ws/install/tutorial_interfaces/include/tutorial_interfaces/msg/detail/num__functions.c
[1.043s] -- Up-to-date: /home/joaocastilho/dev_ws/install/tutorial_interfaces/include/tutorial_interfaces/msg/detail/num__functions.h
[1.044s] -- Up-to-date: /home/joaocastilho/dev_ws/install/tutorial_interfaces/include/tutorial_interfaces/msg/detail/num__struct.h
[1.044s] -- Up-to-date: /home/joaocastilho/dev_ws/install/tutorial_interfaces/include/tutorial_interfaces/srv
[1.044s] -- Up-to-date: /home/joaocastilho/dev_ws/install/tutorial_interfaces/include/tutorial_interfaces/srv/detail
[1.044s] -- Up-to-date: /home/joaocastilho/dev_ws/install/tutorial_interfaces/include/tutorial_interfaces/srv/detail/add_three_ints__functions.c
[1.044s] -- Up-to-date: /home/joaocastilho/dev_ws/install/tutorial_interfaces/include/tutorial_interfaces/srv/detail/add_three_ints__type_support.h
[1.044s] -- Up-to-date: /home/joaocastilho/dev_ws/install/tutorial_interfaces/include/tutorial_interfaces/srv/detail/add_three_ints__struct.h
[1.045s] -- Up-to-date: /home/joaocastilho/dev_ws/install/tutorial_interfaces/include/tutorial_interfaces/srv/detail/add_three_ints__functions.h
[1.045s] -- Up-to-date: /home/joaocastilho/dev_ws/install/tutorial_interfaces/include/tutorial_interfaces/srv/add_three_ints.h
[1.045s] -- Up-to-date: /home/joaocastilho/dev_ws/install/tutorial_interfaces/share/tutorial_interfaces/environment/library_path.sh
[1.045s] -- Up-to-date: /home/joaocastilho/dev_ws/install/tutorial_interfaces/share/tutorial_interfaces/environment/library_path.dsv
[1.045s] -- Up-to-date: /home/joaocastilho/dev_ws/install/tutorial_interfaces/lib/libtutorial_interfaces__rosidl_generator_c.so
[1.045s] -- Up-to-date: /home/joaocastilho/dev_ws/install/tutorial_interfaces/include/tutorial_interfaces
[1.045s] -- Up-to-date: /home/joaocastilho/dev_ws/install/tutorial_interfaces/include/tutorial_interfaces/msg
[1.046s] -- Up-to-date: /home/joaocastilho/dev_ws/install/tutorial_interfaces/include/tutorial_interfaces/msg/detail
[1.046s] -- Up-to-date: /home/joaocastilho/dev_ws/install/tutorial_interfaces/include/tutorial_interfaces/msg/detail/num__rosidl_typesupport_fastrtps_c.h
[1.046s] -- Up-to-date: /home/joaocastilho/dev_ws/install/tutorial_interfaces/include/tutorial_interfaces/msg/rosidl_typesupport_fastrtps_c__visibility_control.h
[1.047s] -- Up-to-date: /home/joaocastilho/dev_ws/install/tutorial_interfaces/include/tutorial_interfaces/srv
[1.047s] -- Up-to-date: /home/joaocastilho/dev_ws/install/tutorial_interfaces/include/tutorial_interfaces/srv/detail
[1.047s] -- Up-to-date: /home/joaocastilho/dev_ws/install/tutorial_interfaces/include/tutorial_interfaces/srv/detail/add_three_ints__rosidl_typesupport_fastrtps_c.h
[1.047s] -- Up-to-date: /home/joaocastilho/dev_ws/install/tutorial_interfaces/lib/libtutorial_interfaces__rosidl_typesupport_fastrtps_c.so
[1.048s] -- Up-to-date: /home/joaocastilho/dev_ws/install/tutorial_interfaces/include/tutorial_interfaces
[1.048s] -- Up-to-date: /home/joaocastilho/dev_ws/install/tutorial_interfaces/include/tutorial_interfaces/msg
[1.048s] -- Up-to-date: /home/joaocastilho/dev_ws/install/tutorial_interfaces/include/tutorial_interfaces/msg/rosidl_typesupport_fastrtps_cpp__visibility_control.h
[1.048s] -- Up-to-date: /home/joaocastilho/dev_ws/install/tutorial_interfaces/include/tutorial_interfaces/msg/detail
[1.048s] -- Up-to-date: /home/joaocastilho/dev_ws/install/tutorial_interfaces/include/tutorial_interfaces/msg/detail/num__rosidl_typesupport_fastrtps_cpp.hpp
[1.049s] -- Up-to-date: /home/joaocastilho/dev_ws/install/tutorial_interfaces/include/tutorial_interfaces/msg/detail/dds_fastrtps
[1.049s] -- Up-to-date: /home/joaocastilho/dev_ws/install/tutorial_interfaces/include/tutorial_interfaces/srv
[1.049s] -- Up-to-date: /home/joaocastilho/dev_ws/install/tutorial_interfaces/include/tutorial_interfaces/srv/detail
[1.049s] -- Up-to-date: /home/joaocastilho/dev_ws/install/tutorial_interfaces/include/tutorial_interfaces/srv/detail/dds_fastrtps
[1.049s] -- Up-to-date: /home/joaocastilho/dev_ws/install/tutorial_interfaces/include/tutorial_interfaces/srv/detail/add_three_ints__rosidl_typesupport_fastrtps_cpp.hpp
[1.049s] -- Up-to-date: /home/joaocastilho/dev_ws/install/tutorial_interfaces/lib/libtutorial_interfaces__rosidl_typesupport_fastrtps_cpp.so
[1.049s] -- Up-to-date: /home/joaocastilho/dev_ws/install/tutorial_interfaces/include/tutorial_interfaces
[1.049s] -- Up-to-date: /home/joaocastilho/dev_ws/install/tutorial_interfaces/include/tutorial_interfaces/msg
[1.050s] -- Up-to-date: /home/joaocastilho/dev_ws/install/tutorial_interfaces/include/tutorial_interfaces/msg/detail
[1.050s] -- Up-to-date: /home/joaocastilho/dev_ws/install/tutorial_interfaces/include/tutorial_interfaces/msg/detail/num__type_support.c
[1.050s] -- Up-to-date: /home/joaocastilho/dev_ws/install/tutorial_interfaces/include/tutorial_interfaces/msg/detail/num__rosidl_typesupport_introspection_c.h
[1.050s] -- Up-to-date: /home/joaocastilho/dev_ws/install/tutorial_interfaces/include/tutorial_interfaces/msg/rosidl_typesupport_introspection_c__visibility_control.h
[1.050s] -- Up-to-date: /home/joaocastilho/dev_ws/install/tutorial_interfaces/include/tutorial_interfaces/srv
[1.050s] -- Up-to-date: /home/joaocastilho/dev_ws/install/tutorial_interfaces/include/tutorial_interfaces/srv/detail
[1.050s] -- Up-to-date: /home/joaocastilho/dev_ws/install/tutorial_interfaces/include/tutorial_interfaces/srv/detail/add_three_ints__rosidl_typesupport_introspection_c.h
[1.051s] -- Up-to-date: /home/joaocastilho/dev_ws/install/tutorial_interfaces/include/tutorial_interfaces/srv/detail/add_three_ints__type_support.c
[1.051s] -- Up-to-date: /home/joaocastilho/dev_ws/install/tutorial_interfaces/lib/libtutorial_interfaces__rosidl_typesupport_introspection_c.so
[1.051s] -- Up-to-date: /home/joaocastilho/dev_ws/install/tutorial_interfaces/lib/libtutorial_interfaces__rosidl_typesupport_c.so
[1.051s] -- Up-to-date: /home/joaocastilho/dev_ws/install/tutorial_interfaces/include/tutorial_interfaces
[1.051s] -- Up-to-date: /home/joaocastilho/dev_ws/install/tutorial_interfaces/include/tutorial_interfaces/msg
[1.051s] -- Up-to-date: /home/joaocastilho/dev_ws/install/tutorial_interfaces/include/tutorial_interfaces/msg/detail
[1.051s] -- Up-to-date: /home/joaocastilho/dev_ws/install/tutorial_interfaces/include/tutorial_interfaces/msg/detail/num__struct.hpp
[1.052s] -- Up-to-date: /home/joaocastilho/dev_ws/install/tutorial_interfaces/include/tutorial_interfaces/msg/detail/num__builder.hpp
[1.052s] -- Up-to-date: /home/joaocastilho/dev_ws/install/tutorial_interfaces/include/tutorial_interfaces/msg/detail/num__traits.hpp
[1.052s] -- Up-to-date: /home/joaocastilho/dev_ws/install/tutorial_interfaces/include/tutorial_interfaces/msg/num.hpp
[1.052s] -- Up-to-date: /home/joaocastilho/dev_ws/install/tutorial_interfaces/include/tutorial_interfaces/srv
[1.052s] -- Up-to-date: /home/joaocastilho/dev_ws/install/tutorial_interfaces/include/tutorial_interfaces/srv/add_three_ints.hpp
[1.052s] -- Up-to-date: /home/joaocastilho/dev_ws/install/tutorial_interfaces/include/tutorial_interfaces/srv/detail
[1.052s] -- Up-to-date: /home/joaocastilho/dev_ws/install/tutorial_interfaces/include/tutorial_interfaces/srv/detail/add_three_ints__traits.hpp
[1.052s] -- Up-to-date: /home/joaocastilho/dev_ws/install/tutorial_interfaces/include/tutorial_interfaces/srv/detail/add_three_ints__struct.hpp
[1.053s] -- Up-to-date: /home/joaocastilho/dev_ws/install/tutorial_interfaces/include/tutorial_interfaces/srv/detail/add_three_ints__builder.hpp
[1.053s] -- Up-to-date: /home/joaocastilho/dev_ws/install/tutorial_interfaces/include/tutorial_interfaces
[1.053s] -- Up-to-date: /home/joaocastilho/dev_ws/install/tutorial_interfaces/include/tutorial_interfaces/msg
[1.053s] -- Up-to-date: /home/joaocastilho/dev_ws/install/tutorial_interfaces/include/tutorial_interfaces/msg/detail
[1.053s] -- Up-to-date: /home/joaocastilho/dev_ws/install/tutorial_interfaces/include/tutorial_interfaces/msg/detail/num__type_support.cpp
[1.053s] -- Up-to-date: /home/joaocastilho/dev_ws/install/tutorial_interfaces/include/tutorial_interfaces/msg/detail/num__rosidl_typesupport_introspection_cpp.hpp
[1.053s] -- Up-to-date: /home/joaocastilho/dev_ws/install/tutorial_interfaces/include/tutorial_interfaces/srv
[1.053s] -- Up-to-date: /home/joaocastilho/dev_ws/install/tutorial_interfaces/include/tutorial_interfaces/srv/detail
[1.054s] -- Up-to-date: /home/joaocastilho/dev_ws/install/tutorial_interfaces/include/tutorial_interfaces/srv/detail/add_three_ints__rosidl_typesupport_introspection_cpp.hpp
[1.054s] -- Up-to-date: /home/joaocastilho/dev_ws/install/tutorial_interfaces/include/tutorial_interfaces/srv/detail/add_three_ints__type_support.cpp
[1.054s] -- Up-to-date: /home/joaocastilho/dev_ws/install/tutorial_interfaces/lib/libtutorial_interfaces__rosidl_typesupport_introspection_cpp.so
[1.054s] -- Up-to-date: /home/joaocastilho/dev_ws/install/tutorial_interfaces/lib/libtutorial_interfaces__rosidl_typesupport_cpp.so
[1.054s] -- Up-to-date: /home/joaocastilho/dev_ws/install/tutorial_interfaces/share/tutorial_interfaces/environment/pythonpath.sh
[1.054s] -- Up-to-date: /home/joaocastilho/dev_ws/install/tutorial_interfaces/share/tutorial_interfaces/environment/pythonpath.dsv
[1.054s] -- Up-to-date: /home/joaocastilho/dev_ws/install/tutorial_interfaces/lib/python3.8/site-packages/tutorial_interfaces/__init__.py
[1.106s] -- Up-to-date: /home/joaocastilho/dev_ws/install/tutorial_interfaces/lib/python3.8/site-packages/tutorial_interfaces/msg
[1.107s] -- Up-to-date: /home/joaocastilho/dev_ws/install/tutorial_interfaces/lib/python3.8/site-packages/tutorial_interfaces/msg/_num_s.c
[1.107s] -- Up-to-date: /home/joaocastilho/dev_ws/install/tutorial_interfaces/lib/python3.8/site-packages/tutorial_interfaces/msg/__init__.py
[1.107s] -- Up-to-date: /home/joaocastilho/dev_ws/install/tutorial_interfaces/lib/python3.8/site-packages/tutorial_interfaces/msg/_num.py
[1.107s] -- Up-to-date: /home/joaocastilho/dev_ws/install/tutorial_interfaces/lib/python3.8/site-packages/tutorial_interfaces/srv
[1.107s] -- Up-to-date: /home/joaocastilho/dev_ws/install/tutorial_interfaces/lib/python3.8/site-packages/tutorial_interfaces/srv/_add_three_ints_s.c
[1.107s] -- Up-to-date: /home/joaocastilho/dev_ws/install/tutorial_interfaces/lib/python3.8/site-packages/tutorial_interfaces/srv/__init__.py
[1.108s] -- Up-to-date: /home/joaocastilho/dev_ws/install/tutorial_interfaces/lib/python3.8/site-packages/tutorial_interfaces/srv/_add_three_ints.py
[1.108s] -- Up-to-date: /home/joaocastilho/dev_ws/install/tutorial_interfaces/lib/python3.8/site-packages/tutorial_interfaces/tutorial_interfaces_s__rosidl_typesupport_fastrtps_c.cpython-38-x86_64-linux-gnu.so
[1.108s] -- Up-to-date: /home/joaocastilho/dev_ws/install/tutorial_interfaces/lib/python3.8/site-packages/tutorial_interfaces/tutorial_interfaces_s__rosidl_typesupport_introspection_c.cpython-38-x86_64-linux-gnu.so
[1.109s] -- Up-to-date: /home/joaocastilho/dev_ws/install/tutorial_interfaces/lib/python3.8/site-packages/tutorial_interfaces/tutorial_interfaces_s__rosidl_typesupport_c.cpython-38-x86_64-linux-gnu.so
[1.110s] -- Up-to-date: /home/joaocastilho/dev_ws/install/tutorial_interfaces/lib/libtutorial_interfaces__python.so
[1.110s] -- Up-to-date: /home/joaocastilho/dev_ws/install/tutorial_interfaces/share/tutorial_interfaces/msg/Num.idl
[1.110s] -- Up-to-date: /home/joaocastilho/dev_ws/install/tutorial_interfaces/share/tutorial_interfaces/srv/AddThreeInts.idl
[1.111s] -- Up-to-date: /home/joaocastilho/dev_ws/install/tutorial_interfaces/share/tutorial_interfaces/msg/Num.msg
[1.111s] -- Up-to-date: /home/joaocastilho/dev_ws/install/tutorial_interfaces/share/tutorial_interfaces/srv/AddThreeInts.srv
[1.111s] -- Up-to-date: /home/joaocastilho/dev_ws/install/tutorial_interfaces/share/tutorial_interfaces/srv/AddThreeInts_Request.msg
[1.111s] -- Up-to-date: /home/joaocastilho/dev_ws/install/tutorial_interfaces/share/tutorial_interfaces/srv/AddThreeInts_Response.msg
[1.111s] -- Up-to-date: /home/joaocastilho/dev_ws/install/tutorial_interfaces/lib/tutorial_interfaces/talker
[1.111s] -- Up-to-date: /home/joaocastilho/dev_ws/install/tutorial_interfaces/lib/tutorial_interfaces/listener
[1.112s] -- Up-to-date: /home/joaocastilho/dev_ws/install/tutorial_interfaces/share/ament_index/resource_index/package_run_dependencies/tutorial_interfaces
[1.112s] -- Up-to-date: /home/joaocastilho/dev_ws/install/tutorial_interfaces/share/ament_index/resource_index/parent_prefix_path/tutorial_interfaces
[1.112s] -- Up-to-date: /home/joaocastilho/dev_ws/install/tutorial_interfaces/share/tutorial_interfaces/environment/ament_prefix_path.sh
[1.113s] -- Up-to-date: /home/joaocastilho/dev_ws/install/tutorial_interfaces/share/tutorial_interfaces/environment/ament_prefix_path.dsv
[1.113s] -- Up-to-date: /home/joaocastilho/dev_ws/install/tutorial_interfaces/share/tutorial_interfaces/environment/path.sh
[1.113s] -- Up-to-date: /home/joaocastilho/dev_ws/install/tutorial_interfaces/share/tutorial_interfaces/environment/path.dsv
[1.113s] -- Up-to-date: /home/joaocastilho/dev_ws/install/tutorial_interfaces/share/tutorial_interfaces/local_setup.bash
[1.114s] -- Up-to-date: /home/joaocastilho/dev_ws/install/tutorial_interfaces/share/tutorial_interfaces/local_setup.sh
[1.114s] -- Up-to-date: /home/joaocastilho/dev_ws/install/tutorial_interfaces/share/tutorial_interfaces/local_setup.zsh
[1.114s] -- Up-to-date: /home/joaocastilho/dev_ws/install/tutorial_interfaces/share/tutorial_interfaces/local_setup.dsv
[1.114s] -- Installing: /home/joaocastilho/dev_ws/install/tutorial_interfaces/share/tutorial_interfaces/package.dsv
[1.114s] -- Up-to-date: /home/joaocastilho/dev_ws/install/tutorial_interfaces/share/ament_index/resource_index/packages/tutorial_interfaces
[1.115s] -- Up-to-date: /home/joaocastilho/dev_ws/install/tutorial_interfaces/share/tutorial_interfaces/cmake/tutorial_interfaces__rosidl_generator_cExport.cmake
[1.115s] -- Up-to-date: /home/joaocastilho/dev_ws/install/tutorial_interfaces/share/tutorial_interfaces/cmake/tutorial_interfaces__rosidl_generator_cExport-noconfig.cmake
[1.115s] -- Up-to-date: /home/joaocastilho/dev_ws/install/tutorial_interfaces/share/tutorial_interfaces/cmake/tutorial_interfaces__rosidl_typesupport_introspection_cExport.cmake
[1.115s] -- Up-to-date: /home/joaocastilho/dev_ws/install/tutorial_interfaces/share/tutorial_interfaces/cmake/tutorial_interfaces__rosidl_typesupport_introspection_cExport-noconfig.cmake
[1.115s] -- Up-to-date: /home/joaocastilho/dev_ws/install/tutorial_interfaces/share/tutorial_interfaces/cmake/tutorial_interfaces__rosidl_typesupport_cExport.cmake
[1.116s] -- Up-to-date: /home/joaocastilho/dev_ws/install/tutorial_interfaces/share/tutorial_interfaces/cmake/tutorial_interfaces__rosidl_typesupport_cExport-noconfig.cmake
[1.116s] -- Up-to-date: /home/joaocastilho/dev_ws/install/tutorial_interfaces/share/tutorial_interfaces/cmake/tutorial_interfaces__rosidl_generator_cppExport.cmake
[1.116s] -- Up-to-date: /home/joaocastilho/dev_ws/install/tutorial_interfaces/share/tutorial_interfaces/cmake/tutorial_interfaces__rosidl_typesupport_introspection_cppExport.cmake
[1.116s] -- Up-to-date: /home/joaocastilho/dev_ws/install/tutorial_interfaces/share/tutorial_interfaces/cmake/tutorial_interfaces__rosidl_typesupport_introspection_cppExport-noconfig.cmake
[1.116s] -- Up-to-date: /home/joaocastilho/dev_ws/install/tutorial_interfaces/share/tutorial_interfaces/cmake/tutorial_interfaces__rosidl_typesupport_cppExport.cmake
[1.116s] -- Up-to-date: /home/joaocastilho/dev_ws/install/tutorial_interfaces/share/tutorial_interfaces/cmake/tutorial_interfaces__rosidl_typesupport_cppExport-noconfig.cmake
[1.116s] -- Up-to-date: /home/joaocastilho/dev_ws/install/tutorial_interfaces/share/tutorial_interfaces/cmake/rosidl_cmake-extras.cmake
[1.117s] -- Up-to-date: /home/joaocastilho/dev_ws/install/tutorial_interfaces/share/tutorial_interfaces/cmake/ament_cmake_export_dependencies-extras.cmake
[1.117s] -- Up-to-date: /home/joaocastilho/dev_ws/install/tutorial_interfaces/share/tutorial_interfaces/cmake/ament_cmake_export_libraries-extras.cmake
[1.117s] -- Up-to-date: /home/joaocastilho/dev_ws/install/tutorial_interfaces/share/tutorial_interfaces/cmake/ament_cmake_export_targets-extras.cmake
[1.117s] -- Up-to-date: /home/joaocastilho/dev_ws/install/tutorial_interfaces/share/tutorial_interfaces/cmake/ament_cmake_export_include_directories-extras.cmake
[1.117s] -- Up-to-date: /home/joaocastilho/dev_ws/install/tutorial_interfaces/share/tutorial_interfaces/cmake/rosidl_cmake_export_typesupport_libraries-extras.cmake
[1.118s] -- Up-to-date: /home/joaocastilho/dev_ws/install/tutorial_interfaces/share/tutorial_interfaces/cmake/rosidl_cmake_export_typesupport_targets-extras.cmake
[1.127s] -- Up-to-date: /home/joaocastilho/dev_ws/install/tutorial_interfaces/share/tutorial_interfaces/cmake/tutorial_interfacesConfig.cmake
[1.127s] -- Up-to-date: /home/joaocastilho/dev_ws/install/tutorial_interfaces/share/tutorial_interfaces/cmake/tutorial_interfacesConfig-version.cmake
[1.127s] -- Up-to-date: /home/joaocastilho/dev_ws/install/tutorial_interfaces/share/tutorial_interfaces/package.xml
[1.128s] Invoked command in '/home/joaocastilho/dev_ws/build/tutorial_interfaces' returned '0': CMAKE_PREFIX_PATH=${CMAKE_PREFIX_PATH}:/home/joaocastilho/dev_ws/install/py_pubsub:/home/joaocastilho/dev_ws/install/my_package_python:/opt/ros/foxy /usr/bin/cmake --install /home/joaocastilho/dev_ws/build/tutorial_interfaces
