[0.348s] Invoking command in '/home/joaocastilho/dev_ws/src/my_package_python': PYTHONPATH=/home/joaocastilho/dev_ws/install/my_package_python/lib/python3.8/site-packages:${PYTHONPATH} /usr/bin/python3 setup.py egg_info --egg-base ../../build/my_package_python build --build-base /home/joaocastilho/dev_ws/build/my_package_python/build install --prefix /home/joaocastilho/dev_ws/install/my_package_python --record /home/joaocastilho/dev_ws/build/my_package_python/install.log --single-version-externally-managed
[0.694s] /home/joaocastilho/.local/lib/python3.8/site-packages/setuptools/dist.py:697: UserWarning: Usage of dash-separated 'script-dir' will not be supported in future versions. Please use the underscore name 'script_dir' instead
[0.695s]   warnings.warn(
[0.695s] /home/joaocastilho/.local/lib/python3.8/site-packages/setuptools/dist.py:697: UserWarning: Usage of dash-separated 'install-scripts' will not be supported in future versions. Please use the underscore name 'install_scripts' instead
[0.695s]   warnings.warn(
[0.730s] running egg_info
[0.731s] writing ../../build/my_package_python/my_package_python.egg-info/PKG-INFO
[0.731s] writing dependency_links to ../../build/my_package_python/my_package_python.egg-info/dependency_links.txt
[0.731s] writing entry points to ../../build/my_package_python/my_package_python.egg-info/entry_points.txt
[0.732s] writing requirements to ../../build/my_package_python/my_package_python.egg-info/requires.txt
[0.732s] writing top-level names to ../../build/my_package_python/my_package_python.egg-info/top_level.txt
[0.768s] reading manifest file '../../build/my_package_python/my_package_python.egg-info/SOURCES.txt'
[0.769s] writing manifest file '../../build/my_package_python/my_package_python.egg-info/SOURCES.txt'
[0.769s] running build
[0.769s] running build_py
[0.769s] running install
[0.770s] running install_lib
[0.772s] running install_data
[0.773s] running install_egg_info
[0.775s] removing '/home/joaocastilho/dev_ws/install/my_package_python/lib/python3.8/site-packages/my_package_python-0.0.0-py3.8.egg-info' (and everything under it)
[0.775s] Copying ../../build/my_package_python/my_package_python.egg-info to /home/joaocastilho/dev_ws/install/my_package_python/lib/python3.8/site-packages/my_package_python-0.0.0-py3.8.egg-info
[0.776s] running install_scripts
[0.796s] Installing my_node script to /home/joaocastilho/dev_ws/install/my_package_python/lib/my_package_python
[0.797s] writing list of installed files to '/home/joaocastilho/dev_ws/build/my_package_python/install.log'
[0.832s] Invoked command in '/home/joaocastilho/dev_ws/src/my_package_python' returned '0': PYTHONPATH=/home/joaocastilho/dev_ws/install/my_package_python/lib/python3.8/site-packages:${PYTHONPATH} /usr/bin/python3 setup.py egg_info --egg-base ../../build/my_package_python build --build-base /home/joaocastilho/dev_ws/build/my_package_python/build install --prefix /home/joaocastilho/dev_ws/install/my_package_python --record /home/joaocastilho/dev_ws/build/my_package_python/install.log --single-version-externally-managed
