[0.064s] Invoking command in '/home/joaocastilho/dev_ws/build/more_interfaces': CMAKE_PREFIX_PATH=${CMAKE_PREFIX_PATH}:/home/joaocastilho/dev_ws/install/py_pubsub:/home/joaocastilho/dev_ws/install/my_package_python:/opt/ros/foxy /usr/bin/cmake --build /home/joaocastilho/dev_ws/build/more_interfaces -- -j8 -l8
[0.802s] -- Found ament_cmake: 0.9.8 (/opt/ros/foxy/share/ament_cmake/cmake)
[0.803s] -- Found PythonInterp: /usr/bin/python3 (found suitable version "3.8.10", minimum required is "3") 
[0.803s] -- Using PYTHON_EXECUTABLE: /usr/bin/python3
[0.803s] -- Found rosidl_default_generators: 1.0.1 (/opt/ros/foxy/share/rosidl_default_generators/cmake)
[0.803s] -- Using all available rosidl_typesupport_c: rosidl_typesupport_fastrtps_c;rosidl_typesupport_introspection_c
[0.803s] -- Found rosidl_adapter: 1.2.1 (/opt/ros/foxy/share/rosidl_adapter/cmake)
[0.803s] -- Using all available rosidl_typesupport_cpp: rosidl_typesupport_fastrtps_cpp;rosidl_typesupport_introspection_cpp
[0.803s] -- Found rclcpp: 2.3.1 (/opt/ros/foxy/share/rclcpp/cmake)
[0.804s] -- Found rmw_implementation_cmake: 1.0.3 (/opt/ros/foxy/share/rmw_implementation_cmake/cmake)
[0.804s] -- Using RMW implementation 'rmw_fastrtps_cpp' as default
[0.883s] -- Found PythonInterp: /usr/bin/python3 (found version "3.8.10") 
[1.115s] -- Found ament_cmake_ros: 0.9.2 (/opt/ros/foxy/share/ament_cmake_ros/cmake)
[1.293s] -- Using all available rosidl_typesupport_c: rosidl_typesupport_fastrtps_c;rosidl_typesupport_introspection_c
[1.303s] -- Using all available rosidl_typesupport_cpp: rosidl_typesupport_fastrtps_cpp;rosidl_typesupport_introspection_cpp
[1.337s] -- Found PythonInterp: /usr/bin/python3 (found suitable version "3.8.10", minimum required is "3.5") 
[1.339s] -- Found python_cmake_module: 0.8.1 (/opt/ros/foxy/share/python_cmake_module/cmake)
[1.376s] -- Using PYTHON_EXECUTABLE: /usr/bin/python3
[1.376s] -- Using PYTHON_INCLUDE_DIRS: /usr/include/python3.8
[1.376s] -- Using PYTHON_LIBRARIES: /usr/lib/x86_64-linux-gnu/libpython3.8.so
[1.406s] CMake Error at /opt/ros/foxy/share/rosidl_cmake/cmake/rosidl_target_interfaces.cmake:33 (message):
[1.412s]   rosidl_target_interfaces() called with unused arguments:
[1.413s]   rosidl_typesupport_cpp
[1.413s] Call Stack (most recent call first):
[1.413s]   CMakeLists.txt:52 (rosidl_target_interfaces)
[1.413s] 
[1.413s] 
[1.413s] -- Configuring incomplete, errors occurred!
[1.413s] See also "/home/joaocastilho/dev_ws/build/more_interfaces/CMakeFiles/CMakeOutput.log".
[1.414s] See also "/home/joaocastilho/dev_ws/build/more_interfaces/CMakeFiles/CMakeError.log".
[1.424s] make: *** [Makefile:836: cmake_check_build_system] Error 1
[1.438s] Invoked command in '/home/joaocastilho/dev_ws/build/more_interfaces' returned '2': CMAKE_PREFIX_PATH=${CMAKE_PREFIX_PATH}:/home/joaocastilho/dev_ws/install/py_pubsub:/home/joaocastilho/dev_ws/install/my_package_python:/opt/ros/foxy /usr/bin/cmake --build /home/joaocastilho/dev_ws/build/more_interfaces -- -j8 -l8
