[0.348s] Invoking command in '/home/joaocastilho/dev_ws/src/my_package_python': PYTHONPATH=/home/joaocastilho/dev_ws/install/my_package_python/lib/python3.8/site-packages:${PYTHONPATH} /usr/bin/python3 setup.py egg_info --egg-base ../../build/my_package_python build --build-base /home/joaocastilho/dev_ws/build/my_package_python/build install --prefix /home/joaocastilho/dev_ws/install/my_package_python --record /home/joaocastilho/dev_ws/build/my_package_python/install.log --single-version-externally-managed
[0.664s] /home/joaocastilho/.local/lib/python3.8/site-packages/setuptools/dist.py:697: UserWarning: Usage of dash-separated 'script-dir' will not be supported in future versions. Please use the underscore name 'script_dir' instead
[0.664s]   warnings.warn(
[0.664s] /home/joaocastilho/.local/lib/python3.8/site-packages/setuptools/dist.py:697: UserWarning: Usage of dash-separated 'install-scripts' will not be supported in future versions. Please use the underscore name 'install_scripts' instead
[0.664s]   warnings.warn(
[0.703s] running egg_info
[0.704s] creating ../../build/my_package_python/my_package_python.egg-info
[0.704s] writing ../../build/my_package_python/my_package_python.egg-info/PKG-INFO
[0.705s] writing dependency_links to ../../build/my_package_python/my_package_python.egg-info/dependency_links.txt
[0.705s] writing entry points to ../../build/my_package_python/my_package_python.egg-info/entry_points.txt
[0.705s] writing requirements to ../../build/my_package_python/my_package_python.egg-info/requires.txt
[0.705s] writing top-level names to ../../build/my_package_python/my_package_python.egg-info/top_level.txt
[0.708s] writing manifest file '../../build/my_package_python/my_package_python.egg-info/SOURCES.txt'
[0.749s] reading manifest file '../../build/my_package_python/my_package_python.egg-info/SOURCES.txt'
[0.750s] writing manifest file '../../build/my_package_python/my_package_python.egg-info/SOURCES.txt'
[0.750s] running build
[0.750s] running build_py
[0.750s] creating /home/joaocastilho/dev_ws/build/my_package_python/build
[0.750s] creating /home/joaocastilho/dev_ws/build/my_package_python/build/lib
[0.750s] creating /home/joaocastilho/dev_ws/build/my_package_python/build/lib/my_package_python
[0.750s] copying my_package_python/__init__.py -> /home/joaocastilho/dev_ws/build/my_package_python/build/lib/my_package_python
[0.751s] copying my_package_python/my_node.py -> /home/joaocastilho/dev_ws/build/my_package_python/build/lib/my_package_python
[0.751s] running install
[0.751s] running install_lib
[0.753s] creating /home/joaocastilho/dev_ws/install/my_package_python/lib/python3.8/site-packages/my_package_python
[0.753s] copying /home/joaocastilho/dev_ws/build/my_package_python/build/lib/my_package_python/__init__.py -> /home/joaocastilho/dev_ws/install/my_package_python/lib/python3.8/site-packages/my_package_python
[0.753s] copying /home/joaocastilho/dev_ws/build/my_package_python/build/lib/my_package_python/my_node.py -> /home/joaocastilho/dev_ws/install/my_package_python/lib/python3.8/site-packages/my_package_python
[0.754s] byte-compiling /home/joaocastilho/dev_ws/install/my_package_python/lib/python3.8/site-packages/my_package_python/__init__.py to __init__.cpython-38.pyc
[0.754s] byte-compiling /home/joaocastilho/dev_ws/install/my_package_python/lib/python3.8/site-packages/my_package_python/my_node.py to my_node.cpython-38.pyc
[0.754s] running install_data
[0.756s] creating /home/joaocastilho/dev_ws/install/my_package_python/share/ament_index
[0.756s] creating /home/joaocastilho/dev_ws/install/my_package_python/share/ament_index/resource_index
[0.756s] creating /home/joaocastilho/dev_ws/install/my_package_python/share/ament_index/resource_index/packages
[0.756s] copying resource/my_package_python -> /home/joaocastilho/dev_ws/install/my_package_python/share/ament_index/resource_index/packages
[0.756s] copying package.xml -> /home/joaocastilho/dev_ws/install/my_package_python/share/my_package_python
[0.756s] running install_egg_info
[0.759s] Copying ../../build/my_package_python/my_package_python.egg-info to /home/joaocastilho/dev_ws/install/my_package_python/lib/python3.8/site-packages/my_package_python-0.0.0-py3.8.egg-info
[0.760s] running install_scripts
[0.781s] Installing my_node script to /home/joaocastilho/dev_ws/install/my_package_python/lib/my_package_python
[0.781s] writing list of installed files to '/home/joaocastilho/dev_ws/build/my_package_python/install.log'
[0.834s] Invoked command in '/home/joaocastilho/dev_ws/src/my_package_python' returned '0': PYTHONPATH=/home/joaocastilho/dev_ws/install/my_package_python/lib/python3.8/site-packages:${PYTHONPATH} /usr/bin/python3 setup.py egg_info --egg-base ../../build/my_package_python build --build-base /home/joaocastilho/dev_ws/build/my_package_python/build install --prefix /home/joaocastilho/dev_ws/install/my_package_python --record /home/joaocastilho/dev_ws/build/my_package_python/install.log --single-version-externally-managed
