[0.694s] Invoking command in '/home/joaocastilho/dev_ws/build/turtlesim': CMAKE_PREFIX_PATH=${CMAKE_PREFIX_PATH}:/home/joaocastilho/dev_ws/install/py_pubsub:/home/joaocastilho/dev_ws/install/my_package_python:/opt/ros/foxy /usr/bin/cmake --build /home/joaocastilho/dev_ws/build/turtlesim -- -j8 -l8
[0.774s] [  1%] Built target turtlesim__cpp
[0.786s] [ 11%] Built target turtlesim__rosidl_generator_c
[0.831s] [ 21%] Built target turtlesim__rosidl_typesupport_introspection_cpp
[0.833s] [ 31%] Built target turtlesim__rosidl_typesupport_fastrtps_cpp
[0.839s] [ 41%] Built target turtlesim__rosidl_typesupport_cpp
[0.871s] [ 51%] Built target turtlesim__rosidl_typesupport_c
[0.877s] [ 61%] Built target turtlesim__rosidl_typesupport_introspection_c
[0.893s] [ 71%] Built target turtlesim__rosidl_typesupport_fastrtps_c
[0.921s] [ 71%] Built target turtlesim
[1.010s] [ 73%] Built target mimic
[1.016s] [ 75%] Built target draw_square
[1.035s] [ 81%] Built target turtlesim_node
[1.040s] [ 83%] Built target turtle_teleop_key
[1.042s] [ 84%] Built target turtlesim__py
[1.096s] [ 93%] Built target turtlesim__python
[1.138s] [ 95%] Built target turtlesim__rosidl_typesupport_introspection_c__pyext
[1.143s] [ 97%] Built target turtlesim__rosidl_typesupport_c__pyext
[1.146s] [100%] Built target turtlesim__rosidl_typesupport_fastrtps_c__pyext
[1.164s] Invoked command in '/home/joaocastilho/dev_ws/build/turtlesim' returned '0': CMAKE_PREFIX_PATH=${CMAKE_PREFIX_PATH}:/home/joaocastilho/dev_ws/install/py_pubsub:/home/joaocastilho/dev_ws/install/my_package_python:/opt/ros/foxy /usr/bin/cmake --build /home/joaocastilho/dev_ws/build/turtlesim -- -j8 -l8
[1.438s] Invoking command in '/home/joaocastilho/dev_ws/build/turtlesim': CMAKE_PREFIX_PATH=${CMAKE_PREFIX_PATH}:/home/joaocastilho/dev_ws/install/py_pubsub:/home/joaocastilho/dev_ws/install/my_package_python:/opt/ros/foxy /usr/bin/cmake --install /home/joaocastilho/dev_ws/build/turtlesim
[1.449s] -- Install configuration: ""
[1.450s] -- Up-to-date: /home/joaocastilho/dev_ws/install/turtlesim/share/ament_index/resource_index/rosidl_interfaces/turtlesim
[1.450s] -- Up-to-date: /home/joaocastilho/dev_ws/install/turtlesim/include/turtlesim
[1.451s] -- Up-to-date: /home/joaocastilho/dev_ws/install/turtlesim/include/turtlesim/action
[1.451s] -- Up-to-date: /home/joaocastilho/dev_ws/install/turtlesim/include/turtlesim/action/rotate_absolute.h
[1.452s] -- Up-to-date: /home/joaocastilho/dev_ws/install/turtlesim/include/turtlesim/action/detail
[1.453s] -- Up-to-date: /home/joaocastilho/dev_ws/install/turtlesim/include/turtlesim/action/detail/rotate_absolute__struct.h
[1.454s] -- Up-to-date: /home/joaocastilho/dev_ws/install/turtlesim/include/turtlesim/action/detail/rotate_absolute__functions.c
[1.454s] -- Up-to-date: /home/joaocastilho/dev_ws/install/turtlesim/include/turtlesim/action/detail/rotate_absolute__functions.h
[1.455s] -- Up-to-date: /home/joaocastilho/dev_ws/install/turtlesim/include/turtlesim/action/detail/rotate_absolute__type_support.h
[1.455s] -- Up-to-date: /home/joaocastilho/dev_ws/install/turtlesim/include/turtlesim/msg
[1.456s] -- Up-to-date: /home/joaocastilho/dev_ws/install/turtlesim/include/turtlesim/msg/rosidl_generator_c__visibility_control.h
[1.456s] -- Up-to-date: /home/joaocastilho/dev_ws/install/turtlesim/include/turtlesim/msg/detail
[1.456s] -- Up-to-date: /home/joaocastilho/dev_ws/install/turtlesim/include/turtlesim/msg/detail/pose__functions.c
[1.457s] -- Up-to-date: /home/joaocastilho/dev_ws/install/turtlesim/include/turtlesim/msg/detail/color__type_support.h
[1.457s] -- Up-to-date: /home/joaocastilho/dev_ws/install/turtlesim/include/turtlesim/msg/detail/color__functions.h
[1.457s] -- Up-to-date: /home/joaocastilho/dev_ws/install/turtlesim/include/turtlesim/msg/detail/pose__struct.h
[1.457s] -- Up-to-date: /home/joaocastilho/dev_ws/install/turtlesim/include/turtlesim/msg/detail/color__struct.h
[1.457s] -- Up-to-date: /home/joaocastilho/dev_ws/install/turtlesim/include/turtlesim/msg/detail/pose__functions.h
[1.457s] -- Up-to-date: /home/joaocastilho/dev_ws/install/turtlesim/include/turtlesim/msg/detail/pose__type_support.h
[1.458s] -- Up-to-date: /home/joaocastilho/dev_ws/install/turtlesim/include/turtlesim/msg/detail/color__functions.c
[1.458s] -- Up-to-date: /home/joaocastilho/dev_ws/install/turtlesim/include/turtlesim/msg/pose.h
[1.458s] -- Up-to-date: /home/joaocastilho/dev_ws/install/turtlesim/include/turtlesim/msg/color.h
[1.458s] -- Up-to-date: /home/joaocastilho/dev_ws/install/turtlesim/include/turtlesim/srv
[1.459s] -- Up-to-date: /home/joaocastilho/dev_ws/install/turtlesim/include/turtlesim/srv/teleport_absolute.h
[1.459s] -- Up-to-date: /home/joaocastilho/dev_ws/install/turtlesim/include/turtlesim/srv/detail
[1.460s] -- Up-to-date: /home/joaocastilho/dev_ws/install/turtlesim/include/turtlesim/srv/detail/set_pen__functions.c
[1.461s] -- Up-to-date: /home/joaocastilho/dev_ws/install/turtlesim/include/turtlesim/srv/detail/set_pen__struct.h
[1.462s] -- Up-to-date: /home/joaocastilho/dev_ws/install/turtlesim/include/turtlesim/srv/detail/teleport_relative__type_support.h
[1.462s] -- Up-to-date: /home/joaocastilho/dev_ws/install/turtlesim/include/turtlesim/srv/detail/spawn__functions.h
[1.463s] -- Up-to-date: /home/joaocastilho/dev_ws/install/turtlesim/include/turtlesim/srv/detail/set_pen__type_support.h
[1.463s] -- Up-to-date: /home/joaocastilho/dev_ws/install/turtlesim/include/turtlesim/srv/detail/teleport_relative__struct.h
[1.463s] -- Up-to-date: /home/joaocastilho/dev_ws/install/turtlesim/include/turtlesim/srv/detail/teleport_relative__functions.h
[1.464s] -- Up-to-date: /home/joaocastilho/dev_ws/install/turtlesim/include/turtlesim/srv/detail/kill__type_support.h
[1.464s] -- Up-to-date: /home/joaocastilho/dev_ws/install/turtlesim/include/turtlesim/srv/detail/spawn__functions.c
[1.464s] -- Up-to-date: /home/joaocastilho/dev_ws/install/turtlesim/include/turtlesim/srv/detail/teleport_absolute__functions.h
[1.464s] -- Up-to-date: /home/joaocastilho/dev_ws/install/turtlesim/include/turtlesim/srv/detail/teleport_absolute__type_support.h
[1.464s] -- Up-to-date: /home/joaocastilho/dev_ws/install/turtlesim/include/turtlesim/srv/detail/kill__functions.h
[1.464s] -- Up-to-date: /home/joaocastilho/dev_ws/install/turtlesim/include/turtlesim/srv/detail/kill__struct.h
[1.464s] -- Up-to-date: /home/joaocastilho/dev_ws/install/turtlesim/include/turtlesim/srv/detail/teleport_relative__functions.c
[1.464s] -- Up-to-date: /home/joaocastilho/dev_ws/install/turtlesim/include/turtlesim/srv/detail/teleport_absolute__functions.c
[1.464s] -- Up-to-date: /home/joaocastilho/dev_ws/install/turtlesim/include/turtlesim/srv/detail/set_pen__functions.h
[1.465s] -- Up-to-date: /home/joaocastilho/dev_ws/install/turtlesim/include/turtlesim/srv/detail/kill__functions.c
[1.465s] -- Up-to-date: /home/joaocastilho/dev_ws/install/turtlesim/include/turtlesim/srv/detail/spawn__struct.h
[1.465s] -- Up-to-date: /home/joaocastilho/dev_ws/install/turtlesim/include/turtlesim/srv/detail/spawn__type_support.h
[1.465s] -- Up-to-date: /home/joaocastilho/dev_ws/install/turtlesim/include/turtlesim/srv/detail/teleport_absolute__struct.h
[1.465s] -- Up-to-date: /home/joaocastilho/dev_ws/install/turtlesim/include/turtlesim/srv/spawn.h
[1.465s] -- Up-to-date: /home/joaocastilho/dev_ws/install/turtlesim/include/turtlesim/srv/teleport_relative.h
[1.465s] -- Up-to-date: /home/joaocastilho/dev_ws/install/turtlesim/include/turtlesim/srv/kill.h
[1.465s] -- Up-to-date: /home/joaocastilho/dev_ws/install/turtlesim/include/turtlesim/srv/set_pen.h
[1.466s] -- Up-to-date: /home/joaocastilho/dev_ws/install/turtlesim/share/turtlesim/environment/library_path.sh
[1.466s] -- Up-to-date: /home/joaocastilho/dev_ws/install/turtlesim/share/turtlesim/environment/library_path.dsv
[1.466s] -- Up-to-date: /home/joaocastilho/dev_ws/install/turtlesim/lib/libturtlesim__rosidl_generator_c.so
[1.466s] -- Up-to-date: /home/joaocastilho/dev_ws/install/turtlesim/include/turtlesim
[1.466s] -- Up-to-date: /home/joaocastilho/dev_ws/install/turtlesim/include/turtlesim/action
[1.466s] -- Up-to-date: /home/joaocastilho/dev_ws/install/turtlesim/include/turtlesim/action/detail
[1.466s] -- Up-to-date: /home/joaocastilho/dev_ws/install/turtlesim/include/turtlesim/action/detail/rotate_absolute__rosidl_typesupport_fastrtps_c.h
[1.466s] -- Up-to-date: /home/joaocastilho/dev_ws/install/turtlesim/include/turtlesim/msg
[1.466s] -- Up-to-date: /home/joaocastilho/dev_ws/install/turtlesim/include/turtlesim/msg/detail
[1.467s] -- Up-to-date: /home/joaocastilho/dev_ws/install/turtlesim/include/turtlesim/msg/detail/pose__rosidl_typesupport_fastrtps_c.h
[1.467s] -- Up-to-date: /home/joaocastilho/dev_ws/install/turtlesim/include/turtlesim/msg/detail/color__rosidl_typesupport_fastrtps_c.h
[1.467s] -- Up-to-date: /home/joaocastilho/dev_ws/install/turtlesim/include/turtlesim/msg/rosidl_typesupport_fastrtps_c__visibility_control.h
[1.467s] -- Up-to-date: /home/joaocastilho/dev_ws/install/turtlesim/include/turtlesim/srv
[1.467s] -- Up-to-date: /home/joaocastilho/dev_ws/install/turtlesim/include/turtlesim/srv/detail
[1.467s] -- Up-to-date: /home/joaocastilho/dev_ws/install/turtlesim/include/turtlesim/srv/detail/spawn__rosidl_typesupport_fastrtps_c.h
[1.467s] -- Up-to-date: /home/joaocastilho/dev_ws/install/turtlesim/include/turtlesim/srv/detail/teleport_absolute__rosidl_typesupport_fastrtps_c.h
[1.467s] -- Up-to-date: /home/joaocastilho/dev_ws/install/turtlesim/include/turtlesim/srv/detail/teleport_relative__rosidl_typesupport_fastrtps_c.h
[1.468s] -- Up-to-date: /home/joaocastilho/dev_ws/install/turtlesim/include/turtlesim/srv/detail/kill__rosidl_typesupport_fastrtps_c.h
[1.468s] -- Up-to-date: /home/joaocastilho/dev_ws/install/turtlesim/include/turtlesim/srv/detail/set_pen__rosidl_typesupport_fastrtps_c.h
[1.468s] -- Up-to-date: /home/joaocastilho/dev_ws/install/turtlesim/lib/libturtlesim__rosidl_typesupport_fastrtps_c.so
[1.468s] -- Up-to-date: /home/joaocastilho/dev_ws/install/turtlesim/include/turtlesim
[1.468s] -- Up-to-date: /home/joaocastilho/dev_ws/install/turtlesim/include/turtlesim/action
[1.468s] -- Up-to-date: /home/joaocastilho/dev_ws/install/turtlesim/include/turtlesim/action/detail
[1.468s] -- Up-to-date: /home/joaocastilho/dev_ws/install/turtlesim/include/turtlesim/action/detail/rotate_absolute__rosidl_typesupport_fastrtps_cpp.hpp
[1.468s] -- Up-to-date: /home/joaocastilho/dev_ws/install/turtlesim/include/turtlesim/action/detail/dds_fastrtps
[1.469s] -- Up-to-date: /home/joaocastilho/dev_ws/install/turtlesim/include/turtlesim/msg
[1.469s] -- Up-to-date: /home/joaocastilho/dev_ws/install/turtlesim/include/turtlesim/msg/rosidl_typesupport_fastrtps_cpp__visibility_control.h
[1.469s] -- Up-to-date: /home/joaocastilho/dev_ws/install/turtlesim/include/turtlesim/msg/detail
[1.469s] -- Up-to-date: /home/joaocastilho/dev_ws/install/turtlesim/include/turtlesim/msg/detail/pose__rosidl_typesupport_fastrtps_cpp.hpp
[1.469s] -- Up-to-date: /home/joaocastilho/dev_ws/install/turtlesim/include/turtlesim/msg/detail/color__rosidl_typesupport_fastrtps_cpp.hpp
[1.469s] -- Up-to-date: /home/joaocastilho/dev_ws/install/turtlesim/include/turtlesim/msg/detail/dds_fastrtps
[1.469s] -- Up-to-date: /home/joaocastilho/dev_ws/install/turtlesim/include/turtlesim/srv
[1.469s] -- Up-to-date: /home/joaocastilho/dev_ws/install/turtlesim/include/turtlesim/srv/detail
[1.470s] -- Up-to-date: /home/joaocastilho/dev_ws/install/turtlesim/include/turtlesim/srv/detail/kill__rosidl_typesupport_fastrtps_cpp.hpp
[1.470s] -- Up-to-date: /home/joaocastilho/dev_ws/install/turtlesim/include/turtlesim/srv/detail/teleport_relative__rosidl_typesupport_fastrtps_cpp.hpp
[1.470s] -- Up-to-date: /home/joaocastilho/dev_ws/install/turtlesim/include/turtlesim/srv/detail/set_pen__rosidl_typesupport_fastrtps_cpp.hpp
[1.470s] -- Up-to-date: /home/joaocastilho/dev_ws/install/turtlesim/include/turtlesim/srv/detail/dds_fastrtps
[1.470s] -- Up-to-date: /home/joaocastilho/dev_ws/install/turtlesim/include/turtlesim/srv/detail/spawn__rosidl_typesupport_fastrtps_cpp.hpp
[1.470s] -- Up-to-date: /home/joaocastilho/dev_ws/install/turtlesim/include/turtlesim/srv/detail/teleport_absolute__rosidl_typesupport_fastrtps_cpp.hpp
[1.470s] -- Up-to-date: /home/joaocastilho/dev_ws/install/turtlesim/lib/libturtlesim__rosidl_typesupport_fastrtps_cpp.so
[1.470s] -- Up-to-date: /home/joaocastilho/dev_ws/install/turtlesim/include/turtlesim
[1.470s] -- Up-to-date: /home/joaocastilho/dev_ws/install/turtlesim/include/turtlesim/action
[1.471s] -- Up-to-date: /home/joaocastilho/dev_ws/install/turtlesim/include/turtlesim/action/detail
[1.471s] -- Up-to-date: /home/joaocastilho/dev_ws/install/turtlesim/include/turtlesim/action/detail/rotate_absolute__rosidl_typesupport_introspection_c.h
[1.471s] -- Up-to-date: /home/joaocastilho/dev_ws/install/turtlesim/include/turtlesim/action/detail/rotate_absolute__type_support.c
[1.471s] -- Up-to-date: /home/joaocastilho/dev_ws/install/turtlesim/include/turtlesim/msg
[1.471s] -- Up-to-date: /home/joaocastilho/dev_ws/install/turtlesim/include/turtlesim/msg/detail
[1.471s] -- Up-to-date: /home/joaocastilho/dev_ws/install/turtlesim/include/turtlesim/msg/detail/pose__rosidl_typesupport_introspection_c.h
[1.471s] -- Up-to-date: /home/joaocastilho/dev_ws/install/turtlesim/include/turtlesim/msg/detail/color__rosidl_typesupport_introspection_c.h
[1.471s] -- Up-to-date: /home/joaocastilho/dev_ws/install/turtlesim/include/turtlesim/msg/detail/pose__type_support.c
[1.472s] -- Up-to-date: /home/joaocastilho/dev_ws/install/turtlesim/include/turtlesim/msg/detail/color__type_support.c
[1.472s] -- Up-to-date: /home/joaocastilho/dev_ws/install/turtlesim/include/turtlesim/msg/rosidl_typesupport_introspection_c__visibility_control.h
[1.472s] -- Up-to-date: /home/joaocastilho/dev_ws/install/turtlesim/include/turtlesim/srv
[1.472s] -- Up-to-date: /home/joaocastilho/dev_ws/install/turtlesim/include/turtlesim/srv/detail
[1.472s] -- Up-to-date: /home/joaocastilho/dev_ws/install/turtlesim/include/turtlesim/srv/detail/spawn__type_support.c
[1.472s] -- Up-to-date: /home/joaocastilho/dev_ws/install/turtlesim/include/turtlesim/srv/detail/kill__type_support.c
[1.472s] -- Up-to-date: /home/joaocastilho/dev_ws/install/turtlesim/include/turtlesim/srv/detail/set_pen__rosidl_typesupport_introspection_c.h
[1.472s] -- Up-to-date: /home/joaocastilho/dev_ws/install/turtlesim/include/turtlesim/srv/detail/teleport_absolute__rosidl_typesupport_introspection_c.h
[1.472s] -- Up-to-date: /home/joaocastilho/dev_ws/install/turtlesim/include/turtlesim/srv/detail/set_pen__type_support.c
[1.473s] -- Up-to-date: /home/joaocastilho/dev_ws/install/turtlesim/include/turtlesim/srv/detail/teleport_relative__type_support.c
[1.473s] -- Up-to-date: /home/joaocastilho/dev_ws/install/turtlesim/include/turtlesim/srv/detail/spawn__rosidl_typesupport_introspection_c.h
[1.473s] -- Up-to-date: /home/joaocastilho/dev_ws/install/turtlesim/include/turtlesim/srv/detail/teleport_relative__rosidl_typesupport_introspection_c.h
[1.473s] -- Up-to-date: /home/joaocastilho/dev_ws/install/turtlesim/include/turtlesim/srv/detail/kill__rosidl_typesupport_introspection_c.h
[1.473s] -- Up-to-date: /home/joaocastilho/dev_ws/install/turtlesim/include/turtlesim/srv/detail/teleport_absolute__type_support.c
[1.473s] -- Up-to-date: /home/joaocastilho/dev_ws/install/turtlesim/lib/libturtlesim__rosidl_typesupport_introspection_c.so
[1.473s] -- Up-to-date: /home/joaocastilho/dev_ws/install/turtlesim/lib/libturtlesim__rosidl_typesupport_c.so
[1.473s] -- Up-to-date: /home/joaocastilho/dev_ws/install/turtlesim/include/turtlesim
[1.473s] -- Up-to-date: /home/joaocastilho/dev_ws/install/turtlesim/include/turtlesim/action
[1.474s] -- Up-to-date: /home/joaocastilho/dev_ws/install/turtlesim/include/turtlesim/action/rotate_absolute.hpp
[1.474s] -- Up-to-date: /home/joaocastilho/dev_ws/install/turtlesim/include/turtlesim/action/detail
[1.474s] -- Up-to-date: /home/joaocastilho/dev_ws/install/turtlesim/include/turtlesim/action/detail/rotate_absolute__builder.hpp
[1.474s] -- Up-to-date: /home/joaocastilho/dev_ws/install/turtlesim/include/turtlesim/action/detail/rotate_absolute__traits.hpp
[1.474s] -- Up-to-date: /home/joaocastilho/dev_ws/install/turtlesim/include/turtlesim/action/detail/rotate_absolute__struct.hpp
[1.474s] -- Up-to-date: /home/joaocastilho/dev_ws/install/turtlesim/include/turtlesim/msg
[1.474s] -- Up-to-date: /home/joaocastilho/dev_ws/install/turtlesim/include/turtlesim/msg/pose.hpp
[1.475s] -- Up-to-date: /home/joaocastilho/dev_ws/install/turtlesim/include/turtlesim/msg/detail
[1.475s] -- Up-to-date: /home/joaocastilho/dev_ws/install/turtlesim/include/turtlesim/msg/detail/pose__struct.hpp
[1.475s] -- Up-to-date: /home/joaocastilho/dev_ws/install/turtlesim/include/turtlesim/msg/detail/pose__traits.hpp
[1.475s] -- Up-to-date: /home/joaocastilho/dev_ws/install/turtlesim/include/turtlesim/msg/detail/color__builder.hpp
[1.475s] -- Up-to-date: /home/joaocastilho/dev_ws/install/turtlesim/include/turtlesim/msg/detail/color__struct.hpp
[1.475s] -- Up-to-date: /home/joaocastilho/dev_ws/install/turtlesim/include/turtlesim/msg/detail/pose__builder.hpp
[1.475s] -- Up-to-date: /home/joaocastilho/dev_ws/install/turtlesim/include/turtlesim/msg/detail/color__traits.hpp
[1.476s] -- Up-to-date: /home/joaocastilho/dev_ws/install/turtlesim/include/turtlesim/msg/color.hpp
[1.476s] -- Up-to-date: /home/joaocastilho/dev_ws/install/turtlesim/include/turtlesim/srv
[1.476s] -- Up-to-date: /home/joaocastilho/dev_ws/install/turtlesim/include/turtlesim/srv/spawn.hpp
[1.476s] -- Up-to-date: /home/joaocastilho/dev_ws/install/turtlesim/include/turtlesim/srv/teleport_absolute.hpp
[1.476s] -- Up-to-date: /home/joaocastilho/dev_ws/install/turtlesim/include/turtlesim/srv/set_pen.hpp
[1.476s] -- Up-to-date: /home/joaocastilho/dev_ws/install/turtlesim/include/turtlesim/srv/kill.hpp
[1.476s] -- Up-to-date: /home/joaocastilho/dev_ws/install/turtlesim/include/turtlesim/srv/detail
[1.476s] -- Up-to-date: /home/joaocastilho/dev_ws/install/turtlesim/include/turtlesim/srv/detail/kill__builder.hpp
[1.477s] -- Up-to-date: /home/joaocastilho/dev_ws/install/turtlesim/include/turtlesim/srv/detail/spawn__traits.hpp
[1.477s] -- Up-to-date: /home/joaocastilho/dev_ws/install/turtlesim/include/turtlesim/srv/detail/teleport_absolute__builder.hpp
[1.477s] -- Up-to-date: /home/joaocastilho/dev_ws/install/turtlesim/include/turtlesim/srv/detail/spawn__builder.hpp
[1.477s] -- Up-to-date: /home/joaocastilho/dev_ws/install/turtlesim/include/turtlesim/srv/detail/set_pen__builder.hpp
[1.477s] -- Up-to-date: /home/joaocastilho/dev_ws/install/turtlesim/include/turtlesim/srv/detail/teleport_relative__struct.hpp
[1.477s] -- Up-to-date: /home/joaocastilho/dev_ws/install/turtlesim/include/turtlesim/srv/detail/set_pen__traits.hpp
[1.477s] -- Up-to-date: /home/joaocastilho/dev_ws/install/turtlesim/include/turtlesim/srv/detail/kill__traits.hpp
[1.478s] -- Up-to-date: /home/joaocastilho/dev_ws/install/turtlesim/include/turtlesim/srv/detail/kill__struct.hpp
[1.478s] -- Up-to-date: /home/joaocastilho/dev_ws/install/turtlesim/include/turtlesim/srv/detail/teleport_absolute__struct.hpp
[1.478s] -- Up-to-date: /home/joaocastilho/dev_ws/install/turtlesim/include/turtlesim/srv/detail/teleport_relative__builder.hpp
[1.478s] -- Up-to-date: /home/joaocastilho/dev_ws/install/turtlesim/include/turtlesim/srv/detail/spawn__struct.hpp
[1.478s] -- Up-to-date: /home/joaocastilho/dev_ws/install/turtlesim/include/turtlesim/srv/detail/teleport_relative__traits.hpp
[1.478s] -- Up-to-date: /home/joaocastilho/dev_ws/install/turtlesim/include/turtlesim/srv/detail/teleport_absolute__traits.hpp
[1.478s] -- Up-to-date: /home/joaocastilho/dev_ws/install/turtlesim/include/turtlesim/srv/detail/set_pen__struct.hpp
[1.478s] -- Up-to-date: /home/joaocastilho/dev_ws/install/turtlesim/include/turtlesim/srv/teleport_relative.hpp
[1.479s] -- Up-to-date: /home/joaocastilho/dev_ws/install/turtlesim/include/turtlesim
[1.479s] -- Up-to-date: /home/joaocastilho/dev_ws/install/turtlesim/include/turtlesim/action
[1.479s] -- Up-to-date: /home/joaocastilho/dev_ws/install/turtlesim/include/turtlesim/action/detail
[1.479s] -- Up-to-date: /home/joaocastilho/dev_ws/install/turtlesim/include/turtlesim/action/detail/rotate_absolute__type_support.cpp
[1.483s] -- Up-to-date: /home/joaocastilho/dev_ws/install/turtlesim/include/turtlesim/action/detail/rotate_absolute__rosidl_typesupport_introspection_cpp.hpp
[1.483s] -- Up-to-date: /home/joaocastilho/dev_ws/install/turtlesim/include/turtlesim/msg
[1.484s] -- Up-to-date: /home/joaocastilho/dev_ws/install/turtlesim/include/turtlesim/msg/detail
[1.484s] -- Up-to-date: /home/joaocastilho/dev_ws/install/turtlesim/include/turtlesim/msg/detail/pose__rosidl_typesupport_introspection_cpp.hpp
[1.484s] -- Up-to-date: /home/joaocastilho/dev_ws/install/turtlesim/include/turtlesim/msg/detail/color__type_support.cpp
[1.485s] -- Up-to-date: /home/joaocastilho/dev_ws/install/turtlesim/include/turtlesim/msg/detail/pose__type_support.cpp
[1.486s] -- Up-to-date: /home/joaocastilho/dev_ws/install/turtlesim/include/turtlesim/msg/detail/color__rosidl_typesupport_introspection_cpp.hpp
[1.486s] -- Up-to-date: /home/joaocastilho/dev_ws/install/turtlesim/include/turtlesim/srv
[1.487s] -- Up-to-date: /home/joaocastilho/dev_ws/install/turtlesim/include/turtlesim/srv/detail
[1.487s] -- Up-to-date: /home/joaocastilho/dev_ws/install/turtlesim/include/turtlesim/srv/detail/teleport_absolute__rosidl_typesupport_introspection_cpp.hpp
[1.487s] -- Up-to-date: /home/joaocastilho/dev_ws/install/turtlesim/include/turtlesim/srv/detail/spawn__type_support.cpp
[1.487s] -- Up-to-date: /home/joaocastilho/dev_ws/install/turtlesim/include/turtlesim/srv/detail/teleport_relative__type_support.cpp
[1.487s] -- Up-to-date: /home/joaocastilho/dev_ws/install/turtlesim/include/turtlesim/srv/detail/kill__type_support.cpp
[1.487s] -- Up-to-date: /home/joaocastilho/dev_ws/install/turtlesim/include/turtlesim/srv/detail/set_pen__type_support.cpp
[1.488s] -- Up-to-date: /home/joaocastilho/dev_ws/install/turtlesim/include/turtlesim/srv/detail/teleport_relative__rosidl_typesupport_introspection_cpp.hpp
[1.488s] -- Up-to-date: /home/joaocastilho/dev_ws/install/turtlesim/include/turtlesim/srv/detail/set_pen__rosidl_typesupport_introspection_cpp.hpp
[1.488s] -- Up-to-date: /home/joaocastilho/dev_ws/install/turtlesim/include/turtlesim/srv/detail/teleport_absolute__type_support.cpp
[1.488s] -- Up-to-date: /home/joaocastilho/dev_ws/install/turtlesim/include/turtlesim/srv/detail/kill__rosidl_typesupport_introspection_cpp.hpp
[1.488s] -- Up-to-date: /home/joaocastilho/dev_ws/install/turtlesim/include/turtlesim/srv/detail/spawn__rosidl_typesupport_introspection_cpp.hpp
[1.488s] -- Up-to-date: /home/joaocastilho/dev_ws/install/turtlesim/lib/libturtlesim__rosidl_typesupport_introspection_cpp.so
[1.488s] -- Up-to-date: /home/joaocastilho/dev_ws/install/turtlesim/lib/libturtlesim__rosidl_typesupport_cpp.so
[1.488s] -- Up-to-date: /home/joaocastilho/dev_ws/install/turtlesim/share/turtlesim/environment/pythonpath.sh
[1.489s] -- Up-to-date: /home/joaocastilho/dev_ws/install/turtlesim/share/turtlesim/environment/pythonpath.dsv
[1.489s] -- Up-to-date: /home/joaocastilho/dev_ws/install/turtlesim/lib/python3.8/site-packages/turtlesim/__init__.py
[1.505s] -- Up-to-date: /home/joaocastilho/dev_ws/install/turtlesim/lib/python3.8/site-packages/turtlesim/action
[1.505s] -- Up-to-date: /home/joaocastilho/dev_ws/install/turtlesim/lib/python3.8/site-packages/turtlesim/action/_rotate_absolute_s.c
[1.506s] -- Up-to-date: /home/joaocastilho/dev_ws/install/turtlesim/lib/python3.8/site-packages/turtlesim/action/__init__.py
[1.506s] -- Up-to-date: /home/joaocastilho/dev_ws/install/turtlesim/lib/python3.8/site-packages/turtlesim/action/_rotate_absolute.py
[1.506s] -- Up-to-date: /home/joaocastilho/dev_ws/install/turtlesim/lib/python3.8/site-packages/turtlesim/msg
[1.507s] -- Up-to-date: /home/joaocastilho/dev_ws/install/turtlesim/lib/python3.8/site-packages/turtlesim/msg/_pose_s.c
[1.507s] -- Up-to-date: /home/joaocastilho/dev_ws/install/turtlesim/lib/python3.8/site-packages/turtlesim/msg/_color_s.c
[1.507s] -- Up-to-date: /home/joaocastilho/dev_ws/install/turtlesim/lib/python3.8/site-packages/turtlesim/msg/_pose.py
[1.507s] -- Up-to-date: /home/joaocastilho/dev_ws/install/turtlesim/lib/python3.8/site-packages/turtlesim/msg/__init__.py
[1.507s] -- Up-to-date: /home/joaocastilho/dev_ws/install/turtlesim/lib/python3.8/site-packages/turtlesim/msg/_color.py
[1.509s] -- Up-to-date: /home/joaocastilho/dev_ws/install/turtlesim/lib/python3.8/site-packages/turtlesim/srv
[1.510s] -- Up-to-date: /home/joaocastilho/dev_ws/install/turtlesim/lib/python3.8/site-packages/turtlesim/srv/_kill.py
[1.511s] -- Up-to-date: /home/joaocastilho/dev_ws/install/turtlesim/lib/python3.8/site-packages/turtlesim/srv/_teleport_relative.py
[1.511s] -- Up-to-date: /home/joaocastilho/dev_ws/install/turtlesim/lib/python3.8/site-packages/turtlesim/srv/_kill_s.c
[1.511s] -- Up-to-date: /home/joaocastilho/dev_ws/install/turtlesim/lib/python3.8/site-packages/turtlesim/srv/_set_pen.py
[1.512s] -- Up-to-date: /home/joaocastilho/dev_ws/install/turtlesim/lib/python3.8/site-packages/turtlesim/srv/_teleport_absolute.py
[1.512s] -- Up-to-date: /home/joaocastilho/dev_ws/install/turtlesim/lib/python3.8/site-packages/turtlesim/srv/_teleport_relative_s.c
[1.512s] -- Up-to-date: /home/joaocastilho/dev_ws/install/turtlesim/lib/python3.8/site-packages/turtlesim/srv/__init__.py
[1.513s] -- Up-to-date: /home/joaocastilho/dev_ws/install/turtlesim/lib/python3.8/site-packages/turtlesim/srv/_spawn_s.c
[1.514s] -- Up-to-date: /home/joaocastilho/dev_ws/install/turtlesim/lib/python3.8/site-packages/turtlesim/srv/_set_pen_s.c
[1.515s] -- Up-to-date: /home/joaocastilho/dev_ws/install/turtlesim/lib/python3.8/site-packages/turtlesim/srv/_spawn.py
[1.515s] -- Up-to-date: /home/joaocastilho/dev_ws/install/turtlesim/lib/python3.8/site-packages/turtlesim/srv/_teleport_absolute_s.c
[1.515s] -- Up-to-date: /home/joaocastilho/dev_ws/install/turtlesim/lib/python3.8/site-packages/turtlesim/turtlesim_s__rosidl_typesupport_fastrtps_c.cpython-38-x86_64-linux-gnu.so
[1.515s] -- Up-to-date: /home/joaocastilho/dev_ws/install/turtlesim/lib/python3.8/site-packages/turtlesim/turtlesim_s__rosidl_typesupport_introspection_c.cpython-38-x86_64-linux-gnu.so
[1.516s] -- Up-to-date: /home/joaocastilho/dev_ws/install/turtlesim/lib/python3.8/site-packages/turtlesim/turtlesim_s__rosidl_typesupport_c.cpython-38-x86_64-linux-gnu.so
[1.516s] -- Up-to-date: /home/joaocastilho/dev_ws/install/turtlesim/lib/libturtlesim__python.so
[1.516s] -- Up-to-date: /home/joaocastilho/dev_ws/install/turtlesim/share/turtlesim/action/RotateAbsolute.idl
[1.516s] -- Up-to-date: /home/joaocastilho/dev_ws/install/turtlesim/share/turtlesim/msg/Color.idl
[1.517s] -- Up-to-date: /home/joaocastilho/dev_ws/install/turtlesim/share/turtlesim/msg/Pose.idl
[1.517s] -- Up-to-date: /home/joaocastilho/dev_ws/install/turtlesim/share/turtlesim/srv/Kill.idl
[1.517s] -- Up-to-date: /home/joaocastilho/dev_ws/install/turtlesim/share/turtlesim/srv/SetPen.idl
[1.518s] -- Up-to-date: /home/joaocastilho/dev_ws/install/turtlesim/share/turtlesim/srv/Spawn.idl
[1.518s] -- Up-to-date: /home/joaocastilho/dev_ws/install/turtlesim/share/turtlesim/srv/TeleportAbsolute.idl
[1.518s] -- Up-to-date: /home/joaocastilho/dev_ws/install/turtlesim/share/turtlesim/srv/TeleportRelative.idl
[1.518s] -- Up-to-date: /home/joaocastilho/dev_ws/install/turtlesim/share/turtlesim/action/RotateAbsolute.action
[1.519s] -- Up-to-date: /home/joaocastilho/dev_ws/install/turtlesim/share/turtlesim/msg/Color.msg
[1.519s] -- Up-to-date: /home/joaocastilho/dev_ws/install/turtlesim/share/turtlesim/msg/Pose.msg
[1.519s] -- Up-to-date: /home/joaocastilho/dev_ws/install/turtlesim/share/turtlesim/srv/Kill.srv
[1.519s] -- Up-to-date: /home/joaocastilho/dev_ws/install/turtlesim/share/turtlesim/srv/Kill_Request.msg
[1.519s] -- Up-to-date: /home/joaocastilho/dev_ws/install/turtlesim/share/turtlesim/srv/Kill_Response.msg
[1.520s] -- Up-to-date: /home/joaocastilho/dev_ws/install/turtlesim/share/turtlesim/srv/SetPen.srv
[1.522s] -- Up-to-date: /home/joaocastilho/dev_ws/install/turtlesim/share/turtlesim/srv/SetPen_Request.msg
[1.523s] -- Up-to-date: /home/joaocastilho/dev_ws/install/turtlesim/share/turtlesim/srv/SetPen_Response.msg
[1.523s] -- Up-to-date: /home/joaocastilho/dev_ws/install/turtlesim/share/turtlesim/srv/Spawn.srv
[1.523s] -- Up-to-date: /home/joaocastilho/dev_ws/install/turtlesim/share/turtlesim/srv/Spawn_Request.msg
[1.523s] -- Up-to-date: /home/joaocastilho/dev_ws/install/turtlesim/share/turtlesim/srv/Spawn_Response.msg
[1.524s] -- Up-to-date: /home/joaocastilho/dev_ws/install/turtlesim/share/turtlesim/srv/TeleportAbsolute.srv
[1.524s] -- Up-to-date: /home/joaocastilho/dev_ws/install/turtlesim/share/turtlesim/srv/TeleportAbsolute_Request.msg
[1.524s] -- Up-to-date: /home/joaocastilho/dev_ws/install/turtlesim/share/turtlesim/srv/TeleportAbsolute_Response.msg
[1.525s] -- Up-to-date: /home/joaocastilho/dev_ws/install/turtlesim/share/turtlesim/srv/TeleportRelative.srv
[1.525s] -- Up-to-date: /home/joaocastilho/dev_ws/install/turtlesim/share/turtlesim/srv/TeleportRelative_Request.msg
[1.527s] -- Up-to-date: /home/joaocastilho/dev_ws/install/turtlesim/share/turtlesim/srv/TeleportRelative_Response.msg
[1.528s] -- Up-to-date: /home/joaocastilho/dev_ws/install/turtlesim/lib/turtlesim/turtlesim_node
[1.528s] -- Up-to-date: /home/joaocastilho/dev_ws/install/turtlesim/lib/turtlesim/turtle_teleop_key
[1.528s] -- Up-to-date: /home/joaocastilho/dev_ws/install/turtlesim/lib/turtlesim/draw_square
[1.528s] -- Up-to-date: /home/joaocastilho/dev_ws/install/turtlesim/lib/turtlesim/mimic
[1.529s] -- Up-to-date: /home/joaocastilho/dev_ws/install/turtlesim/share/turtlesim/images
[1.529s] -- Up-to-date: /home/joaocastilho/dev_ws/install/turtlesim/share/turtlesim/images/dashing.png
[1.529s] -- Up-to-date: /home/joaocastilho/dev_ws/install/turtlesim/share/turtlesim/images/crystal.png
[1.529s] -- Up-to-date: /home/joaocastilho/dev_ws/install/turtlesim/share/turtlesim/images/bouncy.png
[1.529s] -- Up-to-date: /home/joaocastilho/dev_ws/install/turtlesim/share/turtlesim/images/ardent.png
[1.530s] -- Up-to-date: /home/joaocastilho/dev_ws/install/turtlesim/share/turtlesim/images/eloquent.png
[1.530s] -- Up-to-date: /home/joaocastilho/dev_ws/install/turtlesim/share/turtlesim/images/foxy.png
[1.530s] -- Up-to-date: /home/joaocastilho/dev_ws/install/turtlesim/share/turtlesim/launch
[1.530s] -- Up-to-date: /home/joaocastilho/dev_ws/install/turtlesim/share/turtlesim/launch/multisim.launch.py
[1.530s] -- Up-to-date: /home/joaocastilho/dev_ws/install/turtlesim/share/ament_index/resource_index/package_run_dependencies/turtlesim
[1.531s] -- Up-to-date: /home/joaocastilho/dev_ws/install/turtlesim/share/ament_index/resource_index/parent_prefix_path/turtlesim
[1.531s] -- Up-to-date: /home/joaocastilho/dev_ws/install/turtlesim/share/turtlesim/environment/ament_prefix_path.sh
[1.531s] -- Up-to-date: /home/joaocastilho/dev_ws/install/turtlesim/share/turtlesim/environment/ament_prefix_path.dsv
[1.531s] -- Up-to-date: /home/joaocastilho/dev_ws/install/turtlesim/share/turtlesim/environment/path.sh
[1.531s] -- Up-to-date: /home/joaocastilho/dev_ws/install/turtlesim/share/turtlesim/environment/path.dsv
[1.531s] -- Up-to-date: /home/joaocastilho/dev_ws/install/turtlesim/share/turtlesim/local_setup.bash
[1.532s] -- Up-to-date: /home/joaocastilho/dev_ws/install/turtlesim/share/turtlesim/local_setup.sh
[1.532s] -- Up-to-date: /home/joaocastilho/dev_ws/install/turtlesim/share/turtlesim/local_setup.zsh
[1.532s] -- Up-to-date: /home/joaocastilho/dev_ws/install/turtlesim/share/turtlesim/local_setup.dsv
[1.532s] -- Installing: /home/joaocastilho/dev_ws/install/turtlesim/share/turtlesim/package.dsv
[1.532s] -- Up-to-date: /home/joaocastilho/dev_ws/install/turtlesim/share/ament_index/resource_index/packages/turtlesim
[1.532s] -- Up-to-date: /home/joaocastilho/dev_ws/install/turtlesim/share/turtlesim/cmake/turtlesim__rosidl_generator_cExport.cmake
[1.533s] -- Up-to-date: /home/joaocastilho/dev_ws/install/turtlesim/share/turtlesim/cmake/turtlesim__rosidl_generator_cExport-noconfig.cmake
[1.533s] -- Up-to-date: /home/joaocastilho/dev_ws/install/turtlesim/share/turtlesim/cmake/turtlesim__rosidl_typesupport_introspection_cExport.cmake
[1.533s] -- Up-to-date: /home/joaocastilho/dev_ws/install/turtlesim/share/turtlesim/cmake/turtlesim__rosidl_typesupport_introspection_cExport-noconfig.cmake
[1.533s] -- Up-to-date: /home/joaocastilho/dev_ws/install/turtlesim/share/turtlesim/cmake/turtlesim__rosidl_typesupport_cExport.cmake
[1.533s] -- Up-to-date: /home/joaocastilho/dev_ws/install/turtlesim/share/turtlesim/cmake/turtlesim__rosidl_typesupport_cExport-noconfig.cmake
[1.533s] -- Up-to-date: /home/joaocastilho/dev_ws/install/turtlesim/share/turtlesim/cmake/turtlesim__rosidl_generator_cppExport.cmake
[1.534s] -- Up-to-date: /home/joaocastilho/dev_ws/install/turtlesim/share/turtlesim/cmake/turtlesim__rosidl_typesupport_introspection_cppExport.cmake
[1.534s] -- Up-to-date: /home/joaocastilho/dev_ws/install/turtlesim/share/turtlesim/cmake/turtlesim__rosidl_typesupport_introspection_cppExport-noconfig.cmake
[1.535s] -- Up-to-date: /home/joaocastilho/dev_ws/install/turtlesim/share/turtlesim/cmake/turtlesim__rosidl_typesupport_cppExport.cmake
[1.536s] -- Up-to-date: /home/joaocastilho/dev_ws/install/turtlesim/share/turtlesim/cmake/turtlesim__rosidl_typesupport_cppExport-noconfig.cmake
[1.536s] -- Up-to-date: /home/joaocastilho/dev_ws/install/turtlesim/share/turtlesim/cmake/rosidl_cmake-extras.cmake
[1.536s] -- Up-to-date: /home/joaocastilho/dev_ws/install/turtlesim/share/turtlesim/cmake/ament_cmake_export_dependencies-extras.cmake
[1.537s] -- Up-to-date: /home/joaocastilho/dev_ws/install/turtlesim/share/turtlesim/cmake/ament_cmake_export_libraries-extras.cmake
[1.537s] -- Up-to-date: /home/joaocastilho/dev_ws/install/turtlesim/share/turtlesim/cmake/ament_cmake_export_targets-extras.cmake
[1.537s] -- Up-to-date: /home/joaocastilho/dev_ws/install/turtlesim/share/turtlesim/cmake/ament_cmake_export_include_directories-extras.cmake
[1.538s] -- Up-to-date: /home/joaocastilho/dev_ws/install/turtlesim/share/turtlesim/cmake/rosidl_cmake_export_typesupport_libraries-extras.cmake
[1.538s] -- Up-to-date: /home/joaocastilho/dev_ws/install/turtlesim/share/turtlesim/cmake/rosidl_cmake_export_typesupport_targets-extras.cmake
[1.538s] -- Up-to-date: /home/joaocastilho/dev_ws/install/turtlesim/share/turtlesim/cmake/turtlesimConfig.cmake
[1.538s] -- Up-to-date: /home/joaocastilho/dev_ws/install/turtlesim/share/turtlesim/cmake/turtlesimConfig-version.cmake
[1.538s] -- Up-to-date: /home/joaocastilho/dev_ws/install/turtlesim/share/turtlesim/package.xml
[1.538s] Invoked command in '/home/joaocastilho/dev_ws/build/turtlesim' returned '0': CMAKE_PREFIX_PATH=${CMAKE_PREFIX_PATH}:/home/joaocastilho/dev_ws/install/py_pubsub:/home/joaocastilho/dev_ws/install/my_package_python:/opt/ros/foxy /usr/bin/cmake --install /home/joaocastilho/dev_ws/build/turtlesim
