[0.018s] Invoking command in '/home/joaocastilho/dev_ws/build/cpp_parameters': CMAKE_PREFIX_PATH=/opt/ros/foxy /usr/bin/cmake --build /home/joaocastilho/dev_ws/build/cpp_parameters -- -j8 -l8
[0.076s] [100%] Built target parameter_node
[0.089s] Invoked command in '/home/joaocastilho/dev_ws/build/cpp_parameters' returned '0': CMAKE_PREFIX_PATH=/opt/ros/foxy /usr/bin/cmake --build /home/joaocastilho/dev_ws/build/cpp_parameters -- -j8 -l8
[0.125s] Invoking command in '/home/joaocastilho/dev_ws/build/cpp_parameters': CMAKE_PREFIX_PATH=/opt/ros/foxy /usr/bin/cmake --install /home/joaocastilho/dev_ws/build/cpp_parameters
[0.135s] -- Install configuration: "RelWithDebInfo"
[0.135s] -- Execute custom install script
[0.136s] -- Up-to-date symlink: /home/joaocastilho/dev_ws/install/cpp_parameters/lib/cpp_parameters/parameter_node
[0.136s] -- Up-to-date symlink: /home/joaocastilho/dev_ws/install/cpp_parameters/share/cpp_parameters/launch/cpp_parameters_launch.py
[0.137s] -- Up-to-date symlink: /home/joaocastilho/dev_ws/install/cpp_parameters/share/ament_index/resource_index/package_run_dependencies/cpp_parameters
[0.137s] -- Up-to-date symlink: /home/joaocastilho/dev_ws/install/cpp_parameters/share/ament_index/resource_index/parent_prefix_path/cpp_parameters
[0.137s] -- Up-to-date symlink: /home/joaocastilho/dev_ws/install/cpp_parameters/share/cpp_parameters/environment/ament_prefix_path.sh
[0.138s] -- Up-to-date symlink: /home/joaocastilho/dev_ws/install/cpp_parameters/share/cpp_parameters/environment/ament_prefix_path.dsv
[0.138s] -- Up-to-date symlink: /home/joaocastilho/dev_ws/install/cpp_parameters/share/cpp_parameters/environment/path.sh
[0.138s] -- Up-to-date symlink: /home/joaocastilho/dev_ws/install/cpp_parameters/share/cpp_parameters/environment/path.dsv
[0.139s] -- Up-to-date symlink: /home/joaocastilho/dev_ws/install/cpp_parameters/share/cpp_parameters/local_setup.bash
[0.139s] -- Up-to-date symlink: /home/joaocastilho/dev_ws/install/cpp_parameters/share/cpp_parameters/local_setup.sh
[0.139s] -- Up-to-date symlink: /home/joaocastilho/dev_ws/install/cpp_parameters/share/cpp_parameters/local_setup.zsh
[0.139s] -- Up-to-date symlink: /home/joaocastilho/dev_ws/install/cpp_parameters/share/cpp_parameters/local_setup.dsv
[0.140s] -- Symlinking: /home/joaocastilho/dev_ws/install/cpp_parameters/share/cpp_parameters/package.dsv
[0.149s] -- Up-to-date symlink: /home/joaocastilho/dev_ws/install/cpp_parameters/share/ament_index/resource_index/packages/cpp_parameters
[0.149s] -- Up-to-date symlink: /home/joaocastilho/dev_ws/install/cpp_parameters/share/cpp_parameters/cmake/cpp_parametersConfig.cmake
[0.150s] -- Up-to-date symlink: /home/joaocastilho/dev_ws/install/cpp_parameters/share/cpp_parameters/cmake/cpp_parametersConfig-version.cmake
[0.150s] -- Up-to-date symlink: /home/joaocastilho/dev_ws/install/cpp_parameters/share/cpp_parameters/package.xml
[0.153s] Invoked command in '/home/joaocastilho/dev_ws/build/cpp_parameters' returned '0': CMAKE_PREFIX_PATH=/opt/ros/foxy /usr/bin/cmake --install /home/joaocastilho/dev_ws/build/cpp_parameters
