[0.684s] Invoking command in '/home/joaocastilho/dev_ws/build/tutorial_interfaces': CMAKE_PREFIX_PATH=${CMAKE_PREFIX_PATH}:/home/joaocastilho/dev_ws/install/py_pubsub:/home/joaocastilho/dev_ws/install/my_package_python:/opt/ros/foxy /usr/bin/cmake --build /home/joaocastilho/dev_ws/build/tutorial_interfaces -- -j8 -l8
[0.724s] -- Found ament_cmake: 0.9.8 (/opt/ros/foxy/share/ament_cmake/cmake)
[0.768s] -- Found PythonInterp: /usr/bin/python3 (found suitable version "3.8.10", minimum required is "3") 
[0.768s] -- Using PYTHON_EXECUTABLE: /usr/bin/python3
[1.155s] -- Found ament_lint_auto: 0.9.6 (/opt/ros/foxy/share/ament_lint_auto/cmake)
[1.237s] -- Found rosidl_default_generators: 1.0.1 (/opt/ros/foxy/share/rosidl_default_generators/cmake)
[1.240s] -- Using all available rosidl_typesupport_c: rosidl_typesupport_fastrtps_c;rosidl_typesupport_introspection_c
[1.245s] -- Found rosidl_adapter: 1.2.1 (/opt/ros/foxy/share/rosidl_adapter/cmake)
[1.429s] -- Using all available rosidl_typesupport_cpp: rosidl_typesupport_fastrtps_cpp;rosidl_typesupport_introspection_cpp
[1.482s] -- Found PythonInterp: /usr/bin/python3 (found version "3.8.10") 
[1.572s] -- Found ament_cmake_ros: 0.9.2 (/opt/ros/foxy/share/ament_cmake_ros/cmake)
[1.688s] -- Using all available rosidl_typesupport_c: rosidl_typesupport_fastrtps_c;rosidl_typesupport_introspection_c
[1.698s] -- Using all available rosidl_typesupport_cpp: rosidl_typesupport_fastrtps_cpp;rosidl_typesupport_introspection_cpp
[1.722s] -- Found PythonInterp: /usr/bin/python3 (found suitable version "3.8.10", minimum required is "3.5") 
[1.723s] -- Found python_cmake_module: 0.8.1 (/opt/ros/foxy/share/python_cmake_module/cmake)
[1.747s] -- Using PYTHON_EXECUTABLE: /usr/bin/python3
[1.748s] -- Using PYTHON_INCLUDE_DIRS: /usr/include/python3.8
[1.748s] -- Using PYTHON_LIBRARIES: /usr/lib/x86_64-linux-gnu/libpython3.8.so
[1.765s] -- Added test 'copyright' to check source files copyright and LICENSE
[1.767s] -- Added test 'lint_cmake' to check CMake code style
[1.768s] -- Added test 'xmllint' to check XML markup files
[1.774s] -- Configuring done
[1.807s] -- Generating done
[1.812s] -- Build files have been written to: /home/joaocastilho/dev_ws/build/tutorial_interfaces
[1.849s] [  2%] Built target tutorial_interfaces__cpp
[1.849s] [ 12%] Built target tutorial_interfaces__rosidl_generator_c
[1.873s] [ 23%] Built target tutorial_interfaces__rosidl_typesupport_c
[1.875s] [ 33%] Built target tutorial_interfaces__rosidl_typesupport_introspection_c
[1.875s] [ 43%] Built target tutorial_interfaces__rosidl_typesupport_cpp
[1.879s] [ 53%] Built target tutorial_interfaces__rosidl_typesupport_introspection_cpp
[1.882s] [ 64%] Built target tutorial_interfaces__rosidl_typesupport_fastrtps_cpp
[1.908s] [ 74%] Built target tutorial_interfaces__rosidl_typesupport_fastrtps_c
[1.930s] [ 74%] Built target tutorial_interfaces
[1.951s] [ 76%] Built target tutorial_interfaces__py
[1.978s] [ 84%] Built target tutorial_interfaces__python
[2.004s] [ 94%] Built target tutorial_interfaces__rosidl_typesupport_introspection_c__pyext
[2.004s] [ 94%] Built target tutorial_interfaces__rosidl_typesupport_c__pyext
[2.007s] [100%] Built target tutorial_interfaces__rosidl_typesupport_fastrtps_c__pyext
[2.022s] Invoked command in '/home/joaocastilho/dev_ws/build/tutorial_interfaces' returned '0': CMAKE_PREFIX_PATH=${CMAKE_PREFIX_PATH}:/home/joaocastilho/dev_ws/install/py_pubsub:/home/joaocastilho/dev_ws/install/my_package_python:/opt/ros/foxy /usr/bin/cmake --build /home/joaocastilho/dev_ws/build/tutorial_interfaces -- -j8 -l8
[2.092s] Invoking command in '/home/joaocastilho/dev_ws/build/tutorial_interfaces': CMAKE_PREFIX_PATH=${CMAKE_PREFIX_PATH}:/home/joaocastilho/dev_ws/install/py_pubsub:/home/joaocastilho/dev_ws/install/my_package_python:/opt/ros/foxy /usr/bin/cmake --install /home/joaocastilho/dev_ws/build/tutorial_interfaces
[2.102s] -- Install configuration: ""
[2.103s] -- Up-to-date: /home/joaocastilho/dev_ws/install/tutorial_interfaces/share/ament_index/resource_index/rosidl_interfaces/tutorial_interfaces
[2.103s] -- Up-to-date: /home/joaocastilho/dev_ws/install/tutorial_interfaces/include/tutorial_interfaces
[2.103s] -- Up-to-date: /home/joaocastilho/dev_ws/install/tutorial_interfaces/include/tutorial_interfaces/msg
[2.103s] -- Up-to-date: /home/joaocastilho/dev_ws/install/tutorial_interfaces/include/tutorial_interfaces/msg/num.h
[2.103s] -- Up-to-date: /home/joaocastilho/dev_ws/install/tutorial_interfaces/include/tutorial_interfaces/msg/rosidl_generator_c__visibility_control.h
[2.103s] -- Up-to-date: /home/joaocastilho/dev_ws/install/tutorial_interfaces/include/tutorial_interfaces/msg/detail
[2.104s] -- Up-to-date: /home/joaocastilho/dev_ws/install/tutorial_interfaces/include/tutorial_interfaces/msg/detail/num__type_support.h
[2.104s] -- Up-to-date: /home/joaocastilho/dev_ws/install/tutorial_interfaces/include/tutorial_interfaces/msg/detail/num__functions.c
[2.104s] -- Up-to-date: /home/joaocastilho/dev_ws/install/tutorial_interfaces/include/tutorial_interfaces/msg/detail/num__functions.h
[2.104s] -- Up-to-date: /home/joaocastilho/dev_ws/install/tutorial_interfaces/include/tutorial_interfaces/msg/detail/num__struct.h
[2.104s] -- Up-to-date: /home/joaocastilho/dev_ws/install/tutorial_interfaces/include/tutorial_interfaces/srv
[2.104s] -- Up-to-date: /home/joaocastilho/dev_ws/install/tutorial_interfaces/include/tutorial_interfaces/srv/detail
[2.104s] -- Up-to-date: /home/joaocastilho/dev_ws/install/tutorial_interfaces/include/tutorial_interfaces/srv/detail/add_three_ints__functions.c
[2.104s] -- Up-to-date: /home/joaocastilho/dev_ws/install/tutorial_interfaces/include/tutorial_interfaces/srv/detail/add_three_ints__type_support.h
[2.104s] -- Up-to-date: /home/joaocastilho/dev_ws/install/tutorial_interfaces/include/tutorial_interfaces/srv/detail/add_three_ints__struct.h
[2.104s] -- Up-to-date: /home/joaocastilho/dev_ws/install/tutorial_interfaces/include/tutorial_interfaces/srv/detail/add_three_ints__functions.h
[2.104s] -- Up-to-date: /home/joaocastilho/dev_ws/install/tutorial_interfaces/include/tutorial_interfaces/srv/add_three_ints.h
[2.105s] -- Up-to-date: /home/joaocastilho/dev_ws/install/tutorial_interfaces/share/tutorial_interfaces/environment/library_path.sh
[2.105s] -- Installing: /home/joaocastilho/dev_ws/install/tutorial_interfaces/share/tutorial_interfaces/environment/library_path.dsv
[2.105s] -- Up-to-date: /home/joaocastilho/dev_ws/install/tutorial_interfaces/lib/libtutorial_interfaces__rosidl_generator_c.so
[2.105s] -- Up-to-date: /home/joaocastilho/dev_ws/install/tutorial_interfaces/include/tutorial_interfaces
[2.105s] -- Up-to-date: /home/joaocastilho/dev_ws/install/tutorial_interfaces/include/tutorial_interfaces/msg
[2.105s] -- Up-to-date: /home/joaocastilho/dev_ws/install/tutorial_interfaces/include/tutorial_interfaces/msg/detail
[2.105s] -- Up-to-date: /home/joaocastilho/dev_ws/install/tutorial_interfaces/include/tutorial_interfaces/msg/detail/num__rosidl_typesupport_fastrtps_c.h
[2.105s] -- Up-to-date: /home/joaocastilho/dev_ws/install/tutorial_interfaces/include/tutorial_interfaces/msg/rosidl_typesupport_fastrtps_c__visibility_control.h
[2.105s] -- Up-to-date: /home/joaocastilho/dev_ws/install/tutorial_interfaces/include/tutorial_interfaces/srv
[2.105s] -- Up-to-date: /home/joaocastilho/dev_ws/install/tutorial_interfaces/include/tutorial_interfaces/srv/detail
[2.105s] -- Up-to-date: /home/joaocastilho/dev_ws/install/tutorial_interfaces/include/tutorial_interfaces/srv/detail/add_three_ints__rosidl_typesupport_fastrtps_c.h
[2.106s] -- Up-to-date: /home/joaocastilho/dev_ws/install/tutorial_interfaces/lib/libtutorial_interfaces__rosidl_typesupport_fastrtps_c.so
[2.106s] -- Up-to-date: /home/joaocastilho/dev_ws/install/tutorial_interfaces/include/tutorial_interfaces
[2.106s] -- Up-to-date: /home/joaocastilho/dev_ws/install/tutorial_interfaces/include/tutorial_interfaces/msg
[2.106s] -- Up-to-date: /home/joaocastilho/dev_ws/install/tutorial_interfaces/include/tutorial_interfaces/msg/rosidl_typesupport_fastrtps_cpp__visibility_control.h
[2.106s] -- Up-to-date: /home/joaocastilho/dev_ws/install/tutorial_interfaces/include/tutorial_interfaces/msg/detail
[2.106s] -- Up-to-date: /home/joaocastilho/dev_ws/install/tutorial_interfaces/include/tutorial_interfaces/msg/detail/num__rosidl_typesupport_fastrtps_cpp.hpp
[2.106s] -- Up-to-date: /home/joaocastilho/dev_ws/install/tutorial_interfaces/include/tutorial_interfaces/msg/detail/dds_fastrtps
[2.106s] -- Up-to-date: /home/joaocastilho/dev_ws/install/tutorial_interfaces/include/tutorial_interfaces/srv
[2.106s] -- Up-to-date: /home/joaocastilho/dev_ws/install/tutorial_interfaces/include/tutorial_interfaces/srv/detail
[2.106s] -- Up-to-date: /home/joaocastilho/dev_ws/install/tutorial_interfaces/include/tutorial_interfaces/srv/detail/dds_fastrtps
[2.106s] -- Up-to-date: /home/joaocastilho/dev_ws/install/tutorial_interfaces/include/tutorial_interfaces/srv/detail/add_three_ints__rosidl_typesupport_fastrtps_cpp.hpp
[2.106s] -- Up-to-date: /home/joaocastilho/dev_ws/install/tutorial_interfaces/lib/libtutorial_interfaces__rosidl_typesupport_fastrtps_cpp.so
[2.106s] -- Up-to-date: /home/joaocastilho/dev_ws/install/tutorial_interfaces/include/tutorial_interfaces
[2.107s] -- Up-to-date: /home/joaocastilho/dev_ws/install/tutorial_interfaces/include/tutorial_interfaces/msg
[2.107s] -- Up-to-date: /home/joaocastilho/dev_ws/install/tutorial_interfaces/include/tutorial_interfaces/msg/detail
[2.107s] -- Up-to-date: /home/joaocastilho/dev_ws/install/tutorial_interfaces/include/tutorial_interfaces/msg/detail/num__type_support.c
[2.107s] -- Up-to-date: /home/joaocastilho/dev_ws/install/tutorial_interfaces/include/tutorial_interfaces/msg/detail/num__rosidl_typesupport_introspection_c.h
[2.107s] -- Up-to-date: /home/joaocastilho/dev_ws/install/tutorial_interfaces/include/tutorial_interfaces/msg/rosidl_typesupport_introspection_c__visibility_control.h
[2.107s] -- Up-to-date: /home/joaocastilho/dev_ws/install/tutorial_interfaces/include/tutorial_interfaces/srv
[2.107s] -- Up-to-date: /home/joaocastilho/dev_ws/install/tutorial_interfaces/include/tutorial_interfaces/srv/detail
[2.107s] -- Up-to-date: /home/joaocastilho/dev_ws/install/tutorial_interfaces/include/tutorial_interfaces/srv/detail/add_three_ints__rosidl_typesupport_introspection_c.h
[2.107s] -- Up-to-date: /home/joaocastilho/dev_ws/install/tutorial_interfaces/include/tutorial_interfaces/srv/detail/add_three_ints__type_support.c
[2.108s] -- Up-to-date: /home/joaocastilho/dev_ws/install/tutorial_interfaces/lib/libtutorial_interfaces__rosidl_typesupport_introspection_c.so
[2.108s] -- Up-to-date: /home/joaocastilho/dev_ws/install/tutorial_interfaces/lib/libtutorial_interfaces__rosidl_typesupport_c.so
[2.111s] -- Up-to-date: /home/joaocastilho/dev_ws/install/tutorial_interfaces/include/tutorial_interfaces
[2.111s] -- Up-to-date: /home/joaocastilho/dev_ws/install/tutorial_interfaces/include/tutorial_interfaces/msg
[2.111s] -- Up-to-date: /home/joaocastilho/dev_ws/install/tutorial_interfaces/include/tutorial_interfaces/msg/detail
[2.111s] -- Up-to-date: /home/joaocastilho/dev_ws/install/tutorial_interfaces/include/tutorial_interfaces/msg/detail/num__struct.hpp
[2.112s] -- Up-to-date: /home/joaocastilho/dev_ws/install/tutorial_interfaces/include/tutorial_interfaces/msg/detail/num__builder.hpp
[2.112s] -- Up-to-date: /home/joaocastilho/dev_ws/install/tutorial_interfaces/include/tutorial_interfaces/msg/detail/num__traits.hpp
[2.112s] -- Up-to-date: /home/joaocastilho/dev_ws/install/tutorial_interfaces/include/tutorial_interfaces/msg/num.hpp
[2.112s] -- Up-to-date: /home/joaocastilho/dev_ws/install/tutorial_interfaces/include/tutorial_interfaces/srv
[2.112s] -- Up-to-date: /home/joaocastilho/dev_ws/install/tutorial_interfaces/include/tutorial_interfaces/srv/add_three_ints.hpp
[2.113s] -- Up-to-date: /home/joaocastilho/dev_ws/install/tutorial_interfaces/include/tutorial_interfaces/srv/detail
[2.114s] -- Up-to-date: /home/joaocastilho/dev_ws/install/tutorial_interfaces/include/tutorial_interfaces/srv/detail/add_three_ints__traits.hpp
[2.114s] -- Up-to-date: /home/joaocastilho/dev_ws/install/tutorial_interfaces/include/tutorial_interfaces/srv/detail/add_three_ints__struct.hpp
[2.114s] -- Up-to-date: /home/joaocastilho/dev_ws/install/tutorial_interfaces/include/tutorial_interfaces/srv/detail/add_three_ints__builder.hpp
[2.114s] -- Up-to-date: /home/joaocastilho/dev_ws/install/tutorial_interfaces/include/tutorial_interfaces
[2.114s] -- Up-to-date: /home/joaocastilho/dev_ws/install/tutorial_interfaces/include/tutorial_interfaces/msg
[2.114s] -- Up-to-date: /home/joaocastilho/dev_ws/install/tutorial_interfaces/include/tutorial_interfaces/msg/detail
[2.115s] -- Up-to-date: /home/joaocastilho/dev_ws/install/tutorial_interfaces/include/tutorial_interfaces/msg/detail/num__type_support.cpp
[2.115s] -- Up-to-date: /home/joaocastilho/dev_ws/install/tutorial_interfaces/include/tutorial_interfaces/msg/detail/num__rosidl_typesupport_introspection_cpp.hpp
[2.115s] -- Up-to-date: /home/joaocastilho/dev_ws/install/tutorial_interfaces/include/tutorial_interfaces/srv
[2.115s] -- Up-to-date: /home/joaocastilho/dev_ws/install/tutorial_interfaces/include/tutorial_interfaces/srv/detail
[2.115s] -- Up-to-date: /home/joaocastilho/dev_ws/install/tutorial_interfaces/include/tutorial_interfaces/srv/detail/add_three_ints__rosidl_typesupport_introspection_cpp.hpp
[2.115s] -- Up-to-date: /home/joaocastilho/dev_ws/install/tutorial_interfaces/include/tutorial_interfaces/srv/detail/add_three_ints__type_support.cpp
[2.115s] -- Up-to-date: /home/joaocastilho/dev_ws/install/tutorial_interfaces/lib/libtutorial_interfaces__rosidl_typesupport_introspection_cpp.so
[2.115s] -- Up-to-date: /home/joaocastilho/dev_ws/install/tutorial_interfaces/lib/libtutorial_interfaces__rosidl_typesupport_cpp.so
[2.115s] -- Up-to-date: /home/joaocastilho/dev_ws/install/tutorial_interfaces/share/tutorial_interfaces/environment/pythonpath.sh
[2.115s] -- Installing: /home/joaocastilho/dev_ws/install/tutorial_interfaces/share/tutorial_interfaces/environment/pythonpath.dsv
[2.115s] -- Installing: /home/joaocastilho/dev_ws/install/tutorial_interfaces/lib/python3.8/site-packages/tutorial_interfaces/__init__.py
[2.150s] Compiling '/home/joaocastilho/dev_ws/install/tutorial_interfaces/lib/python3.8/site-packages/tutorial_interfaces/__init__.py'...
[2.155s] -- Up-to-date: /home/joaocastilho/dev_ws/install/tutorial_interfaces/lib/python3.8/site-packages/tutorial_interfaces/msg
[2.156s] -- Up-to-date: /home/joaocastilho/dev_ws/install/tutorial_interfaces/lib/python3.8/site-packages/tutorial_interfaces/msg/_num_s.c
[2.156s] -- Up-to-date: /home/joaocastilho/dev_ws/install/tutorial_interfaces/lib/python3.8/site-packages/tutorial_interfaces/msg/__init__.py
[2.156s] -- Up-to-date: /home/joaocastilho/dev_ws/install/tutorial_interfaces/lib/python3.8/site-packages/tutorial_interfaces/msg/_num.py
[2.156s] -- Up-to-date: /home/joaocastilho/dev_ws/install/tutorial_interfaces/lib/python3.8/site-packages/tutorial_interfaces/srv
[2.156s] -- Up-to-date: /home/joaocastilho/dev_ws/install/tutorial_interfaces/lib/python3.8/site-packages/tutorial_interfaces/srv/_add_three_ints_s.c
[2.156s] -- Up-to-date: /home/joaocastilho/dev_ws/install/tutorial_interfaces/lib/python3.8/site-packages/tutorial_interfaces/srv/__init__.py
[2.156s] -- Up-to-date: /home/joaocastilho/dev_ws/install/tutorial_interfaces/lib/python3.8/site-packages/tutorial_interfaces/srv/_add_three_ints.py
[2.156s] -- Up-to-date: /home/joaocastilho/dev_ws/install/tutorial_interfaces/lib/python3.8/site-packages/tutorial_interfaces/tutorial_interfaces_s__rosidl_typesupport_fastrtps_c.cpython-38-x86_64-linux-gnu.so
[2.157s] -- Up-to-date: /home/joaocastilho/dev_ws/install/tutorial_interfaces/lib/python3.8/site-packages/tutorial_interfaces/tutorial_interfaces_s__rosidl_typesupport_introspection_c.cpython-38-x86_64-linux-gnu.so
[2.157s] -- Up-to-date: /home/joaocastilho/dev_ws/install/tutorial_interfaces/lib/python3.8/site-packages/tutorial_interfaces/tutorial_interfaces_s__rosidl_typesupport_c.cpython-38-x86_64-linux-gnu.so
[2.158s] -- Up-to-date: /home/joaocastilho/dev_ws/install/tutorial_interfaces/lib/libtutorial_interfaces__python.so
[2.158s] -- Up-to-date: /home/joaocastilho/dev_ws/install/tutorial_interfaces/share/tutorial_interfaces/msg/Num.idl
[2.158s] -- Up-to-date: /home/joaocastilho/dev_ws/install/tutorial_interfaces/share/tutorial_interfaces/srv/AddThreeInts.idl
[2.158s] -- Up-to-date: /home/joaocastilho/dev_ws/install/tutorial_interfaces/share/tutorial_interfaces/msg/Num.msg
[2.158s] -- Up-to-date: /home/joaocastilho/dev_ws/install/tutorial_interfaces/share/tutorial_interfaces/srv/AddThreeInts.srv
[2.159s] -- Up-to-date: /home/joaocastilho/dev_ws/install/tutorial_interfaces/share/tutorial_interfaces/srv/AddThreeInts_Request.msg
[2.159s] -- Up-to-date: /home/joaocastilho/dev_ws/install/tutorial_interfaces/share/tutorial_interfaces/srv/AddThreeInts_Response.msg
[2.159s] -- Up-to-date: /home/joaocastilho/dev_ws/install/tutorial_interfaces/share/ament_index/resource_index/package_run_dependencies/tutorial_interfaces
[2.159s] -- Up-to-date: /home/joaocastilho/dev_ws/install/tutorial_interfaces/share/ament_index/resource_index/parent_prefix_path/tutorial_interfaces
[2.159s] -- Up-to-date: /home/joaocastilho/dev_ws/install/tutorial_interfaces/share/tutorial_interfaces/environment/ament_prefix_path.sh
[2.159s] -- Installing: /home/joaocastilho/dev_ws/install/tutorial_interfaces/share/tutorial_interfaces/environment/ament_prefix_path.dsv
[2.159s] -- Up-to-date: /home/joaocastilho/dev_ws/install/tutorial_interfaces/share/tutorial_interfaces/environment/path.sh
[2.159s] -- Installing: /home/joaocastilho/dev_ws/install/tutorial_interfaces/share/tutorial_interfaces/environment/path.dsv
[2.159s] -- Up-to-date: /home/joaocastilho/dev_ws/install/tutorial_interfaces/share/tutorial_interfaces/local_setup.bash
[2.159s] -- Up-to-date: /home/joaocastilho/dev_ws/install/tutorial_interfaces/share/tutorial_interfaces/local_setup.sh
[2.159s] -- Up-to-date: /home/joaocastilho/dev_ws/install/tutorial_interfaces/share/tutorial_interfaces/local_setup.zsh
[2.160s] -- Installing: /home/joaocastilho/dev_ws/install/tutorial_interfaces/share/tutorial_interfaces/local_setup.dsv
[2.160s] -- Installing: /home/joaocastilho/dev_ws/install/tutorial_interfaces/share/tutorial_interfaces/package.dsv
[2.160s] -- Up-to-date: /home/joaocastilho/dev_ws/install/tutorial_interfaces/share/ament_index/resource_index/packages/tutorial_interfaces
[2.160s] -- Up-to-date: /home/joaocastilho/dev_ws/install/tutorial_interfaces/share/tutorial_interfaces/cmake/tutorial_interfaces__rosidl_generator_cExport.cmake
[2.160s] -- Installing: /home/joaocastilho/dev_ws/install/tutorial_interfaces/share/tutorial_interfaces/cmake/tutorial_interfaces__rosidl_generator_cExport-noconfig.cmake
[2.160s] -- Up-to-date: /home/joaocastilho/dev_ws/install/tutorial_interfaces/share/tutorial_interfaces/cmake/tutorial_interfaces__rosidl_typesupport_introspection_cExport.cmake
[2.160s] -- Installing: /home/joaocastilho/dev_ws/install/tutorial_interfaces/share/tutorial_interfaces/cmake/tutorial_interfaces__rosidl_typesupport_introspection_cExport-noconfig.cmake
[2.161s] -- Up-to-date: /home/joaocastilho/dev_ws/install/tutorial_interfaces/share/tutorial_interfaces/cmake/tutorial_interfaces__rosidl_typesupport_cExport.cmake
[2.161s] -- Installing: /home/joaocastilho/dev_ws/install/tutorial_interfaces/share/tutorial_interfaces/cmake/tutorial_interfaces__rosidl_typesupport_cExport-noconfig.cmake
[2.161s] -- Up-to-date: /home/joaocastilho/dev_ws/install/tutorial_interfaces/share/tutorial_interfaces/cmake/tutorial_interfaces__rosidl_generator_cppExport.cmake
[2.161s] -- Up-to-date: /home/joaocastilho/dev_ws/install/tutorial_interfaces/share/tutorial_interfaces/cmake/tutorial_interfaces__rosidl_typesupport_introspection_cppExport.cmake
[2.161s] -- Installing: /home/joaocastilho/dev_ws/install/tutorial_interfaces/share/tutorial_interfaces/cmake/tutorial_interfaces__rosidl_typesupport_introspection_cppExport-noconfig.cmake
[2.162s] -- Up-to-date: /home/joaocastilho/dev_ws/install/tutorial_interfaces/share/tutorial_interfaces/cmake/tutorial_interfaces__rosidl_typesupport_cppExport.cmake
[2.162s] -- Installing: /home/joaocastilho/dev_ws/install/tutorial_interfaces/share/tutorial_interfaces/cmake/tutorial_interfaces__rosidl_typesupport_cppExport-noconfig.cmake
[2.162s] -- Up-to-date: /home/joaocastilho/dev_ws/install/tutorial_interfaces/share/tutorial_interfaces/cmake/rosidl_cmake-extras.cmake
[2.162s] -- Up-to-date: /home/joaocastilho/dev_ws/install/tutorial_interfaces/share/tutorial_interfaces/cmake/ament_cmake_export_dependencies-extras.cmake
[2.162s] -- Up-to-date: /home/joaocastilho/dev_ws/install/tutorial_interfaces/share/tutorial_interfaces/cmake/ament_cmake_export_libraries-extras.cmake
[2.162s] -- Up-to-date: /home/joaocastilho/dev_ws/install/tutorial_interfaces/share/tutorial_interfaces/cmake/ament_cmake_export_targets-extras.cmake
[2.162s] -- Up-to-date: /home/joaocastilho/dev_ws/install/tutorial_interfaces/share/tutorial_interfaces/cmake/ament_cmake_export_include_directories-extras.cmake
[2.162s] -- Up-to-date: /home/joaocastilho/dev_ws/install/tutorial_interfaces/share/tutorial_interfaces/cmake/rosidl_cmake_export_typesupport_libraries-extras.cmake
[2.162s] -- Up-to-date: /home/joaocastilho/dev_ws/install/tutorial_interfaces/share/tutorial_interfaces/cmake/rosidl_cmake_export_typesupport_targets-extras.cmake
[2.162s] -- Up-to-date: /home/joaocastilho/dev_ws/install/tutorial_interfaces/share/tutorial_interfaces/cmake/tutorial_interfacesConfig.cmake
[2.163s] -- Up-to-date: /home/joaocastilho/dev_ws/install/tutorial_interfaces/share/tutorial_interfaces/cmake/tutorial_interfacesConfig-version.cmake
[2.163s] -- Installing: /home/joaocastilho/dev_ws/install/tutorial_interfaces/share/tutorial_interfaces/package.xml
[2.167s] Invoked command in '/home/joaocastilho/dev_ws/build/tutorial_interfaces' returned '0': CMAKE_PREFIX_PATH=${CMAKE_PREFIX_PATH}:/home/joaocastilho/dev_ws/install/py_pubsub:/home/joaocastilho/dev_ws/install/my_package_python:/opt/ros/foxy /usr/bin/cmake --install /home/joaocastilho/dev_ws/build/tutorial_interfaces
