[0.064s] Invoking command in '/home/joaocastilho/dev_ws/build/tutorial_interfaces': CMAKE_PREFIX_PATH=${CMAKE_PREFIX_PATH}:/home/joaocastilho/dev_ws/install/py_pubsub:/home/joaocastilho/dev_ws/install/my_package_python:/opt/ros/foxy /usr/bin/cmake --build /home/joaocastilho/dev_ws/build/tutorial_interfaces -- -j8 -l8
[0.705s] -- Found ament_cmake: 0.9.8 (/opt/ros/foxy/share/ament_cmake/cmake)
[0.705s] -- Found PythonInterp: /usr/bin/python3 (found suitable version "3.8.10", minimum required is "3") 
[0.706s] -- Using PYTHON_EXECUTABLE: /usr/bin/python3
[0.707s] -- Found rclcpp: 2.3.1 (/opt/ros/foxy/share/rclcpp/cmake)
[0.707s] -- Using all available rosidl_typesupport_c: rosidl_typesupport_fastrtps_c;rosidl_typesupport_introspection_c
[0.708s] -- Found rosidl_adapter: 1.2.1 (/opt/ros/foxy/share/rosidl_adapter/cmake)
[0.708s] -- Using all available rosidl_typesupport_cpp: rosidl_typesupport_fastrtps_cpp;rosidl_typesupport_introspection_cpp
[0.710s] -- Found rmw_implementation_cmake: 1.0.3 (/opt/ros/foxy/share/rmw_implementation_cmake/cmake)
[0.710s] -- Using RMW implementation 'rmw_fastrtps_cpp' as default
[0.808s] -- Found tutorial_interfaces: 0.0.0 (/home/joaocastilho/dev_ws/install/tutorial_interfaces/share/tutorial_interfaces/cmake)
[0.832s] -- Found ament_lint_auto: 0.9.6 (/opt/ros/foxy/share/ament_lint_auto/cmake)
[0.957s] -- Found rosidl_default_generators: 1.0.1 (/opt/ros/foxy/share/rosidl_default_generators/cmake)
[1.010s] -- Found PythonInterp: /usr/bin/python3 (found version "3.8.10") 
[1.130s] -- Found ament_cmake_ros: 0.9.2 (/opt/ros/foxy/share/ament_cmake_ros/cmake)
[1.287s] -- Using all available rosidl_typesupport_c: rosidl_typesupport_fastrtps_c;rosidl_typesupport_introspection_c
[1.301s] -- Using all available rosidl_typesupport_cpp: rosidl_typesupport_fastrtps_cpp;rosidl_typesupport_introspection_cpp
[1.330s] -- Found PythonInterp: /usr/bin/python3 (found suitable version "3.8.10", minimum required is "3.5") 
[1.331s] -- Found python_cmake_module: 0.8.1 (/opt/ros/foxy/share/python_cmake_module/cmake)
[1.370s] -- Using PYTHON_EXECUTABLE: /usr/bin/python3
[1.370s] -- Using PYTHON_INCLUDE_DIRS: /usr/include/python3.8
[1.371s] -- Using PYTHON_LIBRARIES: /usr/lib/x86_64-linux-gnu/libpython3.8.so
[1.399s] -- Added test 'copyright' to check source files copyright and LICENSE
[1.401s] -- Added test 'cppcheck' to perform static code analysis on C / C++ code
[1.402s] -- Configured cppcheck include dirs: 
[1.402s] -- Configured cppcheck exclude dirs and/or files: 
[1.404s] -- Added test 'cpplint' to check C / C++ code against the Google style
[1.404s] -- Configured cpplint exclude dirs and/or files: 
[1.405s] -- Added test 'lint_cmake' to check CMake code style
[1.406s] -- Added test 'uncrustify' to check C / C++ code style
[1.407s] -- Configured uncrustify additional arguments: 
[1.408s] -- Added test 'xmllint' to check XML markup files
[1.415s] -- Configuring done
[1.481s] -- Generating done
[1.487s] -- Build files have been written to: /home/joaocastilho/dev_ws/build/tutorial_interfaces
[1.540s] [  9%] Built target tutorial_interfaces__cpp
[1.540s] [ 11%] Built target tutorial_interfaces__rosidl_generator_c
[1.567s] [ 16%] Built target talker
[1.567s] [ 20%] Built target listener
[1.573s] [ 30%] Built target tutorial_interfaces__rosidl_typesupport_cpp
[1.584s] [ 39%] Built target tutorial_interfaces__rosidl_typesupport_fastrtps_cpp
[1.586s] [ 48%] Built target tutorial_interfaces__rosidl_typesupport_introspection_cpp
[1.586s] [ 58%] Built target tutorial_interfaces__rosidl_typesupport_c
[1.588s] [ 67%] Built target tutorial_interfaces__rosidl_typesupport_introspection_c
[1.625s] [ 76%] Built target tutorial_interfaces__rosidl_typesupport_fastrtps_c
[1.649s] [ 76%] Built target tutorial_interfaces
[1.672s] [ 79%] Built target tutorial_interfaces__py
[1.702s] [ 86%] Built target tutorial_interfaces__python
[1.734s] [ 90%] Built target tutorial_interfaces__rosidl_typesupport_fastrtps_c__pyext
[1.737s] [ 95%] Built target tutorial_interfaces__rosidl_typesupport_introspection_c__pyext
[1.742s] [100%] Built target tutorial_interfaces__rosidl_typesupport_c__pyext
[1.757s] Invoked command in '/home/joaocastilho/dev_ws/build/tutorial_interfaces' returned '0': CMAKE_PREFIX_PATH=${CMAKE_PREFIX_PATH}:/home/joaocastilho/dev_ws/install/py_pubsub:/home/joaocastilho/dev_ws/install/my_package_python:/opt/ros/foxy /usr/bin/cmake --build /home/joaocastilho/dev_ws/build/tutorial_interfaces -- -j8 -l8
[1.835s] Invoking command in '/home/joaocastilho/dev_ws/build/tutorial_interfaces': CMAKE_PREFIX_PATH=${CMAKE_PREFIX_PATH}:/home/joaocastilho/dev_ws/install/py_pubsub:/home/joaocastilho/dev_ws/install/my_package_python:/opt/ros/foxy /usr/bin/cmake --install /home/joaocastilho/dev_ws/build/tutorial_interfaces
[1.846s] -- Install configuration: ""
[1.846s] -- Up-to-date: /home/joaocastilho/dev_ws/install/tutorial_interfaces/share/ament_index/resource_index/rosidl_interfaces/tutorial_interfaces
[1.846s] -- Up-to-date: /home/joaocastilho/dev_ws/install/tutorial_interfaces/include/tutorial_interfaces
[1.846s] -- Up-to-date: /home/joaocastilho/dev_ws/install/tutorial_interfaces/include/tutorial_interfaces/msg
[1.846s] -- Up-to-date: /home/joaocastilho/dev_ws/install/tutorial_interfaces/include/tutorial_interfaces/msg/num.h
[1.846s] -- Up-to-date: /home/joaocastilho/dev_ws/install/tutorial_interfaces/include/tutorial_interfaces/msg/rosidl_generator_c__visibility_control.h
[1.846s] -- Up-to-date: /home/joaocastilho/dev_ws/install/tutorial_interfaces/include/tutorial_interfaces/msg/detail
[1.847s] -- Up-to-date: /home/joaocastilho/dev_ws/install/tutorial_interfaces/include/tutorial_interfaces/msg/detail/num__type_support.h
[1.847s] -- Up-to-date: /home/joaocastilho/dev_ws/install/tutorial_interfaces/include/tutorial_interfaces/msg/detail/num__functions.c
[1.847s] -- Up-to-date: /home/joaocastilho/dev_ws/install/tutorial_interfaces/include/tutorial_interfaces/msg/detail/num__functions.h
[1.847s] -- Up-to-date: /home/joaocastilho/dev_ws/install/tutorial_interfaces/include/tutorial_interfaces/msg/detail/num__struct.h
[1.847s] -- Up-to-date: /home/joaocastilho/dev_ws/install/tutorial_interfaces/include/tutorial_interfaces/srv
[1.847s] -- Up-to-date: /home/joaocastilho/dev_ws/install/tutorial_interfaces/include/tutorial_interfaces/srv/detail
[1.847s] -- Up-to-date: /home/joaocastilho/dev_ws/install/tutorial_interfaces/include/tutorial_interfaces/srv/detail/add_three_ints__functions.c
[1.847s] -- Up-to-date: /home/joaocastilho/dev_ws/install/tutorial_interfaces/include/tutorial_interfaces/srv/detail/add_three_ints__type_support.h
[1.847s] -- Up-to-date: /home/joaocastilho/dev_ws/install/tutorial_interfaces/include/tutorial_interfaces/srv/detail/add_three_ints__struct.h
[1.847s] -- Up-to-date: /home/joaocastilho/dev_ws/install/tutorial_interfaces/include/tutorial_interfaces/srv/detail/add_three_ints__functions.h
[1.848s] -- Up-to-date: /home/joaocastilho/dev_ws/install/tutorial_interfaces/include/tutorial_interfaces/srv/add_three_ints.h
[1.848s] -- Up-to-date: /home/joaocastilho/dev_ws/install/tutorial_interfaces/share/tutorial_interfaces/environment/library_path.sh
[1.848s] -- Installing: /home/joaocastilho/dev_ws/install/tutorial_interfaces/share/tutorial_interfaces/environment/library_path.dsv
[1.848s] -- Up-to-date: /home/joaocastilho/dev_ws/install/tutorial_interfaces/lib/libtutorial_interfaces__rosidl_generator_c.so
[1.848s] -- Up-to-date: /home/joaocastilho/dev_ws/install/tutorial_interfaces/include/tutorial_interfaces
[1.848s] -- Up-to-date: /home/joaocastilho/dev_ws/install/tutorial_interfaces/include/tutorial_interfaces/msg
[1.848s] -- Up-to-date: /home/joaocastilho/dev_ws/install/tutorial_interfaces/include/tutorial_interfaces/msg/detail
[1.848s] -- Up-to-date: /home/joaocastilho/dev_ws/install/tutorial_interfaces/include/tutorial_interfaces/msg/detail/num__rosidl_typesupport_fastrtps_c.h
[1.848s] -- Up-to-date: /home/joaocastilho/dev_ws/install/tutorial_interfaces/include/tutorial_interfaces/msg/rosidl_typesupport_fastrtps_c__visibility_control.h
[1.848s] -- Up-to-date: /home/joaocastilho/dev_ws/install/tutorial_interfaces/include/tutorial_interfaces/srv
[1.848s] -- Up-to-date: /home/joaocastilho/dev_ws/install/tutorial_interfaces/include/tutorial_interfaces/srv/detail
[1.849s] -- Up-to-date: /home/joaocastilho/dev_ws/install/tutorial_interfaces/include/tutorial_interfaces/srv/detail/add_three_ints__rosidl_typesupport_fastrtps_c.h
[1.849s] -- Up-to-date: /home/joaocastilho/dev_ws/install/tutorial_interfaces/lib/libtutorial_interfaces__rosidl_typesupport_fastrtps_c.so
[1.849s] -- Up-to-date: /home/joaocastilho/dev_ws/install/tutorial_interfaces/include/tutorial_interfaces
[1.849s] -- Up-to-date: /home/joaocastilho/dev_ws/install/tutorial_interfaces/include/tutorial_interfaces/msg
[1.849s] -- Up-to-date: /home/joaocastilho/dev_ws/install/tutorial_interfaces/include/tutorial_interfaces/msg/rosidl_typesupport_fastrtps_cpp__visibility_control.h
[1.849s] -- Up-to-date: /home/joaocastilho/dev_ws/install/tutorial_interfaces/include/tutorial_interfaces/msg/detail
[1.849s] -- Up-to-date: /home/joaocastilho/dev_ws/install/tutorial_interfaces/include/tutorial_interfaces/msg/detail/num__rosidl_typesupport_fastrtps_cpp.hpp
[1.849s] -- Up-to-date: /home/joaocastilho/dev_ws/install/tutorial_interfaces/include/tutorial_interfaces/msg/detail/dds_fastrtps
[1.849s] -- Up-to-date: /home/joaocastilho/dev_ws/install/tutorial_interfaces/include/tutorial_interfaces/srv
[1.849s] -- Up-to-date: /home/joaocastilho/dev_ws/install/tutorial_interfaces/include/tutorial_interfaces/srv/detail
[1.849s] -- Up-to-date: /home/joaocastilho/dev_ws/install/tutorial_interfaces/include/tutorial_interfaces/srv/detail/dds_fastrtps
[1.849s] -- Up-to-date: /home/joaocastilho/dev_ws/install/tutorial_interfaces/include/tutorial_interfaces/srv/detail/add_three_ints__rosidl_typesupport_fastrtps_cpp.hpp
[1.850s] -- Up-to-date: /home/joaocastilho/dev_ws/install/tutorial_interfaces/lib/libtutorial_interfaces__rosidl_typesupport_fastrtps_cpp.so
[1.850s] -- Up-to-date: /home/joaocastilho/dev_ws/install/tutorial_interfaces/include/tutorial_interfaces
[1.850s] -- Up-to-date: /home/joaocastilho/dev_ws/install/tutorial_interfaces/include/tutorial_interfaces/msg
[1.850s] -- Up-to-date: /home/joaocastilho/dev_ws/install/tutorial_interfaces/include/tutorial_interfaces/msg/detail
[1.850s] -- Up-to-date: /home/joaocastilho/dev_ws/install/tutorial_interfaces/include/tutorial_interfaces/msg/detail/num__type_support.c
[1.850s] -- Up-to-date: /home/joaocastilho/dev_ws/install/tutorial_interfaces/include/tutorial_interfaces/msg/detail/num__rosidl_typesupport_introspection_c.h
[1.850s] -- Up-to-date: /home/joaocastilho/dev_ws/install/tutorial_interfaces/include/tutorial_interfaces/msg/rosidl_typesupport_introspection_c__visibility_control.h
[1.850s] -- Up-to-date: /home/joaocastilho/dev_ws/install/tutorial_interfaces/include/tutorial_interfaces/srv
[1.850s] -- Up-to-date: /home/joaocastilho/dev_ws/install/tutorial_interfaces/include/tutorial_interfaces/srv/detail
[1.851s] -- Up-to-date: /home/joaocastilho/dev_ws/install/tutorial_interfaces/include/tutorial_interfaces/srv/detail/add_three_ints__rosidl_typesupport_introspection_c.h
[1.851s] -- Up-to-date: /home/joaocastilho/dev_ws/install/tutorial_interfaces/include/tutorial_interfaces/srv/detail/add_three_ints__type_support.c
[1.851s] -- Up-to-date: /home/joaocastilho/dev_ws/install/tutorial_interfaces/lib/libtutorial_interfaces__rosidl_typesupport_introspection_c.so
[1.851s] -- Up-to-date: /home/joaocastilho/dev_ws/install/tutorial_interfaces/lib/libtutorial_interfaces__rosidl_typesupport_c.so
[1.851s] -- Up-to-date: /home/joaocastilho/dev_ws/install/tutorial_interfaces/include/tutorial_interfaces
[1.851s] -- Up-to-date: /home/joaocastilho/dev_ws/install/tutorial_interfaces/include/tutorial_interfaces/msg
[1.851s] -- Up-to-date: /home/joaocastilho/dev_ws/install/tutorial_interfaces/include/tutorial_interfaces/msg/detail
[1.851s] -- Up-to-date: /home/joaocastilho/dev_ws/install/tutorial_interfaces/include/tutorial_interfaces/msg/detail/num__struct.hpp
[1.851s] -- Up-to-date: /home/joaocastilho/dev_ws/install/tutorial_interfaces/include/tutorial_interfaces/msg/detail/num__builder.hpp
[1.851s] -- Up-to-date: /home/joaocastilho/dev_ws/install/tutorial_interfaces/include/tutorial_interfaces/msg/detail/num__traits.hpp
[1.851s] -- Up-to-date: /home/joaocastilho/dev_ws/install/tutorial_interfaces/include/tutorial_interfaces/msg/num.hpp
[1.851s] -- Up-to-date: /home/joaocastilho/dev_ws/install/tutorial_interfaces/include/tutorial_interfaces/srv
[1.851s] -- Up-to-date: /home/joaocastilho/dev_ws/install/tutorial_interfaces/include/tutorial_interfaces/srv/add_three_ints.hpp
[1.852s] -- Up-to-date: /home/joaocastilho/dev_ws/install/tutorial_interfaces/include/tutorial_interfaces/srv/detail
[1.852s] -- Up-to-date: /home/joaocastilho/dev_ws/install/tutorial_interfaces/include/tutorial_interfaces/srv/detail/add_three_ints__traits.hpp
[1.852s] -- Up-to-date: /home/joaocastilho/dev_ws/install/tutorial_interfaces/include/tutorial_interfaces/srv/detail/add_three_ints__struct.hpp
[1.852s] -- Up-to-date: /home/joaocastilho/dev_ws/install/tutorial_interfaces/include/tutorial_interfaces/srv/detail/add_three_ints__builder.hpp
[1.852s] -- Up-to-date: /home/joaocastilho/dev_ws/install/tutorial_interfaces/include/tutorial_interfaces
[1.852s] -- Up-to-date: /home/joaocastilho/dev_ws/install/tutorial_interfaces/include/tutorial_interfaces/msg
[1.852s] -- Up-to-date: /home/joaocastilho/dev_ws/install/tutorial_interfaces/include/tutorial_interfaces/msg/detail
[1.852s] -- Up-to-date: /home/joaocastilho/dev_ws/install/tutorial_interfaces/include/tutorial_interfaces/msg/detail/num__type_support.cpp
[1.852s] -- Up-to-date: /home/joaocastilho/dev_ws/install/tutorial_interfaces/include/tutorial_interfaces/msg/detail/num__rosidl_typesupport_introspection_cpp.hpp
[1.852s] -- Up-to-date: /home/joaocastilho/dev_ws/install/tutorial_interfaces/include/tutorial_interfaces/srv
[1.852s] -- Up-to-date: /home/joaocastilho/dev_ws/install/tutorial_interfaces/include/tutorial_interfaces/srv/detail
[1.852s] -- Up-to-date: /home/joaocastilho/dev_ws/install/tutorial_interfaces/include/tutorial_interfaces/srv/detail/add_three_ints__rosidl_typesupport_introspection_cpp.hpp
[1.852s] -- Up-to-date: /home/joaocastilho/dev_ws/install/tutorial_interfaces/include/tutorial_interfaces/srv/detail/add_three_ints__type_support.cpp
[1.852s] -- Up-to-date: /home/joaocastilho/dev_ws/install/tutorial_interfaces/lib/libtutorial_interfaces__rosidl_typesupport_introspection_cpp.so
[1.853s] -- Up-to-date: /home/joaocastilho/dev_ws/install/tutorial_interfaces/lib/libtutorial_interfaces__rosidl_typesupport_cpp.so
[1.853s] -- Up-to-date: /home/joaocastilho/dev_ws/install/tutorial_interfaces/share/tutorial_interfaces/environment/pythonpath.sh
[1.853s] -- Installing: /home/joaocastilho/dev_ws/install/tutorial_interfaces/share/tutorial_interfaces/environment/pythonpath.dsv
[1.853s] -- Installing: /home/joaocastilho/dev_ws/install/tutorial_interfaces/lib/python3.8/site-packages/tutorial_interfaces/__init__.py
[1.890s] Compiling '/home/joaocastilho/dev_ws/install/tutorial_interfaces/lib/python3.8/site-packages/tutorial_interfaces/__init__.py'...
[1.895s] -- Up-to-date: /home/joaocastilho/dev_ws/install/tutorial_interfaces/lib/python3.8/site-packages/tutorial_interfaces/msg
[1.895s] -- Up-to-date: /home/joaocastilho/dev_ws/install/tutorial_interfaces/lib/python3.8/site-packages/tutorial_interfaces/msg/_num_s.c
[1.895s] -- Up-to-date: /home/joaocastilho/dev_ws/install/tutorial_interfaces/lib/python3.8/site-packages/tutorial_interfaces/msg/__init__.py
[1.895s] -- Up-to-date: /home/joaocastilho/dev_ws/install/tutorial_interfaces/lib/python3.8/site-packages/tutorial_interfaces/msg/_num.py
[1.896s] -- Up-to-date: /home/joaocastilho/dev_ws/install/tutorial_interfaces/lib/python3.8/site-packages/tutorial_interfaces/srv
[1.896s] -- Up-to-date: /home/joaocastilho/dev_ws/install/tutorial_interfaces/lib/python3.8/site-packages/tutorial_interfaces/srv/_add_three_ints_s.c
[1.896s] -- Up-to-date: /home/joaocastilho/dev_ws/install/tutorial_interfaces/lib/python3.8/site-packages/tutorial_interfaces/srv/__init__.py
[1.896s] -- Up-to-date: /home/joaocastilho/dev_ws/install/tutorial_interfaces/lib/python3.8/site-packages/tutorial_interfaces/srv/_add_three_ints.py
[1.896s] -- Up-to-date: /home/joaocastilho/dev_ws/install/tutorial_interfaces/lib/python3.8/site-packages/tutorial_interfaces/tutorial_interfaces_s__rosidl_typesupport_fastrtps_c.cpython-38-x86_64-linux-gnu.so
[1.896s] -- Up-to-date: /home/joaocastilho/dev_ws/install/tutorial_interfaces/lib/python3.8/site-packages/tutorial_interfaces/tutorial_interfaces_s__rosidl_typesupport_introspection_c.cpython-38-x86_64-linux-gnu.so
[1.897s] -- Up-to-date: /home/joaocastilho/dev_ws/install/tutorial_interfaces/lib/python3.8/site-packages/tutorial_interfaces/tutorial_interfaces_s__rosidl_typesupport_c.cpython-38-x86_64-linux-gnu.so
[1.898s] -- Up-to-date: /home/joaocastilho/dev_ws/install/tutorial_interfaces/lib/libtutorial_interfaces__python.so
[1.898s] -- Up-to-date: /home/joaocastilho/dev_ws/install/tutorial_interfaces/share/tutorial_interfaces/msg/Num.idl
[1.898s] -- Up-to-date: /home/joaocastilho/dev_ws/install/tutorial_interfaces/share/tutorial_interfaces/srv/AddThreeInts.idl
[1.898s] -- Up-to-date: /home/joaocastilho/dev_ws/install/tutorial_interfaces/share/tutorial_interfaces/msg/Num.msg
[1.898s] -- Up-to-date: /home/joaocastilho/dev_ws/install/tutorial_interfaces/share/tutorial_interfaces/srv/AddThreeInts.srv
[1.898s] -- Up-to-date: /home/joaocastilho/dev_ws/install/tutorial_interfaces/share/tutorial_interfaces/srv/AddThreeInts_Request.msg
[1.898s] -- Up-to-date: /home/joaocastilho/dev_ws/install/tutorial_interfaces/share/tutorial_interfaces/srv/AddThreeInts_Response.msg
[1.898s] -- Up-to-date: /home/joaocastilho/dev_ws/install/tutorial_interfaces/lib/tutorial_interfaces/talker
[1.899s] -- Up-to-date: /home/joaocastilho/dev_ws/install/tutorial_interfaces/lib/tutorial_interfaces/listener
[1.899s] -- Up-to-date: /home/joaocastilho/dev_ws/install/tutorial_interfaces/share/ament_index/resource_index/package_run_dependencies/tutorial_interfaces
[1.899s] -- Up-to-date: /home/joaocastilho/dev_ws/install/tutorial_interfaces/share/ament_index/resource_index/parent_prefix_path/tutorial_interfaces
[1.899s] -- Up-to-date: /home/joaocastilho/dev_ws/install/tutorial_interfaces/share/tutorial_interfaces/environment/ament_prefix_path.sh
[1.899s] -- Installing: /home/joaocastilho/dev_ws/install/tutorial_interfaces/share/tutorial_interfaces/environment/ament_prefix_path.dsv
[1.900s] -- Up-to-date: /home/joaocastilho/dev_ws/install/tutorial_interfaces/share/tutorial_interfaces/environment/path.sh
[1.900s] -- Installing: /home/joaocastilho/dev_ws/install/tutorial_interfaces/share/tutorial_interfaces/environment/path.dsv
[1.900s] -- Up-to-date: /home/joaocastilho/dev_ws/install/tutorial_interfaces/share/tutorial_interfaces/local_setup.bash
[1.900s] -- Up-to-date: /home/joaocastilho/dev_ws/install/tutorial_interfaces/share/tutorial_interfaces/local_setup.sh
[1.900s] -- Up-to-date: /home/joaocastilho/dev_ws/install/tutorial_interfaces/share/tutorial_interfaces/local_setup.zsh
[1.900s] -- Installing: /home/joaocastilho/dev_ws/install/tutorial_interfaces/share/tutorial_interfaces/local_setup.dsv
[1.900s] -- Installing: /home/joaocastilho/dev_ws/install/tutorial_interfaces/share/tutorial_interfaces/package.dsv
[1.900s] -- Up-to-date: /home/joaocastilho/dev_ws/install/tutorial_interfaces/share/ament_index/resource_index/packages/tutorial_interfaces
[1.900s] -- Up-to-date: /home/joaocastilho/dev_ws/install/tutorial_interfaces/share/tutorial_interfaces/cmake/tutorial_interfaces__rosidl_generator_cExport.cmake
[1.901s] -- Installing: /home/joaocastilho/dev_ws/install/tutorial_interfaces/share/tutorial_interfaces/cmake/tutorial_interfaces__rosidl_generator_cExport-noconfig.cmake
[1.901s] -- Up-to-date: /home/joaocastilho/dev_ws/install/tutorial_interfaces/share/tutorial_interfaces/cmake/tutorial_interfaces__rosidl_typesupport_introspection_cExport.cmake
[1.901s] -- Installing: /home/joaocastilho/dev_ws/install/tutorial_interfaces/share/tutorial_interfaces/cmake/tutorial_interfaces__rosidl_typesupport_introspection_cExport-noconfig.cmake
[1.901s] -- Up-to-date: /home/joaocastilho/dev_ws/install/tutorial_interfaces/share/tutorial_interfaces/cmake/tutorial_interfaces__rosidl_typesupport_cExport.cmake
[1.901s] -- Installing: /home/joaocastilho/dev_ws/install/tutorial_interfaces/share/tutorial_interfaces/cmake/tutorial_interfaces__rosidl_typesupport_cExport-noconfig.cmake
[1.901s] -- Up-to-date: /home/joaocastilho/dev_ws/install/tutorial_interfaces/share/tutorial_interfaces/cmake/tutorial_interfaces__rosidl_generator_cppExport.cmake
[1.902s] -- Up-to-date: /home/joaocastilho/dev_ws/install/tutorial_interfaces/share/tutorial_interfaces/cmake/tutorial_interfaces__rosidl_typesupport_introspection_cppExport.cmake
[1.902s] -- Installing: /home/joaocastilho/dev_ws/install/tutorial_interfaces/share/tutorial_interfaces/cmake/tutorial_interfaces__rosidl_typesupport_introspection_cppExport-noconfig.cmake
[1.902s] -- Up-to-date: /home/joaocastilho/dev_ws/install/tutorial_interfaces/share/tutorial_interfaces/cmake/tutorial_interfaces__rosidl_typesupport_cppExport.cmake
[1.902s] -- Installing: /home/joaocastilho/dev_ws/install/tutorial_interfaces/share/tutorial_interfaces/cmake/tutorial_interfaces__rosidl_typesupport_cppExport-noconfig.cmake
[1.902s] -- Up-to-date: /home/joaocastilho/dev_ws/install/tutorial_interfaces/share/tutorial_interfaces/cmake/rosidl_cmake-extras.cmake
[1.902s] -- Up-to-date: /home/joaocastilho/dev_ws/install/tutorial_interfaces/share/tutorial_interfaces/cmake/ament_cmake_export_dependencies-extras.cmake
[1.903s] -- Up-to-date: /home/joaocastilho/dev_ws/install/tutorial_interfaces/share/tutorial_interfaces/cmake/ament_cmake_export_libraries-extras.cmake
[1.903s] -- Up-to-date: /home/joaocastilho/dev_ws/install/tutorial_interfaces/share/tutorial_interfaces/cmake/ament_cmake_export_targets-extras.cmake
[1.903s] -- Up-to-date: /home/joaocastilho/dev_ws/install/tutorial_interfaces/share/tutorial_interfaces/cmake/ament_cmake_export_include_directories-extras.cmake
[1.903s] -- Up-to-date: /home/joaocastilho/dev_ws/install/tutorial_interfaces/share/tutorial_interfaces/cmake/rosidl_cmake_export_typesupport_libraries-extras.cmake
[1.903s] -- Up-to-date: /home/joaocastilho/dev_ws/install/tutorial_interfaces/share/tutorial_interfaces/cmake/rosidl_cmake_export_typesupport_targets-extras.cmake
[1.903s] -- Up-to-date: /home/joaocastilho/dev_ws/install/tutorial_interfaces/share/tutorial_interfaces/cmake/tutorial_interfacesConfig.cmake
[1.903s] -- Up-to-date: /home/joaocastilho/dev_ws/install/tutorial_interfaces/share/tutorial_interfaces/cmake/tutorial_interfacesConfig-version.cmake
[1.903s] -- Installing: /home/joaocastilho/dev_ws/install/tutorial_interfaces/share/tutorial_interfaces/package.xml
[1.908s] Invoked command in '/home/joaocastilho/dev_ws/build/tutorial_interfaces' returned '0': CMAKE_PREFIX_PATH=${CMAKE_PREFIX_PATH}:/home/joaocastilho/dev_ws/install/py_pubsub:/home/joaocastilho/dev_ws/install/my_package_python:/opt/ros/foxy /usr/bin/cmake --install /home/joaocastilho/dev_ws/build/tutorial_interfaces
