[0.067s] Invoking command in '/home/joaocastilho/dev_ws/build/more_interfaces': CMAKE_PREFIX_PATH=${CMAKE_PREFIX_PATH}:/home/joaocastilho/dev_ws/install/py_pubsub:/home/joaocastilho/dev_ws/install/my_package_python:/opt/ros/foxy /usr/bin/cmake --build /home/joaocastilho/dev_ws/build/more_interfaces -- -j8 -l8
[0.742s] -- Found ament_cmake: 0.9.8 (/opt/ros/foxy/share/ament_cmake/cmake)
[0.742s] -- Found PythonInterp: /usr/bin/python3 (found suitable version "3.8.10", minimum required is "3") 
[0.742s] -- Using PYTHON_EXECUTABLE: /usr/bin/python3
[0.742s] -- Found rosidl_default_generators: 1.0.1 (/opt/ros/foxy/share/rosidl_default_generators/cmake)
[0.742s] -- Using all available rosidl_typesupport_c: rosidl_typesupport_fastrtps_c;rosidl_typesupport_introspection_c
[0.742s] -- Found rosidl_adapter: 1.2.1 (/opt/ros/foxy/share/rosidl_adapter/cmake)
[0.743s] -- Using all available rosidl_typesupport_cpp: rosidl_typesupport_fastrtps_cpp;rosidl_typesupport_introspection_cpp
[0.743s] -- Found rclcpp: 2.3.1 (/opt/ros/foxy/share/rclcpp/cmake)
[0.743s] -- Found rmw_implementation_cmake: 1.0.3 (/opt/ros/foxy/share/rmw_implementation_cmake/cmake)
[0.743s] -- Using RMW implementation 'rmw_fastrtps_cpp' as default
[0.743s] -- Looking for pthread.h
[0.769s] -- Looking for pthread.h - found
[0.769s] -- Performing Test CMAKE_HAVE_LIBC_PTHREAD
[0.912s] -- Performing Test CMAKE_HAVE_LIBC_PTHREAD - Failed
[0.912s] -- Looking for pthread_create in pthreads
[1.048s] -- Looking for pthread_create in pthreads - not found
[1.048s] -- Looking for pthread_create in pthread
[1.178s] -- Looking for pthread_create in pthread - found
[1.180s] -- Found Threads: TRUE  
[1.530s] -- Found PythonInterp: /usr/bin/python3 (found version "3.8.10") 
[1.664s] -- Found ament_cmake_ros: 0.9.2 (/opt/ros/foxy/share/ament_cmake_ros/cmake)
[1.786s] -- Using all available rosidl_typesupport_c: rosidl_typesupport_fastrtps_c;rosidl_typesupport_introspection_c
[1.795s] -- Using all available rosidl_typesupport_cpp: rosidl_typesupport_fastrtps_cpp;rosidl_typesupport_introspection_cpp
[1.821s] -- Found PythonInterp: /usr/bin/python3 (found suitable version "3.8.10", minimum required is "3.5") 
[1.822s] -- Found python_cmake_module: 0.8.1 (/opt/ros/foxy/share/python_cmake_module/cmake)
[1.848s] -- Using PYTHON_EXECUTABLE: /usr/bin/python3
[1.848s] -- Using PYTHON_INCLUDE_DIRS: /usr/include/python3.8
[1.848s] -- Using PYTHON_LIBRARIES: /usr/lib/x86_64-linux-gnu/libpython3.8.so
[1.869s] -- Found ament_lint_auto: 0.9.6 (/opt/ros/foxy/share/ament_lint_auto/cmake)
[1.885s] -- Added test 'copyright' to check source files copyright and LICENSE
[1.886s] -- Added test 'cppcheck' to perform static code analysis on C / C++ code
[1.888s] -- Configured cppcheck include dirs: 
[1.888s] -- Configured cppcheck exclude dirs and/or files: 
[1.889s] -- Added test 'cpplint' to check C / C++ code against the Google style
[1.890s] -- Configured cpplint exclude dirs and/or files: 
[1.891s] -- Added test 'lint_cmake' to check CMake code style
[1.893s] -- Added test 'uncrustify' to check C / C++ code style
[1.893s] -- Configured uncrustify additional arguments: 
[1.894s] -- Added test 'xmllint' to check XML markup files
[1.901s] -- Configuring done
[1.949s] -- Generating done
[1.953s] -- Build files have been written to: /home/joaocastilho/dev_ws/build/more_interfaces
[1.996s] [  9%] Built target more_interfaces__cpp
[1.996s] [ 12%] Built target more_interfaces__rosidl_generator_c
[2.018s] [ 30%] Built target more_interfaces__rosidl_typesupport_c
[2.019s] [ 30%] Built target more_interfaces__rosidl_typesupport_introspection_c
[2.041s] [ 39%] Built target more_interfaces__rosidl_typesupport_introspection_cpp
[2.046s] [ 57%] Built target more_interfaces__rosidl_typesupport_cpp
[2.046s] [ 57%] Built target more_interfaces__rosidl_typesupport_fastrtps_cpp
[2.072s] [ 66%] Built target more_interfaces__rosidl_typesupport_fastrtps_c
[2.096s] [ 66%] Built target more_interfaces
[2.106s] [35m[1mScanning dependencies of target publish_address_book[0m
[2.117s] [ 69%] Built target more_interfaces__py
[2.146s] [ 72%] [32mBuilding CXX object CMakeFiles/publish_address_book.dir/src/publish_address_book.cpp.o[0m
[2.148s] [ 78%] Built target more_interfaces__python
[2.182s] [ 90%] Built target more_interfaces__rosidl_typesupport_c__pyext
[2.182s] [ 90%] Built target more_interfaces__rosidl_typesupport_fastrtps_c__pyext
[2.182s] [ 96%] Built target more_interfaces__rosidl_typesupport_introspection_c__pyext
[5.100s] [100%] [32m[1mLinking CXX executable publish_address_book[0m
[5.315s] [100%] Built target publish_address_book
[5.326s] Invoked command in '/home/joaocastilho/dev_ws/build/more_interfaces' returned '0': CMAKE_PREFIX_PATH=${CMAKE_PREFIX_PATH}:/home/joaocastilho/dev_ws/install/py_pubsub:/home/joaocastilho/dev_ws/install/my_package_python:/opt/ros/foxy /usr/bin/cmake --build /home/joaocastilho/dev_ws/build/more_interfaces -- -j8 -l8
[5.383s] Invoking command in '/home/joaocastilho/dev_ws/build/more_interfaces': CMAKE_PREFIX_PATH=${CMAKE_PREFIX_PATH}:/home/joaocastilho/dev_ws/install/py_pubsub:/home/joaocastilho/dev_ws/install/my_package_python:/opt/ros/foxy /usr/bin/cmake --install /home/joaocastilho/dev_ws/build/more_interfaces
[5.392s] -- Install configuration: ""
[5.392s] -- Up-to-date: /home/joaocastilho/dev_ws/install/more_interfaces/share/ament_index/resource_index/rosidl_interfaces/more_interfaces
[5.392s] -- Up-to-date: /home/joaocastilho/dev_ws/install/more_interfaces/include/more_interfaces
[5.392s] -- Up-to-date: /home/joaocastilho/dev_ws/install/more_interfaces/include/more_interfaces/msg
[5.393s] -- Up-to-date: /home/joaocastilho/dev_ws/install/more_interfaces/include/more_interfaces/msg/address_book.h
[5.393s] -- Up-to-date: /home/joaocastilho/dev_ws/install/more_interfaces/include/more_interfaces/msg/rosidl_generator_c__visibility_control.h
[5.393s] -- Up-to-date: /home/joaocastilho/dev_ws/install/more_interfaces/include/more_interfaces/msg/detail
[5.393s] -- Up-to-date: /home/joaocastilho/dev_ws/install/more_interfaces/include/more_interfaces/msg/detail/address_book__struct.h
[5.393s] -- Up-to-date: /home/joaocastilho/dev_ws/install/more_interfaces/include/more_interfaces/msg/detail/address_book__functions.c
[5.393s] -- Up-to-date: /home/joaocastilho/dev_ws/install/more_interfaces/include/more_interfaces/msg/detail/address_book__type_support.h
[5.393s] -- Up-to-date: /home/joaocastilho/dev_ws/install/more_interfaces/include/more_interfaces/msg/detail/address_book__functions.h
[5.393s] -- Up-to-date: /home/joaocastilho/dev_ws/install/more_interfaces/share/more_interfaces/environment/library_path.sh
[5.394s] -- Installing: /home/joaocastilho/dev_ws/install/more_interfaces/share/more_interfaces/environment/library_path.dsv
[5.394s] -- Up-to-date: /home/joaocastilho/dev_ws/install/more_interfaces/lib/libmore_interfaces__rosidl_generator_c.so
[5.394s] -- Up-to-date: /home/joaocastilho/dev_ws/install/more_interfaces/include/more_interfaces
[5.394s] -- Up-to-date: /home/joaocastilho/dev_ws/install/more_interfaces/include/more_interfaces/msg
[5.394s] -- Up-to-date: /home/joaocastilho/dev_ws/install/more_interfaces/include/more_interfaces/msg/detail
[5.395s] -- Up-to-date: /home/joaocastilho/dev_ws/install/more_interfaces/include/more_interfaces/msg/detail/address_book__rosidl_typesupport_fastrtps_c.h
[5.395s] -- Up-to-date: /home/joaocastilho/dev_ws/install/more_interfaces/include/more_interfaces/msg/rosidl_typesupport_fastrtps_c__visibility_control.h
[5.395s] -- Up-to-date: /home/joaocastilho/dev_ws/install/more_interfaces/lib/libmore_interfaces__rosidl_typesupport_fastrtps_c.so
[5.395s] -- Up-to-date: /home/joaocastilho/dev_ws/install/more_interfaces/include/more_interfaces
[5.395s] -- Up-to-date: /home/joaocastilho/dev_ws/install/more_interfaces/include/more_interfaces/msg
[5.395s] -- Up-to-date: /home/joaocastilho/dev_ws/install/more_interfaces/include/more_interfaces/msg/rosidl_typesupport_fastrtps_cpp__visibility_control.h
[5.396s] -- Up-to-date: /home/joaocastilho/dev_ws/install/more_interfaces/include/more_interfaces/msg/detail
[5.396s] -- Up-to-date: /home/joaocastilho/dev_ws/install/more_interfaces/include/more_interfaces/msg/detail/dds_fastrtps
[5.396s] -- Up-to-date: /home/joaocastilho/dev_ws/install/more_interfaces/include/more_interfaces/msg/detail/address_book__rosidl_typesupport_fastrtps_cpp.hpp
[5.396s] -- Up-to-date: /home/joaocastilho/dev_ws/install/more_interfaces/lib/libmore_interfaces__rosidl_typesupport_fastrtps_cpp.so
[5.396s] -- Up-to-date: /home/joaocastilho/dev_ws/install/more_interfaces/include/more_interfaces
[5.396s] -- Up-to-date: /home/joaocastilho/dev_ws/install/more_interfaces/include/more_interfaces/msg
[5.397s] -- Up-to-date: /home/joaocastilho/dev_ws/install/more_interfaces/include/more_interfaces/msg/detail
[5.397s] -- Up-to-date: /home/joaocastilho/dev_ws/install/more_interfaces/include/more_interfaces/msg/detail/address_book__type_support.c
[5.397s] -- Up-to-date: /home/joaocastilho/dev_ws/install/more_interfaces/include/more_interfaces/msg/detail/address_book__rosidl_typesupport_introspection_c.h
[5.397s] -- Up-to-date: /home/joaocastilho/dev_ws/install/more_interfaces/include/more_interfaces/msg/rosidl_typesupport_introspection_c__visibility_control.h
[5.397s] -- Up-to-date: /home/joaocastilho/dev_ws/install/more_interfaces/lib/libmore_interfaces__rosidl_typesupport_introspection_c.so
[5.397s] -- Up-to-date: /home/joaocastilho/dev_ws/install/more_interfaces/lib/libmore_interfaces__rosidl_typesupport_c.so
[5.397s] -- Up-to-date: /home/joaocastilho/dev_ws/install/more_interfaces/include/more_interfaces
[5.397s] -- Up-to-date: /home/joaocastilho/dev_ws/install/more_interfaces/include/more_interfaces/msg
[5.398s] -- Up-to-date: /home/joaocastilho/dev_ws/install/more_interfaces/include/more_interfaces/msg/address_book.hpp
[5.398s] -- Up-to-date: /home/joaocastilho/dev_ws/install/more_interfaces/include/more_interfaces/msg/detail
[5.398s] -- Up-to-date: /home/joaocastilho/dev_ws/install/more_interfaces/include/more_interfaces/msg/detail/address_book__traits.hpp
[5.398s] -- Up-to-date: /home/joaocastilho/dev_ws/install/more_interfaces/include/more_interfaces/msg/detail/address_book__builder.hpp
[5.398s] -- Up-to-date: /home/joaocastilho/dev_ws/install/more_interfaces/include/more_interfaces/msg/detail/address_book__struct.hpp
[5.398s] -- Up-to-date: /home/joaocastilho/dev_ws/install/more_interfaces/include/more_interfaces
[5.398s] -- Up-to-date: /home/joaocastilho/dev_ws/install/more_interfaces/include/more_interfaces/msg
[5.399s] -- Up-to-date: /home/joaocastilho/dev_ws/install/more_interfaces/include/more_interfaces/msg/detail
[5.399s] -- Up-to-date: /home/joaocastilho/dev_ws/install/more_interfaces/include/more_interfaces/msg/detail/address_book__type_support.cpp
[5.399s] -- Up-to-date: /home/joaocastilho/dev_ws/install/more_interfaces/include/more_interfaces/msg/detail/address_book__rosidl_typesupport_introspection_cpp.hpp
[5.399s] -- Up-to-date: /home/joaocastilho/dev_ws/install/more_interfaces/lib/libmore_interfaces__rosidl_typesupport_introspection_cpp.so
[5.399s] -- Up-to-date: /home/joaocastilho/dev_ws/install/more_interfaces/lib/libmore_interfaces__rosidl_typesupport_cpp.so
[5.399s] -- Up-to-date: /home/joaocastilho/dev_ws/install/more_interfaces/share/more_interfaces/environment/pythonpath.sh
[5.399s] -- Installing: /home/joaocastilho/dev_ws/install/more_interfaces/share/more_interfaces/environment/pythonpath.dsv
[5.399s] -- Installing: /home/joaocastilho/dev_ws/install/more_interfaces/lib/python3.8/site-packages/more_interfaces/__init__.py
[5.435s] Compiling '/home/joaocastilho/dev_ws/install/more_interfaces/lib/python3.8/site-packages/more_interfaces/__init__.py'...
[5.440s] -- Up-to-date: /home/joaocastilho/dev_ws/install/more_interfaces/lib/python3.8/site-packages/more_interfaces/msg
[5.440s] -- Up-to-date: /home/joaocastilho/dev_ws/install/more_interfaces/lib/python3.8/site-packages/more_interfaces/msg/_address_book.py
[5.440s] -- Up-to-date: /home/joaocastilho/dev_ws/install/more_interfaces/lib/python3.8/site-packages/more_interfaces/msg/_address_book_s.c
[5.440s] -- Up-to-date: /home/joaocastilho/dev_ws/install/more_interfaces/lib/python3.8/site-packages/more_interfaces/msg/__init__.py
[5.440s] -- Up-to-date: /home/joaocastilho/dev_ws/install/more_interfaces/lib/python3.8/site-packages/more_interfaces/more_interfaces_s__rosidl_typesupport_fastrtps_c.cpython-38-x86_64-linux-gnu.so
[5.442s] -- Up-to-date: /home/joaocastilho/dev_ws/install/more_interfaces/lib/python3.8/site-packages/more_interfaces/more_interfaces_s__rosidl_typesupport_introspection_c.cpython-38-x86_64-linux-gnu.so
[5.443s] -- Up-to-date: /home/joaocastilho/dev_ws/install/more_interfaces/lib/python3.8/site-packages/more_interfaces/more_interfaces_s__rosidl_typesupport_c.cpython-38-x86_64-linux-gnu.so
[5.443s] -- Up-to-date: /home/joaocastilho/dev_ws/install/more_interfaces/lib/libmore_interfaces__python.so
[5.443s] -- Up-to-date: /home/joaocastilho/dev_ws/install/more_interfaces/share/more_interfaces/msg/AddressBook.idl
[5.444s] -- Up-to-date: /home/joaocastilho/dev_ws/install/more_interfaces/share/more_interfaces/msg/AddressBook.msg
[5.444s] -- Installing: /home/joaocastilho/dev_ws/install/more_interfaces/lib/more_interfaces/publish_address_book
[5.445s] -- Set runtime path of "/home/joaocastilho/dev_ws/install/more_interfaces/lib/more_interfaces/publish_address_book" to ""
[5.445s] -- Up-to-date: /home/joaocastilho/dev_ws/install/more_interfaces/share/ament_index/resource_index/package_run_dependencies/more_interfaces
[5.445s] -- Up-to-date: /home/joaocastilho/dev_ws/install/more_interfaces/share/ament_index/resource_index/parent_prefix_path/more_interfaces
[5.446s] -- Up-to-date: /home/joaocastilho/dev_ws/install/more_interfaces/share/more_interfaces/environment/ament_prefix_path.sh
[5.446s] -- Installing: /home/joaocastilho/dev_ws/install/more_interfaces/share/more_interfaces/environment/ament_prefix_path.dsv
[5.446s] -- Up-to-date: /home/joaocastilho/dev_ws/install/more_interfaces/share/more_interfaces/environment/path.sh
[5.446s] -- Installing: /home/joaocastilho/dev_ws/install/more_interfaces/share/more_interfaces/environment/path.dsv
[5.446s] -- Up-to-date: /home/joaocastilho/dev_ws/install/more_interfaces/share/more_interfaces/local_setup.bash
[5.446s] -- Up-to-date: /home/joaocastilho/dev_ws/install/more_interfaces/share/more_interfaces/local_setup.sh
[5.446s] -- Up-to-date: /home/joaocastilho/dev_ws/install/more_interfaces/share/more_interfaces/local_setup.zsh
[5.447s] -- Installing: /home/joaocastilho/dev_ws/install/more_interfaces/share/more_interfaces/local_setup.dsv
[5.447s] -- Installing: /home/joaocastilho/dev_ws/install/more_interfaces/share/more_interfaces/package.dsv
[5.447s] -- Up-to-date: /home/joaocastilho/dev_ws/install/more_interfaces/share/ament_index/resource_index/packages/more_interfaces
[5.447s] -- Up-to-date: /home/joaocastilho/dev_ws/install/more_interfaces/share/more_interfaces/cmake/more_interfaces__rosidl_generator_cExport.cmake
[5.447s] -- Installing: /home/joaocastilho/dev_ws/install/more_interfaces/share/more_interfaces/cmake/more_interfaces__rosidl_generator_cExport-noconfig.cmake
[5.447s] -- Up-to-date: /home/joaocastilho/dev_ws/install/more_interfaces/share/more_interfaces/cmake/more_interfaces__rosidl_typesupport_introspection_cExport.cmake
[5.448s] -- Installing: /home/joaocastilho/dev_ws/install/more_interfaces/share/more_interfaces/cmake/more_interfaces__rosidl_typesupport_introspection_cExport-noconfig.cmake
[5.448s] -- Up-to-date: /home/joaocastilho/dev_ws/install/more_interfaces/share/more_interfaces/cmake/more_interfaces__rosidl_typesupport_cExport.cmake
[5.448s] -- Installing: /home/joaocastilho/dev_ws/install/more_interfaces/share/more_interfaces/cmake/more_interfaces__rosidl_typesupport_cExport-noconfig.cmake
[5.448s] -- Up-to-date: /home/joaocastilho/dev_ws/install/more_interfaces/share/more_interfaces/cmake/more_interfaces__rosidl_generator_cppExport.cmake
[5.448s] -- Up-to-date: /home/joaocastilho/dev_ws/install/more_interfaces/share/more_interfaces/cmake/more_interfaces__rosidl_typesupport_introspection_cppExport.cmake
[5.448s] -- Installing: /home/joaocastilho/dev_ws/install/more_interfaces/share/more_interfaces/cmake/more_interfaces__rosidl_typesupport_introspection_cppExport-noconfig.cmake
[5.449s] -- Up-to-date: /home/joaocastilho/dev_ws/install/more_interfaces/share/more_interfaces/cmake/more_interfaces__rosidl_typesupport_cppExport.cmake
[5.449s] -- Installing: /home/joaocastilho/dev_ws/install/more_interfaces/share/more_interfaces/cmake/more_interfaces__rosidl_typesupport_cppExport-noconfig.cmake
[5.449s] -- Up-to-date: /home/joaocastilho/dev_ws/install/more_interfaces/share/more_interfaces/cmake/rosidl_cmake-extras.cmake
[5.449s] -- Up-to-date: /home/joaocastilho/dev_ws/install/more_interfaces/share/more_interfaces/cmake/ament_cmake_export_dependencies-extras.cmake
[5.449s] -- Up-to-date: /home/joaocastilho/dev_ws/install/more_interfaces/share/more_interfaces/cmake/ament_cmake_export_libraries-extras.cmake
[5.449s] -- Up-to-date: /home/joaocastilho/dev_ws/install/more_interfaces/share/more_interfaces/cmake/ament_cmake_export_targets-extras.cmake
[5.449s] -- Up-to-date: /home/joaocastilho/dev_ws/install/more_interfaces/share/more_interfaces/cmake/ament_cmake_export_include_directories-extras.cmake
[5.449s] -- Up-to-date: /home/joaocastilho/dev_ws/install/more_interfaces/share/more_interfaces/cmake/rosidl_cmake_export_typesupport_libraries-extras.cmake
[5.449s] -- Up-to-date: /home/joaocastilho/dev_ws/install/more_interfaces/share/more_interfaces/cmake/rosidl_cmake_export_typesupport_targets-extras.cmake
[5.449s] -- Up-to-date: /home/joaocastilho/dev_ws/install/more_interfaces/share/more_interfaces/cmake/more_interfacesConfig.cmake
[5.450s] -- Up-to-date: /home/joaocastilho/dev_ws/install/more_interfaces/share/more_interfaces/cmake/more_interfacesConfig-version.cmake
[5.450s] -- Up-to-date: /home/joaocastilho/dev_ws/install/more_interfaces/share/more_interfaces/package.xml
[5.453s] Invoked command in '/home/joaocastilho/dev_ws/build/more_interfaces' returned '0': CMAKE_PREFIX_PATH=${CMAKE_PREFIX_PATH}:/home/joaocastilho/dev_ws/install/py_pubsub:/home/joaocastilho/dev_ws/install/my_package_python:/opt/ros/foxy /usr/bin/cmake --install /home/joaocastilho/dev_ws/build/more_interfaces
