[0.306s] DEBUG:colcon:Command line arguments: ['/usr/bin/colcon', 'build', '--base-paths', '/home/joaocastilho/dev_ws']
[0.306s] DEBUG:colcon:Parsed command line arguments: Namespace(ament_cmake_args=None, base_paths=['/home/joaocastilho/dev_ws'], build_base='build', catkin_cmake_args=None, catkin_skip_building_tests=False, cmake_args=None, cmake_clean_cache=False, cmake_clean_first=False, cmake_force_configure=False, cmake_target=None, cmake_target_skip_unavailable=False, continue_on_error=False, event_handlers=None, executor='parallel', ignore_user_meta=False, install_base='install', log_base=None, log_level=None, main=<bound method BuildVerb.main of <colcon_core.verb.build.BuildVerb object at 0x7f5f6067a7f0>>, merge_install=False, metas=['./colcon.meta'], packages_above=None, packages_above_and_dependencies=None, packages_above_depth=None, packages_end=None, packages_ignore=None, packages_ignore_regex=None, packages_select=None, packages_select_build_failed=False, packages_select_by_dep=None, packages_select_regex=None, packages_select_test_failures=False, packages_skip=None, packages_skip_build_finished=False, packages_skip_by_dep=None, packages_skip_regex=None, packages_skip_test_passed=False, packages_skip_up_to=None, packages_start=None, packages_up_to=None, packages_up_to_regex=None, parallel_workers=8, paths=None, symlink_install=False, test_result_base=None, verb_extension=<colcon_core.verb.build.BuildVerb object at 0x7f5f6067a7f0>, verb_name='build', verb_parser=<colcon_defaults.argument_parser.defaults.DefaultArgumentsDecorator object at 0x7f5f6067ad60>)
[0.313s] Level 1:colcon.colcon_core.package_discovery:discover_packages(colcon_meta) check parameters
[0.313s] Level 1:colcon.colcon_core.package_discovery:discover_packages(recursive) check parameters
[0.314s] Level 1:colcon.colcon_core.package_discovery:discover_packages(ignore) check parameters
[0.314s] Level 1:colcon.colcon_core.package_discovery:discover_packages(path) check parameters
[0.314s] Level 1:colcon.colcon_core.package_discovery:discover_packages(recursive) discover
[0.314s] INFO:colcon.colcon_core.package_discovery:Crawling recursively for packages in '/home/joaocastilho/dev_ws'
[0.314s] Level 1:colcon.colcon_core.package_identification:_identify(/home/joaocastilho/dev_ws) by extensions ['ignore', 'ignore_ament_install']
[0.314s] Level 1:colcon.colcon_core.package_identification:_identify(/home/joaocastilho/dev_ws) by extension 'ignore'
[0.314s] Level 1:colcon.colcon_core.package_identification:_identify(/home/joaocastilho/dev_ws) by extension 'ignore_ament_install'
[0.314s] Level 1:colcon.colcon_core.package_identification:_identify(/home/joaocastilho/dev_ws) by extensions ['colcon_pkg']
[0.314s] Level 1:colcon.colcon_core.package_identification:_identify(/home/joaocastilho/dev_ws) by extension 'colcon_pkg'
[0.314s] Level 1:colcon.colcon_core.package_identification:_identify(/home/joaocastilho/dev_ws) by extensions ['colcon_meta']
[0.314s] Level 1:colcon.colcon_core.package_identification:_identify(/home/joaocastilho/dev_ws) by extension 'colcon_meta'
[0.315s] Level 1:colcon.colcon_core.package_identification:_identify(/home/joaocastilho/dev_ws) by extensions ['ros']
[0.315s] Level 1:colcon.colcon_core.package_identification:_identify(/home/joaocastilho/dev_ws) by extension 'ros'
[0.325s] Level 1:colcon.colcon_core.package_identification:_identify(/home/joaocastilho/dev_ws) by extensions ['cmake', 'python']
[0.325s] Level 1:colcon.colcon_core.package_identification:_identify(/home/joaocastilho/dev_ws) by extension 'cmake'
[0.326s] Level 1:colcon.colcon_core.package_identification:_identify(/home/joaocastilho/dev_ws) by extension 'python'
[0.326s] Level 1:colcon.colcon_core.package_identification:_identify(/home/joaocastilho/dev_ws) by extensions ['python_setup_py']
[0.326s] Level 1:colcon.colcon_core.package_identification:_identify(/home/joaocastilho/dev_ws) by extension 'python_setup_py'
[0.326s] Level 1:colcon.colcon_core.package_identification:_identify(/home/joaocastilho/dev_ws/build) by extensions ['ignore', 'ignore_ament_install']
[0.326s] Level 1:colcon.colcon_core.package_identification:_identify(/home/joaocastilho/dev_ws/build) by extension 'ignore'
[0.326s] Level 1:colcon.colcon_core.package_identification:_identify(/home/joaocastilho/dev_ws/build) ignored
[0.327s] Level 1:colcon.colcon_core.package_identification:_identify(/home/joaocastilho/dev_ws/install) by extensions ['ignore', 'ignore_ament_install']
[0.327s] Level 1:colcon.colcon_core.package_identification:_identify(/home/joaocastilho/dev_ws/install) by extension 'ignore'
[0.327s] Level 1:colcon.colcon_core.package_identification:_identify(/home/joaocastilho/dev_ws/install) ignored
[0.327s] Level 1:colcon.colcon_core.package_identification:_identify(/home/joaocastilho/dev_ws/log) by extensions ['ignore', 'ignore_ament_install']
[0.327s] Level 1:colcon.colcon_core.package_identification:_identify(/home/joaocastilho/dev_ws/log) by extension 'ignore'
[0.327s] Level 1:colcon.colcon_core.package_identification:_identify(/home/joaocastilho/dev_ws/log) ignored
[0.328s] Level 1:colcon.colcon_core.package_identification:_identify(/home/joaocastilho/dev_ws/src) by extensions ['ignore', 'ignore_ament_install']
[0.328s] Level 1:colcon.colcon_core.package_identification:_identify(/home/joaocastilho/dev_ws/src) by extension 'ignore'
[0.328s] Level 1:colcon.colcon_core.package_identification:_identify(/home/joaocastilho/dev_ws/src) by extension 'ignore_ament_install'
[0.328s] Level 1:colcon.colcon_core.package_identification:_identify(/home/joaocastilho/dev_ws/src) by extensions ['colcon_pkg']
[0.328s] Level 1:colcon.colcon_core.package_identification:_identify(/home/joaocastilho/dev_ws/src) by extension 'colcon_pkg'
[0.328s] Level 1:colcon.colcon_core.package_identification:_identify(/home/joaocastilho/dev_ws/src) by extensions ['colcon_meta']
[0.328s] Level 1:colcon.colcon_core.package_identification:_identify(/home/joaocastilho/dev_ws/src) by extension 'colcon_meta'
[0.328s] Level 1:colcon.colcon_core.package_identification:_identify(/home/joaocastilho/dev_ws/src) by extensions ['ros']
[0.328s] Level 1:colcon.colcon_core.package_identification:_identify(/home/joaocastilho/dev_ws/src) by extension 'ros'
[0.329s] Level 1:colcon.colcon_core.package_identification:_identify(/home/joaocastilho/dev_ws/src) by extensions ['cmake', 'python']
[0.329s] Level 1:colcon.colcon_core.package_identification:_identify(/home/joaocastilho/dev_ws/src) by extension 'cmake'
[0.329s] Level 1:colcon.colcon_core.package_identification:_identify(/home/joaocastilho/dev_ws/src) by extension 'python'
[0.329s] Level 1:colcon.colcon_core.package_identification:_identify(/home/joaocastilho/dev_ws/src) by extensions ['python_setup_py']
[0.329s] Level 1:colcon.colcon_core.package_identification:_identify(/home/joaocastilho/dev_ws/src) by extension 'python_setup_py'
[0.329s] Level 1:colcon.colcon_core.package_identification:_identify(/home/joaocastilho/dev_ws/src/cpp_pubsub) by extensions ['ignore', 'ignore_ament_install']
[0.329s] Level 1:colcon.colcon_core.package_identification:_identify(/home/joaocastilho/dev_ws/src/cpp_pubsub) by extension 'ignore'
[0.329s] Level 1:colcon.colcon_core.package_identification:_identify(/home/joaocastilho/dev_ws/src/cpp_pubsub) by extension 'ignore_ament_install'
[0.329s] Level 1:colcon.colcon_core.package_identification:_identify(/home/joaocastilho/dev_ws/src/cpp_pubsub) by extensions ['colcon_pkg']
[0.330s] Level 1:colcon.colcon_core.package_identification:_identify(/home/joaocastilho/dev_ws/src/cpp_pubsub) by extension 'colcon_pkg'
[0.330s] Level 1:colcon.colcon_core.package_identification:_identify(/home/joaocastilho/dev_ws/src/cpp_pubsub) by extensions ['colcon_meta']
[0.330s] Level 1:colcon.colcon_core.package_identification:_identify(/home/joaocastilho/dev_ws/src/cpp_pubsub) by extension 'colcon_meta'
[0.330s] Level 1:colcon.colcon_core.package_identification:_identify(/home/joaocastilho/dev_ws/src/cpp_pubsub) by extensions ['ros']
[0.330s] Level 1:colcon.colcon_core.package_identification:_identify(/home/joaocastilho/dev_ws/src/cpp_pubsub) by extension 'ros'
[0.332s] DEBUG:colcon.colcon_core.package_identification:Package '/home/joaocastilho/dev_ws/src/cpp_pubsub' with type 'ros.ament_cmake' and name 'cpp_pubsub'
[0.332s] Level 1:colcon.colcon_core.package_identification:_identify(/home/joaocastilho/dev_ws/src/cpp_srvcli) by extensions ['ignore', 'ignore_ament_install']
[0.333s] Level 1:colcon.colcon_core.package_identification:_identify(/home/joaocastilho/dev_ws/src/cpp_srvcli) by extension 'ignore'
[0.333s] Level 1:colcon.colcon_core.package_identification:_identify(/home/joaocastilho/dev_ws/src/cpp_srvcli) by extension 'ignore_ament_install'
[0.333s] Level 1:colcon.colcon_core.package_identification:_identify(/home/joaocastilho/dev_ws/src/cpp_srvcli) by extensions ['colcon_pkg']
[0.333s] Level 1:colcon.colcon_core.package_identification:_identify(/home/joaocastilho/dev_ws/src/cpp_srvcli) by extension 'colcon_pkg'
[0.333s] Level 1:colcon.colcon_core.package_identification:_identify(/home/joaocastilho/dev_ws/src/cpp_srvcli) by extensions ['colcon_meta']
[0.333s] Level 1:colcon.colcon_core.package_identification:_identify(/home/joaocastilho/dev_ws/src/cpp_srvcli) by extension 'colcon_meta'
[0.333s] Level 1:colcon.colcon_core.package_identification:_identify(/home/joaocastilho/dev_ws/src/cpp_srvcli) by extensions ['ros']
[0.333s] Level 1:colcon.colcon_core.package_identification:_identify(/home/joaocastilho/dev_ws/src/cpp_srvcli) by extension 'ros'
[0.334s] DEBUG:colcon.colcon_core.package_identification:Package '/home/joaocastilho/dev_ws/src/cpp_srvcli' with type 'ros.ament_cmake' and name 'cpp_srvcli'
[0.334s] Level 1:colcon.colcon_core.package_identification:_identify(/home/joaocastilho/dev_ws/src/my_package) by extensions ['ignore', 'ignore_ament_install']
[0.335s] Level 1:colcon.colcon_core.package_identification:_identify(/home/joaocastilho/dev_ws/src/my_package) by extension 'ignore'
[0.335s] Level 1:colcon.colcon_core.package_identification:_identify(/home/joaocastilho/dev_ws/src/my_package) by extension 'ignore_ament_install'
[0.335s] Level 1:colcon.colcon_core.package_identification:_identify(/home/joaocastilho/dev_ws/src/my_package) by extensions ['colcon_pkg']
[0.335s] Level 1:colcon.colcon_core.package_identification:_identify(/home/joaocastilho/dev_ws/src/my_package) by extension 'colcon_pkg'
[0.335s] Level 1:colcon.colcon_core.package_identification:_identify(/home/joaocastilho/dev_ws/src/my_package) by extensions ['colcon_meta']
[0.335s] Level 1:colcon.colcon_core.package_identification:_identify(/home/joaocastilho/dev_ws/src/my_package) by extension 'colcon_meta'
[0.335s] Level 1:colcon.colcon_core.package_identification:_identify(/home/joaocastilho/dev_ws/src/my_package) by extensions ['ros']
[0.335s] Level 1:colcon.colcon_core.package_identification:_identify(/home/joaocastilho/dev_ws/src/my_package) by extension 'ros'
[0.336s] DEBUG:colcon.colcon_core.package_identification:Package '/home/joaocastilho/dev_ws/src/my_package' with type 'ros.ament_cmake' and name 'my_package'
[0.336s] Level 1:colcon.colcon_core.package_identification:_identify(/home/joaocastilho/dev_ws/src/my_package_python) by extensions ['ignore', 'ignore_ament_install']
[0.336s] Level 1:colcon.colcon_core.package_identification:_identify(/home/joaocastilho/dev_ws/src/my_package_python) by extension 'ignore'
[0.336s] Level 1:colcon.colcon_core.package_identification:_identify(/home/joaocastilho/dev_ws/src/my_package_python) by extension 'ignore_ament_install'
[0.337s] Level 1:colcon.colcon_core.package_identification:_identify(/home/joaocastilho/dev_ws/src/my_package_python) by extensions ['colcon_pkg']
[0.337s] Level 1:colcon.colcon_core.package_identification:_identify(/home/joaocastilho/dev_ws/src/my_package_python) by extension 'colcon_pkg'
[0.337s] Level 1:colcon.colcon_core.package_identification:_identify(/home/joaocastilho/dev_ws/src/my_package_python) by extensions ['colcon_meta']
[0.337s] Level 1:colcon.colcon_core.package_identification:_identify(/home/joaocastilho/dev_ws/src/my_package_python) by extension 'colcon_meta'
[0.337s] Level 1:colcon.colcon_core.package_identification:_identify(/home/joaocastilho/dev_ws/src/my_package_python) by extensions ['ros']
[0.337s] Level 1:colcon.colcon_core.package_identification:_identify(/home/joaocastilho/dev_ws/src/my_package_python) by extension 'ros'
[0.338s] DEBUG:colcon.colcon_core.package_identification:Package '/home/joaocastilho/dev_ws/src/my_package_python' with type 'ros.ament_python' and name 'my_package_python'
[0.338s] Level 1:colcon.colcon_core.package_identification:_identify(/home/joaocastilho/dev_ws/src/py_pubsub) by extensions ['ignore', 'ignore_ament_install']
[0.338s] Level 1:colcon.colcon_core.package_identification:_identify(/home/joaocastilho/dev_ws/src/py_pubsub) by extension 'ignore'
[0.338s] Level 1:colcon.colcon_core.package_identification:_identify(/home/joaocastilho/dev_ws/src/py_pubsub) by extension 'ignore_ament_install'
[0.339s] Level 1:colcon.colcon_core.package_identification:_identify(/home/joaocastilho/dev_ws/src/py_pubsub) by extensions ['colcon_pkg']
[0.339s] Level 1:colcon.colcon_core.package_identification:_identify(/home/joaocastilho/dev_ws/src/py_pubsub) by extension 'colcon_pkg'
[0.339s] Level 1:colcon.colcon_core.package_identification:_identify(/home/joaocastilho/dev_ws/src/py_pubsub) by extensions ['colcon_meta']
[0.339s] Level 1:colcon.colcon_core.package_identification:_identify(/home/joaocastilho/dev_ws/src/py_pubsub) by extension 'colcon_meta'
[0.339s] Level 1:colcon.colcon_core.package_identification:_identify(/home/joaocastilho/dev_ws/src/py_pubsub) by extensions ['ros']
[0.339s] Level 1:colcon.colcon_core.package_identification:_identify(/home/joaocastilho/dev_ws/src/py_pubsub) by extension 'ros'
[0.340s] DEBUG:colcon.colcon_core.package_identification:Package '/home/joaocastilho/dev_ws/src/py_pubsub' with type 'ros.ament_python' and name 'py_pubsub'
[0.340s] Level 1:colcon.colcon_core.package_identification:_identify(/home/joaocastilho/dev_ws/src/ros_tutorials) by extensions ['ignore', 'ignore_ament_install']
[0.340s] Level 1:colcon.colcon_core.package_identification:_identify(/home/joaocastilho/dev_ws/src/ros_tutorials) by extension 'ignore'
[0.340s] Level 1:colcon.colcon_core.package_identification:_identify(/home/joaocastilho/dev_ws/src/ros_tutorials) by extension 'ignore_ament_install'
[0.340s] Level 1:colcon.colcon_core.package_identification:_identify(/home/joaocastilho/dev_ws/src/ros_tutorials) by extensions ['colcon_pkg']
[0.340s] Level 1:colcon.colcon_core.package_identification:_identify(/home/joaocastilho/dev_ws/src/ros_tutorials) by extension 'colcon_pkg'
[0.341s] Level 1:colcon.colcon_core.package_identification:_identify(/home/joaocastilho/dev_ws/src/ros_tutorials) by extensions ['colcon_meta']
[0.341s] Level 1:colcon.colcon_core.package_identification:_identify(/home/joaocastilho/dev_ws/src/ros_tutorials) by extension 'colcon_meta'
[0.341s] Level 1:colcon.colcon_core.package_identification:_identify(/home/joaocastilho/dev_ws/src/ros_tutorials) by extensions ['ros']
[0.341s] Level 1:colcon.colcon_core.package_identification:_identify(/home/joaocastilho/dev_ws/src/ros_tutorials) by extension 'ros'
[0.341s] Level 1:colcon.colcon_core.package_identification:_identify(/home/joaocastilho/dev_ws/src/ros_tutorials) by extensions ['cmake', 'python']
[0.341s] Level 1:colcon.colcon_core.package_identification:_identify(/home/joaocastilho/dev_ws/src/ros_tutorials) by extension 'cmake'
[0.341s] Level 1:colcon.colcon_core.package_identification:_identify(/home/joaocastilho/dev_ws/src/ros_tutorials) by extension 'python'
[0.341s] Level 1:colcon.colcon_core.package_identification:_identify(/home/joaocastilho/dev_ws/src/ros_tutorials) by extensions ['python_setup_py']
[0.341s] Level 1:colcon.colcon_core.package_identification:_identify(/home/joaocastilho/dev_ws/src/ros_tutorials) by extension 'python_setup_py'
[0.342s] Level 1:colcon.colcon_core.package_identification:_identify(/home/joaocastilho/dev_ws/src/ros_tutorials/ros_tutorials) by extensions ['ignore', 'ignore_ament_install']
[0.342s] Level 1:colcon.colcon_core.package_identification:_identify(/home/joaocastilho/dev_ws/src/ros_tutorials/ros_tutorials) by extension 'ignore'
[0.342s] Level 1:colcon.colcon_core.package_identification:_identify(/home/joaocastilho/dev_ws/src/ros_tutorials/ros_tutorials) ignored
[0.342s] Level 1:colcon.colcon_core.package_identification:_identify(/home/joaocastilho/dev_ws/src/ros_tutorials/roscpp_tutorials) by extensions ['ignore', 'ignore_ament_install']
[0.342s] Level 1:colcon.colcon_core.package_identification:_identify(/home/joaocastilho/dev_ws/src/ros_tutorials/roscpp_tutorials) by extension 'ignore'
[0.342s] Level 1:colcon.colcon_core.package_identification:_identify(/home/joaocastilho/dev_ws/src/ros_tutorials/roscpp_tutorials) ignored
[0.343s] Level 1:colcon.colcon_core.package_identification:_identify(/home/joaocastilho/dev_ws/src/ros_tutorials/rospy_tutorials) by extensions ['ignore', 'ignore_ament_install']
[0.343s] Level 1:colcon.colcon_core.package_identification:_identify(/home/joaocastilho/dev_ws/src/ros_tutorials/rospy_tutorials) by extension 'ignore'
[0.343s] Level 1:colcon.colcon_core.package_identification:_identify(/home/joaocastilho/dev_ws/src/ros_tutorials/rospy_tutorials) ignored
[0.343s] Level 1:colcon.colcon_core.package_identification:_identify(/home/joaocastilho/dev_ws/src/ros_tutorials/turtlesim) by extensions ['ignore', 'ignore_ament_install']
[0.343s] Level 1:colcon.colcon_core.package_identification:_identify(/home/joaocastilho/dev_ws/src/ros_tutorials/turtlesim) by extension 'ignore'
[0.343s] Level 1:colcon.colcon_core.package_identification:_identify(/home/joaocastilho/dev_ws/src/ros_tutorials/turtlesim) by extension 'ignore_ament_install'
[0.343s] Level 1:colcon.colcon_core.package_identification:_identify(/home/joaocastilho/dev_ws/src/ros_tutorials/turtlesim) by extensions ['colcon_pkg']
[0.343s] Level 1:colcon.colcon_core.package_identification:_identify(/home/joaocastilho/dev_ws/src/ros_tutorials/turtlesim) by extension 'colcon_pkg'
[0.343s] Level 1:colcon.colcon_core.package_identification:_identify(/home/joaocastilho/dev_ws/src/ros_tutorials/turtlesim) by extensions ['colcon_meta']
[0.343s] Level 1:colcon.colcon_core.package_identification:_identify(/home/joaocastilho/dev_ws/src/ros_tutorials/turtlesim) by extension 'colcon_meta'
[0.344s] Level 1:colcon.colcon_core.package_identification:_identify(/home/joaocastilho/dev_ws/src/ros_tutorials/turtlesim) by extensions ['ros']
[0.344s] Level 1:colcon.colcon_core.package_identification:_identify(/home/joaocastilho/dev_ws/src/ros_tutorials/turtlesim) by extension 'ros'
[0.345s] DEBUG:colcon.colcon_core.package_identification:Package '/home/joaocastilho/dev_ws/src/ros_tutorials/turtlesim' with type 'ros.ament_cmake' and name 'turtlesim'
[0.345s] Level 1:colcon.colcon_core.package_identification:_identify(/home/joaocastilho/dev_ws/src/tutorial_interfaces) by extensions ['ignore', 'ignore_ament_install']
[0.345s] Level 1:colcon.colcon_core.package_identification:_identify(/home/joaocastilho/dev_ws/src/tutorial_interfaces) by extension 'ignore'
[0.345s] Level 1:colcon.colcon_core.package_identification:_identify(/home/joaocastilho/dev_ws/src/tutorial_interfaces) by extension 'ignore_ament_install'
[0.345s] Level 1:colcon.colcon_core.package_identification:_identify(/home/joaocastilho/dev_ws/src/tutorial_interfaces) by extensions ['colcon_pkg']
[0.346s] Level 1:colcon.colcon_core.package_identification:_identify(/home/joaocastilho/dev_ws/src/tutorial_interfaces) by extension 'colcon_pkg'
[0.346s] Level 1:colcon.colcon_core.package_identification:_identify(/home/joaocastilho/dev_ws/src/tutorial_interfaces) by extensions ['colcon_meta']
[0.346s] Level 1:colcon.colcon_core.package_identification:_identify(/home/joaocastilho/dev_ws/src/tutorial_interfaces) by extension 'colcon_meta'
[0.346s] Level 1:colcon.colcon_core.package_identification:_identify(/home/joaocastilho/dev_ws/src/tutorial_interfaces) by extensions ['ros']
[0.346s] Level 1:colcon.colcon_core.package_identification:_identify(/home/joaocastilho/dev_ws/src/tutorial_interfaces) by extension 'ros'
[0.346s] DEBUG:colcon.colcon_core.package_identification:Package '/home/joaocastilho/dev_ws/src/tutorial_interfaces' with type 'ros.ament_cmake' and name 'tutorial_interfaces'
[0.346s] Level 1:colcon.colcon_core.package_discovery:discover_packages(recursive) using defaults
[0.370s] Level 5:colcon.colcon_core.verb:set package 'my_package' build argument 'cmake_args' from command line to 'None'
[0.370s] Level 5:colcon.colcon_core.verb:set package 'my_package' build argument 'cmake_target' from command line to 'None'
[0.370s] Level 5:colcon.colcon_core.verb:set package 'my_package' build argument 'cmake_target_skip_unavailable' from command line to 'False'
[0.370s] Level 5:colcon.colcon_core.verb:set package 'my_package' build argument 'cmake_clean_cache' from command line to 'False'
[0.370s] Level 5:colcon.colcon_core.verb:set package 'my_package' build argument 'cmake_clean_first' from command line to 'False'
[0.370s] Level 5:colcon.colcon_core.verb:set package 'my_package' build argument 'cmake_force_configure' from command line to 'False'
[0.370s] Level 5:colcon.colcon_core.verb:set package 'my_package' build argument 'ament_cmake_args' from command line to 'None'
[0.370s] Level 5:colcon.colcon_core.verb:set package 'my_package' build argument 'catkin_cmake_args' from command line to 'None'
[0.370s] Level 5:colcon.colcon_core.verb:set package 'my_package' build argument 'catkin_skip_building_tests' from command line to 'False'
[0.370s] DEBUG:colcon.colcon_core.verb:Building package 'my_package' with the following arguments: {'ament_cmake_args': None, 'build_base': '/home/joaocastilho/dev_ws/build/my_package', 'catkin_cmake_args': None, 'catkin_skip_building_tests': False, 'cmake_args': None, 'cmake_clean_cache': False, 'cmake_clean_first': False, 'cmake_force_configure': False, 'cmake_target': None, 'cmake_target_skip_unavailable': False, 'install_base': '/home/joaocastilho/dev_ws/install/my_package', 'merge_install': False, 'path': '/home/joaocastilho/dev_ws/src/my_package', 'symlink_install': False, 'test_result_base': None}
[0.373s] Level 5:colcon.colcon_core.verb:set package 'my_package_python' build argument 'cmake_args' from command line to 'None'
[0.373s] Level 5:colcon.colcon_core.verb:set package 'my_package_python' build argument 'cmake_target' from command line to 'None'
[0.373s] Level 5:colcon.colcon_core.verb:set package 'my_package_python' build argument 'cmake_target_skip_unavailable' from command line to 'False'
[0.373s] Level 5:colcon.colcon_core.verb:set package 'my_package_python' build argument 'cmake_clean_cache' from command line to 'False'
[0.373s] Level 5:colcon.colcon_core.verb:set package 'my_package_python' build argument 'cmake_clean_first' from command line to 'False'
[0.374s] Level 5:colcon.colcon_core.verb:set package 'my_package_python' build argument 'cmake_force_configure' from command line to 'False'
[0.374s] Level 5:colcon.colcon_core.verb:set package 'my_package_python' build argument 'ament_cmake_args' from command line to 'None'
[0.374s] Level 5:colcon.colcon_core.verb:set package 'my_package_python' build argument 'catkin_cmake_args' from command line to 'None'
[0.374s] Level 5:colcon.colcon_core.verb:set package 'my_package_python' build argument 'catkin_skip_building_tests' from command line to 'False'
[0.374s] DEBUG:colcon.colcon_core.verb:Building package 'my_package_python' with the following arguments: {'ament_cmake_args': None, 'build_base': '/home/joaocastilho/dev_ws/build/my_package_python', 'catkin_cmake_args': None, 'catkin_skip_building_tests': False, 'cmake_args': None, 'cmake_clean_cache': False, 'cmake_clean_first': False, 'cmake_force_configure': False, 'cmake_target': None, 'cmake_target_skip_unavailable': False, 'install_base': '/home/joaocastilho/dev_ws/install/my_package_python', 'merge_install': False, 'path': '/home/joaocastilho/dev_ws/src/my_package_python', 'symlink_install': False, 'test_result_base': None}
[0.377s] Level 5:colcon.colcon_core.verb:set package 'py_pubsub' build argument 'cmake_args' from command line to 'None'
[0.377s] Level 5:colcon.colcon_core.verb:set package 'py_pubsub' build argument 'cmake_target' from command line to 'None'
[0.377s] Level 5:colcon.colcon_core.verb:set package 'py_pubsub' build argument 'cmake_target_skip_unavailable' from command line to 'False'
[0.377s] Level 5:colcon.colcon_core.verb:set package 'py_pubsub' build argument 'cmake_clean_cache' from command line to 'False'
[0.377s] Level 5:colcon.colcon_core.verb:set package 'py_pubsub' build argument 'cmake_clean_first' from command line to 'False'
[0.377s] Level 5:colcon.colcon_core.verb:set package 'py_pubsub' build argument 'cmake_force_configure' from command line to 'False'
[0.377s] Level 5:colcon.colcon_core.verb:set package 'py_pubsub' build argument 'ament_cmake_args' from command line to 'None'
[0.377s] Level 5:colcon.colcon_core.verb:set package 'py_pubsub' build argument 'catkin_cmake_args' from command line to 'None'
[0.377s] Level 5:colcon.colcon_core.verb:set package 'py_pubsub' build argument 'catkin_skip_building_tests' from command line to 'False'
[0.377s] DEBUG:colcon.colcon_core.verb:Building package 'py_pubsub' with the following arguments: {'ament_cmake_args': None, 'build_base': '/home/joaocastilho/dev_ws/build/py_pubsub', 'catkin_cmake_args': None, 'catkin_skip_building_tests': False, 'cmake_args': None, 'cmake_clean_cache': False, 'cmake_clean_first': False, 'cmake_force_configure': False, 'cmake_target': None, 'cmake_target_skip_unavailable': False, 'install_base': '/home/joaocastilho/dev_ws/install/py_pubsub', 'merge_install': False, 'path': '/home/joaocastilho/dev_ws/src/py_pubsub', 'symlink_install': False, 'test_result_base': None}
[0.380s] Level 5:colcon.colcon_core.verb:set package 'turtlesim' build argument 'cmake_args' from command line to 'None'
[0.380s] Level 5:colcon.colcon_core.verb:set package 'turtlesim' build argument 'cmake_target' from command line to 'None'
[0.380s] Level 5:colcon.colcon_core.verb:set package 'turtlesim' build argument 'cmake_target_skip_unavailable' from command line to 'False'
[0.380s] Level 5:colcon.colcon_core.verb:set package 'turtlesim' build argument 'cmake_clean_cache' from command line to 'False'
[0.380s] Level 5:colcon.colcon_core.verb:set package 'turtlesim' build argument 'cmake_clean_first' from command line to 'False'
[0.380s] Level 5:colcon.colcon_core.verb:set package 'turtlesim' build argument 'cmake_force_configure' from command line to 'False'
[0.380s] Level 5:colcon.colcon_core.verb:set package 'turtlesim' build argument 'ament_cmake_args' from command line to 'None'
[0.380s] Level 5:colcon.colcon_core.verb:set package 'turtlesim' build argument 'catkin_cmake_args' from command line to 'None'
[0.380s] Level 5:colcon.colcon_core.verb:set package 'turtlesim' build argument 'catkin_skip_building_tests' from command line to 'False'
[0.380s] DEBUG:colcon.colcon_core.verb:Building package 'turtlesim' with the following arguments: {'ament_cmake_args': None, 'build_base': '/home/joaocastilho/dev_ws/build/turtlesim', 'catkin_cmake_args': None, 'catkin_skip_building_tests': False, 'cmake_args': None, 'cmake_clean_cache': False, 'cmake_clean_first': False, 'cmake_force_configure': False, 'cmake_target': None, 'cmake_target_skip_unavailable': False, 'install_base': '/home/joaocastilho/dev_ws/install/turtlesim', 'merge_install': False, 'path': '/home/joaocastilho/dev_ws/src/ros_tutorials/turtlesim', 'symlink_install': False, 'test_result_base': None}
[0.383s] Level 5:colcon.colcon_core.verb:set package 'tutorial_interfaces' build argument 'cmake_args' from command line to 'None'
[0.383s] Level 5:colcon.colcon_core.verb:set package 'tutorial_interfaces' build argument 'cmake_target' from command line to 'None'
[0.383s] Level 5:colcon.colcon_core.verb:set package 'tutorial_interfaces' build argument 'cmake_target_skip_unavailable' from command line to 'False'
[0.383s] Level 5:colcon.colcon_core.verb:set package 'tutorial_interfaces' build argument 'cmake_clean_cache' from command line to 'False'
[0.383s] Level 5:colcon.colcon_core.verb:set package 'tutorial_interfaces' build argument 'cmake_clean_first' from command line to 'False'
[0.383s] Level 5:colcon.colcon_core.verb:set package 'tutorial_interfaces' build argument 'cmake_force_configure' from command line to 'False'
[0.383s] Level 5:colcon.colcon_core.verb:set package 'tutorial_interfaces' build argument 'ament_cmake_args' from command line to 'None'
[0.383s] Level 5:colcon.colcon_core.verb:set package 'tutorial_interfaces' build argument 'catkin_cmake_args' from command line to 'None'
[0.383s] Level 5:colcon.colcon_core.verb:set package 'tutorial_interfaces' build argument 'catkin_skip_building_tests' from command line to 'False'
[0.384s] DEBUG:colcon.colcon_core.verb:Building package 'tutorial_interfaces' with the following arguments: {'ament_cmake_args': None, 'build_base': '/home/joaocastilho/dev_ws/build/tutorial_interfaces', 'catkin_cmake_args': None, 'catkin_skip_building_tests': False, 'cmake_args': None, 'cmake_clean_cache': False, 'cmake_clean_first': False, 'cmake_force_configure': False, 'cmake_target': None, 'cmake_target_skip_unavailable': False, 'install_base': '/home/joaocastilho/dev_ws/install/tutorial_interfaces', 'merge_install': False, 'path': '/home/joaocastilho/dev_ws/src/tutorial_interfaces', 'symlink_install': False, 'test_result_base': None}
[0.387s] Level 5:colcon.colcon_core.verb:set package 'cpp_pubsub' build argument 'cmake_args' from command line to 'None'
[0.387s] Level 5:colcon.colcon_core.verb:set package 'cpp_pubsub' build argument 'cmake_target' from command line to 'None'
[0.387s] Level 5:colcon.colcon_core.verb:set package 'cpp_pubsub' build argument 'cmake_target_skip_unavailable' from command line to 'False'
[0.387s] Level 5:colcon.colcon_core.verb:set package 'cpp_pubsub' build argument 'cmake_clean_cache' from command line to 'False'
[0.387s] Level 5:colcon.colcon_core.verb:set package 'cpp_pubsub' build argument 'cmake_clean_first' from command line to 'False'
[0.387s] Level 5:colcon.colcon_core.verb:set package 'cpp_pubsub' build argument 'cmake_force_configure' from command line to 'False'
[0.387s] Level 5:colcon.colcon_core.verb:set package 'cpp_pubsub' build argument 'ament_cmake_args' from command line to 'None'
[0.387s] Level 5:colcon.colcon_core.verb:set package 'cpp_pubsub' build argument 'catkin_cmake_args' from command line to 'None'
[0.388s] Level 5:colcon.colcon_core.verb:set package 'cpp_pubsub' build argument 'catkin_skip_building_tests' from command line to 'False'
[0.388s] DEBUG:colcon.colcon_core.verb:Building package 'cpp_pubsub' with the following arguments: {'ament_cmake_args': None, 'build_base': '/home/joaocastilho/dev_ws/build/cpp_pubsub', 'catkin_cmake_args': None, 'catkin_skip_building_tests': False, 'cmake_args': None, 'cmake_clean_cache': False, 'cmake_clean_first': False, 'cmake_force_configure': False, 'cmake_target': None, 'cmake_target_skip_unavailable': False, 'install_base': '/home/joaocastilho/dev_ws/install/cpp_pubsub', 'merge_install': False, 'path': '/home/joaocastilho/dev_ws/src/cpp_pubsub', 'symlink_install': False, 'test_result_base': None}
[0.391s] Level 5:colcon.colcon_core.verb:set package 'cpp_srvcli' build argument 'cmake_args' from command line to 'None'
[0.391s] Level 5:colcon.colcon_core.verb:set package 'cpp_srvcli' build argument 'cmake_target' from command line to 'None'
[0.391s] Level 5:colcon.colcon_core.verb:set package 'cpp_srvcli' build argument 'cmake_target_skip_unavailable' from command line to 'False'
[0.391s] Level 5:colcon.colcon_core.verb:set package 'cpp_srvcli' build argument 'cmake_clean_cache' from command line to 'False'
[0.391s] Level 5:colcon.colcon_core.verb:set package 'cpp_srvcli' build argument 'cmake_clean_first' from command line to 'False'
[0.391s] Level 5:colcon.colcon_core.verb:set package 'cpp_srvcli' build argument 'cmake_force_configure' from command line to 'False'
[0.391s] Level 5:colcon.colcon_core.verb:set package 'cpp_srvcli' build argument 'ament_cmake_args' from command line to 'None'
[0.391s] Level 5:colcon.colcon_core.verb:set package 'cpp_srvcli' build argument 'catkin_cmake_args' from command line to 'None'
[0.392s] Level 5:colcon.colcon_core.verb:set package 'cpp_srvcli' build argument 'catkin_skip_building_tests' from command line to 'False'
[0.392s] DEBUG:colcon.colcon_core.verb:Building package 'cpp_srvcli' with the following arguments: {'ament_cmake_args': None, 'build_base': '/home/joaocastilho/dev_ws/build/cpp_srvcli', 'catkin_cmake_args': None, 'catkin_skip_building_tests': False, 'cmake_args': None, 'cmake_clean_cache': False, 'cmake_clean_first': False, 'cmake_force_configure': False, 'cmake_target': None, 'cmake_target_skip_unavailable': False, 'install_base': '/home/joaocastilho/dev_ws/install/cpp_srvcli', 'merge_install': False, 'path': '/home/joaocastilho/dev_ws/src/cpp_srvcli', 'symlink_install': False, 'test_result_base': None}
[0.392s] INFO:colcon.colcon_core.executor:Executing jobs using 'parallel' executor
[0.395s] DEBUG:colcon.colcon_parallel_executor.executor.parallel:run_until_complete
[0.395s] INFO:colcon.colcon_ros.task.ament_cmake.build:Building ROS package in '/home/joaocastilho/dev_ws/src/tutorial_interfaces' with build type 'ament_cmake'
[0.395s] INFO:colcon.colcon_cmake.task.cmake.build:Building CMake package in '/home/joaocastilho/dev_ws/src/tutorial_interfaces'
[0.401s] INFO:colcon.colcon_core.plugin_system:Skipping extension 'colcon_core.shell.bat': Not used on non-Windows systems
[0.401s] INFO:colcon.colcon_core.shell:Skip shell extension 'powershell' for command environment: Not usable outside of PowerShell
[0.401s] DEBUG:colcon.colcon_core.shell:Skip shell extension 'dsv' for command environment
[0.404s] DEBUG:colcon.colcon_core.shell:Ignoring prefix path '/opt/ros/foxy'
[0.408s] INFO:colcon.colcon_ros.task.ament_cmake.build:Building ROS package in '/home/joaocastilho/dev_ws/src/my_package' with build type 'ament_cmake'
[0.409s] INFO:colcon.colcon_cmake.task.cmake.build:Building CMake package in '/home/joaocastilho/dev_ws/src/my_package'
[0.411s] INFO:colcon.colcon_core.shell:Skip shell extension 'powershell' for command environment: Not usable outside of PowerShell
[0.411s] DEBUG:colcon.colcon_core.shell:Skip shell extension 'dsv' for command environment
[0.414s] DEBUG:colcon.colcon_core.shell:Ignoring prefix path '/opt/ros/foxy'
[0.417s] INFO:colcon.colcon_ros.task.ament_python.build:Building ROS package in '/home/joaocastilho/dev_ws/src/my_package_python' with build type 'ament_python'
[0.418s] Level 1:colcon.colcon_core.shell:create_environment_hook('my_package_python', 'ament_prefix_path')
[0.419s] INFO:colcon.colcon_core.shell:Creating environment hook '/home/joaocastilho/dev_ws/install/my_package_python/share/my_package_python/hook/ament_prefix_path.ps1'
[0.420s] INFO:colcon.colcon_core.shell:Creating environment descriptor '/home/joaocastilho/dev_ws/install/my_package_python/share/my_package_python/hook/ament_prefix_path.dsv'
[0.420s] INFO:colcon.colcon_core.shell:Creating environment hook '/home/joaocastilho/dev_ws/install/my_package_python/share/my_package_python/hook/ament_prefix_path.sh'
[0.422s] INFO:colcon.colcon_core.shell:Skip shell extension 'powershell' for command environment: Not usable outside of PowerShell
[0.423s] DEBUG:colcon.colcon_core.shell:Skip shell extension 'dsv' for command environment
[0.427s] DEBUG:colcon.colcon_core.shell:Ignoring prefix path '/opt/ros/foxy'
[0.430s] INFO:colcon.colcon_ros.task.ament_python.build:Building ROS package in '/home/joaocastilho/dev_ws/src/py_pubsub' with build type 'ament_python'
[0.431s] Level 1:colcon.colcon_core.shell:create_environment_hook('py_pubsub', 'ament_prefix_path')
[0.432s] INFO:colcon.colcon_core.shell:Creating environment hook '/home/joaocastilho/dev_ws/install/py_pubsub/share/py_pubsub/hook/ament_prefix_path.ps1'
[0.433s] INFO:colcon.colcon_core.shell:Creating environment descriptor '/home/joaocastilho/dev_ws/install/py_pubsub/share/py_pubsub/hook/ament_prefix_path.dsv'
[0.434s] INFO:colcon.colcon_core.shell:Creating environment hook '/home/joaocastilho/dev_ws/install/py_pubsub/share/py_pubsub/hook/ament_prefix_path.sh'
[0.435s] INFO:colcon.colcon_core.shell:Skip shell extension 'powershell' for command environment: Not usable outside of PowerShell
[0.435s] DEBUG:colcon.colcon_core.shell:Skip shell extension 'dsv' for command environment
[0.437s] DEBUG:colcon.colcon_core.shell:Ignoring prefix path '/opt/ros/foxy'
[0.440s] INFO:colcon.colcon_ros.task.ament_cmake.build:Building ROS package in '/home/joaocastilho/dev_ws/src/ros_tutorials/turtlesim' with build type 'ament_cmake'
[0.440s] INFO:colcon.colcon_cmake.task.cmake.build:Building CMake package in '/home/joaocastilho/dev_ws/src/ros_tutorials/turtlesim'
[0.443s] INFO:colcon.colcon_core.shell:Skip shell extension 'powershell' for command environment: Not usable outside of PowerShell
[0.443s] DEBUG:colcon.colcon_core.shell:Skip shell extension 'dsv' for command environment
[0.447s] DEBUG:colcon.colcon_core.shell:Ignoring prefix path '/opt/ros/foxy'
[0.457s] DEBUG:colcon.colcon_core.event_handler.log_command:Invoking command in '/home/joaocastilho/dev_ws/build/tutorial_interfaces': CMAKE_PREFIX_PATH=${CMAKE_PREFIX_PATH}:/home/joaocastilho/dev_ws/install/py_pubsub:/home/joaocastilho/dev_ws/install/my_package_python:/opt/ros/foxy /usr/bin/cmake --build /home/joaocastilho/dev_ws/build/tutorial_interfaces -- -j8 -l8
[0.470s] DEBUG:colcon.colcon_core.event_handler.log_command:Invoking command in '/home/joaocastilho/dev_ws/build/my_package': CMAKE_PREFIX_PATH=${CMAKE_PREFIX_PATH}:/home/joaocastilho/dev_ws/install/py_pubsub:/home/joaocastilho/dev_ws/install/my_package_python:/opt/ros/foxy /usr/bin/cmake --build /home/joaocastilho/dev_ws/build/my_package -- -j8 -l8
[0.813s] INFO:colcon.colcon_core.task.python.build:Building Python package in '/home/joaocastilho/dev_ws/src/my_package_python'
[0.814s] INFO:colcon.colcon_core.shell:Skip shell extension 'powershell' for command environment: Not usable outside of PowerShell
[0.814s] DEBUG:colcon.colcon_core.shell:Skip shell extension 'dsv' for command environment
[0.816s] DEBUG:colcon.colcon_core.shell:Ignoring prefix path '/opt/ros/foxy'
[1.112s] INFO:colcon.colcon_core.task.python.build:Building Python package in '/home/joaocastilho/dev_ws/src/py_pubsub'
[1.113s] INFO:colcon.colcon_core.shell:Skip shell extension 'powershell' for command environment: Not usable outside of PowerShell
[1.113s] DEBUG:colcon.colcon_core.shell:Skip shell extension 'dsv' for command environment
[1.116s] DEBUG:colcon.colcon_core.shell:Ignoring prefix path '/opt/ros/foxy'
[1.125s] DEBUG:colcon.colcon_core.event_handler.log_command:Invoking command in '/home/joaocastilho/dev_ws/build/turtlesim': CMAKE_PREFIX_PATH=${CMAKE_PREFIX_PATH}:/home/joaocastilho/dev_ws/install/py_pubsub:/home/joaocastilho/dev_ws/install/my_package_python:/opt/ros/foxy /usr/bin/cmake --build /home/joaocastilho/dev_ws/build/turtlesim -- -j8 -l8
[1.132s] DEBUG:colcon.colcon_core.event_handler.log_command:Invoked command in '/home/joaocastilho/dev_ws/build/tutorial_interfaces' returned '0': CMAKE_PREFIX_PATH=${CMAKE_PREFIX_PATH}:/home/joaocastilho/dev_ws/install/py_pubsub:/home/joaocastilho/dev_ws/install/my_package_python:/opt/ros/foxy /usr/bin/cmake --build /home/joaocastilho/dev_ws/build/tutorial_interfaces -- -j8 -l8
[1.136s] DEBUG:colcon.colcon_core.event_handler.log_command:Invoked command in '/home/joaocastilho/dev_ws/build/my_package' returned '0': CMAKE_PREFIX_PATH=${CMAKE_PREFIX_PATH}:/home/joaocastilho/dev_ws/install/py_pubsub:/home/joaocastilho/dev_ws/install/my_package_python:/opt/ros/foxy /usr/bin/cmake --build /home/joaocastilho/dev_ws/build/my_package -- -j8 -l8
[1.145s] DEBUG:colcon.colcon_core.event_handler.log_command:Invoking command in '/home/joaocastilho/dev_ws/src/my_package_python': PYTHONPATH=/home/joaocastilho/dev_ws/install/my_package_python/lib/python3.8/site-packages:${PYTHONPATH} /usr/bin/python3 setup.py egg_info --egg-base ../../build/my_package_python build --build-base /home/joaocastilho/dev_ws/build/my_package_python/build install --prefix /home/joaocastilho/dev_ws/install/my_package_python --record /home/joaocastilho/dev_ws/build/my_package_python/install.log --single-version-externally-managed
[1.151s] DEBUG:colcon.colcon_core.event_handler.log_command:Invoking command in '/home/joaocastilho/dev_ws/src/py_pubsub': PYTHONPATH=/home/joaocastilho/dev_ws/install/py_pubsub/lib/python3.8/site-packages:${PYTHONPATH} /usr/bin/python3 setup.py egg_info --egg-base ../../build/py_pubsub build --build-base /home/joaocastilho/dev_ws/build/py_pubsub/build install --prefix /home/joaocastilho/dev_ws/install/py_pubsub --record /home/joaocastilho/dev_ws/build/py_pubsub/install.log --single-version-externally-managed
[1.189s] DEBUG:colcon.colcon_core.event_handler.log_command:Invoking command in '/home/joaocastilho/dev_ws/build/my_package': CMAKE_PREFIX_PATH=${CMAKE_PREFIX_PATH}:/home/joaocastilho/dev_ws/install/py_pubsub:/home/joaocastilho/dev_ws/install/my_package_python:/opt/ros/foxy /usr/bin/cmake --install /home/joaocastilho/dev_ws/build/my_package
[1.210s] Level 1:colcon.colcon_core.environment:create_environment_scripts_only(my_package)
[1.211s] DEBUG:colcon.colcon_core.event_handler.log_command:Invoked command in '/home/joaocastilho/dev_ws/build/my_package' returned '0': CMAKE_PREFIX_PATH=${CMAKE_PREFIX_PATH}:/home/joaocastilho/dev_ws/install/py_pubsub:/home/joaocastilho/dev_ws/install/my_package_python:/opt/ros/foxy /usr/bin/cmake --install /home/joaocastilho/dev_ws/build/my_package
[1.218s] Level 1:colcon.colcon_core.environment:checking '/home/joaocastilho/dev_ws/install/my_package' for CMake module files
[1.219s] Level 1:colcon.colcon_core.environment:checking '/home/joaocastilho/dev_ws/install/my_package' for CMake config files
[1.219s] Level 1:colcon.colcon_core.shell:create_environment_hook('my_package', 'cmake_prefix_path')
[1.220s] INFO:colcon.colcon_core.shell:Creating environment hook '/home/joaocastilho/dev_ws/install/my_package/share/my_package/hook/cmake_prefix_path.ps1'
[1.221s] INFO:colcon.colcon_core.shell:Creating environment descriptor '/home/joaocastilho/dev_ws/install/my_package/share/my_package/hook/cmake_prefix_path.dsv'
[1.221s] INFO:colcon.colcon_core.shell:Creating environment hook '/home/joaocastilho/dev_ws/install/my_package/share/my_package/hook/cmake_prefix_path.sh'
[1.223s] Level 1:colcon.colcon_core.environment:checking '/home/joaocastilho/dev_ws/install/my_package/lib'
[1.223s] Level 1:colcon.colcon_core.environment:checking '/home/joaocastilho/dev_ws/install/my_package/bin'
[1.223s] Level 1:colcon.colcon_core.environment:checking '/home/joaocastilho/dev_ws/install/my_package/lib/pkgconfig/my_package.pc'
[1.223s] Level 1:colcon.colcon_core.environment:checking '/home/joaocastilho/dev_ws/install/my_package/lib/python3.8/site-packages'
[1.224s] INFO:colcon.colcon_core.shell:Creating package script '/home/joaocastilho/dev_ws/install/my_package/share/my_package/package.ps1'
[1.227s] INFO:colcon.colcon_core.shell:Creating package descriptor '/home/joaocastilho/dev_ws/install/my_package/share/my_package/package.dsv'
[1.228s] INFO:colcon.colcon_core.shell:Creating package script '/home/joaocastilho/dev_ws/install/my_package/share/my_package/package.sh'
[1.229s] INFO:colcon.colcon_core.shell:Creating package script '/home/joaocastilho/dev_ws/install/my_package/share/my_package/package.bash'
[1.231s] INFO:colcon.colcon_core.shell:Creating package script '/home/joaocastilho/dev_ws/install/my_package/share/my_package/package.zsh'
[1.232s] Level 1:colcon.colcon_core.environment:create_file_with_runtime_dependencies(/home/joaocastilho/dev_ws/install/my_package/share/colcon-core/packages/my_package)
[1.284s] Level 1:colcon.colcon_core.environment:create_environment_scripts_only(my_package)
[1.286s] Level 1:colcon.colcon_core.environment:checking '/home/joaocastilho/dev_ws/install/my_package' for CMake module files
[1.287s] Level 1:colcon.colcon_core.environment:checking '/home/joaocastilho/dev_ws/install/my_package' for CMake config files
[1.287s] Level 1:colcon.colcon_core.shell:create_environment_hook('my_package', 'cmake_prefix_path')
[1.288s] INFO:colcon.colcon_core.shell:Creating environment hook '/home/joaocastilho/dev_ws/install/my_package/share/my_package/hook/cmake_prefix_path.ps1'
[1.289s] INFO:colcon.colcon_core.shell:Creating environment descriptor '/home/joaocastilho/dev_ws/install/my_package/share/my_package/hook/cmake_prefix_path.dsv'
[1.290s] INFO:colcon.colcon_core.shell:Creating environment hook '/home/joaocastilho/dev_ws/install/my_package/share/my_package/hook/cmake_prefix_path.sh'
[1.291s] Level 1:colcon.colcon_core.environment:checking '/home/joaocastilho/dev_ws/install/my_package/lib'
[1.291s] Level 1:colcon.colcon_core.environment:checking '/home/joaocastilho/dev_ws/install/my_package/bin'
[1.292s] Level 1:colcon.colcon_core.environment:checking '/home/joaocastilho/dev_ws/install/my_package/lib/pkgconfig/my_package.pc'
[1.292s] Level 1:colcon.colcon_core.environment:checking '/home/joaocastilho/dev_ws/install/my_package/lib/python3.8/site-packages'
[1.293s] INFO:colcon.colcon_core.shell:Creating package script '/home/joaocastilho/dev_ws/install/my_package/share/my_package/package.ps1'
[1.293s] INFO:colcon.colcon_core.shell:Creating package descriptor '/home/joaocastilho/dev_ws/install/my_package/share/my_package/package.dsv'
[1.294s] INFO:colcon.colcon_core.shell:Creating package script '/home/joaocastilho/dev_ws/install/my_package/share/my_package/package.sh'
[1.295s] INFO:colcon.colcon_core.shell:Creating package script '/home/joaocastilho/dev_ws/install/my_package/share/my_package/package.bash'
[1.295s] INFO:colcon.colcon_core.shell:Creating package script '/home/joaocastilho/dev_ws/install/my_package/share/my_package/package.zsh'
[1.296s] Level 1:colcon.colcon_core.environment:create_file_with_runtime_dependencies(/home/joaocastilho/dev_ws/install/my_package/share/colcon-core/packages/my_package)
[1.314s] DEBUG:colcon.colcon_core.event_handler.log_command:Invoking command in '/home/joaocastilho/dev_ws/build/tutorial_interfaces': CMAKE_PREFIX_PATH=${CMAKE_PREFIX_PATH}:/home/joaocastilho/dev_ws/install/py_pubsub:/home/joaocastilho/dev_ws/install/my_package_python:/opt/ros/foxy /usr/bin/cmake --install /home/joaocastilho/dev_ws/build/tutorial_interfaces
[1.434s] Level 1:colcon.colcon_core.environment:create_environment_scripts_only(tutorial_interfaces)
[1.435s] Level 1:colcon.colcon_core.environment:checking '/home/joaocastilho/dev_ws/install/tutorial_interfaces' for CMake module files
[1.437s] Level 1:colcon.colcon_core.environment:checking '/home/joaocastilho/dev_ws/install/tutorial_interfaces' for CMake config files
[1.438s] Level 1:colcon.colcon_core.shell:create_environment_hook('tutorial_interfaces', 'cmake_prefix_path')
[1.436s] DEBUG:colcon.colcon_core.event_handler.log_command:Invoked command in '/home/joaocastilho/dev_ws/build/tutorial_interfaces' returned '0': CMAKE_PREFIX_PATH=${CMAKE_PREFIX_PATH}:/home/joaocastilho/dev_ws/install/py_pubsub:/home/joaocastilho/dev_ws/install/my_package_python:/opt/ros/foxy /usr/bin/cmake --install /home/joaocastilho/dev_ws/build/tutorial_interfaces
[1.442s] INFO:colcon.colcon_core.shell:Creating environment hook '/home/joaocastilho/dev_ws/install/tutorial_interfaces/share/tutorial_interfaces/hook/cmake_prefix_path.ps1'
[1.444s] INFO:colcon.colcon_core.shell:Creating environment descriptor '/home/joaocastilho/dev_ws/install/tutorial_interfaces/share/tutorial_interfaces/hook/cmake_prefix_path.dsv'
[1.445s] INFO:colcon.colcon_core.shell:Creating environment hook '/home/joaocastilho/dev_ws/install/tutorial_interfaces/share/tutorial_interfaces/hook/cmake_prefix_path.sh'
[1.446s] Level 1:colcon.colcon_core.environment:checking '/home/joaocastilho/dev_ws/install/tutorial_interfaces/lib'
[1.446s] Level 1:colcon.colcon_core.shell:create_environment_hook('tutorial_interfaces', 'ld_library_path_lib')
[1.451s] INFO:colcon.colcon_core.shell:Creating environment hook '/home/joaocastilho/dev_ws/install/tutorial_interfaces/share/tutorial_interfaces/hook/ld_library_path_lib.ps1'
[1.452s] INFO:colcon.colcon_core.shell:Creating environment descriptor '/home/joaocastilho/dev_ws/install/tutorial_interfaces/share/tutorial_interfaces/hook/ld_library_path_lib.dsv'
[1.452s] INFO:colcon.colcon_core.shell:Creating environment hook '/home/joaocastilho/dev_ws/install/tutorial_interfaces/share/tutorial_interfaces/hook/ld_library_path_lib.sh'
[1.453s] Level 1:colcon.colcon_core.environment:checking '/home/joaocastilho/dev_ws/install/tutorial_interfaces/bin'
[1.453s] Level 1:colcon.colcon_core.environment:checking '/home/joaocastilho/dev_ws/install/tutorial_interfaces/lib/pkgconfig/tutorial_interfaces.pc'
[1.454s] Level 1:colcon.colcon_core.environment:checking '/home/joaocastilho/dev_ws/install/tutorial_interfaces/lib/python3.8/site-packages'
[1.454s] Level 1:colcon.colcon_core.shell:create_environment_hook('tutorial_interfaces', 'pythonpath')
[1.455s] INFO:colcon.colcon_core.shell:Creating environment hook '/home/joaocastilho/dev_ws/install/tutorial_interfaces/share/tutorial_interfaces/hook/pythonpath.ps1'
[1.455s] INFO:colcon.colcon_core.shell:Creating environment descriptor '/home/joaocastilho/dev_ws/install/tutorial_interfaces/share/tutorial_interfaces/hook/pythonpath.dsv'
[1.456s] INFO:colcon.colcon_core.shell:Creating environment hook '/home/joaocastilho/dev_ws/install/tutorial_interfaces/share/tutorial_interfaces/hook/pythonpath.sh'
[1.458s] INFO:colcon.colcon_core.shell:Creating package script '/home/joaocastilho/dev_ws/install/tutorial_interfaces/share/tutorial_interfaces/package.ps1'
[1.459s] INFO:colcon.colcon_core.shell:Creating package descriptor '/home/joaocastilho/dev_ws/install/tutorial_interfaces/share/tutorial_interfaces/package.dsv'
[1.460s] INFO:colcon.colcon_core.shell:Creating package script '/home/joaocastilho/dev_ws/install/tutorial_interfaces/share/tutorial_interfaces/package.sh'
[1.461s] INFO:colcon.colcon_core.shell:Creating package script '/home/joaocastilho/dev_ws/install/tutorial_interfaces/share/tutorial_interfaces/package.bash'
[1.462s] INFO:colcon.colcon_core.shell:Creating package script '/home/joaocastilho/dev_ws/install/tutorial_interfaces/share/tutorial_interfaces/package.zsh'
[1.462s] Level 1:colcon.colcon_core.environment:create_file_with_runtime_dependencies(/home/joaocastilho/dev_ws/install/tutorial_interfaces/share/colcon-core/packages/tutorial_interfaces)
[1.593s] DEBUG:colcon.colcon_core.event_handler.log_command:Invoked command in '/home/joaocastilho/dev_ws/build/turtlesim' returned '0': CMAKE_PREFIX_PATH=${CMAKE_PREFIX_PATH}:/home/joaocastilho/dev_ws/install/py_pubsub:/home/joaocastilho/dev_ws/install/my_package_python:/opt/ros/foxy /usr/bin/cmake --build /home/joaocastilho/dev_ws/build/turtlesim -- -j8 -l8
[1.598s] Level 1:colcon.colcon_core.environment:create_environment_scripts_only(tutorial_interfaces)
[1.600s] Level 1:colcon.colcon_core.environment:checking '/home/joaocastilho/dev_ws/install/tutorial_interfaces' for CMake module files
[1.601s] Level 1:colcon.colcon_core.environment:checking '/home/joaocastilho/dev_ws/install/tutorial_interfaces' for CMake config files
[1.602s] Level 1:colcon.colcon_core.shell:create_environment_hook('tutorial_interfaces', 'cmake_prefix_path')
[1.603s] INFO:colcon.colcon_core.shell:Creating environment hook '/home/joaocastilho/dev_ws/install/tutorial_interfaces/share/tutorial_interfaces/hook/cmake_prefix_path.ps1'
[1.603s] INFO:colcon.colcon_core.shell:Creating environment descriptor '/home/joaocastilho/dev_ws/install/tutorial_interfaces/share/tutorial_interfaces/hook/cmake_prefix_path.dsv'
[1.604s] INFO:colcon.colcon_core.shell:Creating environment hook '/home/joaocastilho/dev_ws/install/tutorial_interfaces/share/tutorial_interfaces/hook/cmake_prefix_path.sh'
[1.606s] Level 1:colcon.colcon_core.environment:checking '/home/joaocastilho/dev_ws/install/tutorial_interfaces/lib'
[1.607s] Level 1:colcon.colcon_core.shell:create_environment_hook('tutorial_interfaces', 'ld_library_path_lib')
[1.608s] INFO:colcon.colcon_core.shell:Creating environment hook '/home/joaocastilho/dev_ws/install/tutorial_interfaces/share/tutorial_interfaces/hook/ld_library_path_lib.ps1'
[1.609s] INFO:colcon.colcon_core.shell:Creating environment descriptor '/home/joaocastilho/dev_ws/install/tutorial_interfaces/share/tutorial_interfaces/hook/ld_library_path_lib.dsv'
[1.609s] INFO:colcon.colcon_core.shell:Creating environment hook '/home/joaocastilho/dev_ws/install/tutorial_interfaces/share/tutorial_interfaces/hook/ld_library_path_lib.sh'
[1.610s] Level 1:colcon.colcon_core.environment:checking '/home/joaocastilho/dev_ws/install/tutorial_interfaces/bin'
[1.610s] Level 1:colcon.colcon_core.environment:checking '/home/joaocastilho/dev_ws/install/tutorial_interfaces/lib/pkgconfig/tutorial_interfaces.pc'
[1.610s] Level 1:colcon.colcon_core.environment:checking '/home/joaocastilho/dev_ws/install/tutorial_interfaces/lib/python3.8/site-packages'
[1.610s] Level 1:colcon.colcon_core.shell:create_environment_hook('tutorial_interfaces', 'pythonpath')
[1.611s] INFO:colcon.colcon_core.shell:Creating environment hook '/home/joaocastilho/dev_ws/install/tutorial_interfaces/share/tutorial_interfaces/hook/pythonpath.ps1'
[1.612s] INFO:colcon.colcon_core.shell:Creating environment descriptor '/home/joaocastilho/dev_ws/install/tutorial_interfaces/share/tutorial_interfaces/hook/pythonpath.dsv'
[1.612s] INFO:colcon.colcon_core.shell:Creating environment hook '/home/joaocastilho/dev_ws/install/tutorial_interfaces/share/tutorial_interfaces/hook/pythonpath.sh'
[1.614s] INFO:colcon.colcon_core.shell:Creating package script '/home/joaocastilho/dev_ws/install/tutorial_interfaces/share/tutorial_interfaces/package.ps1'
[1.615s] INFO:colcon.colcon_core.shell:Creating package descriptor '/home/joaocastilho/dev_ws/install/tutorial_interfaces/share/tutorial_interfaces/package.dsv'
[1.616s] INFO:colcon.colcon_core.shell:Creating package script '/home/joaocastilho/dev_ws/install/tutorial_interfaces/share/tutorial_interfaces/package.sh'
[1.617s] INFO:colcon.colcon_core.shell:Creating package script '/home/joaocastilho/dev_ws/install/tutorial_interfaces/share/tutorial_interfaces/package.bash'
[1.618s] INFO:colcon.colcon_core.shell:Creating package script '/home/joaocastilho/dev_ws/install/tutorial_interfaces/share/tutorial_interfaces/package.zsh'
[1.619s] Level 1:colcon.colcon_core.environment:create_file_with_runtime_dependencies(/home/joaocastilho/dev_ws/install/tutorial_interfaces/share/colcon-core/packages/tutorial_interfaces)
[1.621s] INFO:colcon.colcon_ros.task.ament_cmake.build:Building ROS package in '/home/joaocastilho/dev_ws/src/cpp_pubsub' with build type 'ament_cmake'
[1.622s] INFO:colcon.colcon_cmake.task.cmake.build:Building CMake package in '/home/joaocastilho/dev_ws/src/cpp_pubsub'
[1.623s] INFO:colcon.colcon_core.shell:Skip shell extension 'powershell' for command environment: Not usable outside of PowerShell
[1.623s] DEBUG:colcon.colcon_core.shell:Skip shell extension 'dsv' for command environment
[1.626s] DEBUG:colcon.colcon_core.shell:Ignoring prefix path '/opt/ros/foxy'
[1.629s] INFO:colcon.colcon_ros.task.ament_cmake.build:Building ROS package in '/home/joaocastilho/dev_ws/src/cpp_srvcli' with build type 'ament_cmake'
[1.629s] INFO:colcon.colcon_cmake.task.cmake.build:Building CMake package in '/home/joaocastilho/dev_ws/src/cpp_srvcli'
[1.631s] INFO:colcon.colcon_core.shell:Skip shell extension 'powershell' for command environment: Not usable outside of PowerShell
[1.631s] DEBUG:colcon.colcon_core.shell:Skip shell extension 'dsv' for command environment
[1.635s] DEBUG:colcon.colcon_core.shell:Ignoring prefix path '/opt/ros/foxy'
[1.646s] DEBUG:colcon.colcon_core.event_handler.log_command:Invoking command in '/home/joaocastilho/dev_ws/build/cpp_pubsub': AMENT_PREFIX_PATH=/home/joaocastilho/dev_ws/install/tutorial_interfaces:${AMENT_PREFIX_PATH} CMAKE_PREFIX_PATH=/home/joaocastilho/dev_ws/install/tutorial_interfaces:/home/joaocastilho/dev_ws/install/turtlesim:/home/joaocastilho/dev_ws/install/my_package:/home/joaocastilho/dev_ws/install/cpp_srvcli:/home/joaocastilho/dev_ws/install/cpp_pubsub:/home/joaocastilho/dev_ws/install/py_pubsub:/home/joaocastilho/dev_ws/install/my_package_python:/opt/ros/foxy LD_LIBRARY_PATH=/home/joaocastilho/dev_ws/install/tutorial_interfaces/lib:${LD_LIBRARY_PATH} PYTHONPATH=/home/joaocastilho/dev_ws/install/tutorial_interfaces/lib/python3.8/site-packages:${PYTHONPATH} /usr/bin/cmake --build /home/joaocastilho/dev_ws/build/cpp_pubsub -- -j8 -l8
[1.664s] DEBUG:colcon.colcon_core.event_handler.log_command:Invoking command in '/home/joaocastilho/dev_ws/build/cpp_srvcli': AMENT_PREFIX_PATH=/home/joaocastilho/dev_ws/install/tutorial_interfaces:${AMENT_PREFIX_PATH} CMAKE_PREFIX_PATH=/home/joaocastilho/dev_ws/install/tutorial_interfaces:/home/joaocastilho/dev_ws/install/turtlesim:/home/joaocastilho/dev_ws/install/my_package:/home/joaocastilho/dev_ws/install/cpp_srvcli:/home/joaocastilho/dev_ws/install/cpp_pubsub:/home/joaocastilho/dev_ws/install/py_pubsub:/home/joaocastilho/dev_ws/install/my_package_python:/opt/ros/foxy LD_LIBRARY_PATH=/home/joaocastilho/dev_ws/install/tutorial_interfaces/lib:${LD_LIBRARY_PATH} PYTHONPATH=/home/joaocastilho/dev_ws/install/tutorial_interfaces/lib/python3.8/site-packages:${PYTHONPATH} /usr/bin/cmake --build /home/joaocastilho/dev_ws/build/cpp_srvcli -- -j8 -l8
[1.681s] Level 1:colcon.colcon_core.environment:checking '/home/joaocastilho/dev_ws/install/py_pubsub' for CMake module files
[1.682s] DEBUG:colcon.colcon_core.event_handler.log_command:Invoked command in '/home/joaocastilho/dev_ws/src/py_pubsub' returned '0': PYTHONPATH=/home/joaocastilho/dev_ws/install/py_pubsub/lib/python3.8/site-packages:${PYTHONPATH} /usr/bin/python3 setup.py egg_info --egg-base ../../build/py_pubsub build --build-base /home/joaocastilho/dev_ws/build/py_pubsub/build install --prefix /home/joaocastilho/dev_ws/install/py_pubsub --record /home/joaocastilho/dev_ws/build/py_pubsub/install.log --single-version-externally-managed
[1.682s] Level 1:colcon.colcon_core.environment:checking '/home/joaocastilho/dev_ws/install/py_pubsub' for CMake config files
[1.683s] Level 1:colcon.colcon_core.environment:checking '/home/joaocastilho/dev_ws/install/py_pubsub/lib'
[1.683s] Level 1:colcon.colcon_core.environment:checking '/home/joaocastilho/dev_ws/install/py_pubsub/bin'
[1.683s] Level 1:colcon.colcon_core.environment:checking '/home/joaocastilho/dev_ws/install/py_pubsub/lib/pkgconfig/py_pubsub.pc'
[1.684s] Level 1:colcon.colcon_core.environment:checking '/home/joaocastilho/dev_ws/install/py_pubsub/lib/python3.8/site-packages'
[1.684s] Level 1:colcon.colcon_core.shell:create_environment_hook('py_pubsub', 'pythonpath')
[1.685s] INFO:colcon.colcon_core.shell:Creating environment hook '/home/joaocastilho/dev_ws/install/py_pubsub/share/py_pubsub/hook/pythonpath.ps1'
[1.686s] INFO:colcon.colcon_core.shell:Creating environment descriptor '/home/joaocastilho/dev_ws/install/py_pubsub/share/py_pubsub/hook/pythonpath.dsv'
[1.686s] INFO:colcon.colcon_core.shell:Creating environment hook '/home/joaocastilho/dev_ws/install/py_pubsub/share/py_pubsub/hook/pythonpath.sh'
[1.687s] Level 1:colcon.colcon_core.environment:create_environment_scripts_only(py_pubsub)
[1.689s] INFO:colcon.colcon_core.shell:Creating package script '/home/joaocastilho/dev_ws/install/py_pubsub/share/py_pubsub/package.ps1'
[1.690s] INFO:colcon.colcon_core.shell:Creating package descriptor '/home/joaocastilho/dev_ws/install/py_pubsub/share/py_pubsub/package.dsv'
[1.691s] INFO:colcon.colcon_core.shell:Creating package script '/home/joaocastilho/dev_ws/install/py_pubsub/share/py_pubsub/package.sh'
[1.692s] INFO:colcon.colcon_core.shell:Creating package script '/home/joaocastilho/dev_ws/install/py_pubsub/share/py_pubsub/package.bash'
[1.692s] INFO:colcon.colcon_core.shell:Creating package script '/home/joaocastilho/dev_ws/install/py_pubsub/share/py_pubsub/package.zsh'
[1.693s] Level 1:colcon.colcon_core.environment:create_file_with_runtime_dependencies(/home/joaocastilho/dev_ws/install/py_pubsub/share/colcon-core/packages/py_pubsub)
[1.707s] Level 1:colcon.colcon_core.environment:checking '/home/joaocastilho/dev_ws/install/my_package_python' for CMake module files
[1.708s] Level 1:colcon.colcon_core.environment:checking '/home/joaocastilho/dev_ws/install/my_package_python' for CMake config files
[1.709s] Level 1:colcon.colcon_core.environment:checking '/home/joaocastilho/dev_ws/install/my_package_python/lib'
[1.709s] Level 1:colcon.colcon_core.environment:checking '/home/joaocastilho/dev_ws/install/my_package_python/bin'
[1.709s] Level 1:colcon.colcon_core.environment:checking '/home/joaocastilho/dev_ws/install/my_package_python/lib/pkgconfig/my_package_python.pc'
[1.709s] Level 1:colcon.colcon_core.environment:checking '/home/joaocastilho/dev_ws/install/my_package_python/lib/python3.8/site-packages'
[1.709s] Level 1:colcon.colcon_core.shell:create_environment_hook('my_package_python', 'pythonpath')
[1.710s] INFO:colcon.colcon_core.shell:Creating environment hook '/home/joaocastilho/dev_ws/install/my_package_python/share/my_package_python/hook/pythonpath.ps1'
[1.712s] DEBUG:colcon.colcon_core.event_handler.log_command:Invoked command in '/home/joaocastilho/dev_ws/src/my_package_python' returned '0': PYTHONPATH=/home/joaocastilho/dev_ws/install/my_package_python/lib/python3.8/site-packages:${PYTHONPATH} /usr/bin/python3 setup.py egg_info --egg-base ../../build/my_package_python build --build-base /home/joaocastilho/dev_ws/build/my_package_python/build install --prefix /home/joaocastilho/dev_ws/install/my_package_python --record /home/joaocastilho/dev_ws/build/my_package_python/install.log --single-version-externally-managed
[1.713s] INFO:colcon.colcon_core.shell:Creating environment descriptor '/home/joaocastilho/dev_ws/install/my_package_python/share/my_package_python/hook/pythonpath.dsv'
[1.714s] INFO:colcon.colcon_core.shell:Creating environment hook '/home/joaocastilho/dev_ws/install/my_package_python/share/my_package_python/hook/pythonpath.sh'
[1.715s] Level 1:colcon.colcon_core.environment:create_environment_scripts_only(my_package_python)
[1.716s] INFO:colcon.colcon_core.shell:Creating package script '/home/joaocastilho/dev_ws/install/my_package_python/share/my_package_python/package.ps1'
[1.717s] INFO:colcon.colcon_core.shell:Creating package descriptor '/home/joaocastilho/dev_ws/install/my_package_python/share/my_package_python/package.dsv'
[1.717s] INFO:colcon.colcon_core.shell:Creating package script '/home/joaocastilho/dev_ws/install/my_package_python/share/my_package_python/package.sh'
[1.718s] INFO:colcon.colcon_core.shell:Creating package script '/home/joaocastilho/dev_ws/install/my_package_python/share/my_package_python/package.bash'
[1.719s] INFO:colcon.colcon_core.shell:Creating package script '/home/joaocastilho/dev_ws/install/my_package_python/share/my_package_python/package.zsh'
[1.719s] Level 1:colcon.colcon_core.environment:create_file_with_runtime_dependencies(/home/joaocastilho/dev_ws/install/my_package_python/share/colcon-core/packages/my_package_python)
[1.804s] DEBUG:colcon.colcon_core.event_handler.log_command:Invoked command in '/home/joaocastilho/dev_ws/build/cpp_pubsub' returned '0': AMENT_PREFIX_PATH=/home/joaocastilho/dev_ws/install/tutorial_interfaces:${AMENT_PREFIX_PATH} CMAKE_PREFIX_PATH=/home/joaocastilho/dev_ws/install/tutorial_interfaces:/home/joaocastilho/dev_ws/install/turtlesim:/home/joaocastilho/dev_ws/install/my_package:/home/joaocastilho/dev_ws/install/cpp_srvcli:/home/joaocastilho/dev_ws/install/cpp_pubsub:/home/joaocastilho/dev_ws/install/py_pubsub:/home/joaocastilho/dev_ws/install/my_package_python:/opt/ros/foxy LD_LIBRARY_PATH=/home/joaocastilho/dev_ws/install/tutorial_interfaces/lib:${LD_LIBRARY_PATH} PYTHONPATH=/home/joaocastilho/dev_ws/install/tutorial_interfaces/lib/python3.8/site-packages:${PYTHONPATH} /usr/bin/cmake --build /home/joaocastilho/dev_ws/build/cpp_pubsub -- -j8 -l8
[1.850s] DEBUG:colcon.colcon_core.event_handler.log_command:Invoking command in '/home/joaocastilho/dev_ws/build/cpp_pubsub': AMENT_PREFIX_PATH=/home/joaocastilho/dev_ws/install/tutorial_interfaces:${AMENT_PREFIX_PATH} CMAKE_PREFIX_PATH=/home/joaocastilho/dev_ws/install/tutorial_interfaces:/home/joaocastilho/dev_ws/install/turtlesim:/home/joaocastilho/dev_ws/install/my_package:/home/joaocastilho/dev_ws/install/cpp_srvcli:/home/joaocastilho/dev_ws/install/cpp_pubsub:/home/joaocastilho/dev_ws/install/py_pubsub:/home/joaocastilho/dev_ws/install/my_package_python:/opt/ros/foxy LD_LIBRARY_PATH=/home/joaocastilho/dev_ws/install/tutorial_interfaces/lib:${LD_LIBRARY_PATH} PYTHONPATH=/home/joaocastilho/dev_ws/install/tutorial_interfaces/lib/python3.8/site-packages:${PYTHONPATH} /usr/bin/cmake --install /home/joaocastilho/dev_ws/build/cpp_pubsub
[1.869s] Level 1:colcon.colcon_core.environment:create_environment_scripts_only(cpp_pubsub)
[1.870s] Level 1:colcon.colcon_core.environment:checking '/home/joaocastilho/dev_ws/install/cpp_pubsub' for CMake module files
[1.871s] DEBUG:colcon.colcon_core.event_handler.log_command:Invoked command in '/home/joaocastilho/dev_ws/build/cpp_pubsub' returned '0': AMENT_PREFIX_PATH=/home/joaocastilho/dev_ws/install/tutorial_interfaces:${AMENT_PREFIX_PATH} CMAKE_PREFIX_PATH=/home/joaocastilho/dev_ws/install/tutorial_interfaces:/home/joaocastilho/dev_ws/install/turtlesim:/home/joaocastilho/dev_ws/install/my_package:/home/joaocastilho/dev_ws/install/cpp_srvcli:/home/joaocastilho/dev_ws/install/cpp_pubsub:/home/joaocastilho/dev_ws/install/py_pubsub:/home/joaocastilho/dev_ws/install/my_package_python:/opt/ros/foxy LD_LIBRARY_PATH=/home/joaocastilho/dev_ws/install/tutorial_interfaces/lib:${LD_LIBRARY_PATH} PYTHONPATH=/home/joaocastilho/dev_ws/install/tutorial_interfaces/lib/python3.8/site-packages:${PYTHONPATH} /usr/bin/cmake --install /home/joaocastilho/dev_ws/build/cpp_pubsub
[1.872s] Level 1:colcon.colcon_core.environment:checking '/home/joaocastilho/dev_ws/install/cpp_pubsub' for CMake config files
[1.872s] Level 1:colcon.colcon_core.shell:create_environment_hook('cpp_pubsub', 'cmake_prefix_path')
[1.873s] INFO:colcon.colcon_core.shell:Creating environment hook '/home/joaocastilho/dev_ws/install/cpp_pubsub/share/cpp_pubsub/hook/cmake_prefix_path.ps1'
[1.874s] INFO:colcon.colcon_core.shell:Creating environment descriptor '/home/joaocastilho/dev_ws/install/cpp_pubsub/share/cpp_pubsub/hook/cmake_prefix_path.dsv'
[1.875s] INFO:colcon.colcon_core.shell:Creating environment hook '/home/joaocastilho/dev_ws/install/cpp_pubsub/share/cpp_pubsub/hook/cmake_prefix_path.sh'
[1.876s] Level 1:colcon.colcon_core.environment:checking '/home/joaocastilho/dev_ws/install/cpp_pubsub/lib'
[1.876s] Level 1:colcon.colcon_core.environment:checking '/home/joaocastilho/dev_ws/install/cpp_pubsub/bin'
[1.876s] Level 1:colcon.colcon_core.environment:checking '/home/joaocastilho/dev_ws/install/cpp_pubsub/lib/pkgconfig/cpp_pubsub.pc'
[1.876s] Level 1:colcon.colcon_core.environment:checking '/home/joaocastilho/dev_ws/install/cpp_pubsub/lib/python3.8/site-packages'
[1.877s] INFO:colcon.colcon_core.shell:Creating package script '/home/joaocastilho/dev_ws/install/cpp_pubsub/share/cpp_pubsub/package.ps1'
[1.878s] INFO:colcon.colcon_core.shell:Creating package descriptor '/home/joaocastilho/dev_ws/install/cpp_pubsub/share/cpp_pubsub/package.dsv'
[1.879s] INFO:colcon.colcon_core.shell:Creating package script '/home/joaocastilho/dev_ws/install/cpp_pubsub/share/cpp_pubsub/package.sh'
[1.879s] INFO:colcon.colcon_core.shell:Creating package script '/home/joaocastilho/dev_ws/install/cpp_pubsub/share/cpp_pubsub/package.bash'
[1.880s] INFO:colcon.colcon_core.shell:Creating package script '/home/joaocastilho/dev_ws/install/cpp_pubsub/share/cpp_pubsub/package.zsh'
[1.880s] Level 1:colcon.colcon_core.environment:create_file_with_runtime_dependencies(/home/joaocastilho/dev_ws/install/cpp_pubsub/share/colcon-core/packages/cpp_pubsub)
[1.910s] DEBUG:colcon.colcon_core.event_handler.log_command:Invoking command in '/home/joaocastilho/dev_ws/build/turtlesim': CMAKE_PREFIX_PATH=${CMAKE_PREFIX_PATH}:/home/joaocastilho/dev_ws/install/py_pubsub:/home/joaocastilho/dev_ws/install/my_package_python:/opt/ros/foxy /usr/bin/cmake --install /home/joaocastilho/dev_ws/build/turtlesim
[1.916s] Level 1:colcon.colcon_core.environment:create_environment_scripts_only(cpp_pubsub)
[1.918s] Level 1:colcon.colcon_core.environment:checking '/home/joaocastilho/dev_ws/install/cpp_pubsub' for CMake module files
[1.918s] Level 1:colcon.colcon_core.environment:checking '/home/joaocastilho/dev_ws/install/cpp_pubsub' for CMake config files
[1.918s] Level 1:colcon.colcon_core.shell:create_environment_hook('cpp_pubsub', 'cmake_prefix_path')
[1.919s] INFO:colcon.colcon_core.shell:Creating environment hook '/home/joaocastilho/dev_ws/install/cpp_pubsub/share/cpp_pubsub/hook/cmake_prefix_path.ps1'
[1.920s] INFO:colcon.colcon_core.shell:Creating environment descriptor '/home/joaocastilho/dev_ws/install/cpp_pubsub/share/cpp_pubsub/hook/cmake_prefix_path.dsv'
[1.921s] INFO:colcon.colcon_core.shell:Creating environment hook '/home/joaocastilho/dev_ws/install/cpp_pubsub/share/cpp_pubsub/hook/cmake_prefix_path.sh'
[1.923s] Level 1:colcon.colcon_core.environment:checking '/home/joaocastilho/dev_ws/install/cpp_pubsub/lib'
[1.923s] Level 1:colcon.colcon_core.environment:checking '/home/joaocastilho/dev_ws/install/cpp_pubsub/bin'
[1.924s] Level 1:colcon.colcon_core.environment:checking '/home/joaocastilho/dev_ws/install/cpp_pubsub/lib/pkgconfig/cpp_pubsub.pc'
[1.924s] Level 1:colcon.colcon_core.environment:checking '/home/joaocastilho/dev_ws/install/cpp_pubsub/lib/python3.8/site-packages'
[1.925s] INFO:colcon.colcon_core.shell:Creating package script '/home/joaocastilho/dev_ws/install/cpp_pubsub/share/cpp_pubsub/package.ps1'
[1.927s] INFO:colcon.colcon_core.shell:Creating package descriptor '/home/joaocastilho/dev_ws/install/cpp_pubsub/share/cpp_pubsub/package.dsv'
[1.928s] INFO:colcon.colcon_core.shell:Creating package script '/home/joaocastilho/dev_ws/install/cpp_pubsub/share/cpp_pubsub/package.sh'
[1.930s] INFO:colcon.colcon_core.shell:Creating package script '/home/joaocastilho/dev_ws/install/cpp_pubsub/share/cpp_pubsub/package.bash'
[1.934s] INFO:colcon.colcon_core.shell:Creating package script '/home/joaocastilho/dev_ws/install/cpp_pubsub/share/cpp_pubsub/package.zsh'
[1.935s] Level 1:colcon.colcon_core.environment:create_file_with_runtime_dependencies(/home/joaocastilho/dev_ws/install/cpp_pubsub/share/colcon-core/packages/cpp_pubsub)
[1.997s] Level 1:colcon.colcon_core.environment:create_environment_scripts_only(turtlesim)
[1.998s] Level 1:colcon.colcon_core.environment:checking '/home/joaocastilho/dev_ws/install/turtlesim' for CMake module files
[2.000s] Level 1:colcon.colcon_core.environment:checking '/home/joaocastilho/dev_ws/install/turtlesim' for CMake config files
[2.001s] DEBUG:colcon.colcon_core.event_handler.log_command:Invoked command in '/home/joaocastilho/dev_ws/build/turtlesim' returned '0': CMAKE_PREFIX_PATH=${CMAKE_PREFIX_PATH}:/home/joaocastilho/dev_ws/install/py_pubsub:/home/joaocastilho/dev_ws/install/my_package_python:/opt/ros/foxy /usr/bin/cmake --install /home/joaocastilho/dev_ws/build/turtlesim
[2.002s] Level 1:colcon.colcon_core.shell:create_environment_hook('turtlesim', 'cmake_prefix_path')
[2.003s] INFO:colcon.colcon_core.shell:Creating environment hook '/home/joaocastilho/dev_ws/install/turtlesim/share/turtlesim/hook/cmake_prefix_path.ps1'
[2.004s] INFO:colcon.colcon_core.shell:Creating environment descriptor '/home/joaocastilho/dev_ws/install/turtlesim/share/turtlesim/hook/cmake_prefix_path.dsv'
[2.005s] INFO:colcon.colcon_core.shell:Creating environment hook '/home/joaocastilho/dev_ws/install/turtlesim/share/turtlesim/hook/cmake_prefix_path.sh'
[2.006s] Level 1:colcon.colcon_core.environment:checking '/home/joaocastilho/dev_ws/install/turtlesim/lib'
[2.006s] Level 1:colcon.colcon_core.shell:create_environment_hook('turtlesim', 'ld_library_path_lib')
[2.007s] INFO:colcon.colcon_core.shell:Creating environment hook '/home/joaocastilho/dev_ws/install/turtlesim/share/turtlesim/hook/ld_library_path_lib.ps1'
[2.008s] INFO:colcon.colcon_core.shell:Creating environment descriptor '/home/joaocastilho/dev_ws/install/turtlesim/share/turtlesim/hook/ld_library_path_lib.dsv'
[2.009s] INFO:colcon.colcon_core.shell:Creating environment hook '/home/joaocastilho/dev_ws/install/turtlesim/share/turtlesim/hook/ld_library_path_lib.sh'
[2.010s] Level 1:colcon.colcon_core.environment:checking '/home/joaocastilho/dev_ws/install/turtlesim/bin'
[2.010s] Level 1:colcon.colcon_core.environment:checking '/home/joaocastilho/dev_ws/install/turtlesim/lib/pkgconfig/turtlesim.pc'
[2.010s] Level 1:colcon.colcon_core.environment:checking '/home/joaocastilho/dev_ws/install/turtlesim/lib/python3.8/site-packages'
[2.010s] Level 1:colcon.colcon_core.shell:create_environment_hook('turtlesim', 'pythonpath')
[2.011s] INFO:colcon.colcon_core.shell:Creating environment hook '/home/joaocastilho/dev_ws/install/turtlesim/share/turtlesim/hook/pythonpath.ps1'
[2.011s] INFO:colcon.colcon_core.shell:Creating environment descriptor '/home/joaocastilho/dev_ws/install/turtlesim/share/turtlesim/hook/pythonpath.dsv'
[2.012s] INFO:colcon.colcon_core.shell:Creating environment hook '/home/joaocastilho/dev_ws/install/turtlesim/share/turtlesim/hook/pythonpath.sh'
[2.013s] INFO:colcon.colcon_core.shell:Creating package script '/home/joaocastilho/dev_ws/install/turtlesim/share/turtlesim/package.ps1'
[2.013s] INFO:colcon.colcon_core.shell:Creating package descriptor '/home/joaocastilho/dev_ws/install/turtlesim/share/turtlesim/package.dsv'
[2.014s] INFO:colcon.colcon_core.shell:Creating package script '/home/joaocastilho/dev_ws/install/turtlesim/share/turtlesim/package.sh'
[2.014s] INFO:colcon.colcon_core.shell:Creating package script '/home/joaocastilho/dev_ws/install/turtlesim/share/turtlesim/package.bash'
[2.015s] INFO:colcon.colcon_core.shell:Creating package script '/home/joaocastilho/dev_ws/install/turtlesim/share/turtlesim/package.zsh'
[2.015s] Level 1:colcon.colcon_core.environment:create_file_with_runtime_dependencies(/home/joaocastilho/dev_ws/install/turtlesim/share/colcon-core/packages/turtlesim)
[2.191s] Level 1:colcon.colcon_core.environment:create_environment_scripts_only(turtlesim)
[2.193s] Level 1:colcon.colcon_core.environment:checking '/home/joaocastilho/dev_ws/install/turtlesim' for CMake module files
[2.194s] Level 1:colcon.colcon_core.environment:checking '/home/joaocastilho/dev_ws/install/turtlesim' for CMake config files
[2.194s] Level 1:colcon.colcon_core.shell:create_environment_hook('turtlesim', 'cmake_prefix_path')
[2.195s] INFO:colcon.colcon_core.shell:Creating environment hook '/home/joaocastilho/dev_ws/install/turtlesim/share/turtlesim/hook/cmake_prefix_path.ps1'
[2.196s] INFO:colcon.colcon_core.shell:Creating environment descriptor '/home/joaocastilho/dev_ws/install/turtlesim/share/turtlesim/hook/cmake_prefix_path.dsv'
[2.196s] INFO:colcon.colcon_core.shell:Creating environment hook '/home/joaocastilho/dev_ws/install/turtlesim/share/turtlesim/hook/cmake_prefix_path.sh'
[2.197s] Level 1:colcon.colcon_core.environment:checking '/home/joaocastilho/dev_ws/install/turtlesim/lib'
[2.197s] Level 1:colcon.colcon_core.shell:create_environment_hook('turtlesim', 'ld_library_path_lib')
[2.198s] INFO:colcon.colcon_core.shell:Creating environment hook '/home/joaocastilho/dev_ws/install/turtlesim/share/turtlesim/hook/ld_library_path_lib.ps1'
[2.198s] INFO:colcon.colcon_core.shell:Creating environment descriptor '/home/joaocastilho/dev_ws/install/turtlesim/share/turtlesim/hook/ld_library_path_lib.dsv'
[2.199s] INFO:colcon.colcon_core.shell:Creating environment hook '/home/joaocastilho/dev_ws/install/turtlesim/share/turtlesim/hook/ld_library_path_lib.sh'
[2.199s] Level 1:colcon.colcon_core.environment:checking '/home/joaocastilho/dev_ws/install/turtlesim/bin'
[2.199s] Level 1:colcon.colcon_core.environment:checking '/home/joaocastilho/dev_ws/install/turtlesim/lib/pkgconfig/turtlesim.pc'
[2.199s] Level 1:colcon.colcon_core.environment:checking '/home/joaocastilho/dev_ws/install/turtlesim/lib/python3.8/site-packages'
[2.199s] Level 1:colcon.colcon_core.shell:create_environment_hook('turtlesim', 'pythonpath')
[2.200s] INFO:colcon.colcon_core.shell:Creating environment hook '/home/joaocastilho/dev_ws/install/turtlesim/share/turtlesim/hook/pythonpath.ps1'
[2.201s] INFO:colcon.colcon_core.shell:Creating environment descriptor '/home/joaocastilho/dev_ws/install/turtlesim/share/turtlesim/hook/pythonpath.dsv'
[2.201s] INFO:colcon.colcon_core.shell:Creating environment hook '/home/joaocastilho/dev_ws/install/turtlesim/share/turtlesim/hook/pythonpath.sh'
[2.203s] INFO:colcon.colcon_core.shell:Creating package script '/home/joaocastilho/dev_ws/install/turtlesim/share/turtlesim/package.ps1'
[2.203s] INFO:colcon.colcon_core.shell:Creating package descriptor '/home/joaocastilho/dev_ws/install/turtlesim/share/turtlesim/package.dsv'
[2.204s] INFO:colcon.colcon_core.shell:Creating package script '/home/joaocastilho/dev_ws/install/turtlesim/share/turtlesim/package.sh'
[2.205s] INFO:colcon.colcon_core.shell:Creating package script '/home/joaocastilho/dev_ws/install/turtlesim/share/turtlesim/package.bash'
[2.206s] INFO:colcon.colcon_core.shell:Creating package script '/home/joaocastilho/dev_ws/install/turtlesim/share/turtlesim/package.zsh'
[2.207s] Level 1:colcon.colcon_core.environment:create_file_with_runtime_dependencies(/home/joaocastilho/dev_ws/install/turtlesim/share/colcon-core/packages/turtlesim)
[4.151s] DEBUG:colcon.colcon_core.event_handler.log_command:Invoked command in '/home/joaocastilho/dev_ws/build/cpp_srvcli' returned '0': AMENT_PREFIX_PATH=/home/joaocastilho/dev_ws/install/tutorial_interfaces:${AMENT_PREFIX_PATH} CMAKE_PREFIX_PATH=/home/joaocastilho/dev_ws/install/tutorial_interfaces:/home/joaocastilho/dev_ws/install/turtlesim:/home/joaocastilho/dev_ws/install/my_package:/home/joaocastilho/dev_ws/install/cpp_srvcli:/home/joaocastilho/dev_ws/install/cpp_pubsub:/home/joaocastilho/dev_ws/install/py_pubsub:/home/joaocastilho/dev_ws/install/my_package_python:/opt/ros/foxy LD_LIBRARY_PATH=/home/joaocastilho/dev_ws/install/tutorial_interfaces/lib:${LD_LIBRARY_PATH} PYTHONPATH=/home/joaocastilho/dev_ws/install/tutorial_interfaces/lib/python3.8/site-packages:${PYTHONPATH} /usr/bin/cmake --build /home/joaocastilho/dev_ws/build/cpp_srvcli -- -j8 -l8
[4.181s] DEBUG:colcon.colcon_core.event_handler.log_command:Invoking command in '/home/joaocastilho/dev_ws/build/cpp_srvcli': AMENT_PREFIX_PATH=/home/joaocastilho/dev_ws/install/tutorial_interfaces:${AMENT_PREFIX_PATH} CMAKE_PREFIX_PATH=/home/joaocastilho/dev_ws/install/tutorial_interfaces:/home/joaocastilho/dev_ws/install/turtlesim:/home/joaocastilho/dev_ws/install/my_package:/home/joaocastilho/dev_ws/install/cpp_srvcli:/home/joaocastilho/dev_ws/install/cpp_pubsub:/home/joaocastilho/dev_ws/install/py_pubsub:/home/joaocastilho/dev_ws/install/my_package_python:/opt/ros/foxy LD_LIBRARY_PATH=/home/joaocastilho/dev_ws/install/tutorial_interfaces/lib:${LD_LIBRARY_PATH} PYTHONPATH=/home/joaocastilho/dev_ws/install/tutorial_interfaces/lib/python3.8/site-packages:${PYTHONPATH} /usr/bin/cmake --install /home/joaocastilho/dev_ws/build/cpp_srvcli
[4.195s] Level 1:colcon.colcon_core.environment:create_environment_scripts_only(cpp_srvcli)
[4.196s] Level 1:colcon.colcon_core.environment:checking '/home/joaocastilho/dev_ws/install/cpp_srvcli' for CMake module files
[4.197s] DEBUG:colcon.colcon_core.event_handler.log_command:Invoked command in '/home/joaocastilho/dev_ws/build/cpp_srvcli' returned '0': AMENT_PREFIX_PATH=/home/joaocastilho/dev_ws/install/tutorial_interfaces:${AMENT_PREFIX_PATH} CMAKE_PREFIX_PATH=/home/joaocastilho/dev_ws/install/tutorial_interfaces:/home/joaocastilho/dev_ws/install/turtlesim:/home/joaocastilho/dev_ws/install/my_package:/home/joaocastilho/dev_ws/install/cpp_srvcli:/home/joaocastilho/dev_ws/install/cpp_pubsub:/home/joaocastilho/dev_ws/install/py_pubsub:/home/joaocastilho/dev_ws/install/my_package_python:/opt/ros/foxy LD_LIBRARY_PATH=/home/joaocastilho/dev_ws/install/tutorial_interfaces/lib:${LD_LIBRARY_PATH} PYTHONPATH=/home/joaocastilho/dev_ws/install/tutorial_interfaces/lib/python3.8/site-packages:${PYTHONPATH} /usr/bin/cmake --install /home/joaocastilho/dev_ws/build/cpp_srvcli
[4.197s] Level 1:colcon.colcon_core.environment:checking '/home/joaocastilho/dev_ws/install/cpp_srvcli' for CMake config files
[4.198s] Level 1:colcon.colcon_core.shell:create_environment_hook('cpp_srvcli', 'cmake_prefix_path')
[4.198s] INFO:colcon.colcon_core.shell:Creating environment hook '/home/joaocastilho/dev_ws/install/cpp_srvcli/share/cpp_srvcli/hook/cmake_prefix_path.ps1'
[4.199s] INFO:colcon.colcon_core.shell:Creating environment descriptor '/home/joaocastilho/dev_ws/install/cpp_srvcli/share/cpp_srvcli/hook/cmake_prefix_path.dsv'
[4.199s] INFO:colcon.colcon_core.shell:Creating environment hook '/home/joaocastilho/dev_ws/install/cpp_srvcli/share/cpp_srvcli/hook/cmake_prefix_path.sh'
[4.200s] Level 1:colcon.colcon_core.environment:checking '/home/joaocastilho/dev_ws/install/cpp_srvcli/lib'
[4.200s] Level 1:colcon.colcon_core.environment:checking '/home/joaocastilho/dev_ws/install/cpp_srvcli/bin'
[4.200s] Level 1:colcon.colcon_core.environment:checking '/home/joaocastilho/dev_ws/install/cpp_srvcli/lib/pkgconfig/cpp_srvcli.pc'
[4.200s] Level 1:colcon.colcon_core.environment:checking '/home/joaocastilho/dev_ws/install/cpp_srvcli/lib/python3.8/site-packages'
[4.200s] INFO:colcon.colcon_core.shell:Creating package script '/home/joaocastilho/dev_ws/install/cpp_srvcli/share/cpp_srvcli/package.ps1'
[4.201s] INFO:colcon.colcon_core.shell:Creating package descriptor '/home/joaocastilho/dev_ws/install/cpp_srvcli/share/cpp_srvcli/package.dsv'
[4.201s] INFO:colcon.colcon_core.shell:Creating package script '/home/joaocastilho/dev_ws/install/cpp_srvcli/share/cpp_srvcli/package.sh'
[4.202s] INFO:colcon.colcon_core.shell:Creating package script '/home/joaocastilho/dev_ws/install/cpp_srvcli/share/cpp_srvcli/package.bash'
[4.202s] INFO:colcon.colcon_core.shell:Creating package script '/home/joaocastilho/dev_ws/install/cpp_srvcli/share/cpp_srvcli/package.zsh'
[4.202s] Level 1:colcon.colcon_core.environment:create_file_with_runtime_dependencies(/home/joaocastilho/dev_ws/install/cpp_srvcli/share/colcon-core/packages/cpp_srvcli)
[4.232s] Level 1:colcon.colcon_core.environment:create_environment_scripts_only(cpp_srvcli)
[4.233s] Level 1:colcon.colcon_core.environment:checking '/home/joaocastilho/dev_ws/install/cpp_srvcli' for CMake module files
[4.234s] Level 1:colcon.colcon_core.environment:checking '/home/joaocastilho/dev_ws/install/cpp_srvcli' for CMake config files
[4.234s] Level 1:colcon.colcon_core.shell:create_environment_hook('cpp_srvcli', 'cmake_prefix_path')
[4.235s] INFO:colcon.colcon_core.shell:Creating environment hook '/home/joaocastilho/dev_ws/install/cpp_srvcli/share/cpp_srvcli/hook/cmake_prefix_path.ps1'
[4.235s] INFO:colcon.colcon_core.shell:Creating environment descriptor '/home/joaocastilho/dev_ws/install/cpp_srvcli/share/cpp_srvcli/hook/cmake_prefix_path.dsv'
[4.236s] INFO:colcon.colcon_core.shell:Creating environment hook '/home/joaocastilho/dev_ws/install/cpp_srvcli/share/cpp_srvcli/hook/cmake_prefix_path.sh'
[4.236s] Level 1:colcon.colcon_core.environment:checking '/home/joaocastilho/dev_ws/install/cpp_srvcli/lib'
[4.237s] Level 1:colcon.colcon_core.environment:checking '/home/joaocastilho/dev_ws/install/cpp_srvcli/bin'
[4.237s] Level 1:colcon.colcon_core.environment:checking '/home/joaocastilho/dev_ws/install/cpp_srvcli/lib/pkgconfig/cpp_srvcli.pc'
[4.237s] Level 1:colcon.colcon_core.environment:checking '/home/joaocastilho/dev_ws/install/cpp_srvcli/lib/python3.8/site-packages'
[4.238s] INFO:colcon.colcon_core.shell:Creating package script '/home/joaocastilho/dev_ws/install/cpp_srvcli/share/cpp_srvcli/package.ps1'
[4.238s] INFO:colcon.colcon_core.shell:Creating package descriptor '/home/joaocastilho/dev_ws/install/cpp_srvcli/share/cpp_srvcli/package.dsv'
[4.239s] INFO:colcon.colcon_core.shell:Creating package script '/home/joaocastilho/dev_ws/install/cpp_srvcli/share/cpp_srvcli/package.sh'
[4.239s] INFO:colcon.colcon_core.shell:Creating package script '/home/joaocastilho/dev_ws/install/cpp_srvcli/share/cpp_srvcli/package.bash'
[4.240s] INFO:colcon.colcon_core.shell:Creating package script '/home/joaocastilho/dev_ws/install/cpp_srvcli/share/cpp_srvcli/package.zsh'
[4.241s] Level 1:colcon.colcon_core.environment:create_file_with_runtime_dependencies(/home/joaocastilho/dev_ws/install/cpp_srvcli/share/colcon-core/packages/cpp_srvcli)
[4.241s] DEBUG:colcon.colcon_parallel_executor.executor.parallel:closing loop
[4.242s] DEBUG:colcon.colcon_parallel_executor.executor.parallel:loop closed
[4.242s] DEBUG:colcon.colcon_parallel_executor.executor.parallel:run_until_complete finished with '0'
[4.242s] DEBUG:colcon.colcon_core.event_reactor:joining thread
[4.251s] INFO:colcon.colcon_core.plugin_system:Skipping extension 'colcon_notification.desktop_notification.notify_send': Could not find 'notify-send'
[4.251s] INFO:colcon.colcon_core.plugin_system:Skipping extension 'colcon_notification.desktop_notification.terminal_notifier': Not used on non-Darwin systems
[4.251s] INFO:colcon.colcon_core.plugin_system:Skipping extension 'colcon_notification.desktop_notification.win32': Not used on non-Windows systems
[4.251s] INFO:colcon.colcon_notification.desktop_notification:Sending desktop notification using 'notify2'
[4.268s] DEBUG:colcon.colcon_core.event_reactor:joined thread
[4.269s] INFO:colcon.colcon_core.shell:Creating prefix script '/home/joaocastilho/dev_ws/install/local_setup.ps1'
[4.270s] INFO:colcon.colcon_core.shell:Creating prefix util module '/home/joaocastilho/dev_ws/install/_local_setup_util_ps1.py'
[4.272s] INFO:colcon.colcon_core.shell:Creating prefix chain script '/home/joaocastilho/dev_ws/install/setup.ps1'
[4.277s] INFO:colcon.colcon_core.shell:Creating prefix script '/home/joaocastilho/dev_ws/install/local_setup.sh'
[4.278s] INFO:colcon.colcon_core.shell:Creating prefix util module '/home/joaocastilho/dev_ws/install/_local_setup_util_sh.py'
[4.278s] INFO:colcon.colcon_core.shell:Creating prefix chain script '/home/joaocastilho/dev_ws/install/setup.sh'
[4.281s] INFO:colcon.colcon_core.shell:Creating prefix script '/home/joaocastilho/dev_ws/install/local_setup.bash'
[4.282s] INFO:colcon.colcon_core.shell:Creating prefix chain script '/home/joaocastilho/dev_ws/install/setup.bash'
[4.284s] INFO:colcon.colcon_core.shell:Creating prefix script '/home/joaocastilho/dev_ws/install/local_setup.zsh'
[4.285s] INFO:colcon.colcon_core.shell:Creating prefix chain script '/home/joaocastilho/dev_ws/install/setup.zsh'
