[0.751s] Invoking command in '/home/joaocastilho/dev_ws/src/my_package_python': PYTHONPATH=/home/joaocastilho/dev_ws/install/my_package_python/lib/python3.8/site-packages:${PYTHONPATH} /usr/bin/python3 setup.py egg_info --egg-base ../../build/my_package_python build --build-base /home/joaocastilho/dev_ws/build/my_package_python/build install --prefix /home/joaocastilho/dev_ws/install/my_package_python --record /home/joaocastilho/dev_ws/build/my_package_python/install.log --single-version-externally-managed
[1.147s] running egg_info
[1.148s] writing ../../build/my_package_python/my_package_python.egg-info/PKG-INFO
[1.149s] writing dependency_links to ../../build/my_package_python/my_package_python.egg-info/dependency_links.txt
[1.149s] writing entry points to ../../build/my_package_python/my_package_python.egg-info/entry_points.txt
[1.149s] writing requirements to ../../build/my_package_python/my_package_python.egg-info/requires.txt
[1.149s] writing top-level names to ../../build/my_package_python/my_package_python.egg-info/top_level.txt
[1.207s] reading manifest file '../../build/my_package_python/my_package_python.egg-info/SOURCES.txt'
[1.208s] writing manifest file '../../build/my_package_python/my_package_python.egg-info/SOURCES.txt'
[1.208s] running build
[1.208s] running build_py
[1.208s] running install
[1.208s] running install_lib
[1.208s] running install_data
[1.209s] running install_egg_info
[1.210s] removing '/home/joaocastilho/dev_ws/install/my_package_python/lib/python3.8/site-packages/my_package_python-0.0.0-py3.8.egg-info' (and everything under it)
[1.210s] Copying ../../build/my_package_python/my_package_python.egg-info to /home/joaocastilho/dev_ws/install/my_package_python/lib/python3.8/site-packages/my_package_python-0.0.0-py3.8.egg-info
[1.213s] running install_scripts
[1.238s] Installing my_node script to /home/joaocastilho/dev_ws/install/my_package_python/lib/my_package_python
[1.238s] writing list of installed files to '/home/joaocastilho/dev_ws/build/my_package_python/install.log'
[1.280s] Invoked command in '/home/joaocastilho/dev_ws/src/my_package_python' returned '0': PYTHONPATH=/home/joaocastilho/dev_ws/install/my_package_python/lib/python3.8/site-packages:${PYTHONPATH} /usr/bin/python3 setup.py egg_info --egg-base ../../build/my_package_python build --build-base /home/joaocastilho/dev_ws/build/my_package_python/build install --prefix /home/joaocastilho/dev_ws/install/my_package_python --record /home/joaocastilho/dev_ws/build/my_package_python/install.log --single-version-externally-managed
