[0.331s] DEBUG:colcon:Command line arguments: ['/usr/bin/colcon', 'build']
[0.331s] DEBUG:colcon:Parsed command line arguments: Namespace(ament_cmake_args=None, base_paths=['.'], build_base='build', catkin_cmake_args=None, catkin_skip_building_tests=False, cmake_args=None, cmake_clean_cache=False, cmake_clean_first=False, cmake_force_configure=False, cmake_target=None, cmake_target_skip_unavailable=False, continue_on_error=False, event_handlers=None, executor='parallel', ignore_user_meta=False, install_base='install', log_base=None, log_level=None, main=<bound method BuildVerb.main of <colcon_core.verb.build.BuildVerb object at 0x7f882acad880>>, merge_install=False, metas=['./colcon.meta'], packages_above=None, packages_above_and_dependencies=None, packages_above_depth=None, packages_end=None, packages_ignore=None, packages_ignore_regex=None, packages_select=None, packages_select_build_failed=False, packages_select_by_dep=None, packages_select_regex=None, packages_select_test_failures=False, packages_skip=None, packages_skip_build_finished=False, packages_skip_by_dep=None, packages_skip_regex=None, packages_skip_test_passed=False, packages_skip_up_to=None, packages_start=None, packages_up_to=None, packages_up_to_regex=None, parallel_workers=8, paths=None, symlink_install=False, test_result_base=None, verb_extension=<colcon_core.verb.build.BuildVerb object at 0x7f882acad880>, verb_name='build', verb_parser=<colcon_defaults.argument_parser.defaults.DefaultArgumentsDecorator object at 0x7f882acaddf0>)
[0.339s] Level 1:colcon.colcon_core.package_discovery:discover_packages(colcon_meta) check parameters
[0.339s] Level 1:colcon.colcon_core.package_discovery:discover_packages(recursive) check parameters
[0.340s] Level 1:colcon.colcon_core.package_discovery:discover_packages(ignore) check parameters
[0.340s] Level 1:colcon.colcon_core.package_discovery:discover_packages(path) check parameters
[0.340s] Level 1:colcon.colcon_core.package_discovery:discover_packages(colcon_meta) discover
[0.340s] Level 1:colcon.colcon_core.package_discovery:discover_packages(recursive) discover
[0.340s] INFO:colcon.colcon_core.package_discovery:Crawling recursively for packages in '/home/joaocastilho/dev_ws'
[0.340s] Level 1:colcon.colcon_core.package_identification:_identify(.) by extensions ['ignore', 'ignore_ament_install']
[0.340s] Level 1:colcon.colcon_core.package_identification:_identify(.) by extension 'ignore'
[0.340s] Level 1:colcon.colcon_core.package_identification:_identify(.) by extension 'ignore_ament_install'
[0.340s] Level 1:colcon.colcon_core.package_identification:_identify(.) by extensions ['colcon_pkg']
[0.340s] Level 1:colcon.colcon_core.package_identification:_identify(.) by extension 'colcon_pkg'
[0.341s] Level 1:colcon.colcon_core.package_identification:_identify(.) by extensions ['colcon_meta']
[0.341s] Level 1:colcon.colcon_core.package_identification:_identify(.) by extension 'colcon_meta'
[0.341s] Level 1:colcon.colcon_core.package_identification:_identify(.) by extensions ['ros']
[0.341s] Level 1:colcon.colcon_core.package_identification:_identify(.) by extension 'ros'
[0.353s] Level 1:colcon.colcon_core.package_identification:_identify(.) by extensions ['cmake', 'python']
[0.353s] Level 1:colcon.colcon_core.package_identification:_identify(.) by extension 'cmake'
[0.353s] Level 1:colcon.colcon_core.package_identification:_identify(.) by extension 'python'
[0.353s] Level 1:colcon.colcon_core.package_identification:_identify(.) by extensions ['python_setup_py']
[0.353s] Level 1:colcon.colcon_core.package_identification:_identify(.) by extension 'python_setup_py'
[0.354s] Level 1:colcon.colcon_core.package_identification:_identify(build) by extensions ['ignore', 'ignore_ament_install']
[0.354s] Level 1:colcon.colcon_core.package_identification:_identify(build) by extension 'ignore'
[0.354s] Level 1:colcon.colcon_core.package_identification:_identify(build) ignored
[0.354s] Level 1:colcon.colcon_core.package_identification:_identify(install) by extensions ['ignore', 'ignore_ament_install']
[0.354s] Level 1:colcon.colcon_core.package_identification:_identify(install) by extension 'ignore'
[0.354s] Level 1:colcon.colcon_core.package_identification:_identify(install) ignored
[0.354s] Level 1:colcon.colcon_core.package_identification:_identify(log) by extensions ['ignore', 'ignore_ament_install']
[0.355s] Level 1:colcon.colcon_core.package_identification:_identify(log) by extension 'ignore'
[0.355s] Level 1:colcon.colcon_core.package_identification:_identify(log) ignored
[0.355s] Level 1:colcon.colcon_core.package_identification:_identify(src) by extensions ['ignore', 'ignore_ament_install']
[0.355s] Level 1:colcon.colcon_core.package_identification:_identify(src) by extension 'ignore'
[0.355s] Level 1:colcon.colcon_core.package_identification:_identify(src) by extension 'ignore_ament_install'
[0.355s] Level 1:colcon.colcon_core.package_identification:_identify(src) by extensions ['colcon_pkg']
[0.355s] Level 1:colcon.colcon_core.package_identification:_identify(src) by extension 'colcon_pkg'
[0.355s] Level 1:colcon.colcon_core.package_identification:_identify(src) by extensions ['colcon_meta']
[0.355s] Level 1:colcon.colcon_core.package_identification:_identify(src) by extension 'colcon_meta'
[0.355s] Level 1:colcon.colcon_core.package_identification:_identify(src) by extensions ['ros']
[0.355s] Level 1:colcon.colcon_core.package_identification:_identify(src) by extension 'ros'
[0.356s] Level 1:colcon.colcon_core.package_identification:_identify(src) by extensions ['cmake', 'python']
[0.356s] Level 1:colcon.colcon_core.package_identification:_identify(src) by extension 'cmake'
[0.356s] Level 1:colcon.colcon_core.package_identification:_identify(src) by extension 'python'
[0.356s] Level 1:colcon.colcon_core.package_identification:_identify(src) by extensions ['python_setup_py']
[0.356s] Level 1:colcon.colcon_core.package_identification:_identify(src) by extension 'python_setup_py'
[0.356s] Level 1:colcon.colcon_core.package_identification:_identify(src/my_package) by extensions ['ignore', 'ignore_ament_install']
[0.356s] Level 1:colcon.colcon_core.package_identification:_identify(src/my_package) by extension 'ignore'
[0.357s] Level 1:colcon.colcon_core.package_identification:_identify(src/my_package) by extension 'ignore_ament_install'
[0.357s] Level 1:colcon.colcon_core.package_identification:_identify(src/my_package) by extensions ['colcon_pkg']
[0.357s] Level 1:colcon.colcon_core.package_identification:_identify(src/my_package) by extension 'colcon_pkg'
[0.357s] Level 1:colcon.colcon_core.package_identification:_identify(src/my_package) by extensions ['colcon_meta']
[0.357s] Level 1:colcon.colcon_core.package_identification:_identify(src/my_package) by extension 'colcon_meta'
[0.357s] Level 1:colcon.colcon_core.package_identification:_identify(src/my_package) by extensions ['ros']
[0.357s] Level 1:colcon.colcon_core.package_identification:_identify(src/my_package) by extension 'ros'
[0.360s] DEBUG:colcon.colcon_core.package_identification:Package 'src/my_package' with type 'ros.ament_cmake' and name 'my_package'
[0.360s] Level 1:colcon.colcon_core.package_identification:_identify(src/my_package_python) by extensions ['ignore', 'ignore_ament_install']
[0.360s] Level 1:colcon.colcon_core.package_identification:_identify(src/my_package_python) by extension 'ignore'
[0.360s] Level 1:colcon.colcon_core.package_identification:_identify(src/my_package_python) by extension 'ignore_ament_install'
[0.360s] Level 1:colcon.colcon_core.package_identification:_identify(src/my_package_python) by extensions ['colcon_pkg']
[0.360s] Level 1:colcon.colcon_core.package_identification:_identify(src/my_package_python) by extension 'colcon_pkg'
[0.360s] Level 1:colcon.colcon_core.package_identification:_identify(src/my_package_python) by extensions ['colcon_meta']
[0.360s] Level 1:colcon.colcon_core.package_identification:_identify(src/my_package_python) by extension 'colcon_meta'
[0.360s] Level 1:colcon.colcon_core.package_identification:_identify(src/my_package_python) by extensions ['ros']
[0.360s] Level 1:colcon.colcon_core.package_identification:_identify(src/my_package_python) by extension 'ros'
[0.361s] DEBUG:colcon.colcon_core.package_identification:Package 'src/my_package_python' with type 'ros.ament_python' and name 'my_package_python'
[0.361s] Level 1:colcon.colcon_core.package_identification:_identify(src/ros_tutorials) by extensions ['ignore', 'ignore_ament_install']
[0.361s] Level 1:colcon.colcon_core.package_identification:_identify(src/ros_tutorials) by extension 'ignore'
[0.362s] Level 1:colcon.colcon_core.package_identification:_identify(src/ros_tutorials) by extension 'ignore_ament_install'
[0.362s] Level 1:colcon.colcon_core.package_identification:_identify(src/ros_tutorials) by extensions ['colcon_pkg']
[0.362s] Level 1:colcon.colcon_core.package_identification:_identify(src/ros_tutorials) by extension 'colcon_pkg'
[0.362s] Level 1:colcon.colcon_core.package_identification:_identify(src/ros_tutorials) by extensions ['colcon_meta']
[0.362s] Level 1:colcon.colcon_core.package_identification:_identify(src/ros_tutorials) by extension 'colcon_meta'
[0.362s] Level 1:colcon.colcon_core.package_identification:_identify(src/ros_tutorials) by extensions ['ros']
[0.362s] Level 1:colcon.colcon_core.package_identification:_identify(src/ros_tutorials) by extension 'ros'
[0.362s] Level 1:colcon.colcon_core.package_identification:_identify(src/ros_tutorials) by extensions ['cmake', 'python']
[0.362s] Level 1:colcon.colcon_core.package_identification:_identify(src/ros_tutorials) by extension 'cmake'
[0.362s] Level 1:colcon.colcon_core.package_identification:_identify(src/ros_tutorials) by extension 'python'
[0.362s] Level 1:colcon.colcon_core.package_identification:_identify(src/ros_tutorials) by extensions ['python_setup_py']
[0.362s] Level 1:colcon.colcon_core.package_identification:_identify(src/ros_tutorials) by extension 'python_setup_py'
[0.363s] Level 1:colcon.colcon_core.package_identification:_identify(src/ros_tutorials/ros_tutorials) by extensions ['ignore', 'ignore_ament_install']
[0.363s] Level 1:colcon.colcon_core.package_identification:_identify(src/ros_tutorials/ros_tutorials) by extension 'ignore'
[0.363s] Level 1:colcon.colcon_core.package_identification:_identify(src/ros_tutorials/ros_tutorials) ignored
[0.363s] Level 1:colcon.colcon_core.package_identification:_identify(src/ros_tutorials/roscpp_tutorials) by extensions ['ignore', 'ignore_ament_install']
[0.363s] Level 1:colcon.colcon_core.package_identification:_identify(src/ros_tutorials/roscpp_tutorials) by extension 'ignore'
[0.363s] Level 1:colcon.colcon_core.package_identification:_identify(src/ros_tutorials/roscpp_tutorials) ignored
[0.363s] Level 1:colcon.colcon_core.package_identification:_identify(src/ros_tutorials/rospy_tutorials) by extensions ['ignore', 'ignore_ament_install']
[0.364s] Level 1:colcon.colcon_core.package_identification:_identify(src/ros_tutorials/rospy_tutorials) by extension 'ignore'
[0.364s] Level 1:colcon.colcon_core.package_identification:_identify(src/ros_tutorials/rospy_tutorials) ignored
[0.364s] Level 1:colcon.colcon_core.package_identification:_identify(src/ros_tutorials/turtlesim) by extensions ['ignore', 'ignore_ament_install']
[0.364s] Level 1:colcon.colcon_core.package_identification:_identify(src/ros_tutorials/turtlesim) by extension 'ignore'
[0.364s] Level 1:colcon.colcon_core.package_identification:_identify(src/ros_tutorials/turtlesim) by extension 'ignore_ament_install'
[0.364s] Level 1:colcon.colcon_core.package_identification:_identify(src/ros_tutorials/turtlesim) by extensions ['colcon_pkg']
[0.364s] Level 1:colcon.colcon_core.package_identification:_identify(src/ros_tutorials/turtlesim) by extension 'colcon_pkg'
[0.364s] Level 1:colcon.colcon_core.package_identification:_identify(src/ros_tutorials/turtlesim) by extensions ['colcon_meta']
[0.364s] Level 1:colcon.colcon_core.package_identification:_identify(src/ros_tutorials/turtlesim) by extension 'colcon_meta'
[0.365s] Level 1:colcon.colcon_core.package_identification:_identify(src/ros_tutorials/turtlesim) by extensions ['ros']
[0.365s] Level 1:colcon.colcon_core.package_identification:_identify(src/ros_tutorials/turtlesim) by extension 'ros'
[0.366s] DEBUG:colcon.colcon_core.package_identification:Package 'src/ros_tutorials/turtlesim' with type 'ros.ament_cmake' and name 'turtlesim'
[0.366s] Level 1:colcon.colcon_core.package_discovery:discover_packages(recursive) using defaults
[0.366s] Level 1:colcon.colcon_core.package_discovery:discover_packages(ignore) discover
[0.366s] Level 1:colcon.colcon_core.package_discovery:discover_packages(ignore) using defaults
[0.366s] Level 1:colcon.colcon_core.package_discovery:discover_packages(path) discover
[0.366s] Level 1:colcon.colcon_core.package_discovery:discover_packages(path) using defaults
[0.391s] Level 5:colcon.colcon_core.verb:set package 'my_package' build argument 'cmake_args' from command line to 'None'
[0.391s] Level 5:colcon.colcon_core.verb:set package 'my_package' build argument 'cmake_target' from command line to 'None'
[0.391s] Level 5:colcon.colcon_core.verb:set package 'my_package' build argument 'cmake_target_skip_unavailable' from command line to 'False'
[0.391s] Level 5:colcon.colcon_core.verb:set package 'my_package' build argument 'cmake_clean_cache' from command line to 'False'
[0.391s] Level 5:colcon.colcon_core.verb:set package 'my_package' build argument 'cmake_clean_first' from command line to 'False'
[0.391s] Level 5:colcon.colcon_core.verb:set package 'my_package' build argument 'cmake_force_configure' from command line to 'False'
[0.391s] Level 5:colcon.colcon_core.verb:set package 'my_package' build argument 'ament_cmake_args' from command line to 'None'
[0.391s] Level 5:colcon.colcon_core.verb:set package 'my_package' build argument 'catkin_cmake_args' from command line to 'None'
[0.391s] Level 5:colcon.colcon_core.verb:set package 'my_package' build argument 'catkin_skip_building_tests' from command line to 'False'
[0.391s] DEBUG:colcon.colcon_core.verb:Building package 'my_package' with the following arguments: {'ament_cmake_args': None, 'build_base': '/home/joaocastilho/dev_ws/build/my_package', 'catkin_cmake_args': None, 'catkin_skip_building_tests': False, 'cmake_args': None, 'cmake_clean_cache': False, 'cmake_clean_first': False, 'cmake_force_configure': False, 'cmake_target': None, 'cmake_target_skip_unavailable': False, 'install_base': '/home/joaocastilho/dev_ws/install/my_package', 'merge_install': False, 'path': '/home/joaocastilho/dev_ws/src/my_package', 'symlink_install': False, 'test_result_base': None}
[0.394s] Level 5:colcon.colcon_core.verb:set package 'my_package_python' build argument 'cmake_args' from command line to 'None'
[0.394s] Level 5:colcon.colcon_core.verb:set package 'my_package_python' build argument 'cmake_target' from command line to 'None'
[0.394s] Level 5:colcon.colcon_core.verb:set package 'my_package_python' build argument 'cmake_target_skip_unavailable' from command line to 'False'
[0.394s] Level 5:colcon.colcon_core.verb:set package 'my_package_python' build argument 'cmake_clean_cache' from command line to 'False'
[0.394s] Level 5:colcon.colcon_core.verb:set package 'my_package_python' build argument 'cmake_clean_first' from command line to 'False'
[0.394s] Level 5:colcon.colcon_core.verb:set package 'my_package_python' build argument 'cmake_force_configure' from command line to 'False'
[0.394s] Level 5:colcon.colcon_core.verb:set package 'my_package_python' build argument 'ament_cmake_args' from command line to 'None'
[0.394s] Level 5:colcon.colcon_core.verb:set package 'my_package_python' build argument 'catkin_cmake_args' from command line to 'None'
[0.394s] Level 5:colcon.colcon_core.verb:set package 'my_package_python' build argument 'catkin_skip_building_tests' from command line to 'False'
[0.395s] DEBUG:colcon.colcon_core.verb:Building package 'my_package_python' with the following arguments: {'ament_cmake_args': None, 'build_base': '/home/joaocastilho/dev_ws/build/my_package_python', 'catkin_cmake_args': None, 'catkin_skip_building_tests': False, 'cmake_args': None, 'cmake_clean_cache': False, 'cmake_clean_first': False, 'cmake_force_configure': False, 'cmake_target': None, 'cmake_target_skip_unavailable': False, 'install_base': '/home/joaocastilho/dev_ws/install/my_package_python', 'merge_install': False, 'path': '/home/joaocastilho/dev_ws/src/my_package_python', 'symlink_install': False, 'test_result_base': None}
[0.397s] Level 5:colcon.colcon_core.verb:set package 'turtlesim' build argument 'cmake_args' from command line to 'None'
[0.397s] Level 5:colcon.colcon_core.verb:set package 'turtlesim' build argument 'cmake_target' from command line to 'None'
[0.397s] Level 5:colcon.colcon_core.verb:set package 'turtlesim' build argument 'cmake_target_skip_unavailable' from command line to 'False'
[0.398s] Level 5:colcon.colcon_core.verb:set package 'turtlesim' build argument 'cmake_clean_cache' from command line to 'False'
[0.398s] Level 5:colcon.colcon_core.verb:set package 'turtlesim' build argument 'cmake_clean_first' from command line to 'False'
[0.398s] Level 5:colcon.colcon_core.verb:set package 'turtlesim' build argument 'cmake_force_configure' from command line to 'False'
[0.398s] Level 5:colcon.colcon_core.verb:set package 'turtlesim' build argument 'ament_cmake_args' from command line to 'None'
[0.398s] Level 5:colcon.colcon_core.verb:set package 'turtlesim' build argument 'catkin_cmake_args' from command line to 'None'
[0.398s] Level 5:colcon.colcon_core.verb:set package 'turtlesim' build argument 'catkin_skip_building_tests' from command line to 'False'
[0.398s] DEBUG:colcon.colcon_core.verb:Building package 'turtlesim' with the following arguments: {'ament_cmake_args': None, 'build_base': '/home/joaocastilho/dev_ws/build/turtlesim', 'catkin_cmake_args': None, 'catkin_skip_building_tests': False, 'cmake_args': None, 'cmake_clean_cache': False, 'cmake_clean_first': False, 'cmake_force_configure': False, 'cmake_target': None, 'cmake_target_skip_unavailable': False, 'install_base': '/home/joaocastilho/dev_ws/install/turtlesim', 'merge_install': False, 'path': '/home/joaocastilho/dev_ws/src/ros_tutorials/turtlesim', 'symlink_install': False, 'test_result_base': None}
[0.398s] INFO:colcon.colcon_core.executor:Executing jobs using 'parallel' executor
[0.401s] DEBUG:colcon.colcon_parallel_executor.executor.parallel:run_until_complete
[0.401s] INFO:colcon.colcon_ros.task.ament_cmake.build:Building ROS package in '/home/joaocastilho/dev_ws/src/my_package' with build type 'ament_cmake'
[0.401s] INFO:colcon.colcon_cmake.task.cmake.build:Building CMake package in '/home/joaocastilho/dev_ws/src/my_package'
[0.405s] INFO:colcon.colcon_core.plugin_system:Skipping extension 'colcon_core.shell.bat': Not used on non-Windows systems
[0.406s] INFO:colcon.colcon_core.shell:Skip shell extension 'powershell' for command environment: Not usable outside of PowerShell
[0.406s] DEBUG:colcon.colcon_core.shell:Skip shell extension 'dsv' for command environment
[0.409s] DEBUG:colcon.colcon_core.shell:Ignoring prefix path '/opt/ros/foxy'
[0.411s] INFO:colcon.colcon_ros.task.ament_python.build:Building ROS package in '/home/joaocastilho/dev_ws/src/my_package_python' with build type 'ament_python'
[0.412s] Level 1:colcon.colcon_core.shell:create_environment_hook('my_package_python', 'ament_prefix_path')
[0.413s] INFO:colcon.colcon_core.shell:Creating environment hook '/home/joaocastilho/dev_ws/install/my_package_python/share/my_package_python/hook/ament_prefix_path.ps1'
[0.414s] INFO:colcon.colcon_core.shell:Creating environment descriptor '/home/joaocastilho/dev_ws/install/my_package_python/share/my_package_python/hook/ament_prefix_path.dsv'
[0.415s] INFO:colcon.colcon_core.shell:Creating environment hook '/home/joaocastilho/dev_ws/install/my_package_python/share/my_package_python/hook/ament_prefix_path.sh'
[0.416s] INFO:colcon.colcon_core.shell:Skip shell extension 'powershell' for command environment: Not usable outside of PowerShell
[0.416s] DEBUG:colcon.colcon_core.shell:Skip shell extension 'dsv' for command environment
[0.420s] DEBUG:colcon.colcon_core.shell:Ignoring prefix path '/opt/ros/foxy'
[0.423s] INFO:colcon.colcon_ros.task.ament_cmake.build:Building ROS package in '/home/joaocastilho/dev_ws/src/ros_tutorials/turtlesim' with build type 'ament_cmake'
[0.423s] INFO:colcon.colcon_cmake.task.cmake.build:Building CMake package in '/home/joaocastilho/dev_ws/src/ros_tutorials/turtlesim'
[0.425s] INFO:colcon.colcon_core.shell:Skip shell extension 'powershell' for command environment: Not usable outside of PowerShell
[0.425s] DEBUG:colcon.colcon_core.shell:Skip shell extension 'dsv' for command environment
[0.427s] DEBUG:colcon.colcon_core.shell:Ignoring prefix path '/opt/ros/foxy'
[0.439s] DEBUG:colcon.colcon_core.event_handler.log_command:Invoking command in '/home/joaocastilho/dev_ws/build/my_package': CMAKE_PREFIX_PATH=${CMAKE_PREFIX_PATH}:/opt/ros/foxy /usr/bin/cmake --build /home/joaocastilho/dev_ws/build/my_package -- -j8 -l8
[0.734s] INFO:colcon.colcon_core.task.python.build:Building Python package in '/home/joaocastilho/dev_ws/src/my_package_python'
[0.736s] INFO:colcon.colcon_core.shell:Skip shell extension 'powershell' for command environment: Not usable outside of PowerShell
[0.736s] DEBUG:colcon.colcon_core.shell:Skip shell extension 'dsv' for command environment
[0.739s] DEBUG:colcon.colcon_core.shell:Ignoring prefix path '/opt/ros/foxy'
[0.747s] DEBUG:colcon.colcon_core.event_handler.log_command:Invoking command in '/home/joaocastilho/dev_ws/build/turtlesim': CMAKE_PREFIX_PATH=${CMAKE_PREFIX_PATH}:/opt/ros/foxy /usr/bin/cmake --build /home/joaocastilho/dev_ws/build/turtlesim -- -j8 -l8
[0.755s] DEBUG:colcon.colcon_core.event_handler.log_command:Invoked command in '/home/joaocastilho/dev_ws/build/my_package' returned '0': CMAKE_PREFIX_PATH=${CMAKE_PREFIX_PATH}:/opt/ros/foxy /usr/bin/cmake --build /home/joaocastilho/dev_ws/build/my_package -- -j8 -l8
[0.760s] DEBUG:colcon.colcon_core.event_handler.log_command:Invoking command in '/home/joaocastilho/dev_ws/src/my_package_python': PYTHONPATH=/home/joaocastilho/dev_ws/install/my_package_python/lib/python3.8/site-packages:${PYTHONPATH} /usr/bin/python3 setup.py egg_info --egg-base ../../build/my_package_python build --build-base /home/joaocastilho/dev_ws/build/my_package_python/build install --prefix /home/joaocastilho/dev_ws/install/my_package_python --record /home/joaocastilho/dev_ws/build/my_package_python/install.log --single-version-externally-managed
[0.791s] DEBUG:colcon.colcon_core.event_handler.log_command:Invoking command in '/home/joaocastilho/dev_ws/build/my_package': CMAKE_PREFIX_PATH=${CMAKE_PREFIX_PATH}:/opt/ros/foxy /usr/bin/cmake --install /home/joaocastilho/dev_ws/build/my_package
[0.803s] Level 1:colcon.colcon_core.environment:create_environment_scripts_only(my_package)
[0.809s] Level 1:colcon.colcon_core.environment:checking '/home/joaocastilho/dev_ws/install/my_package' for CMake module files
[0.809s] Level 1:colcon.colcon_core.environment:checking '/home/joaocastilho/dev_ws/install/my_package' for CMake config files
[0.810s] DEBUG:colcon.colcon_core.event_handler.log_command:Invoked command in '/home/joaocastilho/dev_ws/build/my_package' returned '0': CMAKE_PREFIX_PATH=${CMAKE_PREFIX_PATH}:/opt/ros/foxy /usr/bin/cmake --install /home/joaocastilho/dev_ws/build/my_package
[0.810s] Level 1:colcon.colcon_core.shell:create_environment_hook('my_package', 'cmake_prefix_path')
[0.811s] INFO:colcon.colcon_core.shell:Creating environment hook '/home/joaocastilho/dev_ws/install/my_package/share/my_package/hook/cmake_prefix_path.ps1'
[0.812s] INFO:colcon.colcon_core.shell:Creating environment descriptor '/home/joaocastilho/dev_ws/install/my_package/share/my_package/hook/cmake_prefix_path.dsv'
[0.813s] INFO:colcon.colcon_core.shell:Creating environment hook '/home/joaocastilho/dev_ws/install/my_package/share/my_package/hook/cmake_prefix_path.sh'
[0.814s] Level 1:colcon.colcon_core.environment:checking '/home/joaocastilho/dev_ws/install/my_package/lib'
[0.814s] Level 1:colcon.colcon_core.environment:checking '/home/joaocastilho/dev_ws/install/my_package/bin'
[0.814s] Level 1:colcon.colcon_core.environment:checking '/home/joaocastilho/dev_ws/install/my_package/lib/pkgconfig/my_package.pc'
[0.814s] Level 1:colcon.colcon_core.environment:checking '/home/joaocastilho/dev_ws/install/my_package/lib/python3.8/site-packages'
[0.815s] INFO:colcon.colcon_core.shell:Creating package script '/home/joaocastilho/dev_ws/install/my_package/share/my_package/package.ps1'
[0.817s] INFO:colcon.colcon_core.shell:Creating package descriptor '/home/joaocastilho/dev_ws/install/my_package/share/my_package/package.dsv'
[0.818s] INFO:colcon.colcon_core.shell:Creating package script '/home/joaocastilho/dev_ws/install/my_package/share/my_package/package.sh'
[0.820s] INFO:colcon.colcon_core.shell:Creating package script '/home/joaocastilho/dev_ws/install/my_package/share/my_package/package.bash'
[0.821s] INFO:colcon.colcon_core.shell:Creating package script '/home/joaocastilho/dev_ws/install/my_package/share/my_package/package.zsh'
[0.823s] Level 1:colcon.colcon_core.environment:create_file_with_runtime_dependencies(/home/joaocastilho/dev_ws/install/my_package/share/colcon-core/packages/my_package)
[0.863s] Level 1:colcon.colcon_core.environment:create_environment_scripts_only(my_package)
[0.864s] Level 1:colcon.colcon_core.environment:checking '/home/joaocastilho/dev_ws/install/my_package' for CMake module files
[0.864s] Level 1:colcon.colcon_core.environment:checking '/home/joaocastilho/dev_ws/install/my_package' for CMake config files
[0.865s] Level 1:colcon.colcon_core.shell:create_environment_hook('my_package', 'cmake_prefix_path')
[0.865s] INFO:colcon.colcon_core.shell:Creating environment hook '/home/joaocastilho/dev_ws/install/my_package/share/my_package/hook/cmake_prefix_path.ps1'
[0.866s] INFO:colcon.colcon_core.shell:Creating environment descriptor '/home/joaocastilho/dev_ws/install/my_package/share/my_package/hook/cmake_prefix_path.dsv'
[0.866s] INFO:colcon.colcon_core.shell:Creating environment hook '/home/joaocastilho/dev_ws/install/my_package/share/my_package/hook/cmake_prefix_path.sh'
[0.867s] Level 1:colcon.colcon_core.environment:checking '/home/joaocastilho/dev_ws/install/my_package/lib'
[0.867s] Level 1:colcon.colcon_core.environment:checking '/home/joaocastilho/dev_ws/install/my_package/bin'
[0.868s] Level 1:colcon.colcon_core.environment:checking '/home/joaocastilho/dev_ws/install/my_package/lib/pkgconfig/my_package.pc'
[0.868s] Level 1:colcon.colcon_core.environment:checking '/home/joaocastilho/dev_ws/install/my_package/lib/python3.8/site-packages'
[0.869s] INFO:colcon.colcon_core.shell:Creating package script '/home/joaocastilho/dev_ws/install/my_package/share/my_package/package.ps1'
[0.870s] INFO:colcon.colcon_core.shell:Creating package descriptor '/home/joaocastilho/dev_ws/install/my_package/share/my_package/package.dsv'
[0.870s] INFO:colcon.colcon_core.shell:Creating package script '/home/joaocastilho/dev_ws/install/my_package/share/my_package/package.sh'
[0.871s] INFO:colcon.colcon_core.shell:Creating package script '/home/joaocastilho/dev_ws/install/my_package/share/my_package/package.bash'
[0.871s] INFO:colcon.colcon_core.shell:Creating package script '/home/joaocastilho/dev_ws/install/my_package/share/my_package/package.zsh'
[0.871s] Level 1:colcon.colcon_core.environment:create_file_with_runtime_dependencies(/home/joaocastilho/dev_ws/install/my_package/share/colcon-core/packages/my_package)
[1.044s] DEBUG:colcon.colcon_core.event_handler.log_command:Invoked command in '/home/joaocastilho/dev_ws/build/turtlesim' returned '0': CMAKE_PREFIX_PATH=${CMAKE_PREFIX_PATH}:/opt/ros/foxy /usr/bin/cmake --build /home/joaocastilho/dev_ws/build/turtlesim -- -j8 -l8
[1.203s] DEBUG:colcon.colcon_core.event_handler.log_command:Invoking command in '/home/joaocastilho/dev_ws/build/turtlesim': CMAKE_PREFIX_PATH=${CMAKE_PREFIX_PATH}:/opt/ros/foxy /usr/bin/cmake --install /home/joaocastilho/dev_ws/build/turtlesim
[1.225s] Level 1:colcon.colcon_core.environment:checking '/home/joaocastilho/dev_ws/install/my_package_python' for CMake module files
[1.231s] Level 1:colcon.colcon_core.environment:checking '/home/joaocastilho/dev_ws/install/my_package_python' for CMake config files
[1.232s] Level 1:colcon.colcon_core.environment:checking '/home/joaocastilho/dev_ws/install/my_package_python/lib'
[1.232s] Level 1:colcon.colcon_core.environment:checking '/home/joaocastilho/dev_ws/install/my_package_python/bin'
[1.232s] Level 1:colcon.colcon_core.environment:checking '/home/joaocastilho/dev_ws/install/my_package_python/lib/pkgconfig/my_package_python.pc'
[1.232s] Level 1:colcon.colcon_core.environment:checking '/home/joaocastilho/dev_ws/install/my_package_python/lib/python3.8/site-packages'
[1.232s] Level 1:colcon.colcon_core.shell:create_environment_hook('my_package_python', 'pythonpath')
[1.233s] INFO:colcon.colcon_core.shell:Creating environment hook '/home/joaocastilho/dev_ws/install/my_package_python/share/my_package_python/hook/pythonpath.ps1'
[1.234s] INFO:colcon.colcon_core.shell:Creating environment descriptor '/home/joaocastilho/dev_ws/install/my_package_python/share/my_package_python/hook/pythonpath.dsv'
[1.234s] INFO:colcon.colcon_core.shell:Creating environment hook '/home/joaocastilho/dev_ws/install/my_package_python/share/my_package_python/hook/pythonpath.sh'
[1.235s] Level 1:colcon.colcon_core.environment:create_environment_scripts_only(my_package_python)
[1.236s] INFO:colcon.colcon_core.shell:Creating package script '/home/joaocastilho/dev_ws/install/my_package_python/share/my_package_python/package.ps1'
[1.237s] INFO:colcon.colcon_core.shell:Creating package descriptor '/home/joaocastilho/dev_ws/install/my_package_python/share/my_package_python/package.dsv'
[1.237s] INFO:colcon.colcon_core.shell:Creating package script '/home/joaocastilho/dev_ws/install/my_package_python/share/my_package_python/package.sh'
[1.237s] INFO:colcon.colcon_core.shell:Creating package script '/home/joaocastilho/dev_ws/install/my_package_python/share/my_package_python/package.bash'
[1.242s] INFO:colcon.colcon_core.shell:Creating package script '/home/joaocastilho/dev_ws/install/my_package_python/share/my_package_python/package.zsh'
[1.243s] Level 1:colcon.colcon_core.environment:create_file_with_runtime_dependencies(/home/joaocastilho/dev_ws/install/my_package_python/share/colcon-core/packages/my_package_python)
[1.246s] DEBUG:colcon.colcon_core.event_handler.log_command:Invoked command in '/home/joaocastilho/dev_ws/src/my_package_python' returned '0': PYTHONPATH=/home/joaocastilho/dev_ws/install/my_package_python/lib/python3.8/site-packages:${PYTHONPATH} /usr/bin/python3 setup.py egg_info --egg-base ../../build/my_package_python build --build-base /home/joaocastilho/dev_ws/build/my_package_python/build install --prefix /home/joaocastilho/dev_ws/install/my_package_python --record /home/joaocastilho/dev_ws/build/my_package_python/install.log --single-version-externally-managed
[1.276s] Level 1:colcon.colcon_core.environment:create_environment_scripts_only(turtlesim)
[1.277s] Level 1:colcon.colcon_core.environment:checking '/home/joaocastilho/dev_ws/install/turtlesim' for CMake module files
[1.279s] DEBUG:colcon.colcon_core.event_handler.log_command:Invoked command in '/home/joaocastilho/dev_ws/build/turtlesim' returned '0': CMAKE_PREFIX_PATH=${CMAKE_PREFIX_PATH}:/opt/ros/foxy /usr/bin/cmake --install /home/joaocastilho/dev_ws/build/turtlesim
[1.280s] Level 1:colcon.colcon_core.environment:checking '/home/joaocastilho/dev_ws/install/turtlesim' for CMake config files
[1.280s] Level 1:colcon.colcon_core.shell:create_environment_hook('turtlesim', 'cmake_prefix_path')
[1.281s] INFO:colcon.colcon_core.shell:Creating environment hook '/home/joaocastilho/dev_ws/install/turtlesim/share/turtlesim/hook/cmake_prefix_path.ps1'
[1.282s] INFO:colcon.colcon_core.shell:Creating environment descriptor '/home/joaocastilho/dev_ws/install/turtlesim/share/turtlesim/hook/cmake_prefix_path.dsv'
[1.282s] INFO:colcon.colcon_core.shell:Creating environment hook '/home/joaocastilho/dev_ws/install/turtlesim/share/turtlesim/hook/cmake_prefix_path.sh'
[1.282s] Level 1:colcon.colcon_core.environment:checking '/home/joaocastilho/dev_ws/install/turtlesim/lib'
[1.282s] Level 1:colcon.colcon_core.shell:create_environment_hook('turtlesim', 'ld_library_path_lib')
[1.283s] INFO:colcon.colcon_core.shell:Creating environment hook '/home/joaocastilho/dev_ws/install/turtlesim/share/turtlesim/hook/ld_library_path_lib.ps1'
[1.284s] INFO:colcon.colcon_core.shell:Creating environment descriptor '/home/joaocastilho/dev_ws/install/turtlesim/share/turtlesim/hook/ld_library_path_lib.dsv'
[1.285s] INFO:colcon.colcon_core.shell:Creating environment hook '/home/joaocastilho/dev_ws/install/turtlesim/share/turtlesim/hook/ld_library_path_lib.sh'
[1.285s] Level 1:colcon.colcon_core.environment:checking '/home/joaocastilho/dev_ws/install/turtlesim/bin'
[1.285s] Level 1:colcon.colcon_core.environment:checking '/home/joaocastilho/dev_ws/install/turtlesim/lib/pkgconfig/turtlesim.pc'
[1.286s] Level 1:colcon.colcon_core.environment:checking '/home/joaocastilho/dev_ws/install/turtlesim/lib/python3.8/site-packages'
[1.286s] Level 1:colcon.colcon_core.shell:create_environment_hook('turtlesim', 'pythonpath')
[1.286s] INFO:colcon.colcon_core.shell:Creating environment hook '/home/joaocastilho/dev_ws/install/turtlesim/share/turtlesim/hook/pythonpath.ps1'
[1.287s] INFO:colcon.colcon_core.shell:Creating environment descriptor '/home/joaocastilho/dev_ws/install/turtlesim/share/turtlesim/hook/pythonpath.dsv'
[1.287s] INFO:colcon.colcon_core.shell:Creating environment hook '/home/joaocastilho/dev_ws/install/turtlesim/share/turtlesim/hook/pythonpath.sh'
[1.288s] INFO:colcon.colcon_core.shell:Creating package script '/home/joaocastilho/dev_ws/install/turtlesim/share/turtlesim/package.ps1'
[1.288s] INFO:colcon.colcon_core.shell:Creating package descriptor '/home/joaocastilho/dev_ws/install/turtlesim/share/turtlesim/package.dsv'
[1.289s] INFO:colcon.colcon_core.shell:Creating package script '/home/joaocastilho/dev_ws/install/turtlesim/share/turtlesim/package.sh'
[1.290s] INFO:colcon.colcon_core.shell:Creating package script '/home/joaocastilho/dev_ws/install/turtlesim/share/turtlesim/package.bash'
[1.290s] INFO:colcon.colcon_core.shell:Creating package script '/home/joaocastilho/dev_ws/install/turtlesim/share/turtlesim/package.zsh'
[1.291s] Level 1:colcon.colcon_core.environment:create_file_with_runtime_dependencies(/home/joaocastilho/dev_ws/install/turtlesim/share/colcon-core/packages/turtlesim)
[1.447s] Level 1:colcon.colcon_core.environment:create_environment_scripts_only(turtlesim)
[1.448s] Level 1:colcon.colcon_core.environment:checking '/home/joaocastilho/dev_ws/install/turtlesim' for CMake module files
[1.448s] Level 1:colcon.colcon_core.environment:checking '/home/joaocastilho/dev_ws/install/turtlesim' for CMake config files
[1.449s] Level 1:colcon.colcon_core.shell:create_environment_hook('turtlesim', 'cmake_prefix_path')
[1.449s] INFO:colcon.colcon_core.shell:Creating environment hook '/home/joaocastilho/dev_ws/install/turtlesim/share/turtlesim/hook/cmake_prefix_path.ps1'
[1.450s] INFO:colcon.colcon_core.shell:Creating environment descriptor '/home/joaocastilho/dev_ws/install/turtlesim/share/turtlesim/hook/cmake_prefix_path.dsv'
[1.450s] INFO:colcon.colcon_core.shell:Creating environment hook '/home/joaocastilho/dev_ws/install/turtlesim/share/turtlesim/hook/cmake_prefix_path.sh'
[1.451s] Level 1:colcon.colcon_core.environment:checking '/home/joaocastilho/dev_ws/install/turtlesim/lib'
[1.451s] Level 1:colcon.colcon_core.shell:create_environment_hook('turtlesim', 'ld_library_path_lib')
[1.452s] INFO:colcon.colcon_core.shell:Creating environment hook '/home/joaocastilho/dev_ws/install/turtlesim/share/turtlesim/hook/ld_library_path_lib.ps1'
[1.453s] INFO:colcon.colcon_core.shell:Creating environment descriptor '/home/joaocastilho/dev_ws/install/turtlesim/share/turtlesim/hook/ld_library_path_lib.dsv'
[1.453s] INFO:colcon.colcon_core.shell:Creating environment hook '/home/joaocastilho/dev_ws/install/turtlesim/share/turtlesim/hook/ld_library_path_lib.sh'
[1.454s] Level 1:colcon.colcon_core.environment:checking '/home/joaocastilho/dev_ws/install/turtlesim/bin'
[1.454s] Level 1:colcon.colcon_core.environment:checking '/home/joaocastilho/dev_ws/install/turtlesim/lib/pkgconfig/turtlesim.pc'
[1.454s] Level 1:colcon.colcon_core.environment:checking '/home/joaocastilho/dev_ws/install/turtlesim/lib/python3.8/site-packages'
[1.454s] Level 1:colcon.colcon_core.shell:create_environment_hook('turtlesim', 'pythonpath')
[1.455s] INFO:colcon.colcon_core.shell:Creating environment hook '/home/joaocastilho/dev_ws/install/turtlesim/share/turtlesim/hook/pythonpath.ps1'
[1.455s] INFO:colcon.colcon_core.shell:Creating environment descriptor '/home/joaocastilho/dev_ws/install/turtlesim/share/turtlesim/hook/pythonpath.dsv'
[1.455s] INFO:colcon.colcon_core.shell:Creating environment hook '/home/joaocastilho/dev_ws/install/turtlesim/share/turtlesim/hook/pythonpath.sh'
[1.457s] INFO:colcon.colcon_core.shell:Creating package script '/home/joaocastilho/dev_ws/install/turtlesim/share/turtlesim/package.ps1'
[1.457s] INFO:colcon.colcon_core.shell:Creating package descriptor '/home/joaocastilho/dev_ws/install/turtlesim/share/turtlesim/package.dsv'
[1.458s] INFO:colcon.colcon_core.shell:Creating package script '/home/joaocastilho/dev_ws/install/turtlesim/share/turtlesim/package.sh'
[1.458s] INFO:colcon.colcon_core.shell:Creating package script '/home/joaocastilho/dev_ws/install/turtlesim/share/turtlesim/package.bash'
[1.459s] INFO:colcon.colcon_core.shell:Creating package script '/home/joaocastilho/dev_ws/install/turtlesim/share/turtlesim/package.zsh'
[1.459s] Level 1:colcon.colcon_core.environment:create_file_with_runtime_dependencies(/home/joaocastilho/dev_ws/install/turtlesim/share/colcon-core/packages/turtlesim)
[1.459s] DEBUG:colcon.colcon_parallel_executor.executor.parallel:closing loop
[1.460s] DEBUG:colcon.colcon_parallel_executor.executor.parallel:loop closed
[1.460s] DEBUG:colcon.colcon_parallel_executor.executor.parallel:run_until_complete finished with '0'
[1.460s] DEBUG:colcon.colcon_core.event_reactor:joining thread
[1.467s] INFO:colcon.colcon_core.plugin_system:Skipping extension 'colcon_notification.desktop_notification.notify_send': Could not find 'notify-send'
[1.467s] INFO:colcon.colcon_core.plugin_system:Skipping extension 'colcon_notification.desktop_notification.terminal_notifier': Not used on non-Darwin systems
[1.467s] INFO:colcon.colcon_core.plugin_system:Skipping extension 'colcon_notification.desktop_notification.win32': Not used on non-Windows systems
[1.467s] INFO:colcon.colcon_notification.desktop_notification:Sending desktop notification using 'notify2'
[1.482s] DEBUG:colcon.colcon_core.event_reactor:joined thread
[1.483s] INFO:colcon.colcon_core.shell:Creating prefix script '/home/joaocastilho/dev_ws/install/local_setup.ps1'
[1.484s] INFO:colcon.colcon_core.shell:Creating prefix util module '/home/joaocastilho/dev_ws/install/_local_setup_util_ps1.py'
[1.485s] INFO:colcon.colcon_core.shell:Creating prefix chain script '/home/joaocastilho/dev_ws/install/setup.ps1'
[1.489s] INFO:colcon.colcon_core.shell:Creating prefix script '/home/joaocastilho/dev_ws/install/local_setup.sh'
[1.489s] INFO:colcon.colcon_core.shell:Creating prefix util module '/home/joaocastilho/dev_ws/install/_local_setup_util_sh.py'
[1.490s] INFO:colcon.colcon_core.shell:Creating prefix chain script '/home/joaocastilho/dev_ws/install/setup.sh'
[1.492s] INFO:colcon.colcon_core.shell:Creating prefix script '/home/joaocastilho/dev_ws/install/local_setup.bash'
[1.493s] INFO:colcon.colcon_core.shell:Creating prefix chain script '/home/joaocastilho/dev_ws/install/setup.bash'
[1.496s] INFO:colcon.colcon_core.shell:Creating prefix script '/home/joaocastilho/dev_ws/install/local_setup.zsh'
[1.496s] INFO:colcon.colcon_core.shell:Creating prefix chain script '/home/joaocastilho/dev_ws/install/setup.zsh'
