[0.679s] Invoking command in '/home/joaocastilho/dev_ws/src/my_package_python': PYTHONPATH=/home/joaocastilho/dev_ws/install/my_package_python/lib/python3.8/site-packages:${PYTHONPATH} /usr/bin/python3 setup.py egg_info --egg-base ../../build/my_package_python build --build-base /home/joaocastilho/dev_ws/build/my_package_python/build install --prefix /home/joaocastilho/dev_ws/install/my_package_python --record /home/joaocastilho/dev_ws/build/my_package_python/install.log --single-version-externally-managed
[1.022s] /home/joaocastilho/.local/lib/python3.8/site-packages/setuptools/dist.py:697: UserWarning: Usage of dash-separated 'script-dir' will not be supported in future versions. Please use the underscore name 'script_dir' instead
[1.022s]   warnings.warn(
[1.023s] /home/joaocastilho/.local/lib/python3.8/site-packages/setuptools/dist.py:697: UserWarning: Usage of dash-separated 'install-scripts' will not be supported in future versions. Please use the underscore name 'install_scripts' instead
[1.023s]   warnings.warn(
[1.069s] running egg_info
[1.069s] writing ../../build/my_package_python/my_package_python.egg-info/PKG-INFO
[1.070s] writing dependency_links to ../../build/my_package_python/my_package_python.egg-info/dependency_links.txt
[1.070s] writing entry points to ../../build/my_package_python/my_package_python.egg-info/entry_points.txt
[1.070s] writing requirements to ../../build/my_package_python/my_package_python.egg-info/requires.txt
[1.070s] writing top-level names to ../../build/my_package_python/my_package_python.egg-info/top_level.txt
[1.113s] reading manifest file '../../build/my_package_python/my_package_python.egg-info/SOURCES.txt'
[1.115s] writing manifest file '../../build/my_package_python/my_package_python.egg-info/SOURCES.txt'
[1.115s] running build
[1.115s] running build_py
[1.115s] running install
[1.116s] running install_lib
[1.118s] running install_data
[1.119s] running install_egg_info
[1.121s] removing '/home/joaocastilho/dev_ws/install/my_package_python/lib/python3.8/site-packages/my_package_python-0.0.0-py3.8.egg-info' (and everything under it)
[1.122s] Copying ../../build/my_package_python/my_package_python.egg-info to /home/joaocastilho/dev_ws/install/my_package_python/lib/python3.8/site-packages/my_package_python-0.0.0-py3.8.egg-info
[1.122s] running install_scripts
[1.142s] Installing my_node script to /home/joaocastilho/dev_ws/install/my_package_python/lib/my_package_python
[1.143s] writing list of installed files to '/home/joaocastilho/dev_ws/build/my_package_python/install.log'
[1.177s] Invoked command in '/home/joaocastilho/dev_ws/src/my_package_python' returned '0': PYTHONPATH=/home/joaocastilho/dev_ws/install/my_package_python/lib/python3.8/site-packages:${PYTHONPATH} /usr/bin/python3 setup.py egg_info --egg-base ../../build/my_package_python build --build-base /home/joaocastilho/dev_ws/build/my_package_python/build install --prefix /home/joaocastilho/dev_ws/install/my_package_python --record /home/joaocastilho/dev_ws/build/my_package_python/install.log --single-version-externally-managed
