[0.010s] Invoking command in '/home/joaocastilho/dev_ws/build/polygon_plugins': AMENT_PREFIX_PATH=/home/joaocastilho/dev_ws/install/polygon_base:${AMENT_PREFIX_PATH} CMAKE_PREFIX_PATH=/home/joaocastilho/dev_ws/install/polygon_base:/opt/ros/foxy /usr/bin/cmake /home/joaocastilho/dev_ws/src/polygon_plugins -DCMAKE_INSTALL_PREFIX=/home/joaocastilho/dev_ws/install/polygon_plugins
[0.027s] -- Found ament_cmake: 0.9.8 (/opt/ros/foxy/share/ament_cmake/cmake)
[0.054s] -- Using PYTHON_EXECUTABLE: /usr/bin/python3
[0.284s] -- Found ament_cmake_ros: 0.9.2 (/opt/ros/foxy/share/ament_cmake_ros/cmake)
[0.287s] -- Found polygon_base: 0.0.0 (/home/joaocastilho/dev_ws/install/polygon_base/share/polygon_base/cmake)
[0.289s] -- Found pluginlib: 2.5.3 (/opt/ros/foxy/share/pluginlib/cmake)
[0.335s] -- Found ament_lint_auto: 0.9.6 (/opt/ros/foxy/share/ament_lint_auto/cmake)
[0.424s] -- Added test 'copyright' to check source files copyright and LICENSE
[0.426s] -- Added test 'cppcheck' to perform static code analysis on C / C++ code
[0.426s] -- Configured cppcheck include dirs: $<BUILD_INTERFACE:/home/joaocastilho/dev_ws/src/polygon_plugins/include>
[0.426s] -- Configured cppcheck exclude dirs and/or files: 
[0.427s] -- Added test 'cpplint' to check C / C++ code against the Google style
[0.428s] -- Configured cpplint exclude dirs and/or files: 
[0.428s] -- Added test 'lint_cmake' to check CMake code style
[0.430s] -- Added test 'uncrustify' to check C / C++ code style
[0.430s] -- Configured uncrustify additional arguments: 
[0.430s] -- Added test 'xmllint' to check XML markup files
[0.435s] -- Configuring done
[0.441s] -- Generating done
[0.443s] -- Build files have been written to: /home/joaocastilho/dev_ws/build/polygon_plugins
[0.449s] Invoked command in '/home/joaocastilho/dev_ws/build/polygon_plugins' returned '0': AMENT_PREFIX_PATH=/home/joaocastilho/dev_ws/install/polygon_base:${AMENT_PREFIX_PATH} CMAKE_PREFIX_PATH=/home/joaocastilho/dev_ws/install/polygon_base:/opt/ros/foxy /usr/bin/cmake /home/joaocastilho/dev_ws/src/polygon_plugins -DCMAKE_INSTALL_PREFIX=/home/joaocastilho/dev_ws/install/polygon_plugins
[0.451s] Invoking command in '/home/joaocastilho/dev_ws/build/polygon_plugins': AMENT_PREFIX_PATH=/home/joaocastilho/dev_ws/install/polygon_base:${AMENT_PREFIX_PATH} CMAKE_PREFIX_PATH=/home/joaocastilho/dev_ws/install/polygon_base:/opt/ros/foxy /usr/bin/cmake --build /home/joaocastilho/dev_ws/build/polygon_plugins -- -j8 -l8
[0.502s] [35m[1mScanning dependencies of target polygon_plugins[0m
[0.518s] [ 50%] [32mBuilding CXX object CMakeFiles/polygon_plugins.dir/src/polygon_plugins.cpp.o[0m
[1.077s] [100%] [32m[1mLinking CXX shared library libpolygon_plugins.so[0m
[1.182s] [100%] Built target polygon_plugins
[1.194s] Invoked command in '/home/joaocastilho/dev_ws/build/polygon_plugins' returned '0': AMENT_PREFIX_PATH=/home/joaocastilho/dev_ws/install/polygon_base:${AMENT_PREFIX_PATH} CMAKE_PREFIX_PATH=/home/joaocastilho/dev_ws/install/polygon_base:/opt/ros/foxy /usr/bin/cmake --build /home/joaocastilho/dev_ws/build/polygon_plugins -- -j8 -l8
[1.221s] Invoking command in '/home/joaocastilho/dev_ws/build/polygon_plugins': AMENT_PREFIX_PATH=/home/joaocastilho/dev_ws/install/polygon_base:${AMENT_PREFIX_PATH} CMAKE_PREFIX_PATH=/home/joaocastilho/dev_ws/install/polygon_base:/opt/ros/foxy /usr/bin/cmake --install /home/joaocastilho/dev_ws/build/polygon_plugins
[1.231s] -- Install configuration: ""
[1.231s] -- Installing: /home/joaocastilho/dev_ws/install/polygon_plugins/share/polygon_plugins/plugins.xml
[1.231s] -- Installing: /home/joaocastilho/dev_ws/install/polygon_plugins/include
[1.231s] -- Installing: /home/joaocastilho/dev_ws/install/polygon_plugins/include/polygon_plugins
[1.231s] -- Installing: /home/joaocastilho/dev_ws/install/polygon_plugins/include/polygon_plugins/visibility_control.h
[1.231s] -- Installing: /home/joaocastilho/dev_ws/install/polygon_plugins/include/polygon_plugins/polygon_plugins.hpp
[1.232s] -- Installing: /home/joaocastilho/dev_ws/install/polygon_plugins/lib/libpolygon_plugins.so
[1.232s] -- Set runtime path of "/home/joaocastilho/dev_ws/install/polygon_plugins/lib/libpolygon_plugins.so" to ""
[1.233s] -- Installing: /home/joaocastilho/dev_ws/install/polygon_plugins/share/polygon_plugins/environment/library_path.sh
[1.233s] -- Installing: /home/joaocastilho/dev_ws/install/polygon_plugins/share/polygon_plugins/environment/library_path.dsv
[1.233s] -- Installing: /home/joaocastilho/dev_ws/install/polygon_plugins/share/ament_index/resource_index/package_run_dependencies/polygon_plugins
[1.233s] -- Installing: /home/joaocastilho/dev_ws/install/polygon_plugins/share/ament_index/resource_index/parent_prefix_path/polygon_plugins
[1.233s] -- Installing: /home/joaocastilho/dev_ws/install/polygon_plugins/share/polygon_plugins/environment/ament_prefix_path.sh
[1.234s] -- Installing: /home/joaocastilho/dev_ws/install/polygon_plugins/share/polygon_plugins/environment/ament_prefix_path.dsv
[1.234s] -- Installing: /home/joaocastilho/dev_ws/install/polygon_plugins/share/polygon_plugins/environment/path.sh
[1.234s] -- Installing: /home/joaocastilho/dev_ws/install/polygon_plugins/share/polygon_plugins/environment/path.dsv
[1.234s] -- Installing: /home/joaocastilho/dev_ws/install/polygon_plugins/share/polygon_plugins/local_setup.bash
[1.234s] -- Installing: /home/joaocastilho/dev_ws/install/polygon_plugins/share/polygon_plugins/local_setup.sh
[1.235s] -- Installing: /home/joaocastilho/dev_ws/install/polygon_plugins/share/polygon_plugins/local_setup.zsh
[1.235s] -- Installing: /home/joaocastilho/dev_ws/install/polygon_plugins/share/polygon_plugins/local_setup.dsv
[1.235s] -- Installing: /home/joaocastilho/dev_ws/install/polygon_plugins/share/polygon_plugins/package.dsv
[1.235s] -- Installing: /home/joaocastilho/dev_ws/install/polygon_plugins/share/ament_index/resource_index/packages/polygon_plugins
[1.235s] -- Installing: /home/joaocastilho/dev_ws/install/polygon_plugins/share/ament_index/resource_index/polygon_base__pluginlib__plugin/polygon_plugins
[1.236s] -- Installing: /home/joaocastilho/dev_ws/install/polygon_plugins/share/polygon_plugins/cmake/export_polygon_pluginsExport.cmake
[1.236s] -- Installing: /home/joaocastilho/dev_ws/install/polygon_plugins/share/polygon_plugins/cmake/export_polygon_pluginsExport-noconfig.cmake
[1.236s] -- Installing: /home/joaocastilho/dev_ws/install/polygon_plugins/share/polygon_plugins/cmake/ament_cmake_export_include_directories-extras.cmake
[1.236s] -- Installing: /home/joaocastilho/dev_ws/install/polygon_plugins/share/polygon_plugins/cmake/ament_cmake_export_libraries-extras.cmake
[1.237s] -- Installing: /home/joaocastilho/dev_ws/install/polygon_plugins/share/polygon_plugins/cmake/ament_cmake_export_targets-extras.cmake
[1.237s] -- Installing: /home/joaocastilho/dev_ws/install/polygon_plugins/share/polygon_plugins/cmake/polygon_pluginsConfig.cmake
[1.237s] -- Installing: /home/joaocastilho/dev_ws/install/polygon_plugins/share/polygon_plugins/cmake/polygon_pluginsConfig-version.cmake
[1.237s] -- Installing: /home/joaocastilho/dev_ws/install/polygon_plugins/share/polygon_plugins/package.xml
[1.241s] Invoked command in '/home/joaocastilho/dev_ws/build/polygon_plugins' returned '0': AMENT_PREFIX_PATH=/home/joaocastilho/dev_ws/install/polygon_base:${AMENT_PREFIX_PATH} CMAKE_PREFIX_PATH=/home/joaocastilho/dev_ws/install/polygon_base:/opt/ros/foxy /usr/bin/cmake --install /home/joaocastilho/dev_ws/build/polygon_plugins
